<?xml version="1.0" encoding="UTF-8"?><testsuites failures="0" name="dependency-check" tests="225"><testsuite failures="0" id="0" name="/home/jenkins/.mvnrepository/org/entando/entando/plugins/entando-plugin-jacms/6.2.8/entando-plugin-jacms-6.2.8.war" package="entando-plugin-jacms-6.2.8.war" skipped="0" tests="1" timestamp="2020-07-08T11:51:21.392524"><testcase classname="dependency-check" name="entando-plugin-jacms-6.2.8.war"/></testsuite><testsuite failures="0" id="1" name="/home/jenkins/.mvnrepository/org/entando/entando/plugins/entando-plugin-jacms/6.2.8/entando-plugin-jacms-6.2.8.war/WEB-INF/lib/FastInfoset-1.2.16.jar" package="entando-plugin-jacms-6.2.8.war: FastInfoset-1.2.16.jar" skipped="0" tests="1" timestamp="2020-07-08T11:51:21.392524"><testcase classname="dependency-check" name="entando-plugin-jacms-6.2.8.war: FastInfoset-1.2.16.jar"/></testsuite><testsuite failures="0" id="2" name="/home/jenkins/.mvnrepository/org/entando/entando/plugins/entando-plugin-jacms/6.2.8/entando-plugin-jacms-6.2.8.war/WEB-INF/lib/HikariCP-java7-2.4.13.jar" package="entando-plugin-jacms-6.2.8.war: HikariCP-java7-2.4.13.jar" skipped="0" tests="1" timestamp="2020-07-08T11:51:21.392524"><testcase classname="dependency-check" name="entando-plugin-jacms-6.2.8.war: HikariCP-java7-2.4.13.jar"/></testsuite><testsuite failures="0" id="3" name="/home/jenkins/.mvnrepository/org/entando/entando/plugins/entando-plugin-jacms/6.2.8/entando-plugin-jacms-6.2.8.war/WEB-INF/lib/SparseBitSet-1.2.jar" package="entando-plugin-jacms-6.2.8.war: SparseBitSet-1.2.jar" skipped="0" tests="1" timestamp="2020-07-08T11:51:21.392524"><testcase classname="dependency-check" name="entando-plugin-jacms-6.2.8.war: SparseBitSet-1.2.jar"/></testsuite><testsuite failures="0" id="4" name="/home/jenkins/.mvnrepository/org/entando/entando/plugins/entando-plugin-jacms/6.2.8/entando-plugin-jacms-6.2.8.war/WEB-INF/lib/apache-mime4j-core-0.8.3.jar" package="entando-plugin-jacms-6.2.8.war: apache-mime4j-core-0.8.3.jar" skipped="0" tests="1" timestamp="2020-07-08T11:51:21.392524"><testcase classname="dependency-check" name="entando-plugin-jacms-6.2.8.war: apache-mime4j-core-0.8.3.jar"/></testsuite><testsuite failures="0" id="5" name="/home/jenkins/.mvnrepository/org/entando/entando/plugins/entando-plugin-jacms/6.2.8/entando-plugin-jacms-6.2.8.war/WEB-INF/lib/argon2-jvm-2.2.jar" package="entando-plugin-jacms-6.2.8.war: argon2-jvm-2.2.jar" skipped="0" tests="1" timestamp="2020-07-08T11:51:21.392524"><testcase classname="dependency-check" name="entando-plugin-jacms-6.2.8.war: argon2-jvm-2.2.jar"/></testsuite><testsuite failures="0" id="6" name="/home/jenkins/.mvnrepository/org/entando/entando/plugins/entando-plugin-jacms/6.2.8/entando-plugin-jacms-6.2.8.war/WEB-INF/lib/argon2-jvm-2.2.jar/win32-x86/argon2.dll" package="entando-plugin-jacms-6.2.8.war: argon2-jvm-2.2.jar: argon2.dll" skipped="0" tests="1" timestamp="2020-07-08T11:51:21.392524"><testcase classname="dependency-check" name="entando-plugin-jacms-6.2.8.war: argon2-jvm-2.2.jar: argon2.dll"/></testsuite><testsuite failures="0" id="7" name="/home/jenkins/.mvnrepository/org/entando/entando/plugins/entando-plugin-jacms/6.2.8/entando-plugin-jacms-6.2.8.war/WEB-INF/lib/argon2-jvm-2.2.jar/win32-x86-64/argon2.dll" package="entando-plugin-jacms-6.2.8.war: argon2-jvm-2.2.jar: argon2.dll" skipped="0" tests="1" timestamp="2020-07-08T11:51:21.392524"><testcase classname="dependency-check" name="entando-plugin-jacms-6.2.8.war: argon2-jvm-2.2.jar: argon2.dll"/></testsuite><testsuite failures="0" id="8" name="/home/jenkins/.mvnrepository/org/entando/entando/plugins/entando-plugin-jacms/6.2.8/entando-plugin-jacms-6.2.8.war/WEB-INF/lib/asm-8.0.1.jar" package="entando-plugin-jacms-6.2.8.war: asm-8.0.1.jar" skipped="0" tests="1" timestamp="2020-07-08T11:51:21.392524"><testcase classname="dependency-check" name="entando-plugin-jacms-6.2.8.war: asm-8.0.1.jar"/></testsuite><testsuite failures="0" id="9" name="/home/jenkins/.mvnrepository/org/entando/entando/plugins/entando-plugin-jacms/6.2.8/entando-plugin-jacms-6.2.8.war/WEB-INF/lib/aspectjrt-1.8.0.jar" package="entando-plugin-jacms-6.2.8.war: aspectjrt-1.8.0.jar" skipped="0" tests="1" timestamp="2020-07-08T11:51:21.392524"><testcase classname="dependency-check" name="entando-plugin-jacms-6.2.8.war: aspectjrt-1.8.0.jar"/></testsuite><testsuite failures="0" id="10" name="/home/jenkins/.mvnrepository/org/entando/entando/plugins/entando-plugin-jacms/6.2.8/entando-plugin-jacms-6.2.8.war/WEB-INF/lib/aspectjweaver-1.8.0.jar" package="entando-plugin-jacms-6.2.8.war: aspectjweaver-1.8.0.jar" skipped="0" tests="1" timestamp="2020-07-08T11:51:21.392524"><testcase classname="dependency-check" name="entando-plugin-jacms-6.2.8.war: aspectjweaver-1.8.0.jar"/></testsuite><testsuite failures="0" id="11" name="/home/jenkins/.mvnrepository/org/entando/entando/plugins/entando-plugin-jacms/6.2.8/entando-plugin-jacms-6.2.8.war/WEB-INF/lib/bcmail-jdk15on-1.65.jar" package="entando-plugin-jacms-6.2.8.war: bcmail-jdk15on-1.65.jar" skipped="0" tests="1" timestamp="2020-07-08T11:51:21.392524"><testcase classname="dependency-check" name="entando-plugin-jacms-6.2.8.war: bcmail-jdk15on-1.65.jar"/></testsuite><testsuite failures="0" id="12" name="/home/jenkins/.mvnrepository/org/entando/entando/plugins/entando-plugin-jacms/6.2.8/entando-plugin-jacms-6.2.8.war/WEB-INF/lib/bcpkix-jdk15on-1.65.jar" package="entando-plugin-jacms-6.2.8.war: bcpkix-jdk15on-1.65.jar" skipped="0" tests="1" timestamp="2020-07-08T11:51:21.392524"><testcase classname="dependency-check" name="entando-plugin-jacms-6.2.8.war: bcpkix-jdk15on-1.65.jar"/></testsuite><testsuite failures="0" id="13" name="/home/jenkins/.mvnrepository/org/entando/entando/plugins/entando-plugin-jacms/6.2.8/entando-plugin-jacms-6.2.8.war/WEB-INF/lib/bcprov-jdk15on-1.65.jar" package="entando-plugin-jacms-6.2.8.war: bcprov-jdk15on-1.65.jar" skipped="0" tests="1" timestamp="2020-07-08T11:51:21.392524"><testcase classname="dependency-check" name="entando-plugin-jacms-6.2.8.war: bcprov-jdk15on-1.65.jar"/></testsuite><testsuite failures="0" id="14" name="/home/jenkins/.mvnrepository/org/entando/entando/plugins/entando-plugin-jacms/6.2.8/entando-plugin-jacms-6.2.8.war/WEB-INF/lib/boilerpipe-1.1.0.jar" package="entando-plugin-jacms-6.2.8.war: boilerpipe-1.1.0.jar" skipped="0" tests="1" timestamp="2020-07-08T11:51:21.392524"><testcase classname="dependency-check" name="entando-plugin-jacms-6.2.8.war: boilerpipe-1.1.0.jar"/></testsuite><testsuite failures="0" id="15" name="/home/jenkins/.mvnrepository/org/entando/entando/plugins/entando-plugin-jacms/6.2.8/entando-plugin-jacms-6.2.8.war/WEB-INF/lib/byte-buddy-1.9.10.jar" package="entando-plugin-jacms-6.2.8.war: byte-buddy-1.9.10.jar" skipped="0" tests="1" timestamp="2020-07-08T11:51:21.392524"><testcase classname="dependency-check" name="entando-plugin-jacms-6.2.8.war: byte-buddy-1.9.10.jar"/></testsuite><testsuite failures="0" id="16" name="/home/jenkins/.mvnrepository/org/entando/entando/plugins/entando-plugin-jacms/6.2.8/entando-plugin-jacms-6.2.8.war/WEB-INF/lib/byte-buddy-1.9.10.jar/META-INF/maven/net.bytebuddy/byte-buddy-dep/pom.xml" package="entando-plugin-jacms-6.2.8.war: byte-buddy-1.9.10.jar (shaded: net.bytebuddy:byte-buddy-dep:1.9.10)" skipped="0" tests="1" timestamp="2020-07-08T11:51:21.392524"><testcase classname="dependency-check" name="entando-plugin-jacms-6.2.8.war: byte-buddy-1.9.10.jar (shaded: net.bytebuddy:byte-buddy-dep:1.9.10)"/></testsuite><testsuite failures="0" id="17" name="/home/jenkins/.mvnrepository/org/entando/entando/plugins/entando-plugin-jacms/6.2.8/entando-plugin-jacms-6.2.8.war/WEB-INF/lib/bzip2-0.9.1.jar" package="entando-plugin-jacms-6.2.8.war: bzip2-0.9.1.jar" skipped="0" tests="1" timestamp="2020-07-08T11:51:21.392524"><testcase classname="dependency-check" name="entando-plugin-jacms-6.2.8.war: bzip2-0.9.1.jar"/></testsuite><testsuite failures="0" id="18" name="/home/jenkins/.mvnrepository/org/entando/entando/plugins/entando-plugin-jacms/6.2.8/entando-plugin-jacms-6.2.8.war/WEB-INF/lib/c3p0-0.9.5.4.jar" package="entando-plugin-jacms-6.2.8.war: c3p0-0.9.5.4.jar" skipped="0" tests="1" timestamp="2020-07-08T11:51:21.392524"><testcase classname="dependency-check" name="entando-plugin-jacms-6.2.8.war: c3p0-0.9.5.4.jar"/></testsuite><testsuite failures="0" id="19" name="/home/jenkins/.mvnrepository/org/entando/entando/plugins/entando-plugin-jacms/6.2.8/entando-plugin-jacms-6.2.8.war/WEB-INF/lib/cdm-4.5.5.jar" package="entando-plugin-jacms-6.2.8.war: cdm-4.5.5.jar" skipped="0" tests="1" timestamp="2020-07-08T11:51:21.392524"><testcase classname="dependency-check" name="entando-plugin-jacms-6.2.8.war: cdm-4.5.5.jar"/></testsuite><testsuite failures="0" id="20" name="/home/jenkins/.mvnrepository/org/entando/entando/plugins/entando-plugin-jacms/6.2.8/entando-plugin-jacms-6.2.8.war/WEB-INF/lib/checker-qual-2.10.0.jar" package="entando-plugin-jacms-6.2.8.war: checker-qual-2.10.0.jar" skipped="0" tests="1" timestamp="2020-07-08T11:51:21.392524"><testcase classname="dependency-check" name="entando-plugin-jacms-6.2.8.war: checker-qual-2.10.0.jar"/></testsuite><testsuite failures="0" id="21" name="/home/jenkins/.mvnrepository/org/entando/entando/plugins/entando-plugin-jacms/6.2.8/entando-plugin-jacms-6.2.8.war/WEB-INF/lib/commons-beanutils-1.9.4.jar" package="entando-plugin-jacms-6.2.8.war: commons-beanutils-1.9.4.jar" skipped="0" tests="1" timestamp="2020-07-08T11:51:21.392524"><testcase classname="dependency-check" name="entando-plugin-jacms-6.2.8.war: commons-beanutils-1.9.4.jar"/></testsuite><testsuite failures="0" id="22" name="/home/jenkins/.mvnrepository/org/entando/entando/plugins/entando-plugin-jacms/6.2.8/entando-plugin-jacms-6.2.8.war/WEB-INF/lib/commons-chain-1.2.jar" package="entando-plugin-jacms-6.2.8.war: commons-chain-1.2.jar" skipped="0" tests="1" timestamp="2020-07-08T11:51:21.392524"><testcase classname="dependency-check" name="entando-plugin-jacms-6.2.8.war: commons-chain-1.2.jar"/></testsuite><testsuite failures="0" id="23" name="/home/jenkins/.mvnrepository/org/entando/entando/plugins/entando-plugin-jacms/6.2.8/entando-plugin-jacms-6.2.8.war/WEB-INF/lib/commons-codec-1.12.jar" package="entando-plugin-jacms-6.2.8.war: commons-codec-1.12.jar" skipped="0" tests="1" timestamp="2020-07-08T11:51:21.392524"><testcase classname="dependency-check" name="entando-plugin-jacms-6.2.8.war: commons-codec-1.12.jar"/></testsuite><testsuite failures="0" id="24" name="/home/jenkins/.mvnrepository/org/entando/entando/plugins/entando-plugin-jacms/6.2.8/entando-plugin-jacms-6.2.8.war/WEB-INF/lib/commons-collections-3.2.2.jar" package="entando-plugin-jacms-6.2.8.war: commons-collections-3.2.2.jar" skipped="0" tests="1" timestamp="2020-07-08T11:51:21.392524"><testcase classname="dependency-check" name="entando-plugin-jacms-6.2.8.war: commons-collections-3.2.2.jar"/></testsuite><testsuite failures="0" id="25" name="/home/jenkins/.mvnrepository/org/entando/entando/plugins/entando-plugin-jacms/6.2.8/entando-plugin-jacms-6.2.8.war/WEB-INF/lib/commons-collections4-4.1.jar" package="entando-plugin-jacms-6.2.8.war: commons-collections4-4.1.jar" skipped="0" tests="1" timestamp="2020-07-08T11:51:21.392524"><testcase classname="dependency-check" name="entando-plugin-jacms-6.2.8.war: commons-collections4-4.1.jar"/></testsuite><testsuite failures="0" id="26" name="/home/jenkins/.mvnrepository/org/entando/entando/plugins/entando-plugin-jacms/6.2.8/entando-plugin-jacms-6.2.8.war/WEB-INF/lib/commons-compress-1.20.jar" package="entando-plugin-jacms-6.2.8.war: commons-compress-1.20.jar" skipped="0" tests="1" timestamp="2020-07-08T11:51:21.392524"><testcase classname="dependency-check" name="entando-plugin-jacms-6.2.8.war: commons-compress-1.20.jar"/></testsuite><testsuite failures="0" id="27" name="/home/jenkins/.mvnrepository/org/entando/entando/plugins/entando-plugin-jacms/6.2.8/entando-plugin-jacms-6.2.8.war/WEB-INF/lib/commons-csv-1.8.jar" package="entando-plugin-jacms-6.2.8.war: commons-csv-1.8.jar" skipped="0" tests="1" timestamp="2020-07-08T11:51:21.392524"><testcase classname="dependency-check" name="entando-plugin-jacms-6.2.8.war: commons-csv-1.8.jar"/></testsuite><testsuite failures="0" id="28" name="/home/jenkins/.mvnrepository/org/entando/entando/plugins/entando-plugin-jacms/6.2.8/entando-plugin-jacms-6.2.8.war/WEB-INF/lib/commons-dbcp2-2.5.0.jar" package="entando-plugin-jacms-6.2.8.war: commons-dbcp2-2.5.0.jar" skipped="0" tests="1" timestamp="2020-07-08T11:51:21.392524"><testcase classname="dependency-check" name="entando-plugin-jacms-6.2.8.war: commons-dbcp2-2.5.0.jar"/></testsuite><testsuite failures="0" id="29" name="/home/jenkins/.mvnrepository/org/entando/entando/plugins/entando-plugin-jacms/6.2.8/entando-plugin-jacms-6.2.8.war/WEB-INF/lib/commons-digester-1.8.jar" package="entando-plugin-jacms-6.2.8.war: commons-digester-1.8.jar" skipped="0" tests="1" timestamp="2020-07-08T11:51:21.392524"><testcase classname="dependency-check" name="entando-plugin-jacms-6.2.8.war: commons-digester-1.8.jar"/></testsuite><testsuite failures="0" id="30" name="/home/jenkins/.mvnrepository/org/entando/entando/plugins/entando-plugin-jacms/6.2.8/entando-plugin-jacms-6.2.8.war/WEB-INF/lib/commons-exec-1.3.jar" package="entando-plugin-jacms-6.2.8.war: commons-exec-1.3.jar" skipped="0" tests="1" timestamp="2020-07-08T11:51:21.392524"><testcase classname="dependency-check" name="entando-plugin-jacms-6.2.8.war: commons-exec-1.3.jar"/></testsuite><testsuite failures="0" id="31" name="/home/jenkins/.mvnrepository/org/entando/entando/plugins/entando-plugin-jacms/6.2.8/entando-plugin-jacms-6.2.8.war/WEB-INF/lib/commons-fileupload-1.3.3.jar" package="entando-plugin-jacms-6.2.8.war: commons-fileupload-1.3.3.jar" skipped="0" tests="1" timestamp="2020-07-08T11:51:21.392524"><testcase classname="dependency-check" name="entando-plugin-jacms-6.2.8.war: commons-fileupload-1.3.3.jar"/></testsuite><testsuite failures="0" id="32" name="/home/jenkins/.mvnrepository/org/entando/entando/plugins/entando-plugin-jacms/6.2.8/entando-plugin-jacms-6.2.8.war/WEB-INF/lib/commons-io-2.6.jar" package="entando-plugin-jacms-6.2.8.war: commons-io-2.6.jar" skipped="0" tests="1" timestamp="2020-07-08T11:51:21.392524"><testcase classname="dependency-check" name="entando-plugin-jacms-6.2.8.war: commons-io-2.6.jar"/></testsuite><testsuite failures="0" id="33" name="/home/jenkins/.mvnrepository/org/entando/entando/plugins/entando-plugin-jacms/6.2.8/entando-plugin-jacms-6.2.8.war/WEB-INF/lib/commons-lang-2.6.jar" package="entando-plugin-jacms-6.2.8.war: commons-lang-2.6.jar" skipped="0" tests="1" timestamp="2020-07-08T11:51:21.392524"><testcase classname="dependency-check" name="entando-plugin-jacms-6.2.8.war: commons-lang-2.6.jar"/></testsuite><testsuite failures="0" id="34" name="/home/jenkins/.mvnrepository/org/entando/entando/plugins/entando-plugin-jacms/6.2.8/entando-plugin-jacms-6.2.8.war/WEB-INF/lib/commons-lang3-3.9.jar" package="entando-plugin-jacms-6.2.8.war: commons-lang3-3.9.jar" skipped="0" tests="1" timestamp="2020-07-08T11:51:21.392524"><testcase classname="dependency-check" name="entando-plugin-jacms-6.2.8.war: commons-lang3-3.9.jar"/></testsuite><testsuite failures="0" id="35" name="/home/jenkins/.mvnrepository/org/entando/entando/plugins/entando-plugin-jacms/6.2.8/entando-plugin-jacms-6.2.8.war/WEB-INF/lib/commons-logging-1.2.jar" package="entando-plugin-jacms-6.2.8.war: commons-logging-1.2.jar" skipped="0" tests="1" timestamp="2020-07-08T11:51:21.392524"><testcase classname="dependency-check" name="entando-plugin-jacms-6.2.8.war: commons-logging-1.2.jar"/></testsuite><testsuite failures="0" id="36" name="/home/jenkins/.mvnrepository/org/entando/entando/plugins/entando-plugin-jacms/6.2.8/entando-plugin-jacms-6.2.8.war/WEB-INF/lib/commons-logging-api-1.1.jar" package="entando-plugin-jacms-6.2.8.war: commons-logging-api-1.1.jar" skipped="0" tests="1" timestamp="2020-07-08T11:51:21.392524"><testcase classname="dependency-check" name="entando-plugin-jacms-6.2.8.war: commons-logging-api-1.1.jar"/></testsuite><testsuite failures="0" id="37" name="/home/jenkins/.mvnrepository/org/entando/entando/plugins/entando-plugin-jacms/6.2.8/entando-plugin-jacms-6.2.8.war/WEB-INF/lib/commons-math3-3.6.1.jar" package="entando-plugin-jacms-6.2.8.war: commons-math3-3.6.1.jar" skipped="0" tests="1" timestamp="2020-07-08T11:51:21.392524"><testcase classname="dependency-check" name="entando-plugin-jacms-6.2.8.war: commons-math3-3.6.1.jar"/></testsuite><testsuite failures="0" id="38" name="/home/jenkins/.mvnrepository/org/entando/entando/plugins/entando-plugin-jacms/6.2.8/entando-plugin-jacms-6.2.8.war/WEB-INF/lib/commons-pool-1.3.jar" package="entando-plugin-jacms-6.2.8.war: commons-pool-1.3.jar" skipped="0" tests="1" timestamp="2020-07-08T11:51:21.392524"><testcase classname="dependency-check" name="entando-plugin-jacms-6.2.8.war: commons-pool-1.3.jar"/></testsuite><testsuite failures="0" id="39" name="/home/jenkins/.mvnrepository/org/entando/entando/plugins/entando-plugin-jacms/6.2.8/entando-plugin-jacms-6.2.8.war/WEB-INF/lib/commons-pool2-2.6.0.jar" package="entando-plugin-jacms-6.2.8.war: commons-pool2-2.6.0.jar" skipped="0" tests="1" timestamp="2020-07-08T11:51:21.392524"><testcase classname="dependency-check" name="entando-plugin-jacms-6.2.8.war: commons-pool2-2.6.0.jar"/></testsuite><testsuite failures="0" id="40" name="/home/jenkins/.mvnrepository/org/entando/entando/plugins/entando-plugin-jacms/6.2.8/entando-plugin-jacms-6.2.8.war/WEB-INF/lib/commons-validator-1.3.1.jar" package="entando-plugin-jacms-6.2.8.war: commons-validator-1.3.1.jar" skipped="0" tests="1" timestamp="2020-07-08T11:51:21.392524"><testcase classname="dependency-check" name="entando-plugin-jacms-6.2.8.war: commons-validator-1.3.1.jar"/></testsuite><testsuite failures="0" id="41" name="/home/jenkins/.mvnrepository/org/entando/entando/plugins/entando-plugin-jacms/6.2.8/entando-plugin-jacms-6.2.8.war/WEB-INF/lib/dec-0.1.2.jar" package="entando-plugin-jacms-6.2.8.war: dec-0.1.2.jar" skipped="0" tests="1" timestamp="2020-07-08T11:51:21.392524"><testcase classname="dependency-check" name="entando-plugin-jacms-6.2.8.war: dec-0.1.2.jar"/></testsuite><testsuite failures="0" id="42" name="/home/jenkins/.mvnrepository/org/entando/entando/plugins/entando-plugin-jacms/6.2.8/entando-plugin-jacms-6.2.8.war/WEB-INF/lib/ehcache-core-2.6.2.jar" package="entando-plugin-jacms-6.2.8.war: ehcache-core-2.6.2.jar" skipped="0" tests="1" timestamp="2020-07-08T11:51:21.392524"><testcase classname="dependency-check" name="entando-plugin-jacms-6.2.8.war: ehcache-core-2.6.2.jar"/></testsuite><testsuite failures="0" id="43" name="/home/jenkins/.mvnrepository/org/entando/entando/plugins/entando-plugin-jacms/6.2.8/entando-plugin-jacms-6.2.8.war/WEB-INF/lib/ehcache-core-2.6.2.jar/net/sf/ehcache/pool/sizeof/sizeof-agent.jar" package="entando-plugin-jacms-6.2.8.war: ehcache-core-2.6.2.jar: sizeof-agent.jar" skipped="0" tests="1" timestamp="2020-07-08T11:51:21.392524"><testcase classname="dependency-check" name="entando-plugin-jacms-6.2.8.war: ehcache-core-2.6.2.jar: sizeof-agent.jar"/></testsuite><testsuite failures="0" id="44" name="/home/jenkins/.mvnrepository/org/entando/entando/plugins/entando-plugin-jacms/6.2.8/entando-plugin-jacms-6.2.8.war/WEB-INF/lib/entando-admin-console-6.2.10.jar" package="entando-plugin-jacms-6.2.8.war: entando-admin-console-6.2.10.jar" skipped="0" tests="1" timestamp="2020-07-08T11:51:21.392524"><testcase classname="dependency-check" name="entando-plugin-jacms-6.2.8.war: entando-admin-console-6.2.10.jar"/></testsuite><testsuite failures="0" id="45" name="/home/jenkins/.mvnrepository/org/entando/entando/plugins/entando-plugin-jacms/6.2.8/entando-plugin-jacms-6.2.8.war/WEB-INF/lib/entando-engine-6.2.9.jar" package="entando-plugin-jacms-6.2.8.war: entando-engine-6.2.9.jar" skipped="0" tests="1" timestamp="2020-07-08T11:51:21.392524"><testcase classname="dependency-check" name="entando-plugin-jacms-6.2.8.war: entando-engine-6.2.9.jar"/></testsuite><testsuite failures="0" id="46" name="/home/jenkins/.mvnrepository/org/entando/entando/plugins/entando-plugin-jacms/6.2.8/entando-plugin-jacms-6.2.8.war/WEB-INF/lib/error_prone_annotations-2.3.4.jar" package="entando-plugin-jacms-6.2.8.war: error_prone_annotations-2.3.4.jar" skipped="0" tests="1" timestamp="2020-07-08T11:51:21.392524"><testcase classname="dependency-check" name="entando-plugin-jacms-6.2.8.war: error_prone_annotations-2.3.4.jar"/></testsuite><testsuite failures="0" id="47" name="/home/jenkins/.mvnrepository/org/entando/entando/plugins/entando-plugin-jacms/6.2.8/entando-plugin-jacms-6.2.8.war/WEB-INF/lib/evo-inflector-1.2.2.jar" package="entando-plugin-jacms-6.2.8.war: evo-inflector-1.2.2.jar" skipped="0" tests="1" timestamp="2020-07-08T11:51:21.392524"><testcase classname="dependency-check" name="entando-plugin-jacms-6.2.8.war: evo-inflector-1.2.2.jar"/></testsuite><testsuite failures="0" id="48" name="/home/jenkins/.mvnrepository/org/entando/entando/plugins/entando-plugin-jacms/6.2.8/entando-plugin-jacms-6.2.8.war/WEB-INF/lib/failureaccess-1.0.1.jar" package="entando-plugin-jacms-6.2.8.war: failureaccess-1.0.1.jar" skipped="0" tests="1" timestamp="2020-07-08T11:51:21.392524"><testcase classname="dependency-check" name="entando-plugin-jacms-6.2.8.war: failureaccess-1.0.1.jar"/></testsuite><testsuite failures="0" id="49" name="/home/jenkins/.mvnrepository/org/entando/entando/plugins/entando-plugin-jacms/6.2.8/entando-plugin-jacms-6.2.8.war/WEB-INF/lib/fontbox-2.0.19.jar" package="entando-plugin-jacms-6.2.8.war: fontbox-2.0.19.jar" skipped="0" tests="1" timestamp="2020-07-08T11:51:21.392524"><testcase classname="dependency-check" name="entando-plugin-jacms-6.2.8.war: fontbox-2.0.19.jar"/></testsuite><testsuite failures="0" id="50" name="/home/jenkins/.mvnrepository/org/entando/entando/plugins/entando-plugin-jacms/6.2.8/entando-plugin-jacms-6.2.8.war/WEB-INF/lib/geoapi-3.0.1.jar" package="entando-plugin-jacms-6.2.8.war: geoapi-3.0.1.jar" skipped="0" tests="1" timestamp="2020-07-08T11:51:21.392524"><testcase classname="dependency-check" name="entando-plugin-jacms-6.2.8.war: geoapi-3.0.1.jar"/></testsuite><testsuite failures="0" id="51" name="/home/jenkins/.mvnrepository/org/entando/entando/plugins/entando-plugin-jacms/6.2.8/entando-plugin-jacms-6.2.8.war/WEB-INF/lib/geronimo-jta_1.1_spec-1.1.1.jar" package="entando-plugin-jacms-6.2.8.war: geronimo-jta_1.1_spec-1.1.1.jar" skipped="0" tests="1" timestamp="2020-07-08T11:51:21.392524"><testcase classname="dependency-check" name="entando-plugin-jacms-6.2.8.war: geronimo-jta_1.1_spec-1.1.1.jar"/></testsuite><testsuite failures="0" id="52" name="/home/jenkins/.mvnrepository/org/entando/entando/plugins/entando-plugin-jacms/6.2.8/entando-plugin-jacms-6.2.8.war/WEB-INF/lib/geronimo-ws-metadata_2.0_spec-1.1.3.jar" package="entando-plugin-jacms-6.2.8.war: geronimo-ws-metadata_2.0_spec-1.1.3.jar" skipped="0" tests="1" timestamp="2020-07-08T11:51:21.392524"><testcase classname="dependency-check" name="entando-plugin-jacms-6.2.8.war: geronimo-ws-metadata_2.0_spec-1.1.3.jar"/></testsuite><testsuite failures="0" id="53" name="/home/jenkins/.mvnrepository/org/entando/entando/plugins/entando-plugin-jacms/6.2.8/entando-plugin-jacms-6.2.8.war/WEB-INF/lib/gson-2.8.6.jar" package="entando-plugin-jacms-6.2.8.war: gson-2.8.6.jar" skipped="0" tests="1" timestamp="2020-07-08T11:51:21.392524"><testcase classname="dependency-check" name="entando-plugin-jacms-6.2.8.war: gson-2.8.6.jar"/></testsuite><testsuite failures="0" id="54" name="/home/jenkins/.mvnrepository/org/entando/entando/plugins/entando-plugin-jacms/6.2.8/entando-plugin-jacms-6.2.8.war/WEB-INF/lib/guava-28.2-jre.jar" package="entando-plugin-jacms-6.2.8.war: guava-28.2-jre.jar" skipped="0" tests="1" timestamp="2020-07-08T11:51:21.392524"><testcase classname="dependency-check" name="entando-plugin-jacms-6.2.8.war: guava-28.2-jre.jar"/></testsuite><testsuite failures="0" id="55" name="/home/jenkins/.mvnrepository/org/entando/entando/plugins/entando-plugin-jacms/6.2.8/entando-plugin-jacms-6.2.8.war/WEB-INF/lib/hibernate-validator-6.0.17.Final.jar" package="entando-plugin-jacms-6.2.8.war: hibernate-validator-6.0.17.Final.jar" skipped="0" tests="1" timestamp="2020-07-08T11:51:21.392524"><testcase classname="dependency-check" name="entando-plugin-jacms-6.2.8.war: hibernate-validator-6.0.17.Final.jar"/></testsuite><testsuite failures="0" id="56" name="/home/jenkins/.mvnrepository/org/entando/entando/plugins/entando-plugin-jacms/6.2.8/entando-plugin-jacms-6.2.8.war/WEB-INF/lib/httpclient-4.5.9.jar" package="entando-plugin-jacms-6.2.8.war: httpclient-4.5.9.jar" skipped="0" tests="1" timestamp="2020-07-08T11:51:21.392524"><testcase classname="dependency-check" name="entando-plugin-jacms-6.2.8.war: httpclient-4.5.9.jar"/></testsuite><testsuite failures="0" id="57" name="/home/jenkins/.mvnrepository/org/entando/entando/plugins/entando-plugin-jacms/6.2.8/entando-plugin-jacms-6.2.8.war/WEB-INF/lib/httpcore-4.4.11.jar" package="entando-plugin-jacms-6.2.8.war: httpcore-4.4.11.jar" skipped="0" tests="1" timestamp="2020-07-08T11:51:21.392524"><testcase classname="dependency-check" name="entando-plugin-jacms-6.2.8.war: httpcore-4.4.11.jar"/></testsuite><testsuite failures="0" id="58" name="/home/jenkins/.mvnrepository/org/entando/entando/plugins/entando-plugin-jacms/6.2.8/entando-plugin-jacms-6.2.8.war/WEB-INF/lib/httpmime-4.5.12.jar" package="entando-plugin-jacms-6.2.8.war: httpmime-4.5.12.jar" skipped="0" tests="1" timestamp="2020-07-08T11:51:21.392524"><testcase classname="dependency-check" name="entando-plugin-jacms-6.2.8.war: httpmime-4.5.12.jar"/></testsuite><testsuite failures="0" id="59" name="/home/jenkins/.mvnrepository/org/entando/entando/plugins/entando-plugin-jacms/6.2.8/entando-plugin-jacms-6.2.8.war/WEB-INF/lib/httpservices-4.5.5.jar" package="entando-plugin-jacms-6.2.8.war: httpservices-4.5.5.jar" skipped="0" tests="1" timestamp="2020-07-08T11:51:21.392524"><testcase classname="dependency-check" name="entando-plugin-jacms-6.2.8.war: httpservices-4.5.5.jar"/></testsuite><testsuite failures="0" id="60" name="/home/jenkins/.mvnrepository/org/entando/entando/plugins/entando-plugin-jacms/6.2.8/entando-plugin-jacms-6.2.8.war/WEB-INF/lib/im4java-1.2.0.jar" package="entando-plugin-jacms-6.2.8.war: im4java-1.2.0.jar" skipped="0" tests="1" timestamp="2020-07-08T11:51:21.392524"><testcase classname="dependency-check" name="entando-plugin-jacms-6.2.8.war: im4java-1.2.0.jar"/></testsuite><testsuite failures="0" id="61" name="/home/jenkins/.mvnrepository/org/entando/entando/plugins/entando-plugin-jacms/6.2.8/entando-plugin-jacms-6.2.8.war/WEB-INF/lib/isoparser-1.9.41.2.jar" package="entando-plugin-jacms-6.2.8.war: isoparser-1.9.41.2.jar" skipped="0" tests="1" timestamp="2020-07-08T11:51:21.392524"><testcase classname="dependency-check" name="entando-plugin-jacms-6.2.8.war: isoparser-1.9.41.2.jar"/></testsuite><testsuite failures="0" id="62" name="/home/jenkins/.mvnrepository/org/entando/entando/plugins/entando-plugin-jacms/6.2.8/entando-plugin-jacms-6.2.8.war/WEB-INF/lib/jackcess-3.0.1.jar" package="entando-plugin-jacms-6.2.8.war: jackcess-3.0.1.jar" skipped="0" tests="1" timestamp="2020-07-08T11:51:21.392524"><testcase classname="dependency-check" name="entando-plugin-jacms-6.2.8.war: jackcess-3.0.1.jar"/></testsuite><testsuite failures="0" id="63" name="/home/jenkins/.mvnrepository/org/entando/entando/plugins/entando-plugin-jacms/6.2.8/entando-plugin-jacms-6.2.8.war/WEB-INF/lib/jackcess-encrypt-3.0.0.jar" package="entando-plugin-jacms-6.2.8.war: jackcess-encrypt-3.0.0.jar" skipped="0" tests="1" timestamp="2020-07-08T11:51:21.392524"><testcase classname="dependency-check" name="entando-plugin-jacms-6.2.8.war: jackcess-encrypt-3.0.0.jar"/></testsuite><testsuite failures="0" id="64" name="/home/jenkins/.mvnrepository/org/entando/entando/plugins/entando-plugin-jacms/6.2.8/entando-plugin-jacms-6.2.8.war/WEB-INF/lib/jackson-core-2.10.0.jar" package="entando-plugin-jacms-6.2.8.war: jackson-core-2.10.0.jar" skipped="0" tests="1" timestamp="2020-07-08T11:51:21.392524"><testcase classname="dependency-check" name="entando-plugin-jacms-6.2.8.war: jackson-core-2.10.0.jar"/></testsuite><testsuite failures="0" id="65" name="/home/jenkins/.mvnrepository/org/entando/entando/plugins/entando-plugin-jacms/6.2.8/entando-plugin-jacms-6.2.8.war/WEB-INF/lib/jackson-databind-2.10.0.jar" package="entando-plugin-jacms-6.2.8.war: jackson-databind-2.10.0.jar" skipped="0" tests="1" timestamp="2020-07-08T11:51:21.392524"><testcase classname="dependency-check" name="entando-plugin-jacms-6.2.8.war: jackson-databind-2.10.0.jar"/></testsuite><testsuite failures="0" id="66" name="/home/jenkins/.mvnrepository/org/entando/entando/plugins/entando-plugin-jacms/6.2.8/entando-plugin-jacms-6.2.8.war/WEB-INF/lib/jackson-datatype-jdk8-2.9.7.jar" package="entando-plugin-jacms-6.2.8.war: jackson-datatype-jdk8-2.9.7.jar" skipped="0" tests="1" timestamp="2020-07-08T11:51:21.392524"><testcase classname="dependency-check" name="entando-plugin-jacms-6.2.8.war: jackson-datatype-jdk8-2.9.7.jar"/></testsuite><testsuite failures="0" id="67" name="/home/jenkins/.mvnrepository/org/entando/entando/plugins/entando-plugin-jacms/6.2.8/entando-plugin-jacms-6.2.8.war/WEB-INF/lib/jacorb-omgapi-3.9.jar" package="entando-plugin-jacms-6.2.8.war: jacorb-omgapi-3.9.jar" skipped="0" tests="1" timestamp="2020-07-08T11:51:21.392524"><testcase classname="dependency-check" name="entando-plugin-jacms-6.2.8.war: jacorb-omgapi-3.9.jar"/></testsuite><testsuite failures="0" id="68" name="/home/jenkins/.mvnrepository/org/entando/entando/plugins/entando-plugin-jacms/6.2.8/entando-plugin-jacms-6.2.8.war/WEB-INF/lib/jai-imageio-core-1.4.0.jar" package="entando-plugin-jacms-6.2.8.war: jai-imageio-core-1.4.0.jar" skipped="0" tests="1" timestamp="2020-07-08T11:51:21.392524"><testcase classname="dependency-check" name="entando-plugin-jacms-6.2.8.war: jai-imageio-core-1.4.0.jar"/></testsuite><testsuite failures="0" id="69" name="/home/jenkins/.mvnrepository/org/entando/entando/plugins/entando-plugin-jacms/6.2.8/entando-plugin-jacms-6.2.8.war/WEB-INF/lib/jakarta.activation-1.2.1.jar" package="entando-plugin-jacms-6.2.8.war: jakarta.activation-1.2.1.jar" skipped="0" tests="1" timestamp="2020-07-08T11:51:21.392524"><testcase classname="dependency-check" name="entando-plugin-jacms-6.2.8.war: jakarta.activation-1.2.1.jar"/></testsuite><testsuite failures="0" id="70" name="/home/jenkins/.mvnrepository/org/entando/entando/plugins/entando-plugin-jacms/6.2.8/entando-plugin-jacms-6.2.8.war/WEB-INF/lib/jakarta.activation-api-1.2.1.jar" package="entando-plugin-jacms-6.2.8.war: jakarta.activation-api-1.2.1.jar" skipped="0" tests="1" timestamp="2020-07-08T11:51:21.392524"><testcase classname="dependency-check" name="entando-plugin-jacms-6.2.8.war: jakarta.activation-api-1.2.1.jar"/></testsuite><testsuite failures="0" id="71" name="/home/jenkins/.mvnrepository/org/entando/entando/plugins/entando-plugin-jacms/6.2.8/entando-plugin-jacms-6.2.8.war/WEB-INF/lib/jakarta.xml.bind-api-2.3.2.jar" package="entando-plugin-jacms-6.2.8.war: jakarta.xml.bind-api-2.3.2.jar" skipped="0" tests="1" timestamp="2020-07-08T11:51:21.392524"><testcase classname="dependency-check" name="entando-plugin-jacms-6.2.8.war: jakarta.xml.bind-api-2.3.2.jar"/></testsuite><testsuite failures="0" id="72" name="/home/jenkins/.mvnrepository/org/entando/entando/plugins/entando-plugin-jacms/6.2.8/entando-plugin-jacms-6.2.8.war/WEB-INF/lib/java-libpst-0.9.3.jar" package="entando-plugin-jacms-6.2.8.war: java-libpst-0.9.3.jar" skipped="0" tests="1" timestamp="2020-07-08T11:51:21.392524"><testcase classname="dependency-check" name="entando-plugin-jacms-6.2.8.war: java-libpst-0.9.3.jar"/></testsuite><testsuite failures="0" id="73" name="/home/jenkins/.mvnrepository/org/entando/entando/plugins/entando-plugin-jacms/6.2.8/entando-plugin-jacms-6.2.8.war/WEB-INF/lib/javassist-3.20.0-GA.jar" package="entando-plugin-jacms-6.2.8.war: javassist-3.20.0-GA.jar" skipped="0" tests="1" timestamp="2020-07-08T11:51:21.392524"><testcase classname="dependency-check" name="entando-plugin-jacms-6.2.8.war: javassist-3.20.0-GA.jar"/></testsuite><testsuite failures="0" id="74" name="/home/jenkins/.mvnrepository/org/entando/entando/plugins/entando-plugin-jacms/6.2.8/entando-plugin-jacms-6.2.8.war/WEB-INF/lib/javax.activation-1.2.0.jar" package="entando-plugin-jacms-6.2.8.war: javax.activation-1.2.0.jar" skipped="0" tests="1" timestamp="2020-07-08T11:51:21.392524"><testcase classname="dependency-check" name="entando-plugin-jacms-6.2.8.war: javax.activation-1.2.0.jar"/></testsuite><testsuite failures="0" id="75" name="/home/jenkins/.mvnrepository/org/entando/entando/plugins/entando-plugin-jacms/6.2.8/entando-plugin-jacms-6.2.8.war/WEB-INF/lib/javax.annotation-api-1.3.2.jar" package="entando-plugin-jacms-6.2.8.war: javax.annotation-api-1.3.2.jar" skipped="0" tests="1" timestamp="2020-07-08T11:51:21.392524"><testcase classname="dependency-check" name="entando-plugin-jacms-6.2.8.war: javax.annotation-api-1.3.2.jar"/></testsuite><testsuite failures="0" id="76" name="/home/jenkins/.mvnrepository/org/entando/entando/plugins/entando-plugin-jacms/6.2.8/entando-plugin-jacms-6.2.8.war/WEB-INF/lib/javax.el-2.2.4.jar" package="entando-plugin-jacms-6.2.8.war: javax.el-2.2.4.jar" skipped="0" tests="1" timestamp="2020-07-08T11:51:21.392524"><testcase classname="dependency-check" name="entando-plugin-jacms-6.2.8.war: javax.el-2.2.4.jar"/></testsuite><testsuite failures="0" id="77" name="/home/jenkins/.mvnrepository/org/entando/entando/plugins/entando-plugin-jacms/6.2.8/entando-plugin-jacms-6.2.8.war/WEB-INF/lib/javax.xml.soap-api-1.4.0.jar" package="entando-plugin-jacms-6.2.8.war: javax.xml.soap-api-1.4.0.jar" skipped="0" tests="1" timestamp="2020-07-08T11:51:21.392524"><testcase classname="dependency-check" name="entando-plugin-jacms-6.2.8.war: javax.xml.soap-api-1.4.0.jar"/></testsuite><testsuite failures="0" id="78" name="/home/jenkins/.mvnrepository/org/entando/entando/plugins/entando-plugin-jacms/6.2.8/entando-plugin-jacms-6.2.8.war/WEB-INF/lib/jaxb-impl-2.2.11.jar" package="entando-plugin-jacms-6.2.8.war: jaxb-impl-2.2.11.jar" skipped="0" tests="1" timestamp="2020-07-08T11:51:21.392524"><testcase classname="dependency-check" name="entando-plugin-jacms-6.2.8.war: jaxb-impl-2.2.11.jar"/></testsuite><testsuite failures="0" id="79" name="/home/jenkins/.mvnrepository/org/entando/entando/plugins/entando-plugin-jacms/6.2.8/entando-plugin-jacms-6.2.8.war/WEB-INF/lib/jaxb-impl-2.2.11.jar/META-INF/maven/org.glassfish.jaxb/jaxb-runtime/pom.xml" package="entando-plugin-jacms-6.2.8.war: jaxb-impl-2.2.11.jar (shaded: org.glassfish.jaxb:jaxb-runtime:2.2.11)" skipped="0" tests="1" timestamp="2020-07-08T11:51:21.392524"><testcase classname="dependency-check" name="entando-plugin-jacms-6.2.8.war: jaxb-impl-2.2.11.jar (shaded: org.glassfish.jaxb:jaxb-runtime:2.2.11)"/></testsuite><testsuite failures="0" id="80" name="/home/jenkins/.mvnrepository/org/entando/entando/plugins/entando-plugin-jacms/6.2.8/entando-plugin-jacms-6.2.8.war/WEB-INF/lib/jaxb-xjc-2.2.6.jar" package="entando-plugin-jacms-6.2.8.war: jaxb-xjc-2.2.6.jar" skipped="0" tests="1" timestamp="2020-07-08T11:51:21.392524"><testcase classname="dependency-check" name="entando-plugin-jacms-6.2.8.war: jaxb-xjc-2.2.6.jar"/></testsuite><testsuite failures="0" id="81" name="/home/jenkins/.mvnrepository/org/entando/entando/plugins/entando-plugin-jacms/6.2.8/entando-plugin-jacms-6.2.8.war/WEB-INF/lib/jaxb-xjc-2.2.6.jar/META-INF/maven/com.sun.codemodel/codemodel/pom.xml" package="entando-plugin-jacms-6.2.8.war: jaxb-xjc-2.2.6.jar (shaded: com.sun.codemodel:codemodel:2.6)" skipped="0" tests="1" timestamp="2020-07-08T11:51:21.392524"><testcase classname="dependency-check" name="entando-plugin-jacms-6.2.8.war: jaxb-xjc-2.2.6.jar (shaded: com.sun.codemodel:codemodel:2.6)"/></testsuite><testsuite failures="0" id="82" name="/home/jenkins/.mvnrepository/org/entando/entando/plugins/entando-plugin-jacms/6.2.8/entando-plugin-jacms-6.2.8.war/WEB-INF/lib/jaxb-xjc-2.2.6.jar/META-INF/maven/com.sun.istack/istack-commons-tools/pom.xml" package="entando-plugin-jacms-6.2.8.war: jaxb-xjc-2.2.6.jar (shaded: com.sun.istack:istack-commons-tools:2.13)" skipped="0" tests="1" timestamp="2020-07-08T11:51:21.392524"><testcase classname="dependency-check" name="entando-plugin-jacms-6.2.8.war: jaxb-xjc-2.2.6.jar (shaded: com.sun.istack:istack-commons-tools:2.13)"/></testsuite><testsuite failures="0" id="83" name="/home/jenkins/.mvnrepository/org/entando/entando/plugins/entando-plugin-jacms/6.2.8/entando-plugin-jacms-6.2.8.war/WEB-INF/lib/jaxb-xjc-2.2.6.jar/META-INF/maven/com.sun.xml.dtd-parser/dtd-parser/pom.xml" package="entando-plugin-jacms-6.2.8.war: jaxb-xjc-2.2.6.jar (shaded: com.sun.xml.dtd-parser:dtd-parser:1.2-SNAPSHOT)" skipped="0" tests="1" timestamp="2020-07-08T11:51:21.392524"><testcase classname="dependency-check" name="entando-plugin-jacms-6.2.8.war: jaxb-xjc-2.2.6.jar (shaded: com.sun.xml.dtd-parser:dtd-parser:1.2-SNAPSHOT)"/></testsuite><testsuite failures="0" id="84" name="/home/jenkins/.mvnrepository/org/entando/entando/plugins/entando-plugin-jacms/6.2.8/entando-plugin-jacms-6.2.8.war/WEB-INF/lib/jaxb-xjc-2.2.6.jar/META-INF/maven/com.sun.xsom/xsom/pom.xml" package="entando-plugin-jacms-6.2.8.war: jaxb-xjc-2.2.6.jar (shaded: com.sun.xsom:xsom:20110809)" skipped="0" tests="1" timestamp="2020-07-08T11:51:21.392524"><testcase classname="dependency-check" name="entando-plugin-jacms-6.2.8.war: jaxb-xjc-2.2.6.jar (shaded: com.sun.xsom:xsom:20110809)"/></testsuite><testsuite failures="0" id="85" name="/home/jenkins/.mvnrepository/org/entando/entando/plugins/entando-plugin-jacms/6.2.8/entando-plugin-jacms-6.2.8.war/WEB-INF/lib/jaxb-xjc-2.2.6.jar/META-INF/maven/org.kohsuke.rngom/rngom/pom.xml" package="entando-plugin-jacms-6.2.8.war: jaxb-xjc-2.2.6.jar (shaded: org.kohsuke.rngom:rngom:201103-SNAPSHOT)" skipped="0" tests="1" timestamp="2020-07-08T11:51:21.392524"><testcase classname="dependency-check" name="entando-plugin-jacms-6.2.8.war: jaxb-xjc-2.2.6.jar (shaded: org.kohsuke.rngom:rngom:201103-SNAPSHOT)"/></testsuite><testsuite failures="0" id="86" name="/home/jenkins/.mvnrepository/org/entando/entando/plugins/entando-plugin-jacms/6.2.8/entando-plugin-jacms-6.2.8.war/WEB-INF/lib/jaxws-api-2.3.1.jar" package="entando-plugin-jacms-6.2.8.war: jaxws-api-2.3.1.jar" skipped="0" tests="1" timestamp="2020-07-08T11:51:21.392524"><testcase classname="dependency-check" name="entando-plugin-jacms-6.2.8.war: jaxws-api-2.3.1.jar"/></testsuite><testsuite failures="0" id="87" name="/home/jenkins/.mvnrepository/org/entando/entando/plugins/entando-plugin-jacms/6.2.8/entando-plugin-jacms-6.2.8.war/WEB-INF/lib/jbig2-imageio-3.0.3.jar" package="entando-plugin-jacms-6.2.8.war: jbig2-imageio-3.0.3.jar" skipped="0" tests="1" timestamp="2020-07-08T11:51:21.392524"><testcase classname="dependency-check" name="entando-plugin-jacms-6.2.8.war: jbig2-imageio-3.0.3.jar"/></testsuite><testsuite failures="0" id="88" name="/home/jenkins/.mvnrepository/org/entando/entando/plugins/entando-plugin-jacms/6.2.8/entando-plugin-jacms-6.2.8.war/WEB-INF/lib/jboss-logging-3.3.2.Final.jar" package="entando-plugin-jacms-6.2.8.war: jboss-logging-3.3.2.Final.jar" skipped="0" tests="1" timestamp="2020-07-08T11:51:21.392524"><testcase classname="dependency-check" name="entando-plugin-jacms-6.2.8.war: jboss-logging-3.3.2.Final.jar"/></testsuite><testsuite failures="0" id="89" name="/home/jenkins/.mvnrepository/org/entando/entando/plugins/entando-plugin-jacms/6.2.8/entando-plugin-jacms-6.2.8.war/WEB-INF/lib/jcip-annotations-1.0.jar" package="entando-plugin-jacms-6.2.8.war: jcip-annotations-1.0.jar" skipped="0" tests="1" timestamp="2020-07-08T11:51:21.392524"><testcase classname="dependency-check" name="entando-plugin-jacms-6.2.8.war: jcip-annotations-1.0.jar"/></testsuite><testsuite failures="0" id="90" name="/home/jenkins/.mvnrepository/org/entando/entando/plugins/entando-plugin-jacms/6.2.8/entando-plugin-jacms-6.2.8.war/WEB-INF/lib/jcl-over-slf4j-1.7.26.jar" package="entando-plugin-jacms-6.2.8.war: jcl-over-slf4j-1.7.26.jar" skipped="0" tests="1" timestamp="2020-07-08T11:51:21.392524"><testcase classname="dependency-check" name="entando-plugin-jacms-6.2.8.war: jcl-over-slf4j-1.7.26.jar"/></testsuite><testsuite failures="0" id="91" name="/home/jenkins/.mvnrepository/org/entando/entando/plugins/entando-plugin-jacms/6.2.8/entando-plugin-jacms-6.2.8.war/WEB-INF/lib/jcommander-1.78.jar" package="entando-plugin-jacms-6.2.8.war: jcommander-1.78.jar" skipped="0" tests="1" timestamp="2020-07-08T11:51:21.392524"><testcase classname="dependency-check" name="entando-plugin-jacms-6.2.8.war: jcommander-1.78.jar"/></testsuite><testsuite failures="0" id="92" name="/home/jenkins/.mvnrepository/org/entando/entando/plugins/entando-plugin-jacms/6.2.8/entando-plugin-jacms-6.2.8.war/WEB-INF/lib/jdom-1.1.3.jar" package="entando-plugin-jacms-6.2.8.war: jdom-1.1.3.jar" skipped="0" tests="1" timestamp="2020-07-08T11:51:21.392524"><testcase classname="dependency-check" name="entando-plugin-jacms-6.2.8.war: jdom-1.1.3.jar"/></testsuite><testsuite failures="0" id="93" name="/home/jenkins/.mvnrepository/org/entando/entando/plugins/entando-plugin-jacms/6.2.8/entando-plugin-jacms-6.2.8.war/WEB-INF/lib/jdom2-2.0.6.jar" package="entando-plugin-jacms-6.2.8.war: jdom2-2.0.6.jar" skipped="0" tests="1" timestamp="2020-07-08T11:51:21.392524"><testcase classname="dependency-check" name="entando-plugin-jacms-6.2.8.war: jdom2-2.0.6.jar"/></testsuite><testsuite failures="0" id="94" name="/home/jenkins/.mvnrepository/org/entando/entando/plugins/entando-plugin-jacms/6.2.8/entando-plugin-jacms-6.2.8.war/WEB-INF/lib/jempbox-1.8.16.jar" package="entando-plugin-jacms-6.2.8.war: jempbox-1.8.16.jar" skipped="0" tests="1" timestamp="2020-07-08T11:51:21.392524"><testcase classname="dependency-check" name="entando-plugin-jacms-6.2.8.war: jempbox-1.8.16.jar"/></testsuite><testsuite failures="0" id="95" name="/home/jenkins/.mvnrepository/org/entando/entando/plugins/entando-plugin-jacms/6.2.8/entando-plugin-jacms-6.2.8.war/WEB-INF/lib/jettison-1.3.7.jar" package="entando-plugin-jacms-6.2.8.war: jettison-1.3.7.jar" skipped="0" tests="1" timestamp="2020-07-08T11:51:21.392524"><testcase classname="dependency-check" name="entando-plugin-jacms-6.2.8.war: jettison-1.3.7.jar"/></testsuite><testsuite failures="0" id="96" name="/home/jenkins/.mvnrepository/org/entando/entando/plugins/entando-plugin-jacms/6.2.8/entando-plugin-jacms-6.2.8.war/WEB-INF/lib/jhighlight-1.0.3.jar" package="entando-plugin-jacms-6.2.8.war: jhighlight-1.0.3.jar" skipped="0" tests="1" timestamp="2020-07-08T11:51:21.392524"><testcase classname="dependency-check" name="entando-plugin-jacms-6.2.8.war: jhighlight-1.0.3.jar"/></testsuite><testsuite failures="0" id="97" name="/home/jenkins/.mvnrepository/org/entando/entando/plugins/entando-plugin-jacms/6.2.8/entando-plugin-jacms-6.2.8.war/WEB-INF/lib/jmatio-1.5.jar" package="entando-plugin-jacms-6.2.8.war: jmatio-1.5.jar" skipped="0" tests="1" timestamp="2020-07-08T11:51:21.392524"><testcase classname="dependency-check" name="entando-plugin-jacms-6.2.8.war: jmatio-1.5.jar"/></testsuite><testsuite failures="0" id="98" name="/home/jenkins/.mvnrepository/org/entando/entando/plugins/entando-plugin-jacms/6.2.8/entando-plugin-jacms-6.2.8.war/WEB-INF/lib/jna-5.5.0.jar" package="entando-plugin-jacms-6.2.8.war: jna-5.5.0.jar" skipped="0" tests="1" timestamp="2020-07-08T11:51:21.392524"><testcase classname="dependency-check" name="entando-plugin-jacms-6.2.8.war: jna-5.5.0.jar"/></testsuite><testsuite failures="0" id="99" name="/home/jenkins/.mvnrepository/org/entando/entando/plugins/entando-plugin-jacms/6.2.8/entando-plugin-jacms-6.2.8.war/WEB-INF/lib/jna-5.5.0.jar/com/sun/jna/win32-x86/jnidispatch.dll" package="entando-plugin-jacms-6.2.8.war: jna-5.5.0.jar: jnidispatch.dll" skipped="0" tests="1" timestamp="2020-07-08T11:51:21.392524"><testcase classname="dependency-check" name="entando-plugin-jacms-6.2.8.war: jna-5.5.0.jar: jnidispatch.dll"/></testsuite><testsuite failures="0" id="100" name="/home/jenkins/.mvnrepository/org/entando/entando/plugins/entando-plugin-jacms/6.2.8/entando-plugin-jacms-6.2.8.war/WEB-INF/lib/jna-5.5.0.jar/com/sun/jna/win32-x86-64/jnidispatch.dll" package="entando-plugin-jacms-6.2.8.war: jna-5.5.0.jar: jnidispatch.dll" skipped="0" tests="1" timestamp="2020-07-08T11:51:21.392524"><testcase classname="dependency-check" name="entando-plugin-jacms-6.2.8.war: jna-5.5.0.jar: jnidispatch.dll"/></testsuite><testsuite failures="0" id="101" name="/home/jenkins/.mvnrepository/org/entando/entando/plugins/entando-plugin-jacms/6.2.8/entando-plugin-jacms-6.2.8.war/WEB-INF/lib/joda-time-2.1.jar" package="entando-plugin-jacms-6.2.8.war: joda-time-2.1.jar" skipped="0" tests="1" timestamp="2020-07-08T11:51:21.392524"><testcase classname="dependency-check" name="entando-plugin-jacms-6.2.8.war: joda-time-2.1.jar"/></testsuite><testsuite failures="0" id="102" name="/home/jenkins/.mvnrepository/org/entando/entando/plugins/entando-plugin-jacms/6.2.8/entando-plugin-jacms-6.2.8.war/WEB-INF/lib/json-20180130.jar" package="entando-plugin-jacms-6.2.8.war: json-20180130.jar" skipped="0" tests="1" timestamp="2020-07-08T11:51:21.392524"><testcase classname="dependency-check" name="entando-plugin-jacms-6.2.8.war: json-20180130.jar"/></testsuite><testsuite failures="0" id="103" name="/home/jenkins/.mvnrepository/org/entando/entando/plugins/entando-plugin-jacms/6.2.8/entando-plugin-jacms-6.2.8.war/WEB-INF/lib/jsoup-1.13.1.jar" package="entando-plugin-jacms-6.2.8.war: jsoup-1.13.1.jar" skipped="0" tests="1" timestamp="2020-07-08T11:51:21.392524"><testcase classname="dependency-check" name="entando-plugin-jacms-6.2.8.war: jsoup-1.13.1.jar"/></testsuite><testsuite failures="0" id="104" name="/home/jenkins/.mvnrepository/org/entando/entando/plugins/entando-plugin-jacms/6.2.8/entando-plugin-jacms-6.2.8.war/WEB-INF/lib/jsr305-3.0.2.jar" package="entando-plugin-jacms-6.2.8.war: jsr305-3.0.2.jar" skipped="0" tests="1" timestamp="2020-07-08T11:51:21.392524"><testcase classname="dependency-check" name="entando-plugin-jacms-6.2.8.war: jsr305-3.0.2.jar"/></testsuite><testsuite failures="0" id="105" name="/home/jenkins/.mvnrepository/org/entando/entando/plugins/entando-plugin-jacms/6.2.8/entando-plugin-jacms-6.2.8.war/WEB-INF/lib/jul-to-slf4j-1.7.28.jar" package="entando-plugin-jacms-6.2.8.war: jul-to-slf4j-1.7.28.jar" skipped="0" tests="1" timestamp="2020-07-08T11:51:21.392524"><testcase classname="dependency-check" name="entando-plugin-jacms-6.2.8.war: jul-to-slf4j-1.7.28.jar"/></testsuite><testsuite failures="0" id="106" name="/home/jenkins/.mvnrepository/org/entando/entando/plugins/entando-plugin-jacms/6.2.8/entando-plugin-jacms-6.2.8.war/WEB-INF/lib/juniversalchardet-1.0.3.jar" package="entando-plugin-jacms-6.2.8.war: juniversalchardet-1.0.3.jar" skipped="0" tests="1" timestamp="2020-07-08T11:51:21.392524"><testcase classname="dependency-check" name="entando-plugin-jacms-6.2.8.war: juniversalchardet-1.0.3.jar"/></testsuite><testsuite failures="0" id="107" name="/home/jenkins/.mvnrepository/org/entando/entando/plugins/entando-plugin-jacms/6.2.8/entando-plugin-jacms-6.2.8.war/WEB-INF/lib/listenablefuture-9999.0-empty-to-avoid-conflict-with-guava.jar" package="entando-plugin-jacms-6.2.8.war: listenablefuture-9999.0-empty-to-avoid-conflict-with-guava.jar" skipped="0" tests="1" timestamp="2020-07-08T11:51:21.392524"><testcase classname="dependency-check" name="entando-plugin-jacms-6.2.8.war: listenablefuture-9999.0-empty-to-avoid-conflict-with-guava.jar"/></testsuite><testsuite failures="0" id="108" name="/home/jenkins/.mvnrepository/org/entando/entando/plugins/entando-plugin-jacms/6.2.8/entando-plugin-jacms-6.2.8.war/WEB-INF/lib/log4j-core-2.13.3.jar" package="entando-plugin-jacms-6.2.8.war: log4j-core-2.13.3.jar" skipped="0" tests="1" timestamp="2020-07-08T11:51:21.392524"><testcase classname="dependency-check" name="entando-plugin-jacms-6.2.8.war: log4j-core-2.13.3.jar"/></testsuite><testsuite failures="0" id="109" name="/home/jenkins/.mvnrepository/org/entando/entando/plugins/entando-plugin-jacms/6.2.8/entando-plugin-jacms-6.2.8.war/WEB-INF/lib/lombok-1.18.2.jar" package="entando-plugin-jacms-6.2.8.war: lombok-1.18.2.jar" skipped="0" tests="1" timestamp="2020-07-08T11:51:21.392524"><testcase classname="dependency-check" name="entando-plugin-jacms-6.2.8.war: lombok-1.18.2.jar"/></testsuite><testsuite failures="0" id="110" name="/home/jenkins/.mvnrepository/org/entando/entando/plugins/entando-plugin-jacms/6.2.8/entando-plugin-jacms-6.2.8.war/WEB-INF/lib/lombok-1.18.2.jar/lombok/installer/WindowsDriveInfo-i386.dll" package="entando-plugin-jacms-6.2.8.war: lombok-1.18.2.jar: WindowsDriveInfo-i386.dll" skipped="0" tests="1" timestamp="2020-07-08T11:51:21.392524"><testcase classname="dependency-check" name="entando-plugin-jacms-6.2.8.war: lombok-1.18.2.jar: WindowsDriveInfo-i386.dll"/></testsuite><testsuite failures="0" id="111" name="/home/jenkins/.mvnrepository/org/entando/entando/plugins/entando-plugin-jacms/6.2.8/entando-plugin-jacms-6.2.8.war/WEB-INF/lib/lombok-1.18.2.jar/lombok/installer/WindowsDriveInfo-x86_64.dll" package="entando-plugin-jacms-6.2.8.war: lombok-1.18.2.jar: WindowsDriveInfo-x86_64.dll" skipped="0" tests="1" timestamp="2020-07-08T11:51:21.392524"><testcase classname="dependency-check" name="entando-plugin-jacms-6.2.8.war: lombok-1.18.2.jar: WindowsDriveInfo-x86_64.dll"/></testsuite><testsuite failures="0" id="112" name="/home/jenkins/.mvnrepository/org/entando/entando/plugins/entando-plugin-jacms/6.2.8/entando-plugin-jacms-6.2.8.war/WEB-INF/lib/lucene-core-7.2.0.jar" package="entando-plugin-jacms-6.2.8.war: lucene-core-7.2.0.jar" skipped="0" tests="1" timestamp="2020-07-08T11:51:21.392524"><testcase classname="dependency-check" name="entando-plugin-jacms-6.2.8.war: lucene-core-7.2.0.jar"/></testsuite><testsuite failures="0" id="113" name="/home/jenkins/.mvnrepository/org/entando/entando/plugins/entando-plugin-jacms/6.2.8/entando-plugin-jacms-6.2.8.war/WEB-INF/lib/mapstruct-1.2.0.Final.jar" package="entando-plugin-jacms-6.2.8.war: mapstruct-1.2.0.Final.jar" skipped="0" tests="1" timestamp="2020-07-08T11:51:21.392524"><testcase classname="dependency-check" name="entando-plugin-jacms-6.2.8.war: mapstruct-1.2.0.Final.jar"/></testsuite><testsuite failures="0" id="114" name="/home/jenkins/.mvnrepository/org/entando/entando/plugins/entando-plugin-jacms/6.2.8/entando-plugin-jacms-6.2.8.war/WEB-INF/lib/mchange-commons-java-0.2.15.jar" package="entando-plugin-jacms-6.2.8.war: mchange-commons-java-0.2.15.jar" skipped="0" tests="1" timestamp="2020-07-08T11:51:21.392524"><testcase classname="dependency-check" name="entando-plugin-jacms-6.2.8.war: mchange-commons-java-0.2.15.jar"/></testsuite><testsuite failures="0" id="115" name="/home/jenkins/.mvnrepository/org/entando/entando/plugins/entando-plugin-jacms/6.2.8/entando-plugin-jacms-6.2.8.war/WEB-INF/lib/metadata-extractor-2.13.0.jar" package="entando-plugin-jacms-6.2.8.war: metadata-extractor-2.13.0.jar" skipped="0" tests="1" timestamp="2020-07-08T11:51:21.392524"><testcase classname="dependency-check" name="entando-plugin-jacms-6.2.8.war: metadata-extractor-2.13.0.jar"/></testsuite><testsuite failures="0" id="116" name="/home/jenkins/.mvnrepository/org/entando/entando/plugins/entando-plugin-jacms/6.2.8/entando-plugin-jacms-6.2.8.war/WEB-INF/lib/mimepull-1.9.7.jar" package="entando-plugin-jacms-6.2.8.war: mimepull-1.9.7.jar" skipped="0" tests="1" timestamp="2020-07-08T11:51:21.392524"><testcase classname="dependency-check" name="entando-plugin-jacms-6.2.8.war: mimepull-1.9.7.jar"/></testsuite><testsuite failures="0" id="117" name="/home/jenkins/.mvnrepository/org/entando/entando/plugins/entando-plugin-jacms/6.2.8/entando-plugin-jacms-6.2.8.war/WEB-INF/lib/neethi-3.1.1.jar" package="entando-plugin-jacms-6.2.8.war: neethi-3.1.1.jar" skipped="0" tests="1" timestamp="2020-07-08T11:51:21.392524"><testcase classname="dependency-check" name="entando-plugin-jacms-6.2.8.war: neethi-3.1.1.jar"/></testsuite><testsuite failures="0" id="118" name="/home/jenkins/.mvnrepository/org/entando/entando/plugins/entando-plugin-jacms/6.2.8/entando-plugin-jacms-6.2.8.war/WEB-INF/lib/netcdf4-4.5.5.jar" package="entando-plugin-jacms-6.2.8.war: netcdf4-4.5.5.jar" skipped="0" tests="1" timestamp="2020-07-08T11:51:21.392524"><testcase classname="dependency-check" name="entando-plugin-jacms-6.2.8.war: netcdf4-4.5.5.jar"/></testsuite><testsuite failures="0" id="119" name="/home/jenkins/.mvnrepository/org/entando/entando/plugins/entando-plugin-jacms/6.2.8/entando-plugin-jacms-6.2.8.war/WEB-INF/lib/ognl-3.0.21.jar" package="entando-plugin-jacms-6.2.8.war: ognl-3.0.21.jar" skipped="0" tests="1" timestamp="2020-07-08T11:51:21.392524"><testcase classname="dependency-check" name="entando-plugin-jacms-6.2.8.war: ognl-3.0.21.jar"/></testsuite><testsuite failures="0" id="120" name="/home/jenkins/.mvnrepository/org/entando/entando/plugins/entando-plugin-jacms/6.2.8/entando-plugin-jacms-6.2.8.war/WEB-INF/lib/openjson-1.0.12.jar" package="entando-plugin-jacms-6.2.8.war: openjson-1.0.12.jar" skipped="0" tests="1" timestamp="2020-07-08T11:51:21.392524"><testcase classname="dependency-check" name="entando-plugin-jacms-6.2.8.war: openjson-1.0.12.jar"/></testsuite><testsuite failures="0" id="121" name="/home/jenkins/.mvnrepository/org/entando/entando/plugins/entando-plugin-jacms/6.2.8/entando-plugin-jacms-6.2.8.war/WEB-INF/lib/ormlite-core-4.40.jar" package="entando-plugin-jacms-6.2.8.war: ormlite-core-4.40.jar" skipped="0" tests="1" timestamp="2020-07-08T11:51:21.392524"><testcase classname="dependency-check" name="entando-plugin-jacms-6.2.8.war: ormlite-core-4.40.jar"/></testsuite><testsuite failures="0" id="122" name="/home/jenkins/.mvnrepository/org/entando/entando/plugins/entando-plugin-jacms/6.2.8/entando-plugin-jacms-6.2.8.war/WEB-INF/lib/ormlite-jdbc-4.40.jar" package="entando-plugin-jacms-6.2.8.war: ormlite-jdbc-4.40.jar" skipped="0" tests="1" timestamp="2020-07-08T11:51:21.392524"><testcase classname="dependency-check" name="entando-plugin-jacms-6.2.8.war: ormlite-jdbc-4.40.jar"/></testsuite><testsuite failures="0" id="123" name="/home/jenkins/.mvnrepository/org/entando/entando/plugins/entando-plugin-jacms/6.2.8/entando-plugin-jacms-6.2.8.war/WEB-INF/lib/parso-2.0.11.jar" package="entando-plugin-jacms-6.2.8.war: parso-2.0.11.jar" skipped="0" tests="1" timestamp="2020-07-08T11:51:21.392524"><testcase classname="dependency-check" name="entando-plugin-jacms-6.2.8.war: parso-2.0.11.jar"/></testsuite><testsuite failures="0" id="124" name="/home/jenkins/.mvnrepository/org/entando/entando/plugins/entando-plugin-jacms/6.2.8/entando-plugin-jacms-6.2.8.war/WEB-INF/lib/pdfbox-2.0.19.jar" package="entando-plugin-jacms-6.2.8.war: pdfbox-2.0.19.jar" skipped="0" tests="1" timestamp="2020-07-08T11:51:21.392524"><testcase classname="dependency-check" name="entando-plugin-jacms-6.2.8.war: pdfbox-2.0.19.jar"/></testsuite><testsuite failures="0" id="125" name="/home/jenkins/.mvnrepository/org/entando/entando/plugins/entando-plugin-jacms/6.2.8/entando-plugin-jacms-6.2.8.war/WEB-INF/lib/poi-4.1.2.jar" package="entando-plugin-jacms-6.2.8.war: poi-4.1.2.jar" skipped="0" tests="1" timestamp="2020-07-08T11:51:21.392524"><testcase classname="dependency-check" name="entando-plugin-jacms-6.2.8.war: poi-4.1.2.jar"/></testsuite><testsuite failures="0" id="126" name="/home/jenkins/.mvnrepository/org/entando/entando/plugins/entando-plugin-jacms/6.2.8/entando-plugin-jacms-6.2.8.war/WEB-INF/lib/poi-ooxml-schemas-4.1.2.jar" package="entando-plugin-jacms-6.2.8.war: poi-ooxml-schemas-4.1.2.jar" skipped="0" tests="1" timestamp="2020-07-08T11:51:21.392524"><testcase classname="dependency-check" name="entando-plugin-jacms-6.2.8.war: poi-ooxml-schemas-4.1.2.jar"/></testsuite><testsuite failures="0" id="127" name="/home/jenkins/.mvnrepository/org/entando/entando/plugins/entando-plugin-jacms/6.2.8/entando-plugin-jacms-6.2.8.war/WEB-INF/lib/preflight-2.0.19.jar" package="entando-plugin-jacms-6.2.8.war: preflight-2.0.19.jar" skipped="0" tests="1" timestamp="2020-07-08T11:51:21.392524"><testcase classname="dependency-check" name="entando-plugin-jacms-6.2.8.war: preflight-2.0.19.jar"/></testsuite><testsuite failures="0" id="128" name="/home/jenkins/.mvnrepository/org/entando/entando/plugins/entando-plugin-jacms/6.2.8/entando-plugin-jacms-6.2.8.war/WEB-INF/lib/protobuf-java-3.11.4.jar" package="entando-plugin-jacms-6.2.8.war: protobuf-java-3.11.4.jar" skipped="0" tests="1" timestamp="2020-07-08T11:51:21.392524"><testcase classname="dependency-check" name="entando-plugin-jacms-6.2.8.war: protobuf-java-3.11.4.jar"/></testsuite><testsuite failures="0" id="129" name="/home/jenkins/.mvnrepository/org/entando/entando/plugins/entando-plugin-jacms/6.2.8/entando-plugin-jacms-6.2.8.war/WEB-INF/lib/quartz-2.3.2.jar" package="entando-plugin-jacms-6.2.8.war: quartz-2.3.2.jar" skipped="0" tests="1" timestamp="2020-07-08T11:51:21.392524"><testcase classname="dependency-check" name="entando-plugin-jacms-6.2.8.war: quartz-2.3.2.jar"/></testsuite><testsuite failures="0" id="130" name="/home/jenkins/.mvnrepository/org/entando/entando/plugins/entando-plugin-jacms/6.2.8/entando-plugin-jacms-6.2.8.war/WEB-INF/lib/reflections-0.9.11.jar" package="entando-plugin-jacms-6.2.8.war: reflections-0.9.11.jar" skipped="0" tests="1" timestamp="2020-07-08T11:51:21.392524"><testcase classname="dependency-check" name="entando-plugin-jacms-6.2.8.war: reflections-0.9.11.jar"/></testsuite><testsuite failures="0" id="131" name="/home/jenkins/.mvnrepository/org/entando/entando/plugins/entando-plugin-jacms/6.2.8/entando-plugin-jacms-6.2.8.war/WEB-INF/lib/rome-1.12.2.jar" package="entando-plugin-jacms-6.2.8.war: rome-1.12.2.jar" skipped="0" tests="1" timestamp="2020-07-08T11:51:21.392524"><testcase classname="dependency-check" name="entando-plugin-jacms-6.2.8.war: rome-1.12.2.jar"/></testsuite><testsuite failures="0" id="132" name="/home/jenkins/.mvnrepository/org/entando/entando/plugins/entando-plugin-jacms/6.2.8/entando-plugin-jacms-6.2.8.war/WEB-INF/lib/rome-utils-1.12.2.jar" package="entando-plugin-jacms-6.2.8.war: rome-utils-1.12.2.jar" skipped="0" tests="1" timestamp="2020-07-08T11:51:21.392524"><testcase classname="dependency-check" name="entando-plugin-jacms-6.2.8.war: rome-utils-1.12.2.jar"/></testsuite><testsuite failures="0" id="133" name="/home/jenkins/.mvnrepository/org/entando/entando/plugins/entando-plugin-jacms/6.2.8/entando-plugin-jacms-6.2.8.war/WEB-INF/lib/saaj-impl-1.4.0-b03.jar" package="entando-plugin-jacms-6.2.8.war: saaj-impl-1.4.0-b03.jar" skipped="0" tests="1" timestamp="2020-07-08T11:51:21.392524"><testcase classname="dependency-check" name="entando-plugin-jacms-6.2.8.war: saaj-impl-1.4.0-b03.jar"/></testsuite><testsuite failures="0" id="134" name="/home/jenkins/.mvnrepository/org/entando/entando/plugins/entando-plugin-jacms/6.2.8/entando-plugin-jacms-6.2.8.war/WEB-INF/lib/sis-feature-1.0.jar" package="entando-plugin-jacms-6.2.8.war: sis-feature-1.0.jar" skipped="0" tests="1" timestamp="2020-07-08T11:51:21.392524"><testcase classname="dependency-check" name="entando-plugin-jacms-6.2.8.war: sis-feature-1.0.jar"/></testsuite><testsuite failures="0" id="135" name="/home/jenkins/.mvnrepository/org/entando/entando/plugins/entando-plugin-jacms/6.2.8/entando-plugin-jacms-6.2.8.war/WEB-INF/lib/sis-metadata-1.0.jar" package="entando-plugin-jacms-6.2.8.war: sis-metadata-1.0.jar" skipped="0" tests="1" timestamp="2020-07-08T11:51:21.392524"><testcase classname="dependency-check" name="entando-plugin-jacms-6.2.8.war: sis-metadata-1.0.jar"/></testsuite><testsuite failures="0" id="136" name="/home/jenkins/.mvnrepository/org/entando/entando/plugins/entando-plugin-jacms/6.2.8/entando-plugin-jacms-6.2.8.war/WEB-INF/lib/sis-netcdf-1.0.jar" package="entando-plugin-jacms-6.2.8.war: sis-netcdf-1.0.jar" skipped="0" tests="1" timestamp="2020-07-08T11:51:21.392524"><testcase classname="dependency-check" name="entando-plugin-jacms-6.2.8.war: sis-netcdf-1.0.jar"/></testsuite><testsuite failures="0" id="137" name="/home/jenkins/.mvnrepository/org/entando/entando/plugins/entando-plugin-jacms/6.2.8/entando-plugin-jacms-6.2.8.war/WEB-INF/lib/sis-referencing-1.0.jar" package="entando-plugin-jacms-6.2.8.war: sis-referencing-1.0.jar" skipped="0" tests="1" timestamp="2020-07-08T11:51:21.392524"><testcase classname="dependency-check" name="entando-plugin-jacms-6.2.8.war: sis-referencing-1.0.jar"/></testsuite><testsuite failures="0" id="138" name="/home/jenkins/.mvnrepository/org/entando/entando/plugins/entando-plugin-jacms/6.2.8/entando-plugin-jacms-6.2.8.war/WEB-INF/lib/sis-storage-1.0.jar" package="entando-plugin-jacms-6.2.8.war: sis-storage-1.0.jar" skipped="0" tests="1" timestamp="2020-07-08T11:51:21.392524"><testcase classname="dependency-check" name="entando-plugin-jacms-6.2.8.war: sis-storage-1.0.jar"/></testsuite><testsuite failures="0" id="139" name="/home/jenkins/.mvnrepository/org/entando/entando/plugins/entando-plugin-jacms/6.2.8/entando-plugin-jacms-6.2.8.war/WEB-INF/lib/sis-utility-1.0.jar" package="entando-plugin-jacms-6.2.8.war: sis-utility-1.0.jar" skipped="0" tests="1" timestamp="2020-07-08T11:51:21.392524"><testcase classname="dependency-check" name="entando-plugin-jacms-6.2.8.war: sis-utility-1.0.jar"/></testsuite><testsuite failures="0" id="140" name="/home/jenkins/.mvnrepository/org/entando/entando/plugins/entando-plugin-jacms/6.2.8/entando-plugin-jacms-6.2.8.war/WEB-INF/lib/slf4j-api-1.7.26.jar" package="entando-plugin-jacms-6.2.8.war: slf4j-api-1.7.26.jar" skipped="0" tests="1" timestamp="2020-07-08T11:51:21.392524"><testcase classname="dependency-check" name="entando-plugin-jacms-6.2.8.war: slf4j-api-1.7.26.jar"/></testsuite><testsuite failures="0" id="141" name="/home/jenkins/.mvnrepository/org/entando/entando/plugins/entando-plugin-jacms/6.2.8/entando-plugin-jacms-6.2.8.war/WEB-INF/lib/slf4j-jdk14-1.7.26.jar" package="entando-plugin-jacms-6.2.8.war: slf4j-jdk14-1.7.26.jar" skipped="0" tests="1" timestamp="2020-07-08T11:51:21.392524"><testcase classname="dependency-check" name="entando-plugin-jacms-6.2.8.war: slf4j-jdk14-1.7.26.jar"/></testsuite><testsuite failures="0" id="142" name="/home/jenkins/.mvnrepository/org/entando/entando/plugins/entando-plugin-jacms/6.2.8/entando-plugin-jacms-6.2.8.war/WEB-INF/lib/spring-beans-5.1.8.RELEASE.jar" package="entando-plugin-jacms-6.2.8.war: spring-beans-5.1.8.RELEASE.jar" skipped="1" tests="1" timestamp="2020-07-08T11:51:21.392524"><testcase classname="CVE-2020-5398" name="cpe:2.3:a:pivotal_software:spring_framework:*:*:*:*:*:*:*:* versions from (including) 5.1.1; versions up to (excluding) 5.1.13"><skipped message="Spring is pivotal and can only be upgraded with a lot of testing" /><system-out>In Spring Framework, versions 5.2.x prior to 5.2.3, versions 5.1.x prior to 5.1.13, and versions 5.0.x prior to 5.0.16, an application is vulnerable to a reflected file download (RFD) attack when it sets a &quot;Content-Disposition&quot; header in the response where the filename attribute is derived from user supplied input.</system-out><system-err>location: /home/jenkins/.mvnrepository/org/entando/entando/plugins/entando-plugin-jacms/6.2.8/entando-plugin-jacms-6.2.8.war/WEB-INF/lib/spring-beans-5.1.8.RELEASE.jar</system-err></testcase></testsuite><testsuite failures="0" id="143" name="/home/jenkins/.mvnrepository/org/entando/entando/plugins/entando-plugin-jacms/6.2.8/entando-plugin-jacms-6.2.8.war/WEB-INF/lib/spring-context-5.1.8.RELEASE.jar" package="entando-plugin-jacms-6.2.8.war: spring-context-5.1.8.RELEASE.jar" skipped="1" tests="1" timestamp="2020-07-08T11:51:21.392524"><testcase classname="CVE-2020-5398" name="cpe:2.3:a:pivotal_software:spring_framework:*:*:*:*:*:*:*:* versions from (including) 5.1.1; versions up to (excluding) 5.1.13"><skipped message="Spring is pivotal and can only be upgraded with a lot of testing" /><system-out>In Spring Framework, versions 5.2.x prior to 5.2.3, versions 5.1.x prior to 5.1.13, and versions 5.0.x prior to 5.0.16, an application is vulnerable to a reflected file download (RFD) attack when it sets a &quot;Content-Disposition&quot; header in the response where the filename attribute is derived from user supplied input.</system-out><system-err>location: /home/jenkins/.mvnrepository/org/entando/entando/plugins/entando-plugin-jacms/6.2.8/entando-plugin-jacms-6.2.8.war/WEB-INF/lib/spring-context-5.1.8.RELEASE.jar</system-err></testcase></testsuite><testsuite failures="0" id="144" name="/home/jenkins/.mvnrepository/org/entando/entando/plugins/entando-plugin-jacms/6.2.8/entando-plugin-jacms-6.2.8.war/WEB-INF/lib/spring-core-5.1.8.RELEASE.jar" package="entando-plugin-jacms-6.2.8.war: spring-core-5.1.8.RELEASE.jar" skipped="1" tests="1" timestamp="2020-07-08T11:51:21.392524"><testcase classname="CVE-2020-5398" name="cpe:2.3:a:pivotal_software:spring_framework:*:*:*:*:*:*:*:* versions from (including) 5.1.1; versions up to (excluding) 5.1.13"><skipped message="Spring is pivotal and can only be upgraded with a lot of testing" /><system-out>In Spring Framework, versions 5.2.x prior to 5.2.3, versions 5.1.x prior to 5.1.13, and versions 5.0.x prior to 5.0.16, an application is vulnerable to a reflected file download (RFD) attack when it sets a &quot;Content-Disposition&quot; header in the response where the filename attribute is derived from user supplied input.</system-out><system-err>location: /home/jenkins/.mvnrepository/org/entando/entando/plugins/entando-plugin-jacms/6.2.8/entando-plugin-jacms-6.2.8.war/WEB-INF/lib/spring-core-5.1.8.RELEASE.jar</system-err></testcase></testsuite><testsuite failures="0" id="145" name="/home/jenkins/.mvnrepository/org/entando/entando/plugins/entando-plugin-jacms/6.2.8/entando-plugin-jacms-6.2.8.war/WEB-INF/lib/spring-data-commons-2.1.3.RELEASE.jar" package="entando-plugin-jacms-6.2.8.war: spring-data-commons-2.1.3.RELEASE.jar" skipped="0" tests="1" timestamp="2020-07-08T11:51:21.392524"><testcase classname="dependency-check" name="entando-plugin-jacms-6.2.8.war: spring-data-commons-2.1.3.RELEASE.jar"/></testsuite><testsuite failures="0" id="146" name="/home/jenkins/.mvnrepository/org/entando/entando/plugins/entando-plugin-jacms/6.2.8/entando-plugin-jacms-6.2.8.war/WEB-INF/lib/spring-data-rest-webmvc-3.1.3.RELEASE.jar" package="entando-plugin-jacms-6.2.8.war: spring-data-rest-webmvc-3.1.3.RELEASE.jar" skipped="0" tests="1" timestamp="2020-07-08T11:51:21.392524"><testcase classname="dependency-check" name="entando-plugin-jacms-6.2.8.war: spring-data-rest-webmvc-3.1.3.RELEASE.jar"/></testsuite><testsuite failures="0" id="147" name="/home/jenkins/.mvnrepository/org/entando/entando/plugins/entando-plugin-jacms/6.2.8/entando-plugin-jacms-6.2.8.war/WEB-INF/lib/spring-hateoas-0.25.0.RELEASE.jar" package="entando-plugin-jacms-6.2.8.war: spring-hateoas-0.25.0.RELEASE.jar" skipped="0" tests="1" timestamp="2020-07-08T11:51:21.392524"><testcase classname="dependency-check" name="entando-plugin-jacms-6.2.8.war: spring-hateoas-0.25.0.RELEASE.jar"/></testsuite><testsuite failures="0" id="148" name="/home/jenkins/.mvnrepository/org/entando/entando/plugins/entando-plugin-jacms/6.2.8/entando-plugin-jacms-6.2.8.war/WEB-INF/lib/spring-jcl-5.1.8.RELEASE.jar" package="entando-plugin-jacms-6.2.8.war: spring-jcl-5.1.8.RELEASE.jar" skipped="1" tests="1" timestamp="2020-07-08T11:51:21.392524"><testcase classname="CVE-2020-5398" name="cpe:2.3:a:pivotal_software:spring_framework:*:*:*:*:*:*:*:* versions from (including) 5.1.1; versions up to (excluding) 5.1.13"><skipped message="Spring is pivotal and can only be upgraded with a lot of testing" /><system-out>In Spring Framework, versions 5.2.x prior to 5.2.3, versions 5.1.x prior to 5.1.13, and versions 5.0.x prior to 5.0.16, an application is vulnerable to a reflected file download (RFD) attack when it sets a &quot;Content-Disposition&quot; header in the response where the filename attribute is derived from user supplied input.</system-out><system-err>location: /home/jenkins/.mvnrepository/org/entando/entando/plugins/entando-plugin-jacms/6.2.8/entando-plugin-jacms-6.2.8.war/WEB-INF/lib/spring-jcl-5.1.8.RELEASE.jar</system-err></testcase></testsuite><testsuite failures="0" id="149" name="/home/jenkins/.mvnrepository/org/entando/entando/plugins/entando-plugin-jacms/6.2.8/entando-plugin-jacms-6.2.8.war/WEB-INF/lib/spring-plugin-core-1.2.0.RELEASE.jar" package="entando-plugin-jacms-6.2.8.war: spring-plugin-core-1.2.0.RELEASE.jar" skipped="0" tests="1" timestamp="2020-07-08T11:51:21.392524"><testcase classname="dependency-check" name="entando-plugin-jacms-6.2.8.war: spring-plugin-core-1.2.0.RELEASE.jar"/></testsuite><testsuite failures="0" id="150" name="/home/jenkins/.mvnrepository/org/entando/entando/plugins/entando-plugin-jacms/6.2.8/entando-plugin-jacms-6.2.8.war/WEB-INF/lib/spring-plugin-metadata-1.2.0.RELEASE.jar" package="entando-plugin-jacms-6.2.8.war: spring-plugin-metadata-1.2.0.RELEASE.jar" skipped="0" tests="1" timestamp="2020-07-08T11:51:21.392524"><testcase classname="dependency-check" name="entando-plugin-jacms-6.2.8.war: spring-plugin-metadata-1.2.0.RELEASE.jar"/></testsuite><testsuite failures="0" id="151" name="/home/jenkins/.mvnrepository/org/entando/entando/plugins/entando-plugin-jacms/6.2.8/entando-plugin-jacms-6.2.8.war/WEB-INF/lib/spring-security-config-5.1.8.RELEASE.jar" package="entando-plugin-jacms-6.2.8.war: spring-security-config-5.1.8.RELEASE.jar" skipped="1" tests="1" timestamp="2020-07-08T11:51:21.392524"><testcase classname="CVE-2018-1258" name="cpe:2.3:a:pivotal_software:spring_security:*:*:*:*:*:*:*:*"><skipped message="Spring is pivotal and can only be upgraded with a lot of testing" /><system-out>Spring Framework version 5.0.5 when used in combination with any versions of Spring Security contains an authorization bypass when using method security. An unauthorized malicious user can gain unauthorized access to methods that should be restricted.</system-out><system-err>location: /home/jenkins/.mvnrepository/org/entando/entando/plugins/entando-plugin-jacms/6.2.8/entando-plugin-jacms-6.2.8.war/WEB-INF/lib/spring-security-config-5.1.8.RELEASE.jar</system-err></testcase></testsuite><testsuite failures="0" id="152" name="/home/jenkins/.mvnrepository/org/entando/entando/plugins/entando-plugin-jacms/6.2.8/entando-plugin-jacms-6.2.8.war/WEB-INF/lib/spring-security-core-5.1.8.RELEASE.jar" package="entando-plugin-jacms-6.2.8.war: spring-security-core-5.1.8.RELEASE.jar" skipped="1" tests="1" timestamp="2020-07-08T11:51:21.392524"><testcase classname="CVE-2018-1258" name="cpe:2.3:a:pivotal_software:spring_security:*:*:*:*:*:*:*:*"><skipped message="Spring is pivotal and can only be upgraded with a lot of testing" /><system-out>Spring Framework version 5.0.5 when used in combination with any versions of Spring Security contains an authorization bypass when using method security. An unauthorized malicious user can gain unauthorized access to methods that should be restricted.</system-out><system-err>location: /home/jenkins/.mvnrepository/org/entando/entando/plugins/entando-plugin-jacms/6.2.8/entando-plugin-jacms-6.2.8.war/WEB-INF/lib/spring-security-core-5.1.8.RELEASE.jar</system-err></testcase></testsuite><testsuite failures="0" id="153" name="/home/jenkins/.mvnrepository/org/entando/entando/plugins/entando-plugin-jacms/6.2.8/entando-plugin-jacms-6.2.8.war/WEB-INF/lib/spring-security-oauth2-2.3.6.RELEASE.jar" package="entando-plugin-jacms-6.2.8.war: spring-security-oauth2-2.3.6.RELEASE.jar" skipped="0" tests="1" timestamp="2020-07-08T11:51:21.392524"><testcase classname="dependency-check" name="entando-plugin-jacms-6.2.8.war: spring-security-oauth2-2.3.6.RELEASE.jar"/></testsuite><testsuite failures="0" id="154" name="/home/jenkins/.mvnrepository/org/entando/entando/plugins/entando-plugin-jacms/6.2.8/entando-plugin-jacms-6.2.8.war/WEB-INF/lib/spring-tx-5.1.3.RELEASE.jar" package="entando-plugin-jacms-6.2.8.war: spring-tx-5.1.3.RELEASE.jar" skipped="1" tests="1" timestamp="2020-07-08T11:51:21.392524"><testcase classname="CVE-2020-5398" name="cpe:2.3:a:pivotal_software:spring_framework:*:*:*:*:*:*:*:* versions from (including) 5.1.1; versions up to (excluding) 5.1.13"><skipped message="Spring is pivotal and can only be upgraded with a lot of testing" /><system-out>In Spring Framework, versions 5.2.x prior to 5.2.3, versions 5.1.x prior to 5.1.13, and versions 5.0.x prior to 5.0.16, an application is vulnerable to a reflected file download (RFD) attack when it sets a &quot;Content-Disposition&quot; header in the response where the filename attribute is derived from user supplied input.</system-out><system-err>location: /home/jenkins/.mvnrepository/org/entando/entando/plugins/entando-plugin-jacms/6.2.8/entando-plugin-jacms-6.2.8.war/WEB-INF/lib/spring-tx-5.1.3.RELEASE.jar</system-err></testcase></testsuite><testsuite failures="0" id="155" name="/home/jenkins/.mvnrepository/org/entando/entando/plugins/entando-plugin-jacms/6.2.8/entando-plugin-jacms-6.2.8.war/WEB-INF/lib/spring-web-5.1.8.RELEASE.jar" package="entando-plugin-jacms-6.2.8.war: spring-web-5.1.8.RELEASE.jar" skipped="1" tests="1" timestamp="2020-07-08T11:51:21.392524"><testcase classname="CVE-2020-5398" name="cpe:2.3:a:pivotal_software:spring_framework:*:*:*:*:*:*:*:* versions from (including) 5.1.1; versions up to (excluding) 5.1.13"><skipped message="Spring is pivotal and can only be upgraded with a lot of testing" /><system-out>In Spring Framework, versions 5.2.x prior to 5.2.3, versions 5.1.x prior to 5.1.13, and versions 5.0.x prior to 5.0.16, an application is vulnerable to a reflected file download (RFD) attack when it sets a &quot;Content-Disposition&quot; header in the response where the filename attribute is derived from user supplied input.</system-out><system-err>location: /home/jenkins/.mvnrepository/org/entando/entando/plugins/entando-plugin-jacms/6.2.8/entando-plugin-jacms-6.2.8.war/WEB-INF/lib/spring-web-5.1.8.RELEASE.jar</system-err></testcase></testsuite><testsuite failures="0" id="156" name="/home/jenkins/.mvnrepository/org/entando/entando/plugins/entando-plugin-jacms/6.2.8/entando-plugin-jacms-6.2.8.war/WEB-INF/lib/spring-webmvc-5.1.8.RELEASE.jar" package="entando-plugin-jacms-6.2.8.war: spring-webmvc-5.1.8.RELEASE.jar" skipped="1" tests="1" timestamp="2020-07-08T11:51:21.392524"><testcase classname="CVE-2020-5398" name="cpe:2.3:a:pivotal_software:spring_framework:*:*:*:*:*:*:*:* versions from (including) 5.1.1; versions up to (excluding) 5.1.13"><skipped message="Spring is pivotal and can only be upgraded with a lot of testing" /><system-out>In Spring Framework, versions 5.2.x prior to 5.2.3, versions 5.1.x prior to 5.1.13, and versions 5.0.x prior to 5.0.16, an application is vulnerable to a reflected file download (RFD) attack when it sets a &quot;Content-Disposition&quot; header in the response where the filename attribute is derived from user supplied input.</system-out><system-err>location: /home/jenkins/.mvnrepository/org/entando/entando/plugins/entando-plugin-jacms/6.2.8/entando-plugin-jacms-6.2.8.war/WEB-INF/lib/spring-webmvc-5.1.8.RELEASE.jar</system-err></testcase></testsuite><testsuite failures="0" id="157" name="/home/jenkins/.mvnrepository/org/entando/entando/plugins/entando-plugin-jacms/6.2.8/entando-plugin-jacms-6.2.8.war/WEB-INF/lib/springfox-schema-2.8.0.jar" package="entando-plugin-jacms-6.2.8.war: springfox-schema-2.8.0.jar" skipped="3" tests="3" timestamp="2020-07-08T11:51:21.392524"><testcase classname="CVE-2019-16370" name="cpe:2.3:a:gradle:gradle:*:*:*:*:*:*:*:* versions up to (excluding) 6.0"><skipped message="False positive. We don&apos;t use gradle" /><system-out>The PGP signing plugin in Gradle before 6.0 relies on the SHA-1 algorithm, which might allow an attacker to replace an artifact with a different one that has the same SHA-1 message digest, a related issue to CVE-2005-4900.</system-out><system-err>location: /home/jenkins/.mvnrepository/org/entando/entando/plugins/entando-plugin-jacms/6.2.8/entando-plugin-jacms-6.2.8.war/WEB-INF/lib/springfox-schema-2.8.0.jar</system-err></testcase><testcase classname="CVE-2019-11065" name="cpe:2.3:a:gradle:gradle:*:*:*:*:*:*:*:* versions from (including) 1.4; versions up to (including) 5.3.1"><skipped message="False positive. We don&apos;t use gradle" /><system-out>Gradle versions from 1.4 to 5.3.1 use an insecure HTTP URL to download dependencies when the built-in JavaScript or CoffeeScript Gradle plugins are used. Dependency artifacts could have been maliciously compromised by a MITM attack against the ajax.googleapis.com web site.</system-out><system-err>location: /home/jenkins/.mvnrepository/org/entando/entando/plugins/entando-plugin-jacms/6.2.8/entando-plugin-jacms-6.2.8.war/WEB-INF/lib/springfox-schema-2.8.0.jar</system-err></testcase><testcase classname="CVE-2019-15052" name="cpe:2.3:a:gradle:gradle:*:*:*:*:*:*:*:* versions up to (excluding) 5.6"><skipped message="False positive. We don&apos;t use gradle" /><system-out>The HTTP client in Gradle before 5.6 sends authentication credentials originally destined for the configured host. If that host returns a 30x redirect, Gradle also sends those credentials to all subsequent hosts that the request redirects to. This is similar to CVE-2018-1000007.</system-out><system-err>location: /home/jenkins/.mvnrepository/org/entando/entando/plugins/entando-plugin-jacms/6.2.8/entando-plugin-jacms-6.2.8.war/WEB-INF/lib/springfox-schema-2.8.0.jar</system-err></testcase></testsuite><testsuite failures="0" id="158" name="/home/jenkins/.mvnrepository/org/entando/entando/plugins/entando-plugin-jacms/6.2.8/entando-plugin-jacms-6.2.8.war/WEB-INF/lib/springfox-spi-2.8.0.jar" package="entando-plugin-jacms-6.2.8.war: springfox-spi-2.8.0.jar" skipped="3" tests="3" timestamp="2020-07-08T11:51:21.392524"><testcase classname="CVE-2019-16370" name="cpe:2.3:a:gradle:gradle:*:*:*:*:*:*:*:* versions up to (excluding) 6.0"><skipped message="False positive. We don&apos;t use gradle" /><system-out>The PGP signing plugin in Gradle before 6.0 relies on the SHA-1 algorithm, which might allow an attacker to replace an artifact with a different one that has the same SHA-1 message digest, a related issue to CVE-2005-4900.</system-out><system-err>location: /home/jenkins/.mvnrepository/org/entando/entando/plugins/entando-plugin-jacms/6.2.8/entando-plugin-jacms-6.2.8.war/WEB-INF/lib/springfox-spi-2.8.0.jar</system-err></testcase><testcase classname="CVE-2019-11065" name="cpe:2.3:a:gradle:gradle:*:*:*:*:*:*:*:* versions from (including) 1.4; versions up to (including) 5.3.1"><skipped message="False positive. We don&apos;t use gradle" /><system-out>Gradle versions from 1.4 to 5.3.1 use an insecure HTTP URL to download dependencies when the built-in JavaScript or CoffeeScript Gradle plugins are used. Dependency artifacts could have been maliciously compromised by a MITM attack against the ajax.googleapis.com web site.</system-out><system-err>location: /home/jenkins/.mvnrepository/org/entando/entando/plugins/entando-plugin-jacms/6.2.8/entando-plugin-jacms-6.2.8.war/WEB-INF/lib/springfox-spi-2.8.0.jar</system-err></testcase><testcase classname="CVE-2019-15052" name="cpe:2.3:a:gradle:gradle:*:*:*:*:*:*:*:* versions up to (excluding) 5.6"><skipped message="False positive. We don&apos;t use gradle" /><system-out>The HTTP client in Gradle before 5.6 sends authentication credentials originally destined for the configured host. If that host returns a 30x redirect, Gradle also sends those credentials to all subsequent hosts that the request redirects to. This is similar to CVE-2018-1000007.</system-out><system-err>location: /home/jenkins/.mvnrepository/org/entando/entando/plugins/entando-plugin-jacms/6.2.8/entando-plugin-jacms-6.2.8.war/WEB-INF/lib/springfox-spi-2.8.0.jar</system-err></testc
[...]
tsuite><testsuite failures="0" id="200" name="/home/jenkins/.mvnrepository/org/entando/entando/plugins/entando-plugin-jpseo/6.2.2/entando-plugin-jpseo-6.2.2.war/WEB-INF/lib/jakarta.ws.rs-api-2.1.5.jar" package="entando-plugin-jpseo-6.2.2.war: jakarta.ws.rs-api-2.1.5.jar" skipped="0" tests="1" timestamp="2020-07-08T11:51:21.392524"><testcase classname="dependency-check" name="entando-plugin-jpseo-6.2.2.war: jakarta.ws.rs-api-2.1.5.jar"/></testsuite><testsuite failures="0" id="201" name="/home/jenkins/.mvnrepository/org/entando/entando/plugins/entando-plugin-jpseo/6.2.2/entando-plugin-jpseo-6.2.2.war/WEB-INF/lib/javax.el-api-3.0.0.jar" package="entando-plugin-jpseo-6.2.2.war: javax.el-api-3.0.0.jar" skipped="0" tests="1" timestamp="2020-07-08T11:51:21.392524"><testcase classname="dependency-check" name="entando-plugin-jpseo-6.2.2.war: javax.el-api-3.0.0.jar"/></testsuite><testsuite failures="0" id="202" name="/home/jenkins/.mvnrepository/org/entando/entando/plugins/entando-plugin-jpseo/6.2.2/entando-plugin-jpseo-6.2.2.war/WEB-INF/lib/jaxb-runtime-2.3.2.jar" package="entando-plugin-jpseo-6.2.2.war: jaxb-runtime-2.3.2.jar" skipped="0" tests="1" timestamp="2020-07-08T11:51:21.392524"><testcase classname="dependency-check" name="entando-plugin-jpseo-6.2.2.war: jaxb-runtime-2.3.2.jar"/></testsuite><testsuite failures="0" id="203" name="/home/jenkins/.mvnrepository/org/entando/entando/plugins/entando-plugin-jpseo/6.2.2/entando-plugin-jpseo-6.2.2.war/WEB-INF/lib/jboss-rmi-api_1.0_spec-1.0.6.Final.jar" package="entando-plugin-jpseo-6.2.2.war: jboss-rmi-api_1.0_spec-1.0.6.Final.jar" skipped="0" tests="1" timestamp="2020-07-08T11:51:21.392524"><testcase classname="dependency-check" name="entando-plugin-jpseo-6.2.2.war: jboss-rmi-api_1.0_spec-1.0.6.Final.jar"/></testsuite><testsuite failures="0" id="204" name="/home/jenkins/.mvnrepository/org/entando/entando/plugins/entando-plugin-jpseo/6.2.2/entando-plugin-jpseo-6.2.2.war/WEB-INF/lib/json-simple-1.1.1.jar" package="entando-plugin-jpseo-6.2.2.war: json-simple-1.1.1.jar" skipped="0" tests="1" timestamp="2020-07-08T11:51:21.392524"><testcase classname="dependency-check" name="entando-plugin-jpseo-6.2.2.war: json-simple-1.1.1.jar"/></testsuite><testsuite failures="0" id="205" name="/home/jenkins/.mvnrepository/org/entando/entando/plugins/entando-plugin-jpseo/6.2.2/entando-plugin-jpseo-6.2.2.war/WEB-INF/lib/junrar-4.0.0.jar" package="entando-plugin-jpseo-6.2.2.war: junrar-4.0.0.jar" skipped="0" tests="1" timestamp="2020-07-08T11:51:21.392524"><testcase classname="dependency-check" name="entando-plugin-jpseo-6.2.2.war: junrar-4.0.0.jar"/></testsuite><testsuite failures="0" id="206" name="/home/jenkins/.mvnrepository/org/entando/entando/plugins/entando-plugin-jpseo/6.2.2/entando-plugin-jpseo-6.2.2.war/WEB-INF/lib/opennlp-tools-1.9.2.jar" package="entando-plugin-jpseo-6.2.2.war: opennlp-tools-1.9.2.jar" skipped="0" tests="1" timestamp="2020-07-08T11:51:21.392524"><testcase classname="dependency-check" name="entando-plugin-jpseo-6.2.2.war: opennlp-tools-1.9.2.jar"/></testsuite><testsuite failures="0" id="207" name="/home/jenkins/.mvnrepository/org/entando/entando/plugins/entando-plugin-jpseo/6.2.2/entando-plugin-jpseo-6.2.2.war/WEB-INF/lib/oro-2.0.8.jar" package="entando-plugin-jpseo-6.2.2.war: oro-2.0.8.jar" skipped="0" tests="1" timestamp="2020-07-08T11:51:21.392524"><testcase classname="dependency-check" name="entando-plugin-jpseo-6.2.2.war: oro-2.0.8.jar"/></testsuite><testsuite failures="0" id="208" name="/home/jenkins/.mvnrepository/org/entando/entando/plugins/entando-plugin-jpseo/6.2.2/entando-plugin-jpseo-6.2.2.war/WEB-INF/lib/spring-aop-5.1.8.RELEASE.jar" package="entando-plugin-jpseo-6.2.2.war: spring-aop-5.1.8.RELEASE.jar" skipped="1" tests="1" timestamp="2020-07-08T11:51:21.392524"><testcase classname="CVE-2020-5398" name="cpe:2.3:a:pivotal_software:spring_framework:*:*:*:*:*:*:*:* versions from (including) 5.1.1; versions up to (excluding) 5.1.13"><skipped message="Spring is pivotal and can only be upgraded with a lot of testing" /><system-out>In Spring Framework, versions 5.2.x prior to 5.2.3, versions 5.1.x prior to 5.1.13, and versions 5.0.x prior to 5.0.16, an application is vulnerable to a reflected file download (RFD) attack when it sets a &quot;Content-Disposition&quot; header in the response where the filename attribute is derived from user supplied input.</system-out><system-err>location: /home/jenkins/.mvnrepository/org/entando/entando/plugins/entando-plugin-jpseo/6.2.2/entando-plugin-jpseo-6.2.2.war/WEB-INF/lib/spring-aop-5.1.8.RELEASE.jar</system-err></testcase></testsuite><testsuite failures="0" id="209" name="/home/jenkins/.mvnrepository/org/entando/entando/plugins/entando-plugin-jpseo/6.2.2/entando-plugin-jpseo-6.2.2.war/WEB-INF/lib/spring-context-support-5.1.8.RELEASE.jar" package="entando-plugin-jpseo-6.2.2.war: spring-context-support-5.1.8.RELEASE.jar" skipped="1" tests="1" timestamp="2020-07-08T11:51:21.392524"><testcase classname="CVE-2020-5398" name="cpe:2.3:a:pivotal_software:spring_framework:*:*:*:*:*:*:*:* versions from (including) 5.1.1; versions up to (excluding) 5.1.13"><skipped message="Spring is pivotal and can only be upgraded with a lot of testing" /><system-out>In Spring Framework, versions 5.2.x prior to 5.2.3, versions 5.1.x prior to 5.1.13, and versions 5.0.x prior to 5.0.16, an application is vulnerable to a reflected file download (RFD) attack when it sets a &quot;Content-Disposition&quot; header in the response where the filename attribute is derived from user supplied input.</system-out><system-err>location: /home/jenkins/.mvnrepository/org/entando/entando/plugins/entando-plugin-jpseo/6.2.2/entando-plugin-jpseo-6.2.2.war/WEB-INF/lib/spring-context-support-5.1.8.RELEASE.jar</system-err></testcase></testsuite><testsuite failures="0" id="210" name="/home/jenkins/.mvnrepository/org/entando/entando/plugins/entando-plugin-jpseo/6.2.2/entando-plugin-jpseo-6.2.2.war/WEB-INF/lib/spring-data-rest-core-3.1.3.RELEASE.jar" package="entando-plugin-jpseo-6.2.2.war: spring-data-rest-core-3.1.3.RELEASE.jar" skipped="0" tests="1" timestamp="2020-07-08T11:51:21.392524"><testcase classname="dependency-check" name="entando-plugin-jpseo-6.2.2.war: spring-data-rest-core-3.1.3.RELEASE.jar"/></testsuite><testsuite failures="0" id="211" name="/home/jenkins/.mvnrepository/org/entando/entando/plugins/entando-plugin-jpseo/6.2.2/entando-plugin-jpseo-6.2.2.war/WEB-INF/lib/spring-expression-5.1.8.RELEASE.jar" package="entando-plugin-jpseo-6.2.2.war: spring-expression-5.1.8.RELEASE.jar" skipped="1" tests="1" timestamp="2020-07-08T11:51:21.392524"><testcase classname="CVE-2020-5398" name="cpe:2.3:a:pivotal_software:spring_framework:*:*:*:*:*:*:*:* versions from (including) 5.1.1; versions up to (excluding) 5.1.13"><skipped message="Spring is pivotal and can only be upgraded with a lot of testing" /><system-out>In Spring Framework, versions 5.2.x prior to 5.2.3, versions 5.1.x prior to 5.1.13, and versions 5.0.x prior to 5.0.16, an application is vulnerable to a reflected file download (RFD) attack when it sets a &quot;Content-Disposition&quot; header in the response where the filename attribute is derived from user supplied input.</system-out><system-err>location: /home/jenkins/.mvnrepository/org/entando/entando/plugins/entando-plugin-jpseo/6.2.2/entando-plugin-jpseo-6.2.2.war/WEB-INF/lib/spring-expression-5.1.8.RELEASE.jar</system-err></testcase></testsuite><testsuite failures="0" id="212" name="/home/jenkins/.mvnrepository/org/entando/entando/plugins/entando-plugin-jpseo/6.2.2/entando-plugin-jpseo-6.2.2.war/WEB-INF/lib/spring-security-web-5.1.8.RELEASE.jar" package="entando-plugin-jpseo-6.2.2.war: spring-security-web-5.1.8.RELEASE.jar" skipped="1" tests="1" timestamp="2020-07-08T11:51:21.392524"><testcase classname="CVE-2018-1258" name="cpe:2.3:a:pivotal_software:spring_security:*:*:*:*:*:*:*:*"><skipped message="Spring is pivotal and can only be upgraded with a lot of testing" /><system-out>Spring Framework version 5.0.5 when used in combination with any versions of Spring Security contains an authorization bypass when using method security. An unauthorized malicious user can gain unauthorized access to methods that should be restricted.</system-out><system-err>location: /home/jenkins/.mvnrepository/org/entando/entando/plugins/entando-plugin-jpseo/6.2.2/entando-plugin-jpseo-6.2.2.war/WEB-INF/lib/spring-security-web-5.1.8.RELEASE.jar</system-err></testcase></testsuite><testsuite failures="0" id="213" name="/home/jenkins/.mvnrepository/org/entando/entando/plugins/entando-plugin-jpseo/6.2.2/entando-plugin-jpseo-6.2.2.war/WEB-INF/lib/springfox-core-2.8.0.jar" package="entando-plugin-jpseo-6.2.2.war: springfox-core-2.8.0.jar" skipped="3" tests="3" timestamp="2020-07-08T11:51:21.392524"><testcase classname="CVE-2019-16370" name="cpe:2.3:a:gradle:gradle:*:*:*:*:*:*:*:* versions up to (excluding) 6.0"><skipped message="False positive. We don&apos;t use gradle" /><system-out>The PGP signing plugin in Gradle before 6.0 relies on the SHA-1 algorithm, which might allow an attacker to replace an artifact with a different one that has the same SHA-1 message digest, a related issue to CVE-2005-4900.</system-out><system-err>location: /home/jenkins/.mvnrepository/org/entando/entando/plugins/entando-plugin-jpseo/6.2.2/entando-plugin-jpseo-6.2.2.war/WEB-INF/lib/springfox-core-2.8.0.jar</system-err></testcase><testcase classname="CVE-2019-11065" name="cpe:2.3:a:gradle:gradle:*:*:*:*:*:*:*:* versions from (including) 1.4; versions up to (including) 5.3.1"><skipped message="False positive. We don&apos;t use gradle" /><system-out>Gradle versions from 1.4 to 5.3.1 use an insecure HTTP URL to download dependencies when the built-in JavaScript or CoffeeScript Gradle plugins are used. Dependency artifacts could have been maliciously compromised by a MITM attack against the ajax.googleapis.com web site.</system-out><system-err>location: /home/jenkins/.mvnrepository/org/entando/entando/plugins/entando-plugin-jpseo/6.2.2/entando-plugin-jpseo-6.2.2.war/WEB-INF/lib/springfox-core-2.8.0.jar</system-err></testcase><testcase classname="CVE-2019-15052" name="cpe:2.3:a:gradle:gradle:*:*:*:*:*:*:*:* versions up to (excluding) 5.6"><skipped message="False positive. We don&apos;t use gradle" /><system-out>The HTTP client in Gradle before 5.6 sends authentication credentials originally destined for the configured host. If that host returns a 30x redirect, Gradle also sends those credentials to all subsequent hosts that the request redirects to. This is similar to CVE-2018-1000007.</system-out><system-err>location: /home/jenkins/.mvnrepository/org/entando/entando/plugins/entando-plugin-jpseo/6.2.2/entando-plugin-jpseo-6.2.2.war/WEB-INF/lib/springfox-core-2.8.0.jar</system-err></testcase></testsuite><testsuite failures="0" id="214" name="/home/jenkins/.mvnrepository/org/entando/entando/plugins/entando-plugin-jpseo/6.2.2/entando-plugin-jpseo-6.2.2.war/WEB-INF/lib/springfox-swagger-common-2.8.0.jar" package="entando-plugin-jpseo-6.2.2.war: springfox-swagger-common-2.8.0.jar" skipped="3" tests="3" timestamp="2020-07-08T11:51:21.392524"><testcase classname="CVE-2019-16370" name="cpe:2.3:a:gradle:gradle:*:*:*:*:*:*:*:* versions up to (excluding) 6.0"><skipped message="False positive. We don&apos;t use gradle" /><system-out>The PGP signing plugin in Gradle before 6.0 relies on the SHA-1 algorithm, which might allow an attacker to replace an artifact with a different one that has the same SHA-1 message digest, a related issue to CVE-2005-4900.</system-out><system-err>location: /home/jenkins/.mvnrepository/org/entando/entando/plugins/entando-plugin-jpseo/6.2.2/entando-plugin-jpseo-6.2.2.war/WEB-INF/lib/springfox-swagger-common-2.8.0.jar</system-err></testcase><testcase classname="CVE-2019-11065" name="cpe:2.3:a:gradle:gradle:*:*:*:*:*:*:*:* versions from (including) 1.4; versions up to (including) 5.3.1"><skipped message="False positive. We don&apos;t use gradle" /><system-out>Gradle versions from 1.4 to 5.3.1 use an insecure HTTP URL to download dependencies when the built-in JavaScript or CoffeeScript Gradle plugins are used. Dependency artifacts could have been maliciously compromised by a MITM attack against the ajax.googleapis.com web site.</system-out><system-err>location: /home/jenkins/.mvnrepository/org/entando/entando/plugins/entando-plugin-jpseo/6.2.2/entando-plugin-jpseo-6.2.2.war/WEB-INF/lib/springfox-swagger-common-2.8.0.jar</system-err></testcase><testcase classname="CVE-2019-15052" name="cpe:2.3:a:gradle:gradle:*:*:*:*:*:*:*:* versions up to (excluding) 5.6"><skipped message="False positive. We don&apos;t use gradle" /><system-out>The HTTP client in Gradle before 5.6 sends authentication credentials originally destined for the configured host. If that host returns a 30x redirect, Gradle also sends those credentials to all subsequent hosts that the request redirects to. This is similar to CVE-2018-1000007.</system-out><system-err>location: /home/jenkins/.mvnrepository/org/entando/entando/plugins/entando-plugin-jpseo/6.2.2/entando-plugin-jpseo-6.2.2.war/WEB-INF/lib/springfox-swagger-common-2.8.0.jar</system-err></testcase></testsuite><testsuite failures="0" id="215" name="/home/jenkins/.mvnrepository/org/entando/entando/plugins/entando-plugin-jpseo/6.2.2/entando-plugin-jpseo-6.2.2.war/WEB-INF/lib/springfox-swagger2-2.8.0.jar" package="entando-plugin-jpseo-6.2.2.war: springfox-swagger2-2.8.0.jar" skipped="3" tests="3" timestamp="2020-07-08T11:51:21.392524"><testcase classname="CVE-2019-16370" name="cpe:2.3:a:gradle:gradle:*:*:*:*:*:*:*:* versions up to (excluding) 6.0"><skipped message="False positive. We don&apos;t use gradle" /><system-out>The PGP signing plugin in Gradle before 6.0 relies on the SHA-1 algorithm, which might allow an attacker to replace an artifact with a different one that has the same SHA-1 message digest, a related issue to CVE-2005-4900.</system-out><system-err>location: /home/jenkins/.mvnrepository/org/entando/entando/plugins/entando-plugin-jpseo/6.2.2/entando-plugin-jpseo-6.2.2.war/WEB-INF/lib/springfox-swagger2-2.8.0.jar</system-err></testcase><testcase classname="CVE-2019-11065" name="cpe:2.3:a:gradle:gradle:*:*:*:*:*:*:*:* versions from (including) 1.4; versions up to (including) 5.3.1"><skipped message="False positive. We don&apos;t use gradle" /><system-out>Gradle versions from 1.4 to 5.3.1 use an insecure HTTP URL to download dependencies when the built-in JavaScript or CoffeeScript Gradle plugins are used. Dependency artifacts could have been maliciously compromised by a MITM attack against the ajax.googleapis.com web site.</system-out><system-err>location: /home/jenkins/.mvnrepository/org/entando/entando/plugins/entando-plugin-jpseo/6.2.2/entando-plugin-jpseo-6.2.2.war/WEB-INF/lib/springfox-swagger2-2.8.0.jar</system-err></testcase><testcase classname="CVE-2019-15052" name="cpe:2.3:a:gradle:gradle:*:*:*:*:*:*:*:* versions up to (excluding) 5.6"><skipped message="False positive. We don&apos;t use gradle" /><system-out>The HTTP client in Gradle before 5.6 sends authentication credentials originally destined for the configured host. If that host returns a 30x redirect, Gradle also sends those credentials to all subsequent hosts that the request redirects to. This is similar to CVE-2018-1000007.</system-out><system-err>location: /home/jenkins/.mvnrepository/org/entando/entando/plugins/entando-plugin-jpseo/6.2.2/entando-plugin-jpseo-6.2.2.war/WEB-INF/lib/springfox-swagger2-2.8.0.jar</system-err></testcase></testsuite><testsuite failures="0" id="216" name="/home/jenkins/.mvnrepository/org/entando/entando/plugins/entando-plugin-jpseo/6.2.2/entando-plugin-jpseo-6.2.2.war/WEB-INF/lib/stax2-api-4.2.jar" package="entando-plugin-jpseo-6.2.2.war: stax2-api-4.2.jar" skipped="0" tests="1" timestamp="2020-07-08T11:51:21.392524"><testcase classname="dependency-check" name="entando-plugin-jpseo-6.2.2.war: stax2-api-4.2.jar"/></testsuite><testsuite failures="0" id="217" name="/home/jenkins/.mvnrepository/org/entando/entando/plugins/entando-plugin-jpseo/6.2.2/entando-plugin-jpseo-6.2.2.war/WEB-INF/lib/tiles-autotag-core-runtime-1.2.jar" package="entando-plugin-jpseo-6.2.2.war: tiles-autotag-core-runtime-1.2.jar" skipped="0" tests="1" timestamp="2020-07-08T11:51:21.392524"><testcase classname="dependency-check" name="entando-plugin-jpseo-6.2.2.war: tiles-autotag-core-runtime-1.2.jar"/></testsuite><testsuite failures="0" id="218" name="/home/jenkins/.mvnrepository/org/entando/entando/plugins/entando-plugin-jpseo/6.2.2/entando-plugin-jpseo-6.2.2.war/WEB-INF/lib/tiles-ognl-3.0.8.jar" package="entando-plugin-jpseo-6.2.2.war: tiles-ognl-3.0.8.jar" skipped="1" tests="1" timestamp="2020-07-08T11:51:21.392524"><testcase classname="CVE-2016-3093" name="pkg:maven/org.apache.tiles/tiles-ognl@3.0.8"><skipped message="Struts is also  pivotal and can only be upgraded with a lot of testing." /><system-out>Apache Struts 2.0.0 through 2.3.24.1 does not properly cache method references when used with OGNL before 3.0.12, which allows remote attackers to cause a denial of service (block access to a web site) via unspecified vectors.</system-out><system-err>location: /home/jenkins/.mvnrepository/org/entando/entando/plugins/entando-plugin-jpseo/6.2.2/entando-plugin-jpseo-6.2.2.war/WEB-INF/lib/tiles-ognl-3.0.8.jar</system-err></testcase></testsuite><testsuite failures="0" id="219" name="/home/jenkins/.mvnrepository/org/entando/entando/plugins/entando-plugin-jpseo/6.2.2/entando-plugin-jpseo-6.2.2.war/WEB-INF/lib/validation-api-2.0.1.Final.jar" package="entando-plugin-jpseo-6.2.2.war: validation-api-2.0.1.Final.jar" skipped="0" tests="1" timestamp="2020-07-08T11:51:21.392524"><testcase classname="dependency-check" name="entando-plugin-jpseo-6.2.2.war: validation-api-2.0.1.Final.jar"/></testsuite><testsuite failures="0" id="220" name="/home/jenkins/.mvnrepository/org/entando/entando/plugins/entando-plugin-jpseo/6.2.2/entando-plugin-jpseo-6.2.2.war/WEB-INF/lib/velocity-1.7.jar" package="entando-plugin-jpseo-6.2.2.war: velocity-1.7.jar" skipped="0" tests="1" timestamp="2020-07-08T11:51:21.392524"><testcase classname="dependency-check" name="entando-plugin-jpseo-6.2.2.war: velocity-1.7.jar"/></testsuite><testsuite failures="0" id="221" name="/home/jenkins/.mvnrepository/org/entando/entando/plugins/entando-plugin-jpseo/6.2.2/entando-plugin-jpseo-6.2.2.war/WEB-INF/lib/xmpcore-6.1.10.jar" package="entando-plugin-jpseo-6.2.2.war: xmpcore-6.1.10.jar" skipped="0" tests="1" timestamp="2020-07-08T11:51:21.392524"><testcase classname="dependency-check" name="entando-plugin-jpseo-6.2.2.war: xmpcore-6.1.10.jar"/></testsuite><testsuite failures="0" id="222" name="/home/jenkins/.mvnrepository/org/entando/entando/plugins/entando-plugin-jpseo/6.2.2/entando-plugin-jpseo-6.2.2.war/WEB-INF/lib/xmpcore-shaded-6.1.10.jar" package="entando-plugin-jpseo-6.2.2.war: xmpcore-shaded-6.1.10.jar" skipped="0" tests="1" timestamp="2020-07-08T11:51:21.392524"><testcase classname="dependency-check" name="entando-plugin-jpseo-6.2.2.war: xmpcore-shaded-6.1.10.jar"/></testsuite><testsuite failures="0" id="223" name="/home/jenkins/.mvnrepository/org/entando/entando/plugins/entando-plugin-jpversioning/6.2.3/entando-plugin-jpversioning-6.2.3.war" package="entando-plugin-jpversioning-6.2.3.war" skipped="0" tests="1" timestamp="2020-07-08T11:51:21.392524"><testcase classname="dependency-check" name="entando-plugin-jpversioning-6.2.3.war"/></testsuite><testsuite failures="0" id="224" name="/home/jenkins/.mvnrepository/org/entando/entando/plugins/entando-plugin-jpversioning/6.2.3/entando-plugin-jpversioning-6.2.3.war/WEB-INF/lib/entando-plugin-jpversioning-6.2.3.jar" package="entando-plugin-jpversioning-6.2.3.war: entando-plugin-jpversioning-6.2.3.jar" skipped="0" tests="1" timestamp="2020-07-08T11:51:21.392524"><testcase classname="dependency-check" name="entando-plugin-jpversioning-6.2.3.war: entando-plugin-jpversioning-6.2.3.jar"/></testsuite></testsuites>