
Showing logs for build [32mentando-k8s-entando-de-app-pr-9-fjqph-2[0m stage [32mfrom-build-pack[0m and container [32mstep-credential-initializer-wfxpc[0m
{"level":"warn","ts":1602013481.68111,"logger":"fallback-logger","caller":"logging/config.go:69","msg":"Fetch GitHub commit ID from kodata failed: \"ref: refs/heads/0.8.0-**-support-backwards-incompats\" is not a valid GitHub commit ID"}
{"level":"info","ts":1602013481.6892693,"logger":"fallback-logger","caller":"creds-init/main.go:40","msg":"Credentials initialized."}

Showing logs for build [32mentando-k8s-entando-de-app-pr-9-fjqph-2[0m stage [32mfrom-build-pack[0m and container [32mstep-working-dir-initializer-q7ptj[0m
{"level":"warn","ts":1602013482.8119774,"logger":"fallback-logger","caller":"logging/config.go:69","msg":"Fetch GitHub commit ID from kodata failed: open /var/run/ko/HEAD: no such file or directory"}
{"level":"info","ts":1602013482.8286285,"logger":"fallback-logger","caller":"bash/main.go:64","msg":"Successfully e**cuted command \"sh -c mkdir -p /workspace/source\"; output "}

Showing logs for build [32mentando-k8s-entando-de-app-pr-9-fjqph-2[0m stage [32mfrom-build-pack[0m and container [32mstep-place-tools[0m

Showing logs for build [32mentando-k8s-entando-de-app-pr-9-fjqph-2[0m stage [32mfrom-build-pack[0m and container [32mstep-git-source-entando-k8s-entando-de-app-pr-9-sbd9x[0m
{"level":"warn","ts":1602013546.4748578,"logger":"fallback-logger","caller":"logging/config.go:69","msg":"Fetch GitHub commit ID from kodata failed: \"ref: refs/heads/0.8.0-**-support-backwards-incompats\" is not a valid GitHub commit ID"}
{"level":"info","ts":1602013548.6525507,"logger":"fallback-logger","caller":"git/git.go:103","msg":"Successfully cloned https://github.com/entando-k8s/entando-de-app.git @ master in path /workspace/source"}

Showing logs for build [32mentando-k8s-entando-de-app-pr-9-fjqph-2[0m stage [32mfrom-build-pack[0m and container [32mstep-git-merge[0m
Using SHAs from PULL_REFS=master:5b2f9adb7dd7effa3e9e69e4d0c1fffc226590e9,99:43a66a1cd5ff0f205b509d0439ec1a8ad3bf6527
DEBUG: ran git fetch --unshallow origin 43a66a1cd5ff0f205b509d0439ec1a8ad3bf6527: 5b2f9adb7dd7effa3e9e69e4d0c1fffc226590e9: in 
DEBUG: ran git checkout master in 
DEBUG: ran git reset --hard 5b2f9adb7dd7effa3e9e69e4d0c1fffc226590e9 in 
DEBUG: ran clean --force -d . in 
DEBUG: ran git merge 43a66a1cd5ff0f205b509d0439ec1a8ad3bf6527 in 
Merged SHA 43a66a1cd5ff0f205b509d0439ec1a8ad3bf6527 with commit message 'ENG-1348: Fi**d the content scheduler version' into base branch master
Merged SHA f5ff9f8d3c6eb14ca673936dfd491fed795bb5ac with commit message 'ENG-1348-Update-versions' into base branch master

Showing logs for build [32mentando-k8s-entando-de-app-pr-9-fjqph-2[0m stage [32mfrom-build-pack[0m and container [32mstep-build-set-version[0m
Picked up _JAVA_OPTIONS: -XX:+UnlockExperimentalVMOptions -Dsun.zip.disableMemoryMapping=true -XX:+UseParallelGC -XX:MinHeapFreeRatio=5 -XX:MaxHeapFreeRatio=10 -XX:GCTimeRatio=4 -XX:AdaptiveSizePolicyWeight=90 -Xms1000m -Xmx12000m
[INFO] Scanning for projects...
[INFO] 
[INFO] -----------------< org.entando.entando:entando-de-app >-----------------
[INFO] Building entando-de-app 6.1.16
[INFO] --------------------------------[ war ]---------------------------------
[INFO] 
[INFO] --- versions-maven-plugin:2.8.1:set (default-cli) @ entando-de-app ---
[INFO] Local aggregation ****: /workspace/source
[INFO] Processing change of org.entando.entando:entando-de-app:6.1.16 -> 0.0.0-SNAPSHOT-PR-99-2
[INFO] Processing org.entando.entando:entando-de-app
[INFO]     Updating project org.entando.entando:entando-de-app
[INFO]         from version 6.1.16 to 0.0.0-SNAPSHOT-PR-99-2
[INFO] 
[INFO] ------------------------------------------------------------------------
[INFO] BUILD SUCCESS
[INFO] ------------------------------------------------------------------------
[INFO] Total time:  8.658 s
[INFO] Finished at: 2020-10-06T19:46:03Z
[INFO] ------------------------------------------------------------------------

Showing logs for build [32mentando-k8s-entando-de-app-pr-9-fjqph-2[0m stage [32mfrom-build-pack[0m and container [32mstep-build-mvn-verify[0m
Picked up _JAVA_OPTIONS: -XX:+UnlockExperimentalVMOptions -Dsun.zip.disableMemoryMapping=true -XX:+UseParallelGC -XX:MinHeapFreeRatio=5 -XX:MaxHeapFreeRatio=10 -XX:GCTimeRatio=4 -XX:AdaptiveSizePolicyWeight=90 -Xms1000m -Xmx12000m
[INFO] Scanning for projects...
[INFO] 
[INFO] -----------------< org.entando.entando:entando-de-app >-----------------
[INFO] Building entando-de-app 0.0.0-SNAPSHOT-PR-99-2
[INFO] --------------------------------[ war ]---------------------------------
[WARNING] The POM for org.entando.entando:entando-engine:jar:6.2.61 is missing, no dependency information available
[WARNING] The POM for org.entando.entando.plugins:entando-plugin-jacms:jar:classes:6.2.42 is missing, no dependency information available
[WARNING] The POM for org.entando.entando.plugins:entando-plugin-jacms:war:6.2.42 is missing, no dependency information available
[WARNING] The POM for org.entando.entando:entando-engine:jar:tests:6.2.61 is missing, no dependency information available
[INFO] ------------------------------------------------------------------------
[INFO] BUILD FAILURE
[INFO] ------------------------------------------------------------------------
[INFO] Total time:  5.305 s
[INFO] Finished at: 2020-10-06T19:46:10Z
[INFO] ------------------------------------------------------------------------
[ERROR] Failed to e**cute goal on project entando-de-app: Could not resolve dependencies for project org.entando.entando:entando-de-app:war:0.0.0-SNAPSHOT-PR-99-2: The following artifacts could not be resolved: org.entando.entando:entando-engine:jar:6.2.61, org.entando.entando.plugins:entando-plugin-jacms:jar:classes:6.2.42, org.entando.entando.plugins:entando-plugin-jacms:war:6.2.42, org.entando.entando:entando-engine:jar:tests:6.2.61: Could not find artifact org.entando.entando:entando-engine:jar:6.2.61 in nexus (http://nexus/repository/maven-group/) -> [Help 1]
[ERROR] 
[ERROR] To see the full stack trace of the errors, re-run Maven with the -e switch.
[ERROR] Re-run Maven using the -X switch to enable full debug logging.
[ERROR] 
[ERROR] For more information about the errors and possible solutions, please read the following articles:
[ERROR] [Help 1] http://cwiki.apache.org/confluence/display/MAVEN/DependencyResolutionException
[31m
Pipeline failed on stage 'from-build-pack' : container 'step-build-mvn-verify'. The execution of the pipeline has stopped.[0m
