
Showing logs for build [32mentando-k8s-entando-de-app-pr-1-5vg5r-3[0m stage [32mfrom-build-pack[0m and container [32mstep-credential-initializer-2j5tk[0m
{"level":"warn","ts":1602097111.5706744,"logger":"fallback-logger","caller":"logging/config.go:69","msg":"Fetch GitHub commit ID from kodata failed: \"ref: refs/heads/0.8.0-**-support-backwards-incompats\" is not a valid GitHub commit ID"}
{"level":"info","ts":1602097111.5797365,"logger":"fallback-logger","caller":"creds-init/main.go:40","msg":"Credentials initialized."}

Showing logs for build [32mentando-k8s-entando-de-app-pr-1-5vg5r-3[0m stage [32mfrom-build-pack[0m and container [32mstep-working-dir-initializer-zc4fv[0m
{"level":"warn","ts":1602097113.7649968,"logger":"fallback-logger","caller":"logging/config.go:69","msg":"Fetch GitHub commit ID from kodata failed: open /var/run/ko/HEAD: no such file or directory"}
{"level":"info","ts":1602097113.7808065,"logger":"fallback-logger","caller":"bash/main.go:64","msg":"Successfully e**cuted command \"sh -c mkdir -p /workspace/source\"; output "}

Showing logs for build [32mentando-k8s-entando-de-app-pr-1-5vg5r-3[0m stage [32mfrom-build-pack[0m and container [32mstep-place-tools[0m

Showing logs for build [32mentando-k8s-entando-de-app-pr-1-5vg5r-3[0m stage [32mfrom-build-pack[0m and container [32mstep-git-source-entando-k8s-entando-de-app-pr-1-mp5sq[0m
{"level":"warn","ts":1602097208.8547294,"logger":"fallback-logger","caller":"logging/config.go:69","msg":"Fetch GitHub commit ID from kodata failed: \"ref: refs/heads/0.8.0-**-support-backwards-incompats\" is not a valid GitHub commit ID"}
{"level":"info","ts":1602097211.3320258,"logger":"fallback-logger","caller":"git/git.go:103","msg":"Successfully cloned https://github.com/entando-k8s/entando-de-app.git @ master in path /workspace/source"}

Showing logs for build [32mentando-k8s-entando-de-app-pr-1-5vg5r-3[0m stage [32mfrom-build-pack[0m and container [32mstep-git-merge[0m
Using SHAs from PULL_REFS=master:e39604c9b12d68e93f03166aca3b2f8f299b41b0,102:54c46bb12a2e77f2fe2d76b26d6ce0372f382f9a
DEBUG: ran git fetch --unshallow origin 54c46bb12a2e77f2fe2d76b26d6ce0372f382f9a: e39604c9b12d68e93f03166aca3b2f8f299b41b0: in 
DEBUG: ran git checkout master in 
DEBUG: ran git reset --hard e39604c9b12d68e93f03166aca3b2f8f299b41b0 in 
DEBUG: ran clean --force -d . in 
DEBUG: ran git merge 54c46bb12a2e77f2fe2d76b26d6ce0372f382f9a in 
Merged SHA 54c46bb12a2e77f2fe2d76b26d6ce0372f382f9a with commit message 'ENG-1244 update plugin jacms version' into base branch master
Merged SHA 90b481cdd98484b9ca23652eb260333a3eeecb6b with commit message 'ENG-1244: update versions' into base branch master
Merged SHA 0159b408c99267aabb4b776dae27da9857beaae2 with commit message 'Merge branch 'master' into ENG-1244-widget-overridable-db-update' into base branch master
Merged SHA ae8012e8033004c264bb11ea9e0c34e727cb5079 with commit message 'ENG-1244: added readonlydefaultconfig to widgets insert' into base branch master
Merged SHA 2a0b942881d386edfa90c9b3d7cbc61b72ea8cbe with commit message 'merge from master' into base branch master
Merged SHA 293c9ca5af701f0e0c3162bea7ee43eadb14d47d with commit message 'ENG-1244 widgetcatalog overridable field added' into base branch master

Showing logs for build [32mentando-k8s-entando-de-app-pr-1-5vg5r-3[0m stage [32mfrom-build-pack[0m and container [32mstep-build-set-version[0m
Picked up _JAVA_OPTIONS: -XX:+UnlockExperimentalVMOptions -Dsun.zip.disableMemoryMapping=true -XX:+UseParallelGC -XX:MinHeapFreeRatio=5 -XX:MaxHeapFreeRatio=10 -XX:GCTimeRatio=4 -XX:AdaptiveSizePolicyWeight=90 -Xms1000m -Xmx12000m
[INFO] Scanning for projects...
[INFO] 
[INFO] -----------------< org.entando.entando:entando-de-app >-----------------
[INFO] Building entando-de-app 6.1.16
[INFO] --------------------------------[ war ]---------------------------------
[INFO] 
[INFO] --- versions-maven-plugin:2.8.1:set (default-cli) @ entando-de-app ---
[INFO] Local aggregation ****: /workspace/source
[INFO] Processing change of org.entando.entando:entando-de-app:6.1.16 -> 0.0.0-SNAPSHOT-PR-102-3
[INFO] Processing org.entando.entando:entando-de-app
[INFO]     Updating project org.entando.entando:entando-de-app
[INFO]         from version 6.1.16 to 0.0.0-SNAPSHOT-PR-102-3
[INFO] 
[INFO] ------------------------------------------------------------------------
[INFO] BUILD SUCCESS
[INFO] ------------------------------------------------------------------------
[INFO] Total time:  11.446 s
[INFO] Finished at: 2020-10-07T19:00:28Z
[INFO] ------------------------------------------------------------------------

Showing logs for build [32mentando-k8s-entando-de-app-pr-1-5vg5r-3[0m stage [32mfrom-build-pack[0m and container [32mstep-build-mvn-verify[0m
Picked up _JAVA_OPTIONS: -XX:+UnlockExperimentalVMOptions -Dsun.zip.disableMemoryMapping=true -XX:+UseParallelGC -XX:MinHeapFreeRatio=5 -XX:MaxHeapFreeRatio=10 -XX:GCTimeRatio=4 -XX:AdaptiveSizePolicyWeight=90 -Xms1000m -Xmx12000m
[INFO] Scanning for projects...
[INFO] 
[INFO] -----------------< org.entando.entando:entando-de-app >-----------------
[INFO] Building entando-de-app 0.0.0-SNAPSHOT-PR-102-3
[INFO] --------------------------------[ war ]---------------------------------
[WARNING] The POM for org.entando.entando.plugins:entando-plugin-jacms:jar:classes:6.2.44 is missing, no dependency information available
[WARNING] The POM for org.entando.entando.plugins:entando-plugin-jacms:war:6.2.44 is missing, no dependency information available
[INFO] ------------------------------------------------------------------------
[INFO] BUILD FAILURE
[INFO] ------------------------------------------------------------------------
[INFO] Total time:  8.679 s
[INFO] Finished at: 2020-10-07T19:00:39Z
[INFO] ------------------------------------------------------------------------
[ERROR] Failed to e**cute goal on project entando-de-app: Could not resolve dependencies for project org.entando.entando:entando-de-app:war:0.0.0-SNAPSHOT-PR-102-3: The following artifacts could not be resolved: org.entando.entando.plugins:entando-plugin-jacms:jar:classes:6.2.44, org.entando.entando.plugins:entando-plugin-jacms:war:6.2.44: Could not find artifact org.entando.entando.plugins:entando-plugin-jacms:jar:classes:6.2.44 in nexus (http://nexus/repository/maven-group/) -> [Help 1]
[ERROR] 
[ERROR] To see the full stack trace of the errors, re-run Maven with the -e switch.
[ERROR] Re-run Maven using the -X switch to enable full debug logging.
[ERROR] 
[ERROR] For more information about the errors and possible solutions, please read the following articles:
[ERROR] [Help 1] http://cwiki.apache.org/confluence/display/MAVEN/DependencyResolutionException
[31m
Pipeline failed on stage 'from-build-pack' : container 'step-build-mvn-verify'. The execution of the pipeline has stopped.[0m
