<?xml version="1.0" encoding="UTF-8"?><testsuites failures="0" name="dependency-check" tests="72"><testsuite failures="0" id="0" name="/home/jenkins/.mvnrepository/io/quarkus/arc/arc/1.2.0.Final/arc-1.2.0.Final.jar" package="arc-1.2.0.Final.jar" skipped="0" tests="1" timestamp="2020-07-29T16:59:39.348583"><testcase classname="dependency-check" name="arc-1.2.0.Final.jar"/></testsuite><testsuite failures="0" id="1" name="/home/jenkins/.mvnrepository/dk/brics/automaton/automaton/1.11-8/automaton-1.11-8.jar" package="automaton-1.11-8.jar" skipped="0" tests="1" timestamp="2020-07-29T16:59:39.348583"><testcase classname="dependency-check" name="automaton-1.11-8.jar"/></testsuite><testsuite failures="0" id="2" name="/home/jenkins/.mvnrepository/org/bouncycastle/bcpkix-jdk15on/1.60/bcpkix-jdk15on-1.60.jar" package="bcpkix-jdk15on-1.60.jar" skipped="0" tests="1" timestamp="2020-07-29T16:59:39.348583"><testcase classname="dependency-check" name="bcpkix-jdk15on-1.60.jar"/></testsuite><testsuite failures="0" id="3" name="/home/jenkins/.mvnrepository/org/bouncycastle/bcprov-jdk15on/1.60/bcprov-jdk15on-1.60.jar" package="bcprov-jdk15on-1.60.jar" skipped="0" tests="1" timestamp="2020-07-29T16:59:39.348583"><testcase classname="dependency-check" name="bcprov-jdk15on-1.60.jar"/></testsuite><testsuite failures="0" id="4" name="/home/jenkins/.mvnrepository/com/github/fge/btf/1.2/btf-1.2.jar" package="btf-1.2.jar" skipped="0" tests="1" timestamp="2020-07-29T16:59:39.348583"><testcase classname="dependency-check" name="btf-1.2.jar"/></testsuite><testsuite failures="0" id="5" name="/home/jenkins/.mvnrepository/commons-codec/commons-codec/1.13/commons-codec-1.13.jar" package="commons-codec-1.13.jar" skipped="0" tests="1" timestamp="2020-07-29T16:59:39.348583"><testcase classname="dependency-check" name="commons-codec-1.13.jar"/></testsuite><testsuite failures="0" id="6" name="/home/jenkins/.mvnrepository/commons-io/commons-io/2.6/commons-io-2.6.jar" package="commons-io-2.6.jar" skipped="0" tests="1" timestamp="2020-07-29T16:59:39.348583"><testcase classname="dependency-check" name="commons-io-2.6.jar"/></testsuite><testsuite failures="0" id="7" name="/home/jenkins/.mvnrepository/org/apache/commons/commons-lang3/3.9/commons-lang3-3.9.jar" package="commons-lang3-3.9.jar" skipped="0" tests="1" timestamp="2020-07-29T16:59:39.348583"><testcase classname="dependency-check" name="commons-lang3-3.9.jar"/></testsuite><testsuite failures="0" id="8" name="/home/jenkins/.mvnrepository/commons-logging/commons-logging/1.2/commons-logging-1.2.jar" package="commons-logging-1.2.jar" skipped="0" tests="1" timestamp="2020-07-29T16:59:39.348583"><testcase classname="dependency-check" name="commons-logging-1.2.jar"/></testsuite><testsuite failures="0" id="9" name="/home/jenkins/.mvnrepository/org/entando/entando-k8s-custom-model/6.1.5/entando-k8s-custom-model-6.1.5.jar" package="entando-k8s-custom-model-6.1.5.jar" skipped="0" tests="1" timestamp="2020-07-29T16:59:39.348583"><testcase classname="dependency-check" name="entando-k8s-custom-model-6.1.5.jar"/></testsuite><testsuite failures="0" id="10" name="/home/jenkins/.mvnrepository/org/entando/entando-k8s-operator-common/6.1.11/entando-k8s-operator-common-6.1.11.jar" package="entando-k8s-operator-common-6.1.11.jar" skipped="0" tests="1" timestamp="2020-07-29T16:59:39.348583"><testcase classname="dependency-check" name="entando-k8s-operator-common-6.1.11.jar"/></testsuite><testsuite failures="0" id="11" name="/home/jenkins/.mvnrepository/com/github/mifmif/generex/1.0.2/generex-1.0.2.jar" package="generex-1.0.2.jar" skipped="0" tests="1" timestamp="2020-07-29T16:59:39.348583"><testcase classname="dependency-check" name="generex-1.0.2.jar"/></testsuite><testsuite failures="0" id="12" name="/home/jenkins/.mvnrepository/org/graalvm/sdk/graal-sdk/19.2.1/graal-sdk-19.2.1.jar" package="graal-sdk-19.2.1.jar" skipped="0" tests="1" timestamp="2020-07-29T16:59:39.348583"><testcase classname="dependency-check" name="graal-sdk-19.2.1.jar"/></testsuite><testsuite failures="0" id="13" name="/home/jenkins/.mvnrepository/com/google/guava/guava/24.1.1-jre/guava-24.1.1-jre.jar" package="guava-24.1.1-jre.jar" skipped="0" tests="1" timestamp="2020-07-29T16:59:39.348583"><testcase classname="dependency-check" name="guava-24.1.1-jre.jar"/></testsuite><testsuite failures="0" id="14" name="/home/jenkins/.mvnrepository/org/apache/httpcomponents/httpclient/4.5.10/httpclient-4.5.10.jar" package="httpclient-4.5.10.jar" skipped="0" tests="1" timestamp="2020-07-29T16:59:39.348583"><testcase classname="dependency-check" name="httpclient-4.5.10.jar"/></testsuite><testsuite failures="0" id="15" name="/home/jenkins/.mvnrepository/org/apache/httpcomponents/httpcore/4.4.13/httpcore-4.4.13.jar" package="httpcore-4.4.13.jar" skipped="0" tests="1" timestamp="2020-07-29T16:59:39.348583"><testcase classname="dependency-check" name="httpcore-4.4.13.jar"/></testsuite><testsuite failures="0" id="16" name="/home/jenkins/.mvnrepository/com/fasterxml/jackson/core/jackson-annotations/2.10.1/jackson-annotations-2.10.1.jar" package="jackson-annotations-2.10.1.jar" skipped="0" tests="1" timestamp="2020-07-29T16:59:39.348583"><testcase classname="dependency-check" name="jackson-annotations-2.10.1.jar"/></testsuite><testsuite failures="0" id="17" name="/home/jenkins/.mvnrepository/com/fasterxml/jackson/core/jackson-core/2.10.1/jackson-core-2.10.1.jar" package="jackson-core-2.10.1.jar" skipped="0" tests="1" timestamp="2020-07-29T16:59:39.348583"><testcase classname="dependency-check" name="jackson-core-2.10.1.jar"/></testsuite><testsuite failures="0" id="18" name="/home/jenkins/.mvnrepository/com/github/fge/jackson-coreutils/1.6/jackson-coreutils-1.6.jar" package="jackson-coreutils-1.6.jar" skipped="0" tests="1" timestamp="2020-07-29T16:59:39.348583"><testcase classname="dependency-check" name="jackson-coreutils-1.6.jar"/></testsuite><testsuite failures="0" id="19" name="/home/jenkins/.mvnrepository/com/fasterxml/jackson/core/jackson-databind/2.10.1/jackson-databind-2.10.1.jar" package="jackson-databind-2.10.1.jar" skipped="0" tests="1" timestamp="2020-07-29T16:59:39.348583"><testcase classname="dependency-check" name="jackson-databind-2.10.1.jar"/></testsuite><testsuite failures="0" id="20" name="/home/jenkins/.mvnrepository/com/fasterxml/jackson/dataformat/jackson-dataformat-yaml/2.10.1/jackson-dataformat-yaml-2.10.1.jar" package="jackson-dataformat-yaml-2.10.1.jar" skipped="0" tests="1" timestamp="2020-07-29T16:59:39.348583"><testcase classname="dependency-check" name="jackson-dataformat-yaml-2.10.1.jar"/></testsuite><testsuite failures="0" id="21" name="/home/jenkins/.mvnrepository/com/fasterxml/jackson/datatype/jackson-datatype-jdk8/2.10.1/jackson-datatype-jdk8-2.10.1.jar" package="jackson-datatype-jdk8-2.10.1.jar" skipped="0" tests="1" timestamp="2020-07-29T16:59:39.348583"><testcase classname="dependency-check" name="jackson-datatype-jdk8-2.10.1.jar"/></testsuite><testsuite failures="0" id="22" name="/home/jenkins/.mvnrepository/com/fasterxml/jackson/datatype/jackson-datatype-jsr310/2.10.1/jackson-datatype-jsr310-2.10.1.jar" package="jackson-datatype-jsr310-2.10.1.jar" skipped="0" tests="1" timestamp="2020-07-29T16:59:39.348583"><testcase classname="dependency-check" name="jackson-datatype-jsr310-2.10.1.jar"/></testsuite><testsuite failures="0" id="23" name="/home/jenkins/.mvnrepository/com/fasterxml/jackson/jaxrs/jackson-jaxrs-base/2.10.1/jackson-jaxrs-base-2.10.1.jar" package="jackson-jaxrs-base-2.10.1.jar" skipped="0" tests="1" timestamp="2020-07-29T16:59:39.348583"><testcase classname="dependency-check" name="jackson-jaxrs-base-2.10.1.jar"/></testsuite><testsuite failures="0" id="24" name="/home/jenkins/.mvnrepository/com/fasterxml/jackson/jaxrs/jackson-jaxrs-json-provider/2.10.1/jackson-jaxrs-json-provider-2.10.1.jar" package="jackson-jaxrs-json-provider-2.10.1.jar" skipped="0" tests="1" timestamp="2020-07-29T16:59:39.348583"><testcase classname="dependency-check" name="jackson-jaxrs-json-provider-2.10.1.jar"/></testsuite><testsuite failures="0" id="25" name="/home/jenkins/.mvnrepository/com/fasterxml/jackson/module/jackson-module-jaxb-annotations/2.10.1/jackson-module-jaxb-annotations-2.10.1.jar" package="jackson-module-jaxb-annotations-2.10.1.jar" skipped="0" tests="1" timestamp="2020-07-29T16:59:39.348583"><testcase classname="dependency-check" name="jackson-module-jaxb-annotations-2.10.1.jar"/></testsuite><testsuite failures="0" id="26" name="/home/jenkins/.mvnrepository/com/fasterxml/jackson/module/jackson-module-parameter-names/2.10.1/jackson-module-parameter-names-2.10.1.jar" package="jackson-module-parameter-names-2.10.1.jar" skipped="0" tests="1" timestamp="2020-07-29T16:59:39.348583"><testcase classname="dependency-check" name="jackson-module-parameter-names-2.10.1.jar"/></testsuite><testsuite failures="0" id="27" name="/home/jenkins/.mvnrepository/jakarta/activation/jakarta.activation-api/1.2.1/jakarta.activation-api-1.2.1.jar" package="jakarta.activation-api-1.2.1.jar" skipped="0" tests="1" timestamp="2020-07-29T16:59:39.348583"><testcase classname="dependency-check" name="jakarta.activation-api-1.2.1.jar"/></testsuite><testsuite failures="0" id="28" name="/home/jenkins/.mvnrepository/jakarta/annotation/jakarta.annotation-api/1.3.5/jakarta.annotation-api-1.3.5.jar" package="jakarta.annotation-api-1.3.5.jar" skipped="0" tests="1" timestamp="2020-07-29T16:59:39.348583"><testcase classname="dependency-check" name="jakarta.annotation-api-1.3.5.jar"/></testsuite><testsuite failures="0" id="29" name="/home/jenkins/.mvnrepository/jakarta/el/jakarta.el-api/3.0.3/jakarta.el-api-3.0.3.jar" package="jakarta.el-api-3.0.3.jar" skipped="0" tests="1" timestamp="2020-07-29T16:59:39.348583"><testcase classname="dependency-check" name="jakarta.el-api-3.0.3.jar"/></testsuite><testsuite failures="0" id="30" name="/home/jenkins/.mvnrepository/jakarta/enterprise/jakarta.enterprise.cdi-api/2.0.2/jakarta.enterprise.cdi-api-2.0.2.jar" package="jakarta.enterprise.cdi-api-2.0.2.jar" skipped="0" tests="1" timestamp="2020-07-29T16:59:39.348583"><testcase classname="dependency-check" name="jakarta.enterprise.cdi-api-2.0.2.jar"/></testsuite><testsuite failures="0" id="31" name="/home/jenkins/.mvnrepository/jakarta/inject/jakarta.inject-api/1.0/jakarta.inject-api-1.0.jar" package="jakarta.inject-api-1.0.jar" skipped="0" tests="1" timestamp="2020-07-29T16:59:39.348583"><testcase classname="dependency-check" name="jakarta.inject-api-1.0.jar"/></testsuite><testsuite failures="0" id="32" name="/home/jenkins/.mvnrepository/jakarta/interceptor/jakarta.interceptor-api/1.2.5/jakarta.interceptor-api-1.2.5.jar" package="jakarta.interceptor-api-1.2.5.jar" skipped="0" tests="1" timestamp="2020-07-29T16:59:39.348583"><testcase classname="dependency-check" name="jakarta.interceptor-api-1.2.5.jar"/></testsuite><testsuite failures="0" id="33" name="/home/jenkins/.mvnrepository/jakarta/transaction/jakarta.transaction-api/1.3.3/jakarta.transaction-api-1.3.3.jar" package="jakarta.transaction-api-1.3.3.jar" skipped="0" tests="1" timestamp="2020-07-29T16:59:39.348583"><testcase classname="dependency-check" name="jakarta.transaction-api-1.3.3.jar"/></testsuite><testsuite failures="0" id="34" name="/home/jenkins/.mvnrepository/jakarta/validation/jakarta.validation-api/2.0.2/jakarta.validation-api-2.0.2.jar" package="jakarta.validation-api-2.0.2.jar" skipped="0" tests="1" timestamp="2020-07-29T16:59:39.348583"><testcase classname="dependency-check" name="jakarta.validation-api-2.0.2.jar"/></testsuite><testsuite failures="0" id="35" name="/home/jenkins/.mvnrepository/javax/xml/parsers/jaxp-api/1.4/jaxp-api-1.4.jar" package="jaxp-api-1.4.jar" skipped="0" tests="1" timestamp="2020-07-29T16:59:39.348583"><testcase classname="dependency-check" name="jaxp-api-1.4.jar"/></testsuite><testsuite failures="0" id="36" name="/home/jenkins/.mvnrepository/com/sun/org/apache/jaxp-ri/1.4/jaxp-ri-1.4.jar" package="jaxp-ri-1.4.jar" skipped="0" tests="1" timestamp="2020-07-29T16:59:39.348583"><testcase classname="dependency-check" name="jaxp-ri-1.4.jar"/></testsuite><testsuite failures="0" id="37" name="/home/jenkins/.mvnrepository/org/jboss/spec/javax/xml/bind/jboss-jaxb-api_2.3_spec/2.0.0.Final/jboss-jaxb-api_2.3_spec-2.0.0.Final.jar" package="jboss-jaxb-api_2.3_spec-2.0.0.Final.jar" skipped="0" tests="1" timestamp="2020-07-29T16:59:39.348583"><testcase classname="dependency-check" name="jboss-jaxb-api_2.3_spec-2.0.0.Final.jar"/></testsuite><testsuite failures="0" id="38" name="/home/jenkins/.mvnrepository/org/jboss/spec/javax/ws/rs/jboss-jaxrs-api_2.1_spec/2.0.1.Final/jboss-jaxrs-api_2.1_spec-2.0.1.Final.jar" package="jboss-jaxrs-api_2.1_spec-2.0.1.Final.jar" skipped="0" tests="1" timestamp="2020-07-29T16:59:39.348583"><testcase classname="dependency-check" name="jboss-jaxrs-api_2.1_spec-2.0.1.Final.jar"/></testsuite><testsuite failures="0" id="39" name="/home/jenkins/.mvnrepository/org/jboss/logging/jboss-logging/3.3.2.Final/jboss-logging-3.3.2.Final.jar" package="jboss-logging-3.3.2.Final.jar" skipped="0" tests="1" timestamp="2020-07-29T16:59:39.348583"><testcase classname="dependency-check" name="jboss-logging-3.3.2.Final.jar"/></testsuite><testsuite failures="0" id="40" name="/home/jenkins/.mvnrepository/org/jboss/logging/jboss-logging-annotations/2.1.0.Final/jboss-logging-annotations-2.1.0.Final.jar" package="jboss-logging-annotations-2.1.0.Final.jar" skipped="0" tests="1" timestamp="2020-07-29T16:59:39.348583"><testcase classname="dependency-check" name="jboss-logging-annotations-2.1.0.Final.jar"/></testsuite><testsuite failures="0" id="41" name="/home/jenkins/.mvnrepository/org/jboss/logmanager/jboss-logmanager-embedded/1.0.4/jboss-logmanager-embedded-1.0.4.jar" package="jboss-logmanager-embedded-1.0.4.jar" skipped="0" tests="1" timestamp="2020-07-29T16:59:39.348583"><testcase classname="dependency-check" name="jboss-logmanager-embedded-1.0.4.jar"/></testsuite><testsuite failures="0" id="42" name="/home/jenkins/.mvnrepository/org/jboss/threads/jboss-threads/3.0.0.Final/jboss-threads-3.0.0.Final.jar" package="jboss-threads-3.0.0.Final.jar" skipped="0" tests="1" timestamp="2020-07-29T16:59:39.348583"><testcase classname="dependency-check" name="jboss-threads-3.0.0.Final.jar"/></testsuite><testsuite failures="0" id="43" name="/home/jenkins/.mvnrepository/com/github/stephenc/jcip/jcip-annotations/1.0-1/jcip-annotations-1.0-1.jar" package="jcip-annotations-1.0-1.jar" skipped="0" tests="1" timestamp="2020-07-29T16:59:39.348583"><testcase classname="dependency-check" name="jcip-annotations-1.0-1.jar"/></testsuite><testsuite failures="0" id="44" name="/home/jenkins/.mvnrepository/com/github/fge/json-patch/1.9/json-patch-1.9.jar" package="json-patch-1.9.jar" skipped="0" tests="1" timestamp="2020-07-29T16:59:39.348583"><testcase classname="dependency-check" name="json-patch-1.9.jar"/></testsuite><testsuite failures="0" id="45" name="/home/jenkins/.mvnrepository/org/keycloak/keycloak-admin-client/7.0.1/keycloak-admin-client-7.0.1.jar" package="keycloak-admin-client-7.0.1.jar" skipped="0" tests="1" timestamp="2020-07-29T16:59:39.348583"><testcase classname="dependency-check" name="keycloak-admin-client-7.0.1.jar"/></testsuite><testsuite failures="0" id="46" name="/home/jenkins/.mvnrepository/org/keycloak/keycloak-common/7.0.1/keycloak-common-7.0.1.jar" package="keycloak-common-7.0.1.jar" skipped="0" tests="1" timestamp="2020-07-29T16:59:39.348583"><testcase classname="dependency-check" name="keycloak-common-7.0.1.jar"/></testsuite><testsuite failures="0" id="47" name="/home/jenkins/.mvnrepository/org/keycloak/keycloak-core/7.0.1/keycloak-core-7.0.1.jar" package="keycloak-core-7.0.1.jar" skipped="12" tests="12" timestamp="2020-07-29T16:59:39.348583"><testcase classname="CVE-2020-1727" name="pkg:maven/org.keycloak/keycloak-core@7.0.1"><skipped message="Not much we can do about this one except for wait for Keycloak 8. We can only update the client if the
        server is updated." /><system-out>A vulnerability was found in Keycloak before 9.0.2, where every Authorization URL that points to an IDP server lacks proper input validation as it allows a wide range of characters. This flaw allows a malicious to craft deep links that introduce further attack scenarios on affected clients.</system-out><system-err>location: /home/jenkins/.mvnrepository/org/keycloak/keycloak-core/7.0.1/keycloak-core-7.0.1.jar</system-err></testcase><testcase classname="CVE-2019-14820" name="pkg:maven/org.keycloak/keycloak-core@7.0.1"><skipped message="Not much we can do about this one except for wait for Keycloak 8. We can only update the client if the
        server is updated." /><system-out>It was found that keycloak before version 8.0.0 exposes internal adapter endpoints in org.keycloak.constants.AdapterConstants, which can be invoked via a specially-crafted URL. This vulnerability could allow an attacker to access unauthorized information.</system-out><system-err>location: /home/jenkins/.mvnrepository/org/keycloak/keycloak-core/7.0.1/keycloak-core-7.0.1.jar</system-err></testcase><testcase classname="CVE-2020-1718" name="pkg:maven/org.keycloak/keycloak-core@7.0.1"><skipped message="Not much we can do about this one except for wait for Keycloak 8. We can only update the client if the
        server is updated." /><system-out>A flaw was found in the reset credential flow in all Keycloak versions before 8.0.0. This flaw allows an attacker to gain unauthorized access to the application.</system-out><system-err>location: /home/jenkins/.mvnrepository/org/keycloak/keycloak-core/7.0.1/keycloak-core-7.0.1.jar</system-err></testcase><testcase classname="CVE-2020-1724" name="pkg:maven/org.keycloak/keycloak-core@7.0.1"><skipped message="Not much we can do about this one except for wait for Keycloak 8. We can only update the client if the
        server is updated." /><system-out>A flaw was found in Keycloak in versions before 9.0.2. This flaw allows a malicious user that is currently logged in, to see the personal information of a previously logged out user in the account manager section.</system-out><system-err>location: /home/jenkins/.mvnrepository/org/keycloak/keycloak-core/7.0.1/keycloak-core-7.0.1.jar</system-err></testcase><testcase classname="CVE-2020-1758" name="pkg:maven/org.keycloak/keycloak-core@7.0.1"><skipped message="Not much we can do about this one except for wait for Keycloak 8. We can only update the client if the
        server is updated." /><system-out>A flaw was found in Keycloak in versions before 10.0.0, where it does not perform the TLS hostname verification while sending emails using the SMTP server. This flaw allows an attacker to perform a man-in-the-middle (MITM) attack.</system-out><system-err>location: /home/jenkins/.mvnrepository/org/keycloak/keycloak-core/7.0.1/keycloak-core-7.0.1.jar</system-err></testcase><testcase classname="CVE-2020-1714" name="pkg:maven/org.keycloak/keycloak-core@7.0.1"><skipped message="Not much we can do about this one except for wait for Keycloak 8. We can only update the client if the
        server is updated." /><system-out>A flaw was found in Keycloak before version 11.0.0, where the code base contains usages of ObjectInputStream without type checks. This flaw allows an attacker to inject arbitrarily serialized Java Objects, which would then get deserialized in a privileged context and potentially lead to remote code execution.</system-out><system-err>location: /home/jenkins/.mvnrepository/org/keycloak/keycloak-core/7.0.1/keycloak-core-7.0.1.jar</system-err></testcase><testcase classname="CVE-2019-14910" name="pkg:maven/org.keycloak/keycloak-core@7.0.1"><skipped message="Not much we can do about this one except for wait for Keycloak 8. We can only update the client if the
        server is updated." /><system-out>A vulnerability was found in keycloak 7.x, when keycloak is configured with LDAP user federation and StartTLS is used instead of SSL/TLS from the LDAP server (ldaps), in this case user authentication succeeds even if invalid password has entered.</system-out><system-err>location: /home/jenkins/.mvnrepository/org/keycloak/keycloak-core/7.0.1/keycloak-core-7.0.1.jar</system-err></testcase><testcase classname="CVE-2020-1697" name="pkg:maven/org.keycloak/keycloak-core@7.0.1"><skipped message="Not much we can do about this one except for wait for Keycloak 8. We can only update the client if the
        server is updated." /><system-out>It was found in all keycloak versions before 9.0.0 that links to external applications (Application Links) in the admin console are not validated properly and could allow Stored XSS attacks. An authed malicious user could create URLs to trick users in other realms, and possibly conduct further attacks.</system-out><system-err>location: /home/jenkins/.mvnrepository/org/keycloak/keycloak-core/7.0.1/keycloak-core-7.0.1.jar</system-err></testcase><testcase classname="CVE-2020-1698" name="pkg:maven/org.keycloak/keycloak-core@7.0.1"><skipped message="Not much we can do about this one except for wait for Keycloak 8. We can only update the client if the
        server is updated." /><system-out>A flaw was found in keycloak in versions before 9.0.0. A logged exception in the HttpMethod class may leak the password given as parameter. The highest threat from this vulnerability is to data confidentiality.</system-out><system-err>location: /home/jenkins/.mvnrepository/org/keycloak/keycloak-core/7.0.1/keycloak-core-7.0.1.jar</system-err></testcase><testcase classname="CVE-2020-1744" name="pkg:maven/org.keycloak/keycloak-core@7.0.1"><skipped message="Not much we can do about this one except for wait for Keycloak 8. We can only update the client if the
        server is updated." /><system-out>A flaw was found in keycloak before version 9.0.1. When configuring an Conditional OTP Authentication Flow as a post login flow of an IDP, the failure login events for OTP are not being sent to the brute force protection event queue. So BruteForceProtector does not handle this events.</system-out><system-err>location: /home/jenkins/.mvnrepository/org/keycloak/keycloak-core/7.0.1/keycloak-core-7.0.1.jar</system-err></testcase><testcase classname="CVE-2019-14837" name="pkg:maven/org.keycloak/keycloak-core@7.0.1"><skipped message="Not much we can do about this one except for wait for Keycloak 8. We can only update the client if the
        server is updated." /><system-out>A flaw was found in keycloack before version 8.0.0. The owner of &apos;placeholder.org&apos; domain can setup mail server on this domain and knowing only name of a client can reset password and then log in. For example, for client name &apos;test&apos; the email address will be &apos;service-account-test@placeholder.org&apos;.</system-out><system-err>location: /home/jenkins/.mvnrepository/org/keycloak/keycloak-core/7.0.1/keycloak-core-7.0.1.jar</system-err></testcase><testcase classname="CVE-2019-14909" name="pkg:maven/org.keycloak/keycloak-core@7.0.1"><skipped message="Not much we can do about this one except for wait for Keycloak 8. We can only update the client if the
        server is updated." /><system-out>A vulnerability was found in Keycloak 7.x where the user federation LDAP bind type is none (LDAP anonymous bind), any password, invalid or valid will be accepted.</system-out><system-err>location: /home/jenkins/.mvnrepository/org/keycloak/keycloak-core/7.0.1/keycloak-core-7.0.1.jar</system-err></testcase></testsuite><testsuite failures="0" id="48" name="/home/jenkins/.mvnrepository/io/fabric8/kubernetes-client/4.7.0/kubernetes-client-4.7.0.jar" package="kubernetes-client-4.7.0.jar" skipped="0" tests="1" timestamp="2020-07-29T16:59:39.348583"><testcase classname="dependency-check" name="kubernetes-client-4.7.0.jar"/></testsuite><testsuite failures="0" id="49" name="/home/jenkins/.mvnrepository/io/fabric8/kubernetes-model/4.7.0/kubernetes-model-4.7.0.jar" package="kubernetes-model-4.7.0.jar" skipped="0" tests="1" timestamp="2020-07-29T16:59:39.348583"><testcase classname="dependency-check" name="kubernetes-model-4.7.0.jar"/></testsuite><testsuite failures="0" id="50" name="/home/jenkins/.mvnrepository/io/fabric8/kubernetes-model-common/4.7.0/kubernetes-model-common-4.7.0.jar" package="kubernetes-model-common-4.7.0.jar" skipped="0" tests="1" timestamp="2020-07-29T16:59:39.348583"><testcase classname="dependency-check" name="kubernetes-model-common-4.7.0.jar"/></testsuite><testsuite failures="0" id="51" name="/home/jenkins/.mvnrepository/com/squareup/okhttp3/logging-interceptor/3.12.1/logging-interceptor-3.12.1.jar" package="logging-interceptor-3.12.1.jar" skipped="0" tests="1" timestamp="2020-07-29T16:59:39.348583"><testcase classname="dependency-check" name="logging-interceptor-3.12.1.jar"/></testsuite><testsuite failures="0" id="52" name="/home/jenkins/.mvnrepository/org/eclipse/microprofile/config/microprofile-config-api/1.3/microprofile-config-api-1.3.jar" package="microprofile-config-api-1.3.jar" skipped="0" tests="1" timestamp="2020-07-29T16:59:39.348583"><testcase classname="dependency-check" name="microprofile-config-api-1.3.jar"/></testsuite><testsuite failures="0" id="53" name="/home/jenkins/.mvnrepository/org/eclipse/microprofile/context-propagation/microprofile-context-propagation-api/1.0.1/microprofile-context-propagation-api-1.0.1.jar" package="microprofile-context-propagation-api-1.0.1.jar" skipped="0" tests="1" timestamp="2020-07-29T16:59:39.348583"><testcase classname="dependency-check" name="microprofile-context-propagation-api-1.0.1.jar"/></testsuite><testsuite failures="0" id="54" name="/home/jenkins/.mvnrepository/com/github/fge/msg-simple/1.1/msg-simple-1.1.jar" package="msg-simple-1.1.jar" skipped="0" tests="1" timestamp="2020-07-29T16:59:39.348583"><testcase classname="dependency-check" name="msg-simple-1.1.jar"/></testsuite><testsuite failures="0" id="55" name="/home/jenkins/.mvnrepository/com/squareup/okhttp3/okhttp/3.12.1/okhttp-3.12.1.jar" package="okhttp-3.12.1.jar" skipped="0" tests="1" timestamp="2020-07-29T16:59:39.348583"><testcase classname="dependency-check" name="okhttp-3.12.1.jar"/></testsuite><testsuite failures="0" id="56" name="/home/jenkins/.mvnrepository/com/squareup/okio/okio/1.15.0/okio-1.15.0.jar" package="okio-1.15.0.jar" skipped="0" tests="1" timestamp="2020-07-29T16:59:39.348583"><testcase classname="dependency-check" name="okio-1.15.0.jar"/></testsuite><testsuite failures="0" id="57" name="/home/jenkins/.mvnrepository/io/quarkus/quarkus-arc/1.2.0.Final/quarkus-arc-1.2.0.Final.jar" package="quarkus-arc-1.2.0.Final.jar" skipped="0" tests="1" timestamp="2020-07-29T16:59:39.348583"><testcase classname="dependency-check" name="quarkus-arc-1.2.0.Final.jar"/></testsuite><testsuite failures="0" id="58" name="/home/jenkins/.mvnrepository/io/quarkus/quarkus-core/1.2.0.Final/quarkus-core-1.2.0.Final.jar" package="quarkus-core-1.2.0.Final.jar" skipped="0" tests="1" timestamp="2020-07-29T16:59:39.348583"><testcase classname="dependency-check" name="quarkus-core-1.2.0.Final.jar"/></testsuite><testsuite failures="0" id="59" name="/home/jenkins/.mvnrepository/io/quarkus/quarkus-jackson/1.2.0.Final/quarkus-jackson-1.2.0.Final.jar" package="quarkus-jackson-1.2.0.Final.jar" skipped="0" tests="1" timestamp="2020-07-29T16:59:39.348583"><testcase classname="dependency-check" name="quarkus-jackson-1.2.0.Final.jar"/></testsuite><testsuite failures="0" id="60" name="/home/jenkins/.mvnrepository/io/quarkus/quarkus-kubernetes-client/1.2.0.Final/quarkus-kubernetes-client-1.2.0.Final.jar" package="quarkus-kubernetes-client-1.2.0.Final.jar" skipped="11" tests="11" timestamp="2020-07-29T16:59:39.348583"><testcase classname="CVE-2019-11246" name="pkg:maven/io.quarkus/quarkus-kubernetes-client@1.2.0.Final"><skipped message="These vulnerabilities are K8S server side vulnerabilities related to specific versions of K8S. Somehow
        this version of Quarkus has been linked to certain versions of K8S. The client only needs to upgrade to
        later versions of the K8S to avoid these vulnerabilities" /><system-out>The kubectl cp command allows copying files between containers and the user machine. To copy files from a container, Kubernetes runs tar inside the container to create a tar archive, copies it over the network, and kubectl unpacks it on the user’s machine. If the tar binary in the container is malicious, it could run any code and output unexpected, malicious results. An attacker could use this to write files to any path on the user’s machine when kubectl cp is called, limited only by the system permissions of the local user. Kubernetes affected versions include versions prior to 1.12.9, versions prior to 1.13.6, versions prior to 1.14.2, and versions 1.1, 1.2, 1.4, 1.4, 1.5, 1.6, 1.7, 1.8, 1.9, 1.10, 1.11.</system-out><system-err>location: /home/jenkins/.mvnrepository/io/quarkus/quarkus-kubernetes-client/1.2.0.Final/quarkus-kubernetes-client-1.2.0.Final.jar</system-err></testcase><testcase classname="CVE-2019-11254" name="pkg:maven/io.quarkus/quarkus-kubernetes-client@1.2.0.Final"><skipped message="These vulnerabilities are K8S server side vulnerabilities related to specific versions of K8S. Somehow
        this version of Quarkus has been linked to certain versions of K8S. The client only needs to upgrade to
        later versions of the K8S to avoid these vulnerabilities" /><system-out>The Kubernetes API Server component in versions 1.1-1.14, and versions prior to 1.15.10, 1.16.7 and 1.17.3 allows an authorized user who sends malicious YAML payloads to cause the kube-apiserver to consume excessive CPU cycles while parsing YAML.</system-out><system-err>location: /home/jenkins/.mvnrepository/io/quarkus/quarkus-kubernetes-client/1.2.0.Final/quarkus-kubernetes-client-1.2.0.Final.jar</system-err></testcase><testcase classname="CVE-2019-1002100" name="pkg:maven/io.quarkus/quarkus-kubernetes-client@1.2.0.Final"><skipped message="These vulnerabilities are K8S server side vulnerabilities related to specific versions of K8S. Somehow
        this version of Quarkus has been linked to certain versions of K8S. The client only needs to upgrade to
        later versions of the K8S to avoid these vulnerabilities" /><system-out>In all Kubernetes versions prior to v1.11.8, v1.12.6, and v1.13.4, users that are authorized to make patch requests to the Kubernetes API Server can send a specially crafted patch of type &quot;json-patch&quot; (e.g. `kubectl patch --type json` or `&quot;Content-Type: application/json-patch+json&quot;`) that consumes excessive resources while processing, causing a Denial of Service on the API Server.</system-out><system-err>location: /home/jenkins/.mvnrepository/io/quarkus/quarkus-kubernetes-client/1.2.0.Final/quarkus-kubernetes-client-1.2.0.Final.jar</system-err></testcase><testcase classname="CVE-2018-1002105" name="pkg:maven/io.quarkus/quarkus-kubernetes-client@1.2.0.Final"><skipped message="These vulnerabilities are K8S server side vulnerabilities related to specific versions of K8S. Somehow
        this version of Quarkus has been linked to certain versions of K8S. The client only needs to upgrade to
        later versions of the K8S to avoid these vulnerabilities" /><system-out>In all Kubernetes versions prior to v1.10.11, v1.11.5, and v1.12.3, incorrect handling of error responses to proxied upgrade requests in the kube-apiserver allowed specially crafted requests to establish a connection through the Kubernetes API server to backend servers, then send arbitrary requests over the same connection directly to the backend, authenticated with the Kubernetes API server&apos;s TLS credentials used to establish the backend connection.</system-out><system-err>location: /home/jenkins/.mvnrepository/io/quarkus/quarkus-kubernetes-client/1.2.0.Final/quarkus-kubernetes-client-1.2.0.Final.jar</system-err></testcase><testcase classname="CVE-2019-11249" name="pkg:maven/io.quarkus/quarkus-kubernetes-client@1.2.0.Final"><skipped message="These vulnerabilities are K8S server side vulnerabilities related to specific versions of K8S. Somehow
        this version of Quarkus has been linked to certain versions of K8S. The client only needs to upgrade to
        later versions of the K8S to avoid these vulnerabilities" /><system-out>The kubectl cp command allows copying files between containers and the user machine. To copy files from a container, Kubernetes runs tar inside the container to create a tar archive, copies it over the network, and kubectl unpacks it on the user’s machine. If the tar binary in the container is malicious, it could run any code and output unexpected, malicious results. An attacker could use this to write files to any path on the user’s machine when kubectl cp is called, limited only by the system permissions of the local user. Kubernetes affected versions include versions prior to 1.13.9, versions prior to 1.14.5, versions prior to 1.15.2, and versions 1.1, 1.2, 1.4, 1.4, 1.5, 1.6, 1.7, 1.8, 1.9, 1.10, 1.11, 1.12.</system-out><system-err>location: /home/jenkins/.mvnrepository/io/quarkus/quarkus-kubernetes-client/1.2.0.Final/quarkus-kubernetes-client-1.2.0.Final.jar</system-err></testcase><testcase classname="CVE-2020-8552" name="pkg:maven/io.quarkus/quarkus-kubernetes-client@1.2.0.Final"><skipped message="These vulnerabilities are K8S server side vulnerabilities related to specific versions of K8S. Somehow
        this version of Quarkus has been linked to certain versions of K8S. The client only needs to upgrade to
        later versions of the K8S to avoid these vulnerabilities" /><system-out>The Kubernetes API server component in versions prior to 1.15.9, 1.16.0-1.16.6, and 1.17.0-1.17.2 has been found to be vulnerable to a denial of service attack via successful API requests.</system-out><system-err>location: /home/jenkins/.mvnrepository/io/quarkus/quarkus-kubernetes-client/1.2.0.Final/quarkus-kubernetes-client-1.2.0.Final.jar</system-err></testcase><testcase classname="CVE-2019-11248" name="pkg:maven/io.quarkus/quarkus-kubernetes-client@1.2.0.Final"><skipped message="These vulnerabilities are K8S server side vulnerabilities related to specific versions of K8S. Somehow
        this version of Quarkus has been linked to certain versions of K8S. The client only needs to upgrade to
        later versions of the K8S to avoid these vulnerabilities" /><system-out>The debugging endpoint /debug/pprof is exposed over the unauthenticated Kubelet healthz port. The go pprof endpoint is exposed over the Kubelet&apos;s healthz port. This debugging endpoint can potentially leak sensitive information such as internal Kubelet memory addresses and configuration, or for limited denial of service. Versions prior to 1.15.0, 1.14.4, 1.13.8, and 1.12.10 are affected. The issue is of medium severity, but not exposed by the default configuration.</system-out><system-err>location: /home/jenkins/.mvnrepository/io/quarkus/quarkus-kubernetes-client/1.2.0.Final/quarkus-kubernetes-client-1.2.0.Final.jar</system-err></testcase><testcase classname="CVE-2019-9946" name="pkg:maven/io.quarkus/quarkus-kubernetes-client@1.2.0.Final"><skipped message="These vulnerabilities are K8S server side vulnerabilities related to specific versions of K8S. Somehow
        this version of Quarkus has been linked to certain versions of K8S. The client only needs to upgrade to
        later versions of the K8S to avoid these vulnerabilities" /><system-out>Cloud Native Computing Foundation (CNCF) CNI (Container Networking Interface) 0.7.4 has a network firewall misconfiguration which affects Kubernetes. The CNI &apos;portmap&apos; plugin, used to setup HostPorts for CNI, inserts rules at the front of the iptables nat chains; which take precedence over the KUBE- SERVICES chain. Because of this, the HostPort/portmap rule could match incoming traffic even if there were better fitting, more specific service definition rules like NodePorts later in the chain. The issue is fixed in CNI 0.7.5 and Kubernetes 1.11.9, 1.12.7, 1.13.5, and 1.14.0.</system-out><system-err>location: /home/jenkins/.mvnrepository/io/quarkus/quarkus-kubernetes-client/1.2.0.Final/quarkus-kubernetes-client-1.2.0.Final.jar</system-err></testcase><testcase classname="CVE-2019-11253" name="pkg:maven/io.quarkus/quarkus-kubernetes-client@1.2.0.Final"><skipped message="These vulnerabilities are K8S server side vulnerabilities related to specific versions of K8S. Somehow
        this version of Quarkus has been linked to certain versions of K8S. The client only needs to upgrade to
        later versions of the K8S to avoid these vulnerabilities" /><system-out>Improper input validation in the Kubernetes API server in versions v1.0-1.12 and versions prior to v1.13.12, v1.14.8, v1.15.5, and v1.16.2 allows authorized users to send malicious YAML or JSON payloads, causing the API server to consume excessive CPU or memory, potentially crashing and becoming unavailable. Prior to v1.14.0, default RBAC policy authorized anonymous users to submit requests that could trigger this vulnerability. Clusters upgraded from a version prior to v1.14.0 keep the more permissive policy by default for backwards compatibility.</system-out><system-err>location: /home/jenkins/.mvnrepository/io/quarkus/quarkus-kubernetes-client/1.2.0.Final/quarkus-kubernetes-client-1.2.0.Final.jar</system-err></testcase><testcase classname="CVE-2015-7528" name="pkg:maven/io.quarkus/quarkus-kubernetes-client@1.2.0.Final"><skipped message="These vulnerabilities are K8S server side vulnerabilities related to specific versions of K8S. Somehow
        this version of Quarkus has been linked to certain versions of K8S. The client only needs to upgrade to
        later versions of the K8S to avoid these vulnerabilities" /><system-out>Kubernetes before 1.2.0-alpha.5 allows remote attackers to read arbitrary pod logs via a container name.</system-out><system-err>location: /home/jenkins/.mvnrepository/io/quarkus/quarkus-kubernetes-client/1.2.0.Final/quarkus-kubernetes-client-1.2.0.Final.jar</system-err></testcase><testcase classname="CVE-2019-11250" name="pkg:maven/io.quarkus/quarkus-kubernetes-client@1.2.0.Final"><skipped message="These vulnerabilities are K8S server side vulnerabilities related to specific versions of K8S. Somehow
        this version of Quarkus has been linked to certain versions of K8S. The client only needs to upgrade to
        later versions of the K8S to avoid these vulnerabilities" /><system-out>The Kubernetes client-go library logs request headers at verbosity levels of 7 or higher. This can disclose credentials to unauthorized users via logs or command output. Kubernetes components (such as kube-apiserver) prior to v1.16.0, which make use of basic or bearer token authentication, and run at high verbosity levels, are affected.</system-out><system-err>location: /home/jenkins/.mvnrepository/io/quarkus/quarkus-kubernetes-client/1.2.0.Final/quarkus-kubernetes-client-1.2.0.Final.jar</system-err></testcase></testsuite><testsuite failures="0" id="61" name="/home/jenkins/.mvnrepository/org/reactivestreams/reactive-streams/1.0.3/reactive-streams-1.0.3.jar" package="reactive-streams-1.0.3.jar" skipped="0" tests="1" timestamp="2020-07-29T16:59:39.348583"><testcase classname="dependency-check" name="reactive-streams-1.0.3.jar"/></testsuite><testsuite failures="0" id="62" name="/home/jenkins/.mvnrepository/org/jboss/resteasy/resteasy-client/3.9.3.Final/resteasy-client-3.9.3.Final.jar" package="resteasy-client-3.9.3.Final.jar" skipped="0" tests="1" timestamp="2020-07-29T16:59:39.348583"><testcase classname="dependency-check" name="resteasy-client-3.9.3.Final.jar"/></testsuite><testsuite failures="0" id="63" name="/home/jenkins/.mvnrepository/org/jboss/resteasy/resteasy-jackson2-provider/3.9.3.Final/resteasy-jackson2-provider-3.9.3.Final.jar" package="resteasy-jackson2-provider-3.9.3.Final.jar" skipped="0" tests="1" timestamp="2020-07-29T16:59:39.348583"><testcase classname="dependency-check" name="resteasy-jackson2-provider-3.9.3.Final.jar"/></testsuite><testsuite failures="0" id="64" name="/home/jenkins/.mvnrepository/org/jboss/resteasy/resteasy-jaxrs/3.9.3.Final/resteasy-jaxrs-3.9.3.Final.jar" package="resteasy-jaxrs-3.9.3.Final.jar" skipped="1" tests="1" timestamp="2020-07-29T16:59:39.348583"><testcase classname="CVE-2020-1695" name="pkg:maven/org.jboss.resteasy/resteasy-jaxrs@3.9.3.Final"><skipped message="Not much we can do about this one except for wait for Keycloak 8. We can only update the client if the
        server is updated." /><system-out>A flaw was found in all resteasy 3.x.x versions prior to 3.12.0.Final and all resteasy 4.x.x versions prior to 4.6.0.Final, where an improper input validation results in returning an illegal header that integrates into the server&apos;s response. This flaw may result in an injection, which leads to unexpected behavior when the HTTP response is constructed.</system-out><system-err>location: /home/jenkins/.mvnrepository/org/jboss/resteasy/resteasy-jaxrs/3.9.3.Final/resteasy-jaxrs-3.9.3.Final.jar</system-err></testcase></testsuite><testsuite failures="0" id="65" name="/home/jenkins/.mvnrepository/org/slf4j/slf4j-api/1.7.16/slf4j-api-1.7.16.jar" package="slf4j-api-1.7.16.jar" skipped="0" tests="1" timestamp="2020-07-29T16:59:39.348583"><testcase classname="dependency-check" name="slf4j-api-1.7.16.jar"/></testsuite><testsuite failures="0" id="66" name="/home/jenkins/.mvnrepository/org/jboss/slf4j/slf4j-jboss-logging/1.2.0.Final/slf4j-jboss-logging-1.2.0.Final.jar" package="slf4j-jboss-logging-1.2.0.Final.jar" skipped="0" tests="1" timestamp="2020-07-29T16:59:39.348583"><testcase classname="dependency-check" name="slf4j-jboss-logging-1.2.0.Final.jar"/></testsuite><testsuite failures="0" id="67" name="/home/jenkins/.mvnrepository/io/smallrye/config/smallrye-config/1.5.1/smallrye-config-1.5.1.jar" package="smallrye-config-1.5.1.jar" skipped="0" tests="1" timestamp="2020-07-29T16:59:39.348583"><testcase classname="dependency-check" name="smallrye-config-1.5.1.jar"/></testsuite><testsuite failures="0" id="68" name="/home/jenkins/.mvnrepository/io/smallrye/config/smallrye-config-common/1.5.1/smallrye-config-common-1.5.1.jar" package="smallrye-config-common-1.5.1.jar" skipped="0" tests="1" timestamp="2020-07-29T16:59:39.348583"><testcase classname="dependency-check" name="smallrye-config-common-1.5.1.jar"/></testsuite><testsuite failures="0" id="69" name="/home/jenkins/.mvnrepository/org/yaml/snakeyaml/1.23/snakeyaml-1.23.jar" package="snakeyaml-1.23.jar" skipped="0" tests="1" timestamp="2020-07-29T16:59:39.348583"><testcase classname="dependency-check" name="snakeyaml-1.23.jar"/></testsuite><testsuite failures="0" id="70" name="/home/jenkins/.mvnrepository/org/wildfly/common/wildfly-common/1.5.0.Final-format-001/wildfly-common-1.5.0.Final-format-001.jar" package="wildfly-common-1.5.0.Final-format-001.jar" skipped="0" tests="1" timestamp="2020-07-29T16:59:39.348583"><testcase classname="dependency-check" name="wildfly-common-1.5.0.Final-format-001.jar"/></testsuite><testsuite failures="0" id="71" name="/home/jenkins/.mvnrepository/io/fabric8/zjsonpatch/0.3.0/zjsonpatch-0.3.0.jar" package="zjsonpatch-0.3.0.jar" skipped="0" tests="1" timestamp="2020-07-29T16:59:39.348583"><testcase classname="dependency-check" name="zjsonpatch-0.3.0.jar"/></testsuite></testsuites>