GROUP,PACKAGE,CLASS,INSTRUCTION_MISSED,INSTRUCTION_COVERED,BRANCH_MISSED,BRANCH_COVERED,LINE_MISSED,LINE_COVERED,COMPLEXITY_MISSED,COMPLEXITY_COVERED,METHOD_MISSED,METHOD_COVERED
Entando K8S Controller for Entando Plugin Deployments,org.entando.kubernetes.controller.plugin,EntandoPluginDeployableContainer,0,188,0,2,0,34,0,17,0,16
Entando K8S Controller for Entando Plugin Deployments,org.entando.kubernetes.controller.plugin,EntandoPluginServerDeployable,0,87,0,2,0,17,0,11,0,10
Entando K8S Controller for Entando Plugin Deployments,org.entando.kubernetes.controller.plugin,EntandoPluginSidecarDeployableContainer,0,112,0,0,0,18,0,13,0,13
Entando K8S Controller for Entando Plugin Deployments,org.entando.kubernetes.controller.plugin,EntandoPluginController,9,67,0,2,4,14,2,4,2,3
