
Showing logs for build [32mentando-k8s-entando-k8s-composi-dthwf-5[0m stage [32mfrom-build-pack[0m and container [32mstep-credential-initializer-758dx[0m
Unable to retrieve container logs for docker://3ea88458577c7975fa657fd8d667bb6a4e44f8fe7986635c1f4652f91980c94e

Showing logs for build [32mentando-k8s-entando-k8s-composi-dthwf-5[0m stage [32mfrom-build-pack[0m and container [32mstep-working-dir-initializer-kcmwm[0m
{"level":"warn","ts":1602062215.6872182,"logger":"fallback-logger","caller":"logging/config.go:69","msg":"Fetch GitHub commit ID from kodata failed: open /var/run/ko/HEAD: no such file or directory"}
{"level":"info","ts":1602062215.7040794,"logger":"fallback-logger","caller":"bash/main.go:64","msg":"Successfully e**cuted command \"sh -c mkdir -p /workspace/source\"; output "}

Showing logs for build [32mentando-k8s-entando-k8s-composi-dthwf-5[0m stage [32mfrom-build-pack[0m and container [32mstep-place-tools[0m

Showing logs for build [32mentando-k8s-entando-k8s-composi-dthwf-5[0m stage [32mfrom-build-pack[0m and container [32mstep-git-source-entando-k8s-entando-k8s-composi-slrqd[0m
{"level":"warn","ts":1602062242.4562676,"logger":"fallback-logger","caller":"logging/config.go:69","msg":"Fetch GitHub commit ID from kodata failed: \"ref: refs/heads/0.8.0-**-support-backwards-incompats\" is not a valid GitHub commit ID"}
{"level":"info","ts":1602062243.7590482,"logger":"fallback-logger","caller":"git/git.go:103","msg":"Successfully cloned https://github.com/entando-k8s/entando-k8s-composite-app-controller.git @ master in path /workspace/source"}

Showing logs for build [32mentando-k8s-entando-k8s-composi-dthwf-5[0m stage [32mfrom-build-pack[0m and container [32mstep-git-merge[0m
Unable to retrieve container logs for docker://2050320f7753c412caf9d152dc184f6de8fd6d53f695da67cd9de663473a0f2b

Showing logs for build [32mentando-k8s-entando-k8s-composi-dthwf-5[0m stage [32mfrom-build-pack[0m and container [32mstep-build-set-version[0m
Picked up _JAVA_OPTIONS: -XX:+UnlockExperimentalVMOptions -Dsun.zip.disableMemoryMapping=true -XX:+UseParallelGC -XX:MinHeapFreeRatio=5 -XX:MaxHeapFreeRatio=10 -XX:GCTimeRatio=4 -XX:AdaptiveSizePolicyWeight=90 -Xms1000m -Xmx12000m
[INFO] Scanning for projects...
[WARNING] 
[WARNING] Some problems were encountered while building the effective model for org.entando:entando-k8s-composite-app-controller:jar:6.2.0-SNAPSHOT
[WARNING] 'dependencyManagement.dependencies.dependency.(groupId:artifactId:type:classifier)' must be unique: org.yaml:snakeyaml:jar -> version 1.27 vs ${snakeyaml.version} @ org.entando:entando-quarkus-parent:6.2.3, /home/jenkins/.mvnrepository/org/entando/entando-quarkus-parent/6.2.3/entando-quarkus-parent-6.2.3.pom, line 283, column 25
[WARNING] 
[WARNING] It is highly recommended to fix these problems because they threaten the stability of your build.
[WARNING] 
[WARNING] For this reason, future Maven versions might no longer support building such malformed projects.
[WARNING] 
[INFO] 
[INFO] ----------< org.entando:entando-k8s-composite-app-controller >----------
[INFO] Building Entando K8S Composite App Controller 6.2.0-SNAPSHOT
[INFO] --------------------------------[ jar ]---------------------------------
[INFO] 
[INFO] --- versions-maven-plugin:2.8.1:set (default-cli) @ entando-k8s-composite-app-controller ---
[INFO] Local aggregation ****: /workspace/source
[INFO] Processing change of org.entando:entando-k8s-composite-app-controller:6.2.0-SNAPSHOT -> 0.0.0-SNAPSHOT-PR-10-5
[INFO] Processing org.entando:entando-k8s-composite-app-controller
[INFO]     Updating project org.entando:entando-k8s-composite-app-controller
[INFO]         from version 6.2.0-SNAPSHOT to 0.0.0-SNAPSHOT-PR-10-5
[INFO] 
[INFO] ------------------------------------------------------------------------
[INFO] BUILD SUCCESS
[INFO] ------------------------------------------------------------------------
[INFO] Total time:  9.897 s
[INFO] Finished at: 2020-10-07T09:17:38Z
[INFO] ------------------------------------------------------------------------

Showing logs for build [32mentando-k8s-entando-k8s-composi-dthwf-5[0m stage [32mfrom-build-pack[0m and container [32mstep-build-fix-git-for-sonar[0m
Switched to a new branch 'PR-10'
M	pom.xml
Deleted branch master (was 698caea).
From https://github.com/entando-k8s/entando-k8s-composite-app-controller
 * [new branch]      master     -> master

Showing logs for build [32mentando-k8s-entando-k8s-composi-dthwf-5[0m stage [32mfrom-build-pack[0m and container [32mstep-build-mvn-verify-pr[0m
  % Total    % Received % Xferd  Average Speed   Time    Time     Time  Current
                                 Dload  Upload   Total   Spent    Left  Speed
  0     0    0     0    0     0      0      0 --:--:-- --:--:-- --:--:--     0 12  1897    0     0  100   228      0    295 --:--:-- --:--:-- --:--:--   296100  1897  100  1669  100   228   2162    295 --:--:-- --:--:-- --:--:--  2167
{
  "url": "https://api.github.com/repos/entando-k8s/entando-k8s-composite-app-controller/statuses/698caea433a9e82b97913387e9104e64b446c3ec",
  "avatar_url": "https://avatars2.githubusercontent.com/u/57885396?v=4",
  "id": 10978560979,
  "node_id": "MDEzOlN0YXR1c0NvbnRleHQxMDk3ODU2MDk3OQ==",
  "state": "pending",
  "description": "Pre-deployment tests pending!",
  "target_url": "https://entando-k8s.github.io/devops-results/entando-k8s-composite-app-controller/PR-10/surefire-report.html",
  "context": "Pre-deployment tests",
  "created_at": "2020-10-07T09:17:41Z",
  "updated_at": "2020-10-07T09:17:41Z",
  "creator": {
    "login": "**********",
    "id": 57885396,
    "node_id": "MDQ6VXNlcjU3ODg1Mzk2",
    "avatar_url": "https://avatars2.githubusercontent.com/u/57885396?v=4",
    "gravatar_id": "",
    "url": "https://api.github.com/users/entando-**",
    "html_url": "https://github.com/**********",
    "followers_url": "https://api.github.com/users/**********/followers",
    "following_url": "https://api.github.com/users/**********/following{/other_user}",
    "gists_url": "https://api.github.com/users/**********/gists{/gist_id}",
    "starred_url": "https://api.github.com/users/**********/starred{/owner}{/repo}",
    "subscriptions_url": "https://api.github.com/users/**********/subscriptions",
    "organizations_url": "https://api.github.com/users/**********/orgs",
    "repos_url": "https://api.github.com/users/entando-**/repos",
    "events_url": "https://api.github.com/users/**********/events{/privacy}",
    "received_events_url": "https://api.github.com/users/**********/received_events",
    "type": "User",
    "site_*****": *****
  }
}
  % Total    % Received % Xferd  Average Speed   Time    Time     Time  Current
                                 Dload  Upload   Total   Spent    Left  Speed
  0     0    0     0    0     0      0      0 --:--:-- --:--:-- --:--:--     0 12  1901    0     0  100   230      0    372 --:--:-- --:--:-- --:--:--   372100  1901  100  1671  100   230   2697    371 --:--:-- --:--:-- --:--:--  2695
{
  "url": "https://api.github.com/repos/entando-k8s/entando-k8s-composite-app-controller/statuses/698caea433a9e82b97913387e9104e64b446c3ec",
  "avatar_url": "https://avatars2.githubusercontent.com/u/57885396?v=4",
  "id": 10978561106,
  "node_id": "MDEzOlN0YXR1c0NvbnRleHQxMDk3ODU2MTEwNg==",
  "state": "pending",
  "description": "Post-deployment tests pending!",
  "target_url": "https://entando-k8s.github.io/devops-results/entando-k8s-composite-app-controller/PR-10/failsafe-report.html",
  "context": "Post-deployment tests",
  "created_at": "2020-10-07T09:17:42Z",
  "updated_at": "2020-10-07T09:17:42Z",
  "creator": {
    "login": "**********",
    "id": 57885396,
    "node_id": "MDQ6VXNlcjU3ODg1Mzk2",
    "avatar_url": "https://avatars2.githubusercontent.com/u/57885396?v=4",
    "gravatar_id": "",
    "url": "https://api.github.com/users/**********",
    "html_url": "https://github.com/**********",
    "followers_url": "https://api.github.com/users/**********/followers",
    "following_url": "https://api.github.com/users/**********/following{/other_user}",
    "gists_url": "https://api.github.com/users/**********/gists{/gist_id}",
    "starred_url": "https://api.github.com/users/entando-**/starred{/owner}{/repo}",
    "subscriptions_url": "https://api.github.com/users/**********/subscriptions",
    "organizations_url": "https://api.github.com/users/**********/orgs",
    "repos_url": "https://api.github.com/users/**********/repos",
    "events_url": "https://api.github.com/users/**********/events{/privacy}",
    "received_events_url": "https://api.github.com/users/**********/received_events",
    "type": "User",
    "site_*****": *****
  }
}
  % Total    % Received % Xferd  Average Speed   Time    Time     Time  Current
                                 Dload  Upload   Total   Spent    Left  Speed
  0     0    0     0    0     0      0      0 --:--:-- --:--:-- --:--:--     0100  1847  100  1644  100   203   2519    311 --:--:-- --:--:-- --:--:--  2521
{
  "url": "https://api.github.com/repos/entando-k8s/entando-k8s-composite-app-controller/statuses/698caea433a9e82b97913387e9104e64b446c3ec",
  "avatar_url": "https://avatars2.githubusercontent.com/u/57885396?v=4",
  "id": 10978561219,
  "node_id": "MDEzOlN0YXR1c0NvbnRleHQxMDk3ODU2MTIxOQ==",
  "state": "pending",
  "description": "Checkstyle pending!",
  "target_url": "https://entando-k8s.github.io/devops-results/entando-k8s-composite-app-controller/PR-10/checkstyle.html",
  "context": "Checkstyle",
  "created_at": "2020-10-07T09:17:43Z",
  "updated_at": "2020-10-07T09:17:43Z",
  "creator": {
    "login": "**********",
    "id": 57885396,
    "node_id": "MDQ6VXNlcjU3ODg1Mzk2",
    "avatar_url": "https://avatars2.githubusercontent.com/u/57885396?v=4",
    "gravatar_id": "",
    "url": "https://api.github.com/users/**********",
    "html_url": "https://github.com/entando-**",
    "followers_url": "https://api.github.com/users/**********/followers",
    "following_url": "https://api.github.com/users/entando-**/following{/other_user}",
    "gists_url": "https://api.github.com/users/**********/gists{/gist_id}",
    "starred_url": "https://api.github.com/users/**********/starred{/owner}{/repo}",
    "subscriptions_url": "https://api.github.com/users/**********/subscriptions",
    "organizations_url": "https://api.github.com/users/**********/orgs",
    "repos_url": "https://api.github.com/users/**********/repos",
    "events_url": "https://api.github.com/users/**********/events{/privacy}",
    "received_events_url": "https://api.github.com/users/**********/received_events",
    "type": "User",
    "site_*****": *****
  }
}
  % Total    % Received % Xferd  Average Speed   Time    Time     Time  Current
                                 Dload  Upload   Total   Spent    Left  Speed
{
  "url": "https://api.github.com/repos/entando-k8s/entando-k8s-composite-app-controller/statuses/698caea433a9e82b97913387e9104e64b446c3ec",
  "avatar_url": "https://avatars2.githubusercontent.com/u/57885396?v=4",
  "id": 10978561333,
  "node_id": "MDEzOlN0YXR1c0NvbnRleHQxMDk3ODU2MTMzMw==",
  "state": "pending",
  "description": "OWASP CVE pending!",
  "target_url": "https://entando-k8s.github.io/devops-results/entando-k8s-composite-app-controller/PR-10/dependency-check-report.html",
  "context": "OWASP CVE",
  "created_at": "2020-10-07T09:17:43Z",
  "updated_at": "2020-10-07T09:17:43Z",
  "creator": {
    "login": "**********",
    "id": 57885396,
    "node_id": "MDQ6VXNlcjU3ODg1Mzk2",
  0     0    0     0    0     0      0      0 --:--:-- --:--:-- --:--:--     0  0     0    0     0    0     0      0      0 --:--:-- --:--:-- --:--:--     0100  1869  100  1655  100   214   2708    350 --:--:-- --:--:-- --:--:--  2722
    "avatar_url": "https://avatars2.githubusercontent.com/u/57885396?v=4",
    "gravatar_id": "",
    "url": "https://api.github.com/users/entando-**",
    "html_url": "https://github.com/**********",
    "followers_url": "https://api.github.com/users/entando-**/followers",
    "following_url": "https://api.github.com/users/**********/following{/other_user}",
    "gists_url": "https://api.github.com/users/**********/gists{/gist_id}",
    "starred_url": "https://api.github.com/users/**********/starred{/owner}{/repo}",
    "subscriptions_url": "https://api.github.com/users/**********/subscriptions",
    "organizations_url": "https://api.github.com/users/**********/orgs",
    "repos_url": "https://api.github.com/users/**********/repos",
    "events_url": "https://api.github.com/users/**********/events{/privacy}",
    "received_events_url": "https://api.github.com/users/**********/received_events",
    "type": "User",
    "site_*****": *****
  }
}
Picked up _JAVA_OPTIONS: -XX:+UnlockExperimentalVMOptions -Dsun.zip.disableMemoryMapping=true -XX:+UseParallelGC -XX:MinHeapFreeRatio=5 -XX:MaxHeapFreeRatio=10 -XX:GCTimeRatio=4 -XX:AdaptiveSizePolicyWeight=90 -Xms1000m -Xmx12000m
[INFO] Scanning for projects...
[WARNING] 
[WARNING] Some problems were encountered while building the effective model for org.entando:entando-k8s-composite-app-controller:jar:0.0.0-SNAPSHOT-PR-10-5
[WARNING] 'dependencyManagement.dependencies.dependency.(groupId:artifactId:type:classifier)' must be unique: org.yaml:snakeyaml:jar -> version 1.27 vs ${snakeyaml.version} @ org.entando:entando-quarkus-parent:6.2.3, /home/jenkins/.mvnrepository/org/entando/entando-quarkus-parent/6.2.3/entando-quarkus-parent-6.2.3.pom, line 283, column 25
[WARNING] 
[WARNING] It is highly recommended to fix these problems because they threaten the stability of your build.
[WARNING] 
[WARNING] For this reason, future Maven versions might no longer support building such malformed projects.
[WARNING] 
[INFO] 
[INFO] ----------< org.entando:entando-k8s-composite-app-controller >----------
[INFO] Building Entando K8S Composite App Controller 0.0.0-SNAPSHOT-PR-10-5
[INFO] --------------------------------[ jar ]---------------------------------
[INFO] 
[INFO] --- maven-checkstyle-plugin:3.1.1:check (validate) @ entando-k8s-composite-app-controller ---
[INFO] Starting audit...
Audit done.
[INFO] You have 0 Checkstyle violations.
[INFO] 
[INFO] --- maven-checkstyle-plugin:3.1.1:checkstyle (validate) @ entando-k8s-composite-app-controller ---
[INFO] Starting audit...
Audit done.
[INFO] 
[INFO] --- jacoco-maven-plugin:0.8.5:prepare-agent (prepare-agent) @ entando-k8s-composite-app-controller ---
[INFO] argLine set to -javaagent:/home/jenkins/.mvnrepository/org/jacoco/org.jacoco.agent/0.8.5/org.jacoco.agent-0.8.5-runtime.jar=destfile=/workspace/source/target/jacoco.e**c
[INFO] 
[INFO] --- maven-resources-plugin:2.6:resources (default-resources) @ entando-k8s-composite-app-controller ---
[INFO] Using 'UTF-8' encoding to copy filtered resources.
[INFO] Copying 3 resources
[INFO] 
[INFO] --- maven-compiler-plugin:3.8.1:compile (default-compile) @ entando-k8s-composite-app-controller ---
[INFO] Changes detected - recompiling the module!
[INFO] Compiling 1 source file to /workspace/source/target/classes
[INFO] 
[INFO] --- maven-resources-plugin:2.6:testResources (default-testResources) @ entando-k8s-composite-app-controller ---
[INFO] Using 'UTF-8' encoding to copy filtered resources.
[INFO] Copying 6 resources
[INFO] 
[INFO] --- maven-compiler-plugin:3.8.1:testCompile (default-testCompile) @ entando-k8s-composite-app-controller ---
[INFO] Changes detected - recompiling the module!
[INFO] Compiling 5 source files to /workspace/source/target/test-classes
[INFO] 
[INFO] --- maven-surefire-plugin:3.0.0-M1:test (default-test) @ entando-k8s-composite-app-controller ---
[INFO] 
[INFO] -------------------------------------------------------
[INFO]  T E S T S
[INFO] -------------------------------------------------------
[INFO] Running org.entando.kubernetes.compositeapp.controller.inprocesstests.CompositeAppControllerMockedTest
Oct 07, 2020 9:18:07 AM okhttp3.mockwebserver.MockWebServer$2 e**cute
INFO: MockWebServer[52233] starting to accept connections
Oct 07, 2020 9:18:08 AM okhttp3.mockwebserver.MockWebServer$3 processOneRequest
INFO: MockWebServer[52233] received request: GET /api/v1/namespaces/entando HTTP/1.1 and responded: HTTP/1.1 404 Client Error
Oct 07, 2020 9:18:08 AM okhttp3.mockwebserver.MockWebServer$3 processOneRequest
INFO: MockWebServer[52233] received request: POST /api/v1/namespaces HTTP/1.1 and responded: HTTP/1.1 202 OK
Oct 07, 2020 9:18:08 AM okhttp3.mockwebserver.MockWebServer$3 processOneRequest
INFO: MockWebServer[52233] received request: GET /api/v1/namespaces/entando-k8s-composite-app-controller-carcpr10 HTTP/1.1 and responded: HTTP/1.1 404 Client Error
Oct 07, 2020 9:18:08 AM okhttp3.mockwebserver.MockWebServer$3 processOneRequest
INFO: MockWebServer[52233] received request: POST /api/v1/namespaces HTTP/1.1 and responded: HTTP/1.1 202 OK
Oct 07, 2020 9:18:08 AM okhttp3.mockwebserver.MockWebServer$3 processOneRequest
INFO: MockWebServer[52233] received request: GET /api/v1/namespaces/entando/configmaps/entando-docker-image-info-v6.1 HTTP/1.1 and responded: HTTP/1.1 404 Client Error
Oct 07, 2020 9:18:08 AM okhttp3.mockwebserver.MockWebServer$3 processOneRequest
INFO: MockWebServer[52233] received request: GET /apis/apiextensions.k8s.io/v1beta1/customresourcedefinitions/entandocompositeapps.entando.org HTTP/1.1 and responded: HTTP/1.1 404 Client Error
Oct 07, 2020 9:18:09 AM okhttp3.mockwebserver.MockWebServer$3 processOneRequest
INFO: MockWebServer[52233] received request: POST /apis/apiextensions.k8s.io/v1beta1/customresourcedefinitions HTTP/1.1 and responded: HTTP/1.1 202 OK
Oct 07, 2020 9:18:09 AM okhttp3.mockwebserver.MockWebServer$3 processOneRequest
INFO: MockWebServer[52233] received request: GET /api/v1/namespaces/entando-k8s-composite-app-controller-carcpr10 HTTP/1.1 and responded: HTTP/1.1 200 OK
Oct 07, 2020 9:18:09 AM okhttp3.mockwebserver.MockWebServer$3 processOneRequest
INFO: MockWebServer[52233] received request: GET /apis/entando.org/v1/namespaces/entando-k8s-composite-app-controller-carcpr10/entandocompositeapps HTTP/1.1 and responded: HTTP/1.1 200 OK
Oct 07, 2020 9:18:09 AM okhttp3.mockwebserver.MockWebServer$3 processOneRequest
INFO: MockWebServer[52233] received request: GET /api/v1/namespaces/entando-k8s-composite-app-controller-carcpr10 HTTP/1.1 and responded: HTTP/1.1 200 OK
Oct 07, 2020 9:18:09 AM okhttp3.mockwebserver.MockWebServer$3 processOneRequest
INFO: MockWebServer[52233] received request: GET /apis/entando.org/v1/namespaces/entando-k8s-composite-app-controller-carcpr10/entandocompositeapps HTTP/1.1 and responded: HTTP/1.1 200 OK
Oct 07, 2020 9:18:09 AM okhttp3.mockwebserver.MockWebServer$3 processOneRequest
INFO: MockWebServer[52233] received request: POST /apis/entando.org/v1/namespaces/entando-k8s-composite-app-controller-carcpr10/entandocompositeapps HTTP/1.1 and responded: HTTP/1.1 202 OK
Oct 07, 2020 9:18:10 AM okhttp3.mockwebserver.MockWebServer$3 processOneRequest
INFO: MockWebServer[52233] received request: GET /api/v1/namespaces/entando-k8s-composite-app-controller-carcpr10 HTTP/1.1 and responded: HTTP/1.1 200 OK
Oct 07, 2020 9:18:10 AM okhttp3.mockwebserver.MockWebServer$3 processOneRequest
INFO: MockWebServer[52233] received request: GET /apis/entando.org/v1/namespaces/entando-k8s-composite-app-controller-carcpr10/entandocompositeapps HTTP/1.1 and responded: HTTP/1.1 200 OK
Oct 07, 2020 9:18:10 AM okhttp3.mockwebserver.MockWebServer$3 processOneRequest
INFO: MockWebServer[52233] received request: GET /api/v1/namespaces/entando-k8s-composite-app-controller-carcpr10 HTTP/1.1 and responded: HTTP/1.1 200 OK
Oct 07, 2020 9:18:10 AM okhttp3.mockwebserver.MockWebServer$3 processOneRequest
INFO: MockWebServer[52233] received request: GET /apis/entando.org/v1/namespaces/entando-k8s-composite-app-controller-carcpr10/entandocompositeapps HTTP/1.1 and responded: HTTP/1.1 200 OK
Oct 07, 2020 9:18:10 AM okhttp3.mockwebserver.MockWebServer$3 processOneRequest
INFO: MockWebServer[52233] received request: GET /apis/entando.org/v1/namespaces/entando-k8s-composite-app-controller-carcpr10/entandocompositeapps/my-app-carcpr10 HTTP/1.1 and responded: HTTP/1.1 200 OK
Oct 07, 2020 9:18:10 AM okhttp3.mockwebserver.MockWebServer$3 processOneRequest
INFO: MockWebServer[52233] received request: GET /apis/entando.org/v1/namespaces/entando-k8s-composite-app-controller-carcpr10/entandocompositeapps/my-app-carcpr10 HTTP/1.1 and responded: HTTP/1.1 200 OK
Oct 07, 2020 9:18:10 AM okhttp3.mockwebserver.MockWebServer$3 processOneRequest
INFO: MockWebServer[52233] received request: GET /apis/entando.org/v1/namespaces/entando-k8s-composite-app-controller-carcpr10/entandocompositeapps/my-app-carcpr10 HTTP/1.1 and responded: HTTP/1.1 200 OK
Oct 07, 2020 9:18:10 AM okhttp3.mockwebserver.MockWebServer$3 processOneRequest
INFO: MockWebServer[52233] received request: PATCH /apis/entando.org/v1/namespaces/entando-k8s-composite-app-controller-carcpr10/entandocompositeapps/my-app-carcpr10 HTTP/1.1 and responded: HTTP/1.1 202 OK
Oct 07, 2020 9:18:10 AM okhttp3.mockwebserver.MockWebServer$3 processOneRequest
INFO: MockWebServer[52233] received request: GET /api/v1/namespaces/entando/configmaps/entando-docker-image-info-v6.1 HTTP/1.1 and responded: HTTP/1.1 404 Client Error
Oct 07, 2020 9:18:10 AM okhttp3.mockwebserver.MockWebServer$3 processOneRequest
INFO: MockWebServer[52233] received request: GET /apis/apiextensions.k8s.io/v1beta1/customresourcedefinitions/entandodatabaseservices.entando.org HTTP/1.1 and responded: HTTP/1.1 404 Client Error
Oct 07, 2020 9:18:10 AM okhttp3.mockwebserver.MockWebServer$3 processOneRequest
INFO: MockWebServer[52233] received request: POST /apis/apiextensions.k8s.io/v1beta1/customresourcedefinitions HTTP/1.1 and responded: HTTP/1.1 202 OK
Oct 07, 2020 9:18:11 AM okhttp3.mockwebserver.MockWebServer$3 processOneRequest
INFO: MockWebServer[52233] received request: GET /api/v1/namespaces/entando-k8s-composite-app-controller-carcpr10 HTTP/1.1 and responded: HTTP/1.1 200 OK
Oct 07, 2020 9:18:11 AM okhttp3.mockwebserver.MockWebServer$3 processOneRequest
INFO: MockWebServer[52233] received request: GET /apis/entando.org/v1/namespaces/entando-k8s-composite-app-controller-carcpr10/entandodatabaseservices HTTP/1.1 and responded: HTTP/1.1 200 OK
Oct 07, 2020 9:18:11 AM okhttp3.mockwebserver.MockWebServer$3 processOneRequest
INFO: MockWebServer[52233] received request: GET /api/v1/namespaces/entando-k8s-composite-app-controller-carcpr10 HTTP/1.1 and responded: HTTP/1.1 200 OK
Oct 07, 2020 9:18:11 AM okhttp3.mockwebserver.MockWebServer$3 processOneRequest
INFO: MockWebServer[52233] received request: GET /apis/entando.org/v1/namespaces/entando-k8s-composite-app-controller-carcpr10/entandodatabaseservices HTTP/1.1 and responded: HTTP/1.1 200 OK
Oct 07, 2020 9:18:11 AM okhttp3.mockwebserver.MockWebServer$3 processOneRequest
INFO: MockWebServer[52233] received request: GET /apis/entando.org/v1/namespaces/entando-k8s-composite-app-controller-carcpr10/entandodatabaseservices/test-database HTTP/1.1 and responded: HTTP/1.1 404 Client Error
Oct 07, 2020 9:18:11 AM okhttp3.mockwebserver.MockWebServer$3 processOneRequest
INFO: MockWebServer[52233] received request: POST /apis/entando.org/v1/namespaces/entando-k8s-composite-app-controller-carcpr10/entandodatabaseservices HTTP/1.1 and responded: HTTP/1.1 202 OK
Oct 07, 2020 9:18:11 AM okhttp3.mockwebserver.MockWebServer$3 processOneRequest
INFO: MockWebServer[52233] received request: GET /api/v1/namespaces/entando/configmaps/entando-docker-image-info-v6.1 HTTP/1.1 and responded: HTTP/1.1 404 Client Error
Oct 07, 2020 9:18:11 AM okhttp3.mockwebserver.MockWebServer$3 processOneRequest
INFO: MockWebServer[52233] received request: GET /apis/entando.org/v1/namespaces/entando-k8s-composite-app-controller-carcpr10/entandodatabaseservices/test-database HTTP/1.1 and responded: HTTP/1.1 200 OK
Oct 07, 2020 9:18:11 AM okhttp3.mockwebserver.MockWebServer$3 processOneRequest
INFO: MockWebServer[52233] received request: GET /apis/entando.org/v1/namespaces/entando-k8s-composite-app-controller-carcpr10/entandodatabaseservices/test-database HTTP/1.1 and responded: HTTP/1.1 200 OK
Oct 07, 2020 9:18:11 AM okhttp3.mockwebserver.MockWebServer$3 processOneRequest
INFO: MockWebServer[52233] received request: PATCH /apis/entando.org/v1/namespaces/entando-k8s-composite-app-controller-carcpr10/entandodatabaseservices/test-database HTTP/1.1 and responded: HTTP/1.1 202 OK
Oct 07, 2020 9:18:11 AM okhttp3.mockwebserver.MockWebServer$3 processOneRequest
INFO: MockWebServer[52233] received request: GET /api/v1/namespaces/entando-k8s-composite-app-controller-carcpr10/services/test-database-service HTTP/1.1 and responded: HTTP/1.1 404 Client Error
Oct 07, 2020 9:18:12 AM okhttp3.mockwebserver.MockWebServer$3 processOneRequest
INFO: MockWebServer[52233] received request: POST /api/v1/namespaces/entando-k8s-composite-app-controller-carcpr10/services HTTP/1.1 and responded: HTTP/1.1 202 OK
Oct 07, 2020 9:18:12 AM okhttp3.mockwebserver.MockWebServer$3 processOneRequest
INFO: MockWebServer[52233] received request: GET /apis/entando.org/v1/namespaces/entando-k8s-composite-app-controller-carcpr10/entandodatabaseservices/test-database HTTP/1.1 and responded: HTTP/1.1 200 OK
Oct 07, 2020 9:18:12 AM okhttp3.mockwebserver.MockWebServer$3 processOneRequest
INFO: MockWebServer[52233] received request: GET /apis/entando.org/v1/namespaces/entando-k8s-composite-app-controller-carcpr10/entandodatabaseservices/test-database HTTP/1.1 and responded: HTTP/1.1 200 OK
Oct 07, 2020 9:18:12 AM okhttp3.mockwebserver.MockWebServer$3 processOneRequest
INFO: MockWebServer[52233] received request: PATCH /apis/entando.org/v1/namespaces/entando-k8s-composite-app-controller-carcpr10/entandodatabaseservices/test-database HTTP/1.1 and responded: HTTP/1.1 202 OK
Oct 07, 2020 9:18:12 AM okhttp3.mockwebserver.MockWebServer$3 processOneRequest
INFO: MockWebServer[52233] received request: GET /apis/entando.org/v1/namespaces/entando-k8s-composite-app-controller-carcpr10/entandocompositeapps/my-app-carcpr10 HTTP/1.1 and responded: HTTP/1.1 200 OK
Oct 07, 2020 9:18:12 AM okhttp3.mockwebserver.MockWebServer$3 processOneRequest
INFO: MockWebServer[52233] received request: GET /apis/entando.org/v1/namespaces/entando-k8s-composite-app-controller-carcpr10/entandocompositeapps/my-app-carcpr10 HTTP/1.1 and responded: HTTP/1.1 200 OK
Oct 07, 2020 9:18:12 AM okhttp3.mockwebserver.MockWebServer$3 processOneRequest
INFO: MockWebServer[52233] received request: PATCH /apis/entando.org/v1/namespaces/entando-k8s-composite-app-controller-carcpr10/entandocompositeapps/my-app-carcpr10 HTTP/1.1 and responded: HTTP/1.1 202 OK
Oct 07, 2020 9:18:12 AM okhttp3.mockwebserver.MockWebServer$3 processOneRequest
INFO: MockWebServer[52233] received request: GET /api/v1/namespaces/entando-k8s-composite-app-controller-carcpr10/services?labelSelector=EntandoDatabaseService%3Dtest-database HTTP/1.1 and responded: HTTP/1.1 200 OK
Oct 07, 2020 9:18:12 AM okhttp3.mockwebserver.MockWebServer$3 processOneRequest
INFO: MockWebServer[52233] received request: GET /api/v1/namespaces/entando-k8s-composite-app-controller-carcpr10/services?labelSelector=EntandoDatabaseService%3Dtest-database HTTP/1.1 and responded: HTTP/1.1 200 OK
Oct 07, 2020 9:18:13 AM okhttp3.mockwebserver.MockWebServer$3 processOneRequest
INFO: MockWebServer[52233] received request: GET /api/v1/namespaces/entando-k8s-composite-app-controller-carcpr10 HTTP/1.1 and responded: HTTP/1.1 200 OK
Oct 07, 2020 9:18:13 AM okhttp3.mockwebserver.MockWebServer$3 processOneRequest
INFO: MockWebServer[52233] received request: GET /apis/entando.org/v1/namespaces/entando-k8s-composite-app-controller-carcpr10/entandodatabaseservices HTTP/1.1 and responded: HTTP/1.1 200 OK
Oct 07, 2020 9:18:13 AM okhttp3.mockwebserver.MockWebServer$3 processOneRequest
INFO: MockWebServer[52233] received request: GET /api/v1/namespaces/entando-k8s-composite-app-controller-carcpr10 HTTP/1.1 and responded: HTTP/1.1 200 OK
Oct 07, 2020 9:18:13 AM okhttp3.mockwebserver.MockWebServer$3 processOneRequest
INFO: MockWebServer[52233] received request: GET /apis/entando.org/v1/namespaces/entando-k8s-composite-app-controller-carcpr10/entandodatabaseservices HTTP/1.1 and responded: HTTP/1.1 200 OK
Oct 07, 2020 9:18:13 AM okhttp3.mockwebserver.MockWebServer$3 processOneRequest
INFO: MockWebServer[52233] received request: GET /apis/entando.org/v1/namespaces/entando-k8s-composite-app-controller-carcpr10/entandodatabaseservices/test-database HTTP/1.1 and responded: HTTP/1.1 200 OK
Oct 07, 2020 9:18:13 AM okhttp3.mockwebserver.MockWebServer$3 processOneRequest
INFO: MockWebServer[52233] received request: GET /api/v1/namespaces/entando-k8s-composite-app-controller-carcpr10 HTTP/1.1 and responded: HTTP/1.1 200 OK
Oct 07, 2020 9:18:13 AM okhttp3.mockwebserver.MockWebServer$3 processOneRequest
INFO: MockWebServer[52233] received request: GET /apis/entando.org/v1/namespaces/entando-k8s-composite-app-controller-carcpr10/entandocompositeapps HTTP/1.1 and responded: HTTP/1.1 200 OK
Oct 07, 2020 9:18:13 AM okhttp3.mockwebserver.MockWebServer$3 processOneRequest
INFO: MockWebServer[52233] received request: GET /api/v1/namespaces/entando-k8s-composite-app-controller-carcpr10 HTTP/1.1 and responded: HTTP/1.1 200 OK
Oct 07, 2020 9:18:13 AM okhttp3.mockwebserver.MockWebServer$3 processOneRequest
INFO: MockWebServer[52233] received request: GET /apis/entando.org/v1/namespaces/entando-k8s-composite-app-controller-carcpr10/entandocompositeapps HTTP/1.1 and responded: HTTP/1.1 200 OK
Oct 07, 2020 9:18:13 AM okhttp3.mockwebserver.MockWebServer$3 processOneRequest
INFO: MockWebServer[52233] received request: GET /apis/entando.org/v1/namespaces/entando-k8s-composite-app-controller-carcpr10/entandocompositeapps/my-app-carcpr10 HTTP/1.1 and responded: HTTP/1.1 200 OK
Oct 07, 2020 9:18:13 AM okhttp3.mockwebserver.MockWebServer$2 acceptConnections
INFO: MockWebServer[52233] done accepting connections: Socket closed
Oct 07, 2020 9:18:14 AM okhttp3.mockwebserver.MockWebServer$2 e**cute
INFO: MockWebServer[56227] starting to accept connections
Oct 07, 2020 9:18:14 AM okhttp3.mockwebserver.MockWebServer$3 processOneRequest
INFO: MockWebServer[56227] received request: GET /api/v1/namespaces/entando HTTP/1.1 and responded: HTTP/1.1 404 Client Error
Oct 07, 2020 9:18:14 AM okhttp3.mockwebserver.MockWebServer$3 processOneRequest
INFO: MockWebServer[56227] received request: POST /api/v1/namespaces HTTP/1.1 and responded: HTTP/1.1 202 OK
Oct 07, 2020 9:18:14 AM okhttp3.mockwebserver.MockWebServer$3 processOneRequest
INFO: MockWebServer[56227] received request: GET /api/v1/namespaces/entando-k8s-composite-app-controller-carcpr10 HTTP/1.1 and responded: HTTP/1.1 404 Client Error
Oct 07, 2020 9:18:14 AM okhttp3.mockwebserver.MockWebServer$3 processOneRequest
INFO: MockWebServer[56227] received request: POST /api/v1/namespaces HTTP/1.1 and responded: HTTP/1.1 202 OK
Oct 07, 2020 9:18:14 AM okhttp3.mockwebserver.MockWebServer$3 processOneRequest
INFO: MockWebServer[56227] received request: GET /api/v1/namespaces/entando/configmaps/entando-docker-image-info-v6.1 HTTP/1.1 and responded: HTTP/1.1 404 Client Error
Oct 07, 2020 9:18:14 AM okhttp3.mockwebserver.MockWebServer$3 processOneRequest
INFO: MockWebServer[56227] received request: GET /api/v1/namespaces/entando/configmaps/entando-docker-image-info-v6.1 HTTP/1.1 and responded: HTTP/1.1 404 Client Error
Oct 07, 2020 9:18:14 AM okhttp3.mockwebserver.MockWebServer$3 processOneRequest
INFO: MockWebServer[56227] received request: POST /api/v1/namespaces/entando/configmaps HTTP/1.1 and responded: HTTP/1.1 202 OK
Oct 07, 2020 9:18:14 AM okhttp3.mockwebserver.MockWebServer$3 processOneRequest
INFO: MockWebServer[56227] received request: GET /api/v1/namespaces/entando/configmaps/entando-docker-image-info-v6.1 HTTP/1.1 and responded: HTTP/1.1 200 OK
Oct 07, 2020 9:18:14 AM okhttp3.mockwebserver.MockWebServer$3 processOneRequest
INFO: MockWebServer[56227] received request: GET /api/v1/namespaces/entando/configmaps/entando-docker-image-info-v6.1 HTTP/1.1 and responded: HTTP/1.1 200 OK
Oct 07, 2020 9:18:14 AM okhttp3.mockwebserver.MockWebServer$3 processOneRequest
INFO: MockWebServer[56227] received request: GET /api/v1/namespaces/entando/configmaps/entando-docker-image-info-v6.1 HTTP/1.1 and responded: HTTP/1.1 200 OK
Oct 07, 2020 9:18:14 AM okhttp3.mockwebserver.MockWebServer$3 processOneRequest
INFO: MockWebServer[56227] received request: PATCH /api/v1/namespaces/entando/configmaps/entando-docker-image-info-v6.1 HTTP/1.1 and responded: HTTP/1.1 202 OK
Oct 07, 2020 9:18:15 AM okhttp3.mockwebserver.MockWebServer$3 processOneRequest
INFO: MockWebServer[56227] received request: GET /api/v1/namespaces/entando-k8s-composite-app-controller-carcpr10 HTTP/1.1 and responded: HTTP/1.1 200 OK
Oct 07, 2020 9:18:15 AM okhttp3.mockwebserver.MockWebServer$3 processOneRequest
INFO: MockWebServer[56227] received request: GET /apis/entando.org/v1/namespaces/entando-k8s-composite-app-controller-carcpr10/entandocompositeapps HTTP/1.1 and responded: HTTP/1.1 200 OK
Oct 07, 2020 9:18:15 AM okhttp3.mockwebserver.MockWebServer$3 processOneRequest
INFO: MockWebServer[56227] received request: GET /api/v1/namespaces/entando-k8s-composite-app-controller-carcpr10 HTTP/1.1 and responded: HTTP/1.1 200 OK
Oct 07, 2020 9:18:15 AM okhttp3.mockwebserver.MockWebServer$3 processOneRequest
INFO: MockWebServer[56227] received request: GET /apis/entando.org/v1/namespaces/entando-k8s-composite-app-controller-carcpr10/entandocompositeapps HTTP/1.1 and responded: HTTP/1.1 200 OK
Oct 07, 2020 9:18:15 AM okhttp3.mockwebserver.MockWebServer$3 processOneRequest
INFO: MockWebServer[56227] received request: POST /apis/entando.org/v1/namespaces/entando-k8s-composite-app-controller-carcpr10/entandocompositeapps HTTP/1.1 and responded: HTTP/1.1 202 OK
Oct 07, 2020 9:18:15 AM okhttp3.mockwebserver.MockWebServer$3 processOneRequest
INFO: MockWebServer[56227] received request: GET /api/v1/namespaces/entando-k8s-composite-app-controller-carcpr10 HTTP/1.1 and responded: HTTP/1.1 200 OK
Oct 07, 2020 9:18:16 AM okhttp3.mockwebserver.MockWebServer$3 processOneRequest
INFO: MockWebServer[56227] received request: GET /apis/entando.org/v1/namespaces/entando-k8s-composite-app-controller-carcpr10/entandocompositeapps HTTP/1.1 and responded: HTTP/1.1 200 OK
Oct 07, 2020 9:18:16 AM okhttp3.mockwebserver.MockWebServer$3 processOneRequest
INFO: MockWebServer[56227] received request: GET /api/v1/namespaces/entando-k8s-composite-app-controller-carcpr10 HTTP/1.1 and responded: HTTP/1.1 200 OK
Oct 07, 2020 9:18:16 AM okhttp3.mockwebserver.MockWebServer$3 processOneRequest
INFO: MockWebServer[56227] received request: GET /apis/entando.org/v1/namespaces/entando-k8s-composite-app-controller-carcpr10/entandocompositeapps HTTP/1.1 and responded: HTTP/1.1 200 OK
Oct 07, 2020 9:18:16 AM okhttp3.mockwebserver.MockWebServer$3 processOneRequest
INFO: MockWebServer[56227] received request: GET /apis/entando.org/v1/namespaces/entando-k8s-composite-app-controller-carcpr10/entandocompositeapps/my-app-carcpr10 HTTP/1.1 and responded: HTTP/1.1 200 OK
Oct 07, 2020 9:18:16 AM okhttp3.mockwebserver.MockWebServer$3 processOneRequest
INFO: MockWebServer[56227] received request: GET /apis/entando.org/v1/namespaces/entando-k8s-composite-app-controller-carcpr10/entandocompositeapps/my-app-carcpr10 HTTP/1.1 and responded: HTTP/1.1 200 OK
Oct 07, 2020 9:18:16 AM okhttp3.mockwebserver.MockWebServer$3 processOneRequest
INFO: MockWebServer[56227] received request: GET /apis/entando.org/v1/namespaces/entando-k8s-composite-app-controller-carcpr10/entandocompositeapps/my-app-carcpr10 HTTP/1.1 and responded: HTTP/1.1 200 OK
Oct 07, 2020 9:18:16 AM okhttp3.mockwebserver.MockWebServer$3 processOneRequest
INFO: MockWebServer[56227] received request: PATCH /apis/entando.org/v1/namespaces/entando-k8s-composite-app-controller-carcpr10/entandocompositeapps/my-app-carcpr10 HTTP/1.1 and responded: HTTP/1.1 202 OK
Oct 07, 2020 9:18:16 AM okhttp3.mockwebserver.MockWebServer$3 processOneRequest
INFO: MockWebServer[56227] received request: GET /api/v1/namespaces/entando/configmaps/entando-docker-image-info-v6.1 HTTP/1.1 and responded: HTTP/1.1 200 OK
Oct 07, 2020 9:18:16 AM okhttp3.mockwebserver.MockWebServer$3 processOneRequest
INFO: MockWebServer[56227] received request: GET /apis/apiextensions.k8s.io/v1beta1/customresourcedefinitions/entandokeycloakservers.entando.org HTTP/1.1 and responded: HTTP/1.1 404 Client Error
Oct 07, 2020 9:18:16 AM okhttp3.mockwebserver.MockWebServer$3 processOneRequest
INFO: MockWebServer[56227] received request: POST /apis/apiextensions.k8s.io/v1beta1/customresourcedefinitions HTTP/1.1 and responded: HTTP/1.1 202 OK
Oct 07, 2020 9:18:16 AM okhttp3.mockwebserver.MockWebServer$3 processOneRequest
INFO: MockWebServer[56227] received request: GET /api/v1/namespaces/entando-k8s-composite-app-controller-carcpr10 HTTP/1.1 and responded: HTTP/1.1 200 OK
Oct 07, 2020 9:18:17 AM okhttp3.mockwebserver.MockWebServer$3 processOneRequest
INFO: MockWebServer[56227] received request: GET /apis/entando.org/v1/namespaces/entando-k8s-composite-app-controller-carcpr10/entandokeycloakservers HTTP/1.1 and responded: HTTP/1.1 200 OK
Oct 07, 2020 9:18:17 AM okhttp3.mockwebserver.MockWebServer$3 processOneRequest
INFO: MockWebServer[56227] received request: GET /api/v1/namespaces/entando-k8s-composite-app-controller-carcpr10 HTTP/1.1 and responded: HTTP/1.1 200 OK
Oct 07, 2020 9:18:17 AM okhttp3.mockwebserver.MockWebServer$3 processOneRequest
INFO: MockWebServer[56227] received request: GET /apis/entando.org/v1/namespaces/entando-k8s-composite-app-controller-carcpr10/entandokeycloakservers HTTP/1.1 and responded: HTTP/1.1 200 OK
Oct 07, 2020 9:18:17 AM okhttp3.mockwebserver.MockWebServer$3 processOneRequest
INFO: MockWebServer[56227] received request: GET /apis/entando.org/v1/namespaces/entando-k8s-composite-app-controller-carcpr10/entandokeycloakservers/test-keycloak-carcpr10 HTTP/1.1 and responded: HTTP/1.1 404 Client Error
Oct 07, 2020 9:18:17 AM okhttp3.mockwebserver.MockWebServer$3 processOneRequest
INFO: MockWebServer[56227] received request: POST /apis/entando.org/v1/namespaces/entando-k8s-composite-app-controller-carcpr10/entandokeycloakservers HTTP/1.1 and responded: HTTP/1.1 202 OK
Oct 07, 2020 9:18:17 AM okhttp3.mockwebserver.MockWebServer$3 processOneRequest
INFO: MockWebServer[56227] received request: GET /api/v1/namespaces/entando-k8s-composite-app-controller-carcpr10/secrets/test-keycloak-carcpr10-controller-ca-cert-secret HTTP/1.1 and responded: HTTP/1.1 404 Client Error
Oct 07, 2020 9:18:17 AM okhttp3.mockwebserver.MockWebServer$3 processOneRequest
INFO: MockWebServer[56227] received request: POST /api/v1/namespaces/entando-k8s-composite-app-controller-carcpr10/secrets HTTP/1.1 and responded: HTTP/1.1 202 OK
Oct 07, 2020 9:18:18 AM okhttp3.mockwebserver.MockWebServer$3 processOneRequest
INFO: MockWebServer[56227] received request: POST /api/v1/namespaces/entando-k8s-composite-app-controller-carcpr10/pods HTTP/1.1 and responded: HTTP/1.1 202 OK
Oct 07, 2020 9:18:18 AM okhttp3.mockwebserver.MockWebServer$3 processOneRequest
INFO: MockWebServer[56227] received request: GET /api/v1/namespaces/entando-k8s-composite-app-controller-carcpr10/pods?fieldSelector=metadata.name%3Dtest-keycloak-carcpr10-deployer-mmhikeep4c&watch=true HTTP/1.1 and responded: HTTP/1.1 200 OK
Oct 07, 2020 9:18:18 AM okhttp3.mockwebserver.MockWebServer$3 processOneRequest
INFO: MockWebServer[56227] received request: GET /api/v1/namespaces/entando-k8s-composite-app-controller-carcpr10/pods?fieldSelector=metadata.name%3Dtest-keycloak-carcpr10-deployer-mmhikeep4c&watch=true HTTP/1.1 and responded: HTTP/1.1 200 OK
Oct 07, 2020 9:18:18 AM okhttp3.mockwebserver.MockWebServer$3 processOneRequest
INFO: MockWebServer[56227] received request: GET /api/v1/namespaces/entando-k8s-composite-app-controller-carcpr10/pods?labelSelector=EntandoKeycloakServer%3Dtest-keycloak-carcpr10 HTTP/1.1 and responded: HTTP/1.1 200 OK
Oct 07, 2020 9:18:18 AM io.fabric8.kubernetes.client.dsl.internal.WatchHTTPManager$1 onResponse
INFO: Watch terminated unexpectedly. reason: \n not found: limit=1305 content=7b2261706956657273696f6e223a227631222c226b696e64223a224c69737422â€¦
Oct 07, 2020 9:18:19 AM io.fabric8.kubernetes.client.dsl.internal.WatchHTTPManager$1 onResponse
INFO: Watch terminated unexpectedly. reason: \n not found: limit=1305 content=7b2261706956657273696f6e223a227631222c226b696e64223a224c69737422â€¦
Oct 07, 2020 9:18:19 AM io.fabric8.kubernetes.client.dsl.internal.WatchHTTPManager scheduleReconnect
WARN: Ignoring error for already closed/closing connection
Oct 07, 2020 9:18:19 AM okhttp3.mockwebserver.MockWebServer$3 processOneRequest
INFO: MockWebServer[56227] received request: GET /api/v1/namespaces/entando-k8s-composite-app-controller-carcpr10/pods?fieldSelector=metadata.name%3Dtest-keycloak-carcpr10-deployer-mmhikeep4c&watch=true HTTP/1.1 and responded: HTTP/1.1 200 OK
Oct 07, 2020 9:18:19 AM okhttp3.mockwebserver.MockWebServer$3 processOneRequest
INFO: MockWebServer[56227] received request: GET /apis/entando.org/v1/namespaces/entando-k8s-composite-app-controller-carcpr10/entandocompositeapps/my-app-carcpr10 HTTP/1.1 and responded: HTTP/1.1 200 OK
Oct 07, 2020 9:18:19 AM okhttp3.mockwebserver.MockWebServer$3 processOneRequest
INFO: MockWebServer[56227] received request: GET /apis/entando.org/v1/namespaces/entando-k8s-composite-app-controller-carcpr10/entandocompositeapps/my-app-carcpr10 HTTP/1.1 and responded: HTTP/1.1 200 OK
Oct 07, 2020 9:18:19 AM okhttp3.mockwebserver.MockWebServer$3 processOneRequest
INFO: MockWebServer[56227] received request: PATCH /apis/entando.org/v1/namespaces/entando-k8s-composite-app-controller-carcpr10/entandocompositeapps/my-app-carcpr10 HTTP/1.1 and responded: HTTP/1.1 202 OK
Oct 07, 2020 9:18:19 AM okhttp3.mockwebserver.MockWebServer$3 processOneRequest
INFO: MockWebServer[56227] received request: GET /apis/apiextensions.k8s.io/v1beta1/customresourcedefinitions/entandoplugins.entando.org HTTP/1.1 and responded: HTTP/1.1 404 Client Error
Oct 07, 2020 9:18:19 AM okhttp3.mockwebserver.MockWebServer$3 processOneRequest
INFO: MockWebServer[56227] received request: POST /apis/apiextensions.k8s.io/v1beta1/customresourcedefinitions HTTP/1.1 and responded: HTTP/1.1 202 OK
Oct 07, 2020 9:18:19 AM okhttp3.mockwebserver.MockWebServer$3 processOneRequest
INFO: MockWebServer[56227] received request: GET /api/v1/namespaces/entando-k8s-composite-app-controller-carcpr10 HTTP/1.1 and responded: HTTP/1.1 200 OK
Oct 07, 2020 9:18:19 AM okhttp3.mockwebserver.MockWebServer$3 processOneRequest
INFO: MockWebServer[56227] received request: GET /apis/entando.org/v1/namespaces/entando-k8s-composite-app-controller-carcpr10/entandoplugins HTTP/1.1 and responded: HTTP/1.1 200 OK
Oct 07, 2020 9:18:20 AM okhttp3.mockwebserver.MockWebServer$3 processOneRequest
INFO: MockWebServer[56227] received request: GET /api/v1/namespaces/entando-k8s-composite-app-controller-carcpr10 HTTP/1.1 and responded: HTTP/1.1 200 OK
Oct 07, 2020 9:18:20 AM okhttp3.mockwebserver.MockWebServer$3 processOneRequest
INFO: MockWebServer[56227] received request: GET /apis/entando.org/v1/namespaces/entando-k8s-composite-app-controller-carcpr10/entandoplugins HTTP/1.1 and responded: HTTP/1.1 200 OK
Oct 07, 2020 9:18:20 AM okhttp3.mockwebserver.MockWebServer$3 processOneRequest
INFO: MockWebServer[56227] received request: GET /apis/entando.org/v1/namespaces/entando-k8s-composite-app-controller-carcpr10/entandoplugins/test-plugin-carcpr10 HTTP/1.1 and responded: HTTP/1.1 404 Client Error
Oct 07, 2020 9:18:20 AM okhttp3.mockwebserver.MockWebServer$3 processOneRequest
INFO: MockWebServer[56227] received request: POST /apis/entando.org/v1/namespaces/entando-k8s-composite-app-controller-carcpr10/entandoplugins HTTP/1.1 and responded: HTTP/1.1 202 OK
Oct 07, 2020 9:18:20 AM okhttp3.mockwebserver.MockWebServer$3 processOneRequest
INFO: MockWebServer[56227] received request: GET /api/v1/namespaces/entando-k8s-composite-app-controller-carcpr10/secrets/test-plugin-carcpr10-controller-ca-cert-secret HTTP/1.1 and responded: HTTP/1.1 404 Client Error
Oct 07, 2020 9:18:20 AM okhttp3.mockwebserver.MockWebServer$3 processOneRequest
INFO: MockWebServer[56227] received request: POST /api/v1/namespaces/entando-k8s-composite-app-controller-carcpr10/secrets HTTP/1.1 and responded: HTTP/1.1 202 OK
Oct 07, 2020 9:18:20 AM okhttp3.mockwebserver.MockWebServer$3 processOneRequest
INFO: MockWebServer[56227] received request: POST /api/v1/namespaces/entando-k8s-composite-app-controller-carcpr10/pods HTTP/1.1 and responded: HTTP/1.1 202 OK
Oct 07, 2020 9:18:20 AM okhttp3.mockwebserver.MockWebServer$3 processOneRequest
INFO: MockWebServer[56227] received request: GET /api/v1/namespaces/entando-k8s-composite-app-controller-carcpr10/pods?fieldSelector=metadata.name%3Dtest-plugin-carcpr10-deployer-**iuyttxm4&watch=true HTTP/1.1 and responded: HTTP/1.1 200 OK
Oct 07, 2020 9:18:20 AM okhttp3.mockwebserver.MockWebServer$3 processOneRequest
INFO: MockWebServer[56227] received request: GET /api/v1/namespaces/entando-k8s-composite-app-controller-carcpr10/pods?labelSelector=EntandoPlugin%3Dtest-plugin-carcpr10 HTTP/1.1 and responded: HTTP/1.1 200 OK
Oct 07, 2020 9:18:20 AM okhttp3.mockwebserver.MockWebServer$3 processOneRequest
INFO: MockWebServer[56227] received request: GET /api/v1/namespaces/entando-k8s-composite-app-controller-carcpr10/pods?fieldSelector=metadata.name%3Dtest-plugin-carcpr10-deployer-**iuyttxm4&watch=true HTTP/1.1 and responded: HTTP/1.1 200 OK
Oct 07, 2020 9:18:20 AM okhttp3.mockwebserver.MockWebServer$3 processOneRequest
INFO: MockWebServer[56227] received request: GET /apis/entando.org/v1/namespaces/entando-k8s-composite-app-controller-carcpr10/entandocompositeapps/my-app-carcpr10 HTTP/1.1 and responded: HTTP/1.1 200 OK
Oct 07, 2020 9:18:20 AM io.fabric8.kubernetes.client.dsl.internal.WatchHTTPManager$1 onResponse
INFO: Watch terminated unexpectedly. reason: \n not found: limit=2539 content=7b2261706956657273696f6e223a227631222c226b696e64223a224c69737422â€¦
Oct 07, 2020 9:18:20 AM io.fabric8.kubernetes.client.dsl.internal.WatchHTTPManager scheduleReconnect
WARN: Ignoring error for already closed/closing connection
Oct 07, 2020 9:18:20 AM okhttp3.mockwebserver.MockWebServer$3 processOneRequest
INFO: MockWebServer[56227] received request: GET /apis/entando.org/v1/namespaces/entando-k8s-composite-app-controller-carcpr10/entandocompositeapps/my-app-carcpr10 HTTP/1.1 and responded: HTTP/1.1 200 OK
Oct 07, 2020 9:18:20 AM okhttp3.mockwebserver.MockWebServer$3 processOneRequest
INFO: MockWebServer[56227] received request: PATCH /apis/entando.org/v1/namespaces/entando-k8s-composite-app-controller-carcpr10/entandocompositeapps/my-app-carcpr10 HTTP/1.1 and responded: HTTP/1.1 202 OK
Oct 07, 2020 9:18:21 AM okhttp3.mockwebserver.MockWebServer$3 processOneRequest
INFO: MockWebServer[56227] received request: GET /apis/entando.org/v1/namespaces/entando-k8s-composite-app-controller-carcpr10/entandocompositeapps/my-app-carcpr10 HTTP/1.1 and responded: HTTP/1.1 200 OK
Oct 07, 2020 9:18:21 AM okhttp3.mockwebserver.MockWebServer$3 processOneRequest
INFO: MockWebServer[56227] received request: GET /apis/entando.org/v1/namespaces/entando-k8s-composite-app-controller-carcpr10/entandocompositeapps/my-app-carcpr10 HTTP/1.1 and responded: HTTP/1.1 200 OK
Oct 07, 2020 9:18:21 AM okhttp3.mockwebserver.MockWebServer$3 processOneRequest
INFO: MockWebServer[56227] received request: PATCH /apis/entando.org/v1/namespaces/entando-k8s-composite-app-controller-carcpr10/entandocompositeapps/my-app-carcpr10 HTTP/1.1 and responded: HTTP/1.1 202 OK
Oct 07, 2020 9:18:21 AM okhttp3.mockwebserver.MockWebServer$3 processOneRequest
INFO: MockWebServer[56227] received request: GET /api/v1/namespaces/entando-k8s-composite-app-controller-carcpr10/pods?labelSelector=EntandoResourceKind%3DEntandoKeycloakServer%2CEntandoKeycloakServer%3Dtest-keycloak-carcpr10 HTTP/1.1 and responded: HTTP/1.1 200 OK
Oct 07, 2020 9:18:21 AM okhttp3.mockwebserver.MockWebServer$3 processOneRequest
INFO: MockWebServer[56227] received request: GET /api/v1/namespaces/entando-k8s-composite-app-controller-carcpr10/pods?labelSelector=EntandoResourceKind%3DEntandoKeycloakServer%2CEntandoKeycloakServer%3Dtest-keycloak-carcpr10 HTTP/1.1 and responded: HTTP/1.1 200 OK
Oct 07, 2020 9:18:21 AM okhttp3.mockwebserver.MockWebServer$3 processOneRequest
INFO: MockWebServer[56227] received request: GET /api/v1/namespaces/entando-k8s-composite-app-controller-carcpr10 HTTP/1.1 and responded: HTTP/1.1 200 OK
Oct 07, 2020 9:18:21 AM okhttp3.mockwebserver.MockWebServer$3 processOneRequest
INFO: MockWebServer[56227] received request: GET /apis/entando.org/v1/namespaces/entando-k8s-composite-app-controller-carcpr10/entandokeycloakservers HTTP/1.1 and responded: HTTP/1.1 200 OK
Oct 07, 2020 9:18:21 AM okhttp3.mockwebserver.MockWebServer$3 processOneRequest
INFO: MockWebServer[56227] received request: GET /api/v1/namespaces/entando-k8s-composite-app-controller-carcpr10 HTTP/1.1 and responded: HTTP/1.1 200 OK
Oct 07, 2020 9:18:21 AM okhttp3.mockwebserver.MockWebServer$3 processOneRequest
INFO: MockWebServer[56227] received request: GET /apis/entando.org/v1/namespaces/entando-k8s-composite-app-controller-carcpr10/entandokeycloakservers HTTP/1.1 and responded: HTTP/1.1 200 OK
Oct 07, 2020 9:18:21 AM okhttp3.mockwebserver.MockWebServer$3 processOneRequest
INFO: MockWebServer[56227] received request: GET /apis/entando.org/v1/namespaces/entando-k8s-composite-app-controller-carcpr10/entandokeycloakservers/test-keycloak-carcpr10 HTTP/1.1 and responded: HTTP/1.1 200 OK
Oct 07, 2020 9:18:22 AM okhttp3.mockwebserver.MockWebServer$3 processOneRequest
INFO: MockWebServer[56227] received request: GET /api/v1/namespaces/entando-k8s-composite-app-controller-carcpr10 HTTP/1.1 and responded: HTTP/1.1 200 OK
Oct 07, 2020 9:18:22 AM okhttp3.mockwebserver.MockWebServer$3 processOneRequest
INFO: MockWebServer[56227] received request: GET /apis/entando.org/v1/namespaces/entando-k8s-composite-app-controller-carcpr10/entandocompositeapps HTTP/1.1 and responded: HTTP/1.1 200 OK
Oct 07, 2020 9:18:22 AM okhttp3.mockwebserver.MockWebServer$3 processOneRequest
INFO: MockWebServer[56227] received request: GET /api/v1/namespaces/entando-k8s-composite-app-controller-carcpr10 HTTP/1.1 and responded: HTTP/1.1 200 OK
Oct 07, 2020 9:18:22 AM okhttp3.mockwebserver.MockWebServer$3 processOneRequest
INFO: MockWebServer[56227] received request: GET /apis/entando.org/v1/namespaces/entando-k8s-composite-app-controller-carcpr10/entandocompositeapps HTTP/1.1 and responded: HTTP/1.1 200 OK
Oct 07, 2020 9:18:22 AM okhttp3.mockwebserver.MockWebServer$3 processOneRequest
INFO: MockWebServer[56227] received request: GET /apis/entando.org/v1/namespaces/entando-k8s-composite-app-controller-carcpr10/entandocompositeapps/my-app-carcpr10 HTTP/1.1 and responded: HTTP/1.1 200 OK
Oct 07, 2020 9:18:22 AM okhttp3.mockwebserver.MockWebServer$3 processOneRequest
INFO: MockWebServer[56227] received request: GET /api/v1/namespaces/entando-k8s-composite-app-controller-carcpr10/pods?labelSelector=EntandoPlugin%3Dtest-plugin-carcpr10%2CEntandoResourceKind%3DEntandoPlugin HTTP/1.1 and responded: HTTP/1.1 200 OK
Oct 07, 2020 9:18:22 AM okhttp3.mockwebserver.MockWebServer$3 processOneRequest
INFO: MockWebServer[56227] received request: GET /api/v1/namespaces/entando-k8s-composite-app-controller-carcpr10/pods?labelSelector=EntandoPlugin%3Dtest-plugin-carcpr10%2CEntandoResourceKind%3DEntandoPlugin HTTP/1.1 and responded: HTTP/1.1 200 OK
Oct 07, 2020 9:18:22 AM okhttp3.mockwebserver.MockWebServer$3 processOneRequest
INFO: MockWebServer[56227] received request: GET /api/v1/namespaces/entando-k8s-composite-app-controller-carcpr10 HTTP/1.1 and responded: HTTP/1.1 200 OK
Oct 07, 2020 9:18:22 AM okhttp3.mockwebserver.MockWebServer$3 processOneRequest
INFO: MockWebServer[56227] received request: GET /apis/entando.org/v1/namespaces/entando-k8s-composite-app-controller-carcpr10/entandoplugins HTTP/1.1 and responded: HTTP/1.1 200 OK
Oct 07, 2020 9:18:22 AM okhttp3.mockwebserver.MockWebServer$3 processOneRequest
INFO: MockWebServer[56227] received request: GET /api/v1/namespaces/entando-k8s-composite-app-controller-carcpr10 HTTP/1.1 and responded: HTTP/1.1 200 OK
Oct 07, 2020 9:18:23 AM okhttp3.mockwebserver.MockWebServer$3 processOneRequest
INFO: MockWebServer[56227] received request: GET /apis/entando.org/v1/namespaces/entando-k8s-composite-app-controller-carcpr10/entandoplugins HTTP/1.1 and responded: HTTP/1.1 200 OK
Oct 07, 2020 9:18:23 AM okhttp3.mockwebserver.MockWebServer$3 processOneRequest
INFO: MockWebServer[56227] received request: GET /apis/entando.org/v1/namespaces/entando-k8s-composite-app-controller-carcpr10/entandoplugins/test-plugin-carcpr10 HTTP/1.1 and responded: HTTP/1.1 200 OK
Oct 07, 2020 9:18:23 AM okhttp3.mockwebserver.MockWebServer$3 processOneRequest
INFO: MockWebServer[56227] received request: GET /apis/entando.org/v1/namespaces/entando-k8s-composite-app-controller-carcpr10/entandocompositeapps/my-app-carcpr10 HTTP/1.1 and responded: HTTP/1.1 200 OK
Oct 07, 2020 9:18:23 AM okhttp3.mockwebserver.MockWebServer$3 processOneRequest
INFO: MockWebServer[56227] received request: GET /apis/entando.org/v1/namespaces/entando-k8s-composite-app-controller-carcpr10/entandocompositeapps/my-app-carcpr10 HTTP/1.1 and responded: HTTP/1.1 200 OK
Oct 07, 2020 9:18:23 AM okhttp3.mockwebserver.MockWebServer$2 acceptConnections
INFO: MockWebServer[56227] done accepting connections: Socket closed
Oct 07, 2020 9:18:23 AM okhttp3.mockwebserver.MockWebServer$2 e**cute
INFO: MockWebServer[56178] starting to accept connections
Oct 07, 2020 9:18:23 AM okhttp3.mockwebserver.MockWebServer$3 processOneRequest
INFO: MockWebServer[56178] received request: GET /api/v1/namespaces/entando HTTP/1.1 and responded: HTTP/1.1 404 Client Error
Oct 07, 2020 9:18:23 AM okhttp3.mockwebserver.MockWebServer$3 processOneRequest
INFO: MockWebServer[56178] received request: POST /api/v1/namespaces HTTP/1.1 and responded: HTTP/1.1 202 OK
Oct 07, 2020 9:18:23 AM okhttp3.mockwebserver.MockWebServer$3 processOneRequest
INFO: MockWebServer[56178] received request: GET /api/v1/namespaces/entando-k8s-composite-app-controller-carcpr10 HTTP/1.1 and responded: HTTP/1.1 404 Client Error
Oct 07, 2020 9:18:23 AM okhttp3.mockwebserver.MockWebServer$3 processOneRequest
INFO: MockWebServer[56178] received request: POST /api/v1/namespaces HTTP/1.1 and responded: HTTP/1.1 202 OK
Oct 07, 2020 9:18:24 AM okhttp3.mockwebserver.MockWebServer$3 processOneRequest
INFO: MockWebServer[56178] received request: GET /api/v1/namespaces/entando/configmaps/entando-docker-image-info-v6.1 HTTP/1.1 and responded: HTTP/1.1 404 Client Error
Oct 07, 2020 9:18:24 AM okhttp3.mockwebserver.MockWebServer$3 processOneRequest
INFO: MockWebServer[56178] received request: GET /api/v1/namespaces/entando/configmaps/entando-docker-image-info-v6.1 HTTP/1.1 and responded: HTTP/1.1 404 Client Error
Oct 07, 2020 9:18:24 AM okhttp3.mockwebserver.MockWebServer$3 processOneRequest
INFO: MockWebServer[56178] received request: POST /api/v1/namespaces/entando/configmaps HTTP/1.1 and responded: HTTP/1.1 202 OK
Oct 07, 2020 9:18:24 AM okhttp3.mockwebserver.MockWebServer$3 processOneRequest
INFO: MockWebServer[56178] received request: GET /api/v1/namespaces/entando/configmaps/entando-docker-image-info-v6.1 HTTP/1.1 and responded: HTTP/1.1 200 OK
Oct 07, 2020 9:18:24 AM okhttp3.mockwebserver.MockWebServer$3 processOneRequest
INFO: MockWebServer[56178] received request: GET /api/v1/namespaces/entando/configmaps/entando-docker-image-info-v6.1 HTTP/1.1 and responded: HTTP/1.1 200 OK
Oct 07, 2020 9:18:24 AM okhttp3.mockwebserver.MockWebServer$3 processOneRequest
INFO: MockWebServer[56178] received request: GET /api/v1/namespaces/entando/configmaps/entando-docker-image-info-v6.1 HTTP/1.1 and responded: HTTP/1.1 200 OK
Oct 07, 2020 9:18:24 AM okhttp3.mockwebserver.MockWebServer$3 processOneRequest
INFO: MockWebServer[56178] received request: PATCH /api/v1/namespaces/entando/configmaps/entando-docker-image-info-v6.1 HTTP/1.1 and responded: HTTP/1.1 202 OK
Oct 07, 2020 9:18:24 AM okhttp3.mockwebserver.MockWebServer$3 processOneRequest
INFO: MockWebServer[56178] received request: GET /api/v1/namespaces/entando-k8s-composite-app-controller-carcpr10 HTTP/1.1 and responded: HTTP/1.1 200 OK
Oct 07, 2020 9:18:24 AM okhttp3.mockwebserver.MockWebServer$3 processOneRequest
INFO: MockWebServer[56178] received request: GET /apis/entando.org/v1/namespaces/entando-k8s-composite-app-controller-carcpr10/entandocompositeapps HTTP/1.1 and responded: HTTP/1.1 200 OK
Oct 07, 2020 9:18:24 AM okhttp3.mockwebserver.MockWebServer$3 processOneRequest
INFO: MockWebServer[56178] received request: GET /api/v1/namespaces/entando-k8s-composite-app-controller-carcpr10 HTTP/1.1 and responded: HTTP/1.1 200 OK
Oct 07, 2020 9:18:24 AM okhttp3.mockwebserver.MockWebServer$3 processOneRequest
INFO: MockWebServer[56178] received request: GET /apis/entando.org/v1/namespaces/entando-k8s-composite-app-controller-carcpr10/entandocompositeapps HTTP/1.1 and responded: HTTP/1.1 200 OK
Oct 07, 2020 9:18:24 AM okhttp3.mockwebserver.MockWebServer$3 processOneRequest
INFO: MockWebServer[56178] received request: POST /apis/entando.org/v1/namespaces/entando-k8s-composite-app-controller-carcpr10/entandocompositeapps HTTP/1.1 and responded: HTTP/1.1 202 OK
Oct 07, 2020 9:18:25 AM okhttp3.mockwebserver.MockWebServer$3 processOneRequest
INFO: MockWebServer[56178] received request: GET /api/v1/namespaces/entando-k8s-composite-app-controller-carcpr10 HTTP/1.1 and responded: HTTP/1.1 200 OK
Oct 07, 2020 9:18:25 AM okhttp3.mockwebserver.MockWebServer$3 processOneRequest
INFO: MockWebServer[56178] received request: GET /apis/entando.org/v1/namespaces/entando-k8s-composite-app-controller-carcpr10/entandocompositeapps HTTP/1.1 and responded: HTTP/1.1 200 OK
Oct 07, 2020 9:18:25 AM okhttp3.mockwebserver.MockWebServer$3 processOneRequest
INFO: MockWebServer[56178] received request: GET /api/v1/namespaces/entando-k8s-composite-app-controller-carcpr10 HTTP/1.1 and responded: HTTP/1.1 200 OK
Oct 07, 2020 9:18:25 AM okhttp3.mockwebserver.MockWebServer$3 processOneRequest
INFO: MockWebServer[56178] received request: GET /apis/entando.org/v1/namespaces/entando-k8s-composite-app-controller-carcpr10/entandocompositeapps HTTP/1.1 and responded: HTTP/1.1 200 OK
Oct 07, 2020 9:18:25 AM okhttp3.mockwebserver.MockWebServer$3 processOneRequest
INFO: MockWebServer[56178] received request: GET /apis/entando.org/v1/namespaces/entando-k8s-composite-app-controller-carcpr10/entandocompositeapps/my-app-carcpr10 HTTP/1.1 and responded: HTTP/1.1 200 OK
Oct 07, 2020 9:18:25 AM okhttp3.mockwebserver.MockWebServer$3 processOneRequest
INFO: MockWebServer[56178] received request: GET /apis/entando.org/v1/namespaces/entando-k8s-composite-app-controller-carcpr10/entandocompositeapps/my-app-carcpr10 HTTP/1.1 and responded: HTTP/1.1 200 OK
Oct 07, 2020 9:18:25 AM okhttp3.mockwebserver.MockWebServer$3 processOneRequest
INFO: MockWebServer[56178] received request: GET /apis/entando.org/v1/namespaces/entando-k8s-composite-app-controller-carcpr10/entandocompositeapps/my-app-carcpr10 HTTP/1.1 and responded: HTTP/1.1 200 OK
Oct 07, 2020 9:18:25 AM okhttp3.mockwebserver.MockWebServer$3 processOneRequest
INFO: MockWebServer[56178] received request: PATCH /apis/entando.org/v1/namespaces/entando-k8s-composite-app-controller-carcpr10/entandocompositeapps/my-app-carcpr10 HTTP/1.1 and responded: HTTP/1.1 202 OK
Oct 07, 2020 9:18:26 AM okhttp3.mockwebserver.MockWebServer$3 processOneRequest
INFO: MockWebServer[56178] received request: GET /api/v1/namespaces/entando/configmaps/entando-docker-image-info-v6.1 HTTP/1.1 and responded: HTTP/1.1 200 OK
Oct 07, 2020 9:18:26 AM okhttp3.mockwebserver.MockWebServer$3 processOneRequest
INFO: MockWebServer[56178] received request: GET /api/v1/namespaces/entando-k8s-composite-app-controller-carcpr10 HTTP/1.1 and responded: HTTP/1.1 200 OK
Oct 07, 2020 9:18:26 AM okhttp3.mockwebserver.MockWebServer$3 processOneRequest
INFO: MockWebServer[56178] received request: GET /apis/entando.org/v1/namespaces/entando-k8s-composite-app-controller-carcpr10/entandokeycloakservers HTTP/1.1 and responded: HTTP/1.1 200 OK
Oct 07, 2020 9:18:26 AM okhttp3.mockwebserver.MockWebServer$3 processOneRequest
INFO: MockWebServer[56178] received request: GET /api/v1/namespaces/entando-k8s-composite-app-controller-carcpr10 HTTP/1.1 and responded: HTTP/1.1 200 OK
Oct 07, 2020 9:18:26 AM okhttp3.mockwebserver.MockWebServer$3 processOneRequest
INFO: MockWebServer[56178] received request: GET /apis/entando.org/v1/namespaces/entando-k8s-composite-app-controller-carcpr10/entandokeycloakservers HTTP/1.1 and responded: HTTP/1.1 200 OK
Oct 07, 2020 9:18:26 AM okhttp3.mockwebserver.MockWebServer$3 processOneRequest
INFO: MockWebServer[56178] received request: GET /apis/entando.org/v1/namespaces/entando-k8s-composite-app-controller-carcpr10/entandokeycloakservers/test-keycloak-carcpr10 HTTP/1.1 and responded: HTTP/1.1 404 Client Error
Oct 07, 2020 9:18:26 AM okhttp3.mockwebserver.MockWebServer$3 processOneRequest
INFO: MockWebServer[56178] received request: POST /apis/entando.org/v1/namespaces/entando-k8s-composite-app-controller-carcpr10/entandokeycloakservers HTTP/1.1 and responded: HTTP/1.1 202 OK
Oct 07, 2020 9:18:26 AM okhttp3.mockwebserver.MockWebServer$3 processOneRequest
INFO: MockWebServer[56178] received request: GET /api/v1/namespaces/entando-k8s-composite-app-controller-carcpr10/secrets/test-keycloak-carcpr10-controller-ca-cert-secret HTTP/1.1 and responded: HTTP/1.1 404 Client Error
Oct 07, 2020 9:18:26 AM okhttp3.mockwebserver.MockWebServer$3 processOneRequest
INFO: MockWebServer[56178] received request: POST /api/v1/namespaces/entando-k8s-composite-app-controller-carcpr10/secrets HTTP/1.1 and responded: HTTP/1.1 202 OK
Oct 07, 2020 9:18:26 AM okhttp3.mockwebserver.MockWebServer$3 processOneRequest
INFO: MockWebServer[56178] received request: POST /api/v1/namespaces/entando-k8s-composite-app-controller-carcpr10/pods HTTP/1.1 and responded: HTTP/1.1 202 OK
Oct 07, 2020 9:18:26 AM okhttp3.mockwebserver.MockWebServer$3 processOneRequest
INFO: MockWebServer[56178] received request: GET /api/v1/namespaces/entando-k8s-composite-app-controller-carcpr10/pods?fieldSelector=metadata.name%3Dtest-keycloak-carcpr10-deployer-lrgscjklke&watch=true HTTP/1.1 and responded: HTTP/1.1 200 OK
Oct 07, 2020 9:18:26 AM okhttp3.mockwebserver.MockWebServer$3 processOneRequest
INFO: MockWebServer[56178] received request: GET /api/v1/namespaces/entando-k8s-composite-app-controller-carcpr10/pods?fieldSelector=metadata.name%3Dtest-keycloak-carcpr10-deployer-lrgscjklke&watch=true HTTP/1.1 and responded: HTTP/1.1 200 OK
Oct 07, 2020 9:18:27 AM okhttp3.mockwebserver.MockWebServer$3 processOneRequest
INFO: MockWebServer[56178] received request: GET /api/v1/namespaces/entando-k8s-composite-app-controller-carcpr10/pods?labelSelector=EntandoKeycloakServer%3Dtest-keycloak-carcpr10 HTTP/1.1 and responded: HTTP/1.1 200 OK
Oct 07, 2020 9:18:27 AM io.fabric8.kubernetes.client.dsl.internal.WatchHTTPManager$1 onResponse
INFO: Watch terminated unexpectedly. reason: \n not found: limit=1305 content=7b2261706956657273696f6e223a227631222c226b696e64223a224c69737422â€¦
Oct 07, 2020 9:18:28 AM okhttp3.mockwebserver.MockWebServer$3 processOneRequest
INFO: MockWebServer[56178] received request: GET /apis/entando.org/v1/namespaces/entando-k8s-composite-app-controller-carcpr10/entandocompositeapps/my-app-carcpr10 HTTP/1.1 and responded: HTTP/1.1 200 OK
Oct 07, 2020 9:18:28 AM okhttp3.mockwebserver.MockWebServer$3 processOneRequest
INFO: MockWebServer[56178] received request: GET /api/v1/namespaces/entando-k8s-composite-app-controller-carcpr10/pods?fieldSelector=metadata.name%3Dtest-keycloak-carcpr10-deployer-lrgscjklke&watch=true HTTP/1.1 and responded: HTTP/1.1 200 OK
Oct 07, 2020 9:18:28 AM io.fabric8.kubernetes.client.dsl.internal.WatchHTTPManager$1 onResponse
INFO: Watch terminated unexpectedly. reason: \n not found: limit=1305 content=7b2261706956657273696f6e223a227631222c226b696e64223a224c69737422â€¦
Oct 07, 2020 9:18:28 AM io.fabric8.kubernetes.client.dsl.internal.WatchHTTPManager scheduleReconnect
WARN: Ignoring error for already closed/closing connection
Oct 07, 2020 9:18:28 AM okhttp3.mockwebserver.MockWebServer$3 processOneRequest
INFO: MockWebServer[56178] received request: GET /apis/entando.org/v1/namespaces/entando-k8s-composite-app-controller-carcpr10/entandocompositeapps/my-app-carcpr10 HTTP/1.1 and responded: HTTP/1.1 200 OK
Oct 07, 2020 9:18:28 AM okhttp3.mockwebserver.MockWebServer$3 processOneRequest
INFO: MockWebServer[56178] received request: PATCH /apis/entando.org/v1/namespaces/entando-k8s-composite-app-controller-carcpr10/entandocompositeapps/my-app-carcpr10 HTTP/1.1 and responded: HTTP/1.1 202 OK
Oct 07, 2020 9:18:28 AM okhttp3.mockwebserver.MockWebServer$3 processOneRequest
INFO: MockWebServer[56178] received request: GET /api/v1/namespaces/entando-k8s-composite-app-controller-carcpr10 HTTP/1.1 and responded: HTTP/1.1 200 OK
Oct 07, 2020 9:18:28 AM okhttp3.mockwebserver.MockWebServer$3 processOneRequest
INFO: MockWebServer[56178] received request: GET /apis/entando.org/v1/namespaces/entando-k8s-composite-app-controller-carcpr10/entandoplugins HTTP/1.1 and responded: HTTP/1.1 200 OK
Oct 07, 2020 9:18:28 AM okhttp3.mockwebserver.MockWebServer$3 processOneRequest
INFO: MockWebServer[56178] received request: GET /api/v1/namespaces/entando-k8s-composite-app-controller-carcpr10 HTTP/1.1 and responded: HTTP/1.1 200 OK
Oct 07, 2020 9:18:28 AM okhttp3.mockwebserver.MockWebServer$3 processOneRequest
INFO: MockWebServer[56178] received request: GET /apis/entando.org/v1/namespaces/entando-k8s-composite-app-controller-carcpr10/entandoplugins HTTP/1.1 and responded: HTTP/1.1 200 OK
Oct 07, 2020 9:18:28 AM okhttp3.mockwebserver.MockWebServer$3 processOneRequest
INFO: MockWebServer[56178] received request: GET /apis/entando.org/v1/namespaces/entando-k8s-composite-app-controller-carcpr10/entandoplugins/test-plugin-carcpr10 HTTP/1.1 and responded: HTTP/1.1 404 Client Error
Oct 07, 2020 9:18:28 AM okhttp3.mockwebserver.MockWebServer$3 processOneRequest
INFO: MockWebServer[56178] received request: POST /apis/entando.org/v1/namespaces/entando-k8s-composite-app-controller-carcpr10/entandoplugins HTTP/1.1 and responded: HTTP/1.1 202 OK
Oct 07, 2020 9:18:28 AM okhttp3.mockwebserver.MockWebServer$3 processOneRequest
INFO: MockWebServer[56178] received request: GET /api/v1/namespaces/entando-k8s-composite-app-controller-carcpr10/secrets/test-plugin-carcpr10-controller-ca-cert-secret HTTP/1.1 and responded: HTTP/1.1 404 Client Error
Oct 07, 2020 9:18:28 AM okhttp3.mockwebserver.MockWebServer$3 processOneRequest
INFO: MockWebServer[56178] received request: POST /api/v1/namespaces/entando-k8s-composite-app-controller-carcpr10/secrets HTTP/1.1 and responded: HTTP/1.1 202 OK
Oct 07, 2020 9:18:29 AM okhttp3.mockwebserver.MockWebServer$3 processOneRequest
INFO: MockWebServer[56178] received request: POST /api/v1/namespaces/entando-k8s-composite-app-controller-carcpr10/pods HTTP/1.1 and responded: HTTP/1.1 202 OK
Oct 07, 2020 9:18:29 AM okhttp3.mockwebserver.MockWebServer$3 processOneRequest
INFO: MockWebServer[56178] received request: GET /api/v1/namespaces/entando-k8s-composite-app-controller-carcpr10/pods?fieldSelector=metadata.name%3Dtest-plugin-carcpr10-deployer-evr0kcizcs&watch=true HTTP/1.1 and responded: HTTP/1.1 200 OK
Oct 07, 2020 9:18:29 AM okhttp3.mockwebserver.MockWebServer$3 processOneRequest
INFO: MockWebServer[56178] received request: GET /api/v1/namespaces/entando-k8s-composite-app-controller-carcpr10/pods?labelSelector=EntandoPlugin%3Dtest-plugin-carcpr10 HTTP/1.1 and responded: HTTP/1.1 200 OK
Oct 07, 2020 9:18:29 AM okhttp3.mockwebserver.MockWebServer$3 processOneRequest
INFO: MockWebServer[56178] received request: GET /api/v1/namespaces/entando-k8s-composite-app-controller-carcpr10/pods?fieldSelector=metadata.name%3Dtest-plugin-carcpr10-deployer-evr0kcizcs&watch=true HTTP/1.1 and responded: HTTP/1.1 200 OK
Oct 07, 2020 9:18:29 AM okhttp3.mockwebserver.MockWebServer$3 processOneRequest
INFO: MockWebServer[56178] received request: GET /apis/entando.org/v1/namespaces/entando-k8s-composite-app-controller-carcpr10/entandocompositeapps/my-app-carcpr10 HTTP/1.1 and responded: HTTP/1.1 200 OK
Oct 07, 2020 9:18:29 AM io.fabric8.kubernetes.client.dsl.internal.WatchHTTPManager$1 onResponse
INFO: Watch terminated unexpectedly. reason: \n not found: limit=2539 content=7b2261706956657273696f6e223a227631222c226b696e64223a224c69737422â€¦
Oct 07, 2020 9:18:29 AM io.fabric8.kubernetes.client.dsl.internal.WatchHTTPManager scheduleReconnect
WARN: Ignoring error for already closed/closing connection
Oct 07, 2020 9:18:29 AM okhttp3.mockwebserver.MockWebServer$3 processOneRequest
INFO: MockWebServer[56178] received request: GET /apis/entando.org/v1/namespaces/entando-k8s-composite-app-controller-carcpr10/entandocompositeapps/my-app-carcpr10 HTTP/1.1 and responded: HTTP/1.1 200 OK
Oct 07, 2020 9:18:29 AM okhttp3.mockwebserver.MockWebServer$3 processOneRequest
INFO: MockWebServer[56178] received request: PATCH /apis/entando.org/v1/namespaces/entando-k8s-composite-app-controller-carcpr10/entandocompositeapps/my-app-carcpr10 HTTP/1.1 and responded: HTTP/1.1 202 OK
Oct 07, 2020 9:18:29 AM org.entando.kubernetes.compositeapp.controller.EntandoCompositeAppController synchronizeDeploymentState
SEVERE: Unexpected exception occurred while adding EntandoPlugin entando-k8s-composite-app-controller-carcpr10/test-plugin-carcpr10
Oct 07, 2020 9:18:29 AM org.entando.kubernetes.controller.AbstractDbAwareController processAction
SEVERE: Unexpected exception occurred while adding EntandoCompositeApp entando-k8s-composite-app-controller-carcpr10/my-app-carcpr10
org.entando.kubernetes.controller.EntandoControllerException: Unexpected exception occurred while adding EntandoPlugin entando-k8s-composite-app-controller-carcpr10/test-plugin-carcpr10
	at org.entando.kubernetes.compositeapp.controller.EntandoCompositeAppController.synchronizeDeploymentState(EntandoCompositeAppController.java:93)
	at org.entando.kubernetes.compositeapp.controller.EntandoCompositeAppController.synchronizeDeploymentState(EntandoCompositeAppController.java:42)
	at org.entando.kubernetes.controller.AbstractDbAwareController.processAction(AbstractDbAwareController.java:146)
	at org.entando.kubernetes.controller.AbstractDbAwareController.processCommand(AbstractDbAwareController.java:128)
	at org.entando.kubernetes.compositeapp.controller.EntandoCompositeAppController.onStartup(EntandoCompositeAppController.java:64)
	at org.entando.kubernetes.compositeapp.controller.inprocesstests.CompositeAppControllerMockedTest.startController(CompositeAppControllerMockedTest.java:112)
	at org.entando.kubernetes.compositeapp.controller.inprocesstests.CompositeAppControllerMockedTest.performCreate(CompositeAppControllerMockedTest.java:83)
	at org.entando.kubernetes.compositeapp.controller.AbstractCompositeAppControllerTest.testE**cuteControllerPod(AbstractCompositeAppControllerTest.java:111)
	at org.entando.kubernetes.compositeapp.controller.inprocesstests.CompositeAppControllerMockedTest.testFailure(CompositeAppControllerMockedTest.java:99)
	at java.base/jdk.internal.reflect.NativeMethodAccessorImpl.invoke0(Native Method)
	at java.base/jdk.internal.reflect.NativeMethodAccessorImpl.invoke(NativeMethodAccessorImpl.java:62)
	at java.base/jdk.internal.reflect.DelegatingMethodAccessorImpl.invoke(DelegatingMethodAccessorImpl.java:43)
	at java.base/java.lang.reflect.Method.invoke(Method.java:566)
	at org.junit.platform.commons.util.ReflectionUtils.invokeMethod(ReflectionUtils.java:675)
	at org.junit.jupiter.engine.e**cution.E**cutableInvoker.invoke(E**cutableInvoker.java:117)
	at org.junit.jupiter.engine.descriptor.TestMethodTestDescriptor.lambda$invokeTestMethod$7(TestMethodTestDescriptor.java:184)
	at org.junit.platform.engine.support.hierarchical.ThrowableCollector.e**cute(ThrowableCollector.java:73)
	at org.junit.jupiter.engine.descriptor.TestMethodTestDescriptor.invokeTestMethod(TestMethodTestDescriptor.java:180)
	at org.junit.jupiter.engine.descriptor.TestMethodTestDescriptor.e**cute(TestMethodTestDescriptor.java:127)
	at org.junit.jupiter.engine.descriptor.TestMethodTestDescriptor.e**cute(TestMethodTestDescriptor.java:68)
	at org.junit.platform.engine.support.hierarchical.NodeTestTask.lambda$e**cuteRecursively$5(NodeTestTask.java:135)
	at org.junit.platform.engine.support.hierarchical.ThrowableCollector.e**cute(ThrowableCollector.java:73)
	at org.junit.platform.engine.support.hierarchical.NodeTestTask.lambda$e**cuteRecursively$7(NodeTestTask.java:125)
	at org.junit.platform.engine.support.hierarchical.Node.around(Node.java:135)
	at org.junit.platform.engine.support.hierarchical.NodeTestTask.lambda$e**cuteRecursively$8(NodeTestTask.java:123)
	at org.junit.platform.engine.support.hierarchical.ThrowableCollector.e**cute(ThrowableCollector.java:73)
	at org.junit.platform.engine.support.hierarchical.NodeTestTask.e**cuteRecursively(NodeTestTask.java:122)
	at org.junit.platform.engine.support.hierarchical.NodeTestTask.e**cute(NodeTestTask.java:80)
	at java.base/java.util.ArrayList.forEach(ArrayList.java:1540)
	at org.junit.platform.engine.support.hierarchical.SameThreadHierarchicalTestE**cutorService.invokeAll(SameThreadHierarchicalTestE**cutorService.java:38)
	at org.junit.platform.engine.support.hierarchical.NodeTestTask.lambda$e**cuteRecursively$5(NodeTestTask.java:139)
	at org.junit.platform.engine.support.hierarchical.ThrowableCollector.e**cute(ThrowableCollector.java:73)
	at org.junit.platform.engine.support.hierarchical.NodeTestTask.lambda$e**cuteRecursively$7(NodeTestTask.java:125)
	at org.junit.platform.engine.support.hierarchical.Node.around(Node.java:135)
	at org.junit.platform.engine.support.hierarchical.NodeTestTask.lambda$e**cuteRecursively$8(NodeTestTask.java:123)
	at org.junit.platform.engine.support.hierarchical.ThrowableCollector.e**cute(ThrowableCollector.java:73)
	at org.junit.platform.engine.support.hierarchical.NodeTestTask.e**cuteRecursively(NodeTestTask.java:122)
	at org.junit.platform.engine.support.hierarchical.NodeTestTask.e**cute(NodeTestTask.java:80)
	at java.base/java.util.ArrayList.forEach(ArrayList.java:1540)
	at org.junit.platform.engine.support.hierarchical.SameThreadHierarchicalTestE**cutorService.invokeAll(SameThreadHierarchicalTestE**cutorService.java:38)
	at org.junit.platform.engine.support.hierarchical.NodeTestTask.lambda$e**cuteRecursively$5(NodeTestTask.java:139)
	at org.junit.platform.engine.support.hierarchical.ThrowableCollector.e**cute(ThrowableCollector.java:73)
	at org.junit.platform.engine.support.hierarchical.NodeTestTask.lambda$e**cuteRecursively$7(NodeTestTask.java:125)
	at org.junit.platform.engine.support.hierarchical.Node.around(Node.java:135)
	at org.junit.platform.engine.support.hierarchical.NodeTestTask.lambda$e**cuteRecursively$8(NodeTestTask.java:123)
	at org.junit.platform.engine.support.hierarchical.ThrowableCollector.e**cute(ThrowableCollector.java:73)
	at org.junit.platform.engine.support.hierarchical.NodeTestTask.e**cuteRecursively(NodeTestTask.java:122)
	at org.junit.platform.engine.support.hierarchical.NodeTestTask.e**cute(NodeTestTask.java:80)
	at org.junit.platform.engine.support.hierarchical.SameThreadHierarchicalTestE**cutorService.submit(SameThreadHierarchicalTestE**cutorService.java:32)
	at org.junit.platform.engine.support.hierarchical.HierarchicalTestE**cutor.e**cute(HierarchicalTestE**cutor.java:57)
	at org.junit.platform.engine.support.hierarchical.HierarchicalTestEngine.e**cute(HierarchicalTestEngine.java:51)
	at org.junit.platform.launcher.core.DefaultLauncher.e**cute(DefaultLauncher.java:220)
	at org.junit.platform.launcher.core.DefaultLauncher.lambda$e**cute$6(DefaultLauncher.java:188)
	at org.junit.platform.launcher.core.DefaultLauncher.withInterceptedStreams(DefaultLauncher.java:202)
	at org.junit.platform.launcher.core.DefaultLauncher.e**cute(DefaultLauncher.java:181)
	at org.junit.platform.launcher.core.DefaultLauncher.e**cute(DefaultLauncher.java:128)
	at org.apache.maven.surefire.junitplatform.JUnitPlatformProvider.invokeAllTests(JUnitPlatformProvider.java:142)
	at org.apache.maven.surefire.junitplatform.JUnitPlatformProvider.invoke(JUnitPlatformProvider.java:117)
	at org.apache.maven.surefire.booter.ForkedBooter.invokeProviderInSameClassLoader(ForkedBooter.java:384)
	at org.apache.maven.surefire.booter.ForkedBooter.runSuitesInProcess(ForkedBooter.java:345)
	at org.apache.maven.surefire.booter.ForkedBooter.e**cute(ForkedBooter.java:126)
	at org.apache.maven.surefire.booter.ForkedBooter.main(ForkedBooter.java:418)

Oct 07, 2020 9:18:29 AM okhttp3.mockwebserver.MockWebServer$3 processOneRequest
INFO: MockWebServer[56178] received request: GET /apis/entando.org/v1/namespaces/entando-k8s-composite-app-controller-carcpr10/entandocompositeapps/my-app-carcpr10 HTTP/1.1 and responded: HTTP/1.1 200 OK
Oct 07, 2020 9:18:29 AM okhttp3.mockwebserver.MockWebServer$3 processOneRequest
INFO: MockWebServer[56178] received request: GET /apis/entando.org/v1/namespaces/entando-k8s-composite-app-controller-carcpr10/entandocompositeapps/my-app-carcpr10 HTTP/1.1 and responded: HTTP/1.1 200 OK
Oct 07, 2020 9:18:29 AM okhttp3.mockwebserver.MockWebServer$3 processOneRequest
INFO: MockWebServer[56178] received request: GET /apis/entando.org/v1/namespaces/entando-k8s-composite-app-controller-carcpr10/entandocompositeapps/my-app-carcpr10 HTTP/1.1 and responded: HTTP/1.1 200 OK
Oct 07, 2020 9:18:29 AM okhttp3.mockwebserver.MockWebServer$3 processOneRequest
INFO: MockWebServer[56178] received request: PATCH /apis/entando.org/v1/namespaces/entando-k8s-composite-app-controller-carcpr10/entandocompositeapps/my-app-carcpr10 HTTP/1.1 and responded: HTTP/1.1 202 OK
Oct 07, 2020 9:18:29 AM okhttp3.mockwebserver.MockWebServer$3 processOneRequest
INFO: MockWebServer[56178] received request: GET /api/v1/namespaces/entando-k8s-composite-app-controller-carcpr10/pods?labelSelector=EntandoResourceKind%3DEntandoKeycloakServer%2CEntandoKeycloakServer%3Dtest-keycloak-carcpr10 HTTP/1.1 and responded: HTTP/1.1 200 OK
Oct 07, 2020 9:18:30 AM okhttp3.mockwebserver.MockWebServer$3 processOneRequest
INFO: MockWebServer[56178] received request: GET /api/v1/namespaces/entando-k8s-composite-app-controller-carcpr10/pods?labelSelector=EntandoResourceKind%3DEntandoKeycloakServer%2CEntandoKeycloakServer%3Dtest-keycloak-carcpr10 HTTP/1.1 and responded: HTTP/1.1 200 OK
Oct 07, 2020 9:18:30 AM okhttp3.mockwebserver.MockWebServer$3 processOneRequest
INFO: MockWebServer[56178] received request: GET /api/v1/namespaces/entando-k8s-composite-app-controller-carcpr10 HTTP/1.1 and responded: HTTP/1.1 200 OK
Oct 07, 2020 9:18:30 AM okhttp3.mockwebserver.MockWebServer$3 processOneRequest
INFO: MockWebServer[56178] received request: GET /apis/entando.org/v1/namespaces/entando-k8s-composite-app-controller-carcpr10/entandokeycloakservers HTTP/1.1 and responded: HTTP/1.1 200 OK
Oct 07, 2020 9:18:30 AM okhttp3.mockwebserver.MockWebServer$3 processOneRequest
INFO: MockWebServer[56178] received request: GET /api/v1/namespaces/entando-k8s-composite-app-controller-carcpr10 HTTP/1.1 and responded: HTTP/1.1 200 OK
Oct 07, 2020 9:18:30 AM okhttp3.mockwebserver.MockWebServer$3 processOneRequest
INFO: MockWebServer[56178] received request: GET /apis/entando.org/v1/namespaces/entando-k8s-composite-app-controller-carcpr10/entandokeycloakservers HTTP/1.1 and responded: HTTP/1.1 200 OK
Oct 07, 2020 9:18:30 AM okhttp3.mockwebserver.MockWebServer$3 processOneRequest
INFO: MockWebServer[56178] received request: GET /apis/entando.org/v1/namespaces/entando-k8s-composite-app-controller-carcpr10/entandokeycloakservers/test-keycloak-carcpr10 HTTP/1.1 and responded: HTTP/1.1 200 OK
Oct 07, 2020 9:18:30 AM okhttp3.mockwebserver.MockWebServer$3 processOneRequest
INFO: MockWebServer[56178] received request: GET /api/v1/namespaces/entando-k8s-composite-app-controller-carcpr10 HTTP/1.1 and responded: HTTP/1.1 200 OK
Oct 07, 2020 9:18:30 AM okhttp3.mockwebserver.MockWebServer$3 processOneRequest
INFO: MockWebServer[56178] received request: GET /apis/entando.org/v1/namespaces/entando-k8s-composite-app-controller-carcpr10/entandocompositeapps HTTP/1.1 and responded: HTTP/1.1 200 OK
Oct 07, 2020 9:18:30 AM okhttp3.mockwebserver.MockWebServer$3 processOneRequest
INFO: MockWebServer[56178] received request: GET /api/v1/namespaces/entando-k8s-composite-app-controller-carcpr10 HTTP/1.1 and responded: HTTP/1.1 200 OK
Oct 07, 2020 9:18:30 AM okhttp3.mockwebserver.MockWebServer$3 processOneRequest
INFO: MockWebServer[56178] received request: GET /apis/entando.org/v1/namespaces/entando-k8s-composite-app-controller-carcpr10/entandocompositeapps HTTP/1.1 and responded: HTTP/1.1 200 OK
Oct 07, 2020 9:18:31 AM okhttp3.mockwebserver.MockWebServer$3 processOneRequest
INFO: MockWebServer[56178] received request: GET /apis/entando.org/v1/namespaces/entando-k8s-composite-app-controller-carcpr10/entandocompositeapps/my-app-carcpr10 HTTP/1.1 and responded: HTTP/1.1 200 OK
Oct 07, 2020 9:18:31 AM okhttp3.mockwebserver.MockWebServer$3 processOneRequest
INFO: MockWebServer[56178] received request: GET /api/v1/namespaces/entando-k8s-composite-app-controller-carcpr10/pods?labelSelector=EntandoPlugin%3Dtest-plugin-carcpr10%2CEntandoResourceKind%3DEntandoPlugin HTTP/1.1 and responded: HTTP/1.1 200 OK
Oct 07, 2020 9:18:31 AM okhttp3.mockwebserver.MockWebServer$3 processOneRequest
INFO: MockWebServer[56178] received request: GET /api/v1/namespaces/entando-k8s-composite-app-controller-carcpr10/pods?labelSelector=EntandoPlugin%3Dtest-plugin-carcpr10%2CEntandoResourceKind%3DEntandoPlugin HTTP/1.1 and responded: HTTP/1.1 200 OK
Oct 07, 2020 9:18:31 AM okhttp3.mockwebserver.MockWebServer$3 processOneRequest
INFO: MockWebServer[56178] received request: GET /api/v1/namespaces/entando-k8s-composite-app-controller-carcpr10 HTTP/1.1 and responded: HTTP/1.1 200 OK
Oct 07, 2020 9:18:31 AM okhttp3.mockwebserver.MockWebServer$3 processOneRequest
INFO: MockWebServer[56178] received request: GET /apis/entando.org/v1/namespaces/entando-k8s-composite-app-controller-carcpr10/entandoplugins HTTP/1.1 and responded: HTTP/1.1 200 OK
Oct 07, 2020 9:18:31 AM okhttp3.mockwebserver.MockWebServer$3 processOneRequest
INFO: MockWebServer[56178] received request: GET /api/v1/namespaces/entando-k8s-composite-app-controller-carcpr10 HTTP/1.1 and responded: HTTP/1.1 200 OK
Oct 07, 2020 9:18:31 AM okhttp3.mockwebserver.MockWebServer$3 processOneRequest
INFO: MockWebServer[56178] received request: GET /apis/entando.org/v1/namespaces/entando-k8s-composite-app-controller-carcpr10/entandoplugins HTTP/1.1 and responded: HTTP/1.1 200 OK
Oct 07, 2020 9:18:31 AM okhttp3.mockwebserver.MockWebServer$3 processOneRequest
INFO: MockWebServer[56178] received request: GET /apis/entando.org/v1/namespaces/entando-k8s-composite-app-controller-carcpr10/entandoplugins/test-plugin-carcpr10 HTTP/1.1 and responded: HTTP/1.1 200 OK
Oct 07, 2020 9:18:31 AM okhttp3.mockwebserver.MockWebServer$3 processOneRequest
INFO: MockWebServer[56178] received request: GET /apis/entando.org/v1/namespaces/entando-k8s-composite-app-controller-carcpr10/entandocompositeapps/my-app-carcpr10 HTTP/1.1 and responded: HTTP/1.1 200 OK
Oct 07, 2020 9:18:32 AM okhttp3.mockwebserver.MockWebServer$3 processOneRequest
INFO: MockWebServer[56178] received request: GET /apis/entando.org/v1/namespaces/entando-k8s-composite-app-controller-carcpr10/entandocompositeapps/my-app-carcpr10 HTTP/1.1 and responded: HTTP/1.1 200 OK
Oct 07, 2020 9:18:32 AM okhttp3.mockwebserver.MockWebServer$3 processOneRequest
INFO: MockWebServer[56178] received request: GET /apis/entando.org/v1/namespaces/entando-k8s-composite-app-controller-carcpr10/entandocompositeapps/my-app-carcpr10 HTTP/1.1 and responded: HTTP/1.1 200 OK
Oct 07, 2020 9:18:32 AM okhttp3.mockwebserver.MockWebServer$3 processOneRequest
INFO: MockWebServer[56178] received request: GET /api/v1/namespaces/entando-k8s-composite-app-controller-carcpr10 HTTP/1.1 and responded: HTTP/1.1 200 OK
Oct 07, 2020 9:18:32 AM okhttp3.mockwebserver.MockWebServer$3 processOneRequest
INFO: MockWebServer[56178] received request: GET /apis/entando.org/v1/namespaces/entando-k8s-composite-app-controller-carcpr10/entandocompositeapps HTTP/1.1 and responded: HTTP/1.1 200 OK
Oct 07, 2020 9:18:32 AM okhttp3.mockwebserver.MockWebServer$3 processOneRequest
INFO: MockWebServer[56178] received request: GET /api/v1/namespaces/entando-k8s-composite-app-controller-carcpr10 HTTP/1.1 and responded: HTTP/1.1 200 OK
Oct 07, 2020 9:18:32 AM okhttp3.mockwebserver.MockWebServer$3 processOneRequest
INFO: MockWebServer[56178] received request: GET /apis/entando.org/v1/namespaces/entando-k8s-composite-app-controller-carcpr10/entandocompositeapps HTTP/1.1 and responded: HTTP/1.1 200 OK
Oct 07, 2020 9:18:32 AM okhttp3.mockwebserver.MockWebServer$3 processOneRequest
INFO: MockWebServer[56178] received request: GET /apis/entando.org/v1/namespaces/entando-k8s-composite-app-controller-carcpr10/entandocompositeapps/my-app-carcpr10 HTTP/1.1 and responded: HTTP/1.1 200 OK
Oct 07, 2020 9:18:32 AM okhttp3.mockwebserver.MockWebServer$2 acceptConnections
INFO: MockWebServer[56178] done accepting connections: Socket closed
[INFO] Tests run: 3, Failures: 0, Errors: 0, Skipped: 0, Time elapsed: 26.312 s - in org.entando.kubernetes.compositeapp.controller.inprocesstests.CompositeAppControllerMockedTest
[INFO] 
[INFO] Results:
[INFO] 
[INFO] Tests run: 3, Failures: 0, Errors: 0, Skipped: 0
[INFO] 
[INFO] 
[INFO] --- maven-jar-plugin:3.2.0:jar (default-jar) @ entando-k8s-composite-app-controller ---
[INFO] Building jar: /workspace/source/target/entando-k8s-composite-app-controller-0.0.0-SNAPSHOT-PR-10-5.jar
[INFO] 
[INFO] --- maven-jar-plugin:3.2.0:test-jar (build-test-jar) @ entando-k8s-composite-app-controller ---
[INFO] Building jar: /workspace/source/target/entando-k8s-composite-app-controller-0.0.0-SNAPSHOT-PR-10-5-tests.jar
[INFO] 
[INFO] --- quarkus-maven-plugin:1.2.0.Final:build (default) @ entando-k8s-composite-app-controller ---
[WARNING] [io.quarkus.creator.curator.Curator] These dependencies are not recommended:
	- jakarta.xml.bind:jakarta.xml.bind-api should be replaced by org.jboss.spec.javax.xml.bind:jboss-jaxb-api_2.3_spec
	- javax.activation:activation should be replaced by com.sun.activation:jakarta.activation
You might end up with two different versions of the same classes or with an artifact you shouldn't have in your classpath.
[INFO] [org.jboss.threads] JBoss Threads version 3.0.0.Final
[INFO] [io.quarkus.deployment.pkg.steps.JarResultBuildStep] Building thin jar: /workspace/source/target/entando-k8s-composite-app-controller-0.0.0-SNAPSHOT-PR-10-5-runner.jar
[INFO] [io.quarkus.deployment.QuarkusAugmentor] Quarkus augmentation completed in 1483ms
[INFO] 
[INFO] --- maven-surefire-report-plugin:3.0.0-M4:failsafe-report-only (integration-tests) @ entando-k8s-composite-app-controller ---
[INFO] 
[INFO] --- dependency-check-maven:5.3.2:aggregate (default) @ entando-k8s-composite-app-controller ---
[INFO] 

Dependency-Check is an open source tool performing a best effort analysis of 3rd party dependencies; ***** positives and ***** negatives may exist in the analysis performed by the tool. Use of the tool and the reporting provided constitutes acceptance for use in an AS IS condition, and there are NO warranties, implied or otherwise, with regard to the analysis or its use. Any use of the tool and the reporting provided is at the userâ€™s risk. In no event shall the copyright holder or OWASP be held liable for any damages whatsoever arising out of or in connection with the use of this tool, the analysis performed, or the resulting report.


[INFO] Analysis Started
[INFO] Finished Archive Analyzer (0 seconds)
[INFO] Finished File Name Analyzer (0 seconds)
[INFO] Finished Jar Analyzer (0 seconds)
[INFO] Finished Dependency Merging Analyzer (0 seconds)
[INFO] Finished Version Filter Analyzer (0 seconds)
[INFO] Finished Hint Analyzer (0 seconds)
[INFO] Created CPE Index (2 seconds)
[INFO] Finished CPE Analyzer (3 seconds)
[INFO] Finished False Positive Analyzer (0 seconds)
[INFO] Finished NVD CVE Analyzer (0 seconds)
[INFO] Finished Sonatype OSS Index Analyzer (2 seconds)
[INFO] Finished Vulnerability Suppression Analyzer (0 seconds)
[INFO] Finished Dependency Bundling Analyzer (0 seconds)
[INFO] Analysis Complete (8 seconds)
[INFO] 
[INFO] --- jacoco-maven-plugin:0.8.5:report (report) @ entando-k8s-composite-app-controller ---
[INFO] Loading e**cution data file /workspace/source/target/jacoco.e**c
[INFO] Analyzed bundle 'Entando K8S Composite App Controller' with 1 classes
[INFO] 
[INFO] --- maven-surefire-report-plugin:3.0.0-M4:report-only (unit-tests) @ entando-k8s-composite-app-controller ---
[WARNING] Unable to locate Test Source XRef to link to - DISABLED
[INFO] 
[INFO] --- maven-install-plugin:2.4:install (default-install) @ entando-k8s-composite-app-controller ---
[INFO] Installing /workspace/source/target/entando-k8s-composite-app-controller-0.0.0-SNAPSHOT-PR-10-5.jar to /home/jenkins/.mvnrepository/org/entando/entando-k8s-composite-app-controller/0.0.0-SNAPSHOT-PR-10-5/entando-k8s-composite-app-controller-0.0.0-SNAPSHOT-PR-10-5.jar
[INFO] Installing /workspace/source/pom.xml to /home/jenkins/.mvnrepository/org/entando/entando-k8s-composite-app-controller/0.0.0-SNAPSHOT-PR-10-5/entando-k8s-composite-app-controller-0.0.0-SNAPSHOT-PR-10-5.pom
[INFO] Installing /workspace/source/target/entando-k8s-composite-app-controller-0.0.0-SNAPSHOT-PR-10-5-tests.jar to /home/jenkins/.mvnrepository/org/entando/entando-k8s-composite-app-controller/0.0.0-SNAPSHOT-PR-10-5/entando-k8s-composite-app-controller-0.0.0-SNAPSHOT-PR-10-5-tests.jar
[INFO] 
[INFO] --- maven-site-plugin:3.9.0:site (default-site) @ entando-k8s-composite-app-controller ---
[INFO] configuring report plugin org.apache.maven.plugins:maven-project-info-reports-plugin:3.0.0
[INFO] 9 reports configured for maven-project-info-reports-plugin:3.0.0: dependency-info, distribution-management, index, ci-management, issue-management, licenses, plugins, scm, summary
[INFO] Rendering site with default locale English (en)
[WARNING] Unable to find a URL to the parent project. The parent menu will NOT be added.
[INFO] Relativizing decoration links with respect to localized project URL: https://central.entando.com
[INFO] Rendering content with org.apache.maven.skins:maven-default-skin:jar:1.3 skin.
[INFO] Generating "Dependency Information" report --- maven-project-info-reports-plugin:3.0.0:dependency-info
[INFO] Generating "About" report         --- maven-project-info-reports-plugin:3.0.0:index
[INFO] Generating "Issue Management" report --- maven-project-info-reports-plugin:3.0.0:issue-management
[INFO] Generating "Licenses" report      --- maven-project-info-reports-plugin:3.0.0:licenses
[INFO] Generating "Plugins" report       --- maven-project-info-reports-plugin:3.0.0:plugins
[INFO] Generating "Source Code Management" report --- maven-project-info-reports-plugin:3.0.0:scm
[INFO] Generating "Summary" report       --- maven-project-info-reports-plugin:3.0.0:summary
[INFO] 
[INFO] ----------< org.entando:entando-k8s-composite-app-controller >----------
[INFO] Building Entando K8S Composite App Controller 0.0.0-SNAPSHOT-PR-10-5
[INFO] --------------------------------[ jar ]---------------------------------
[INFO] 
[INFO] --- sonar-maven-plugin:3.7.0.1746:sonar (default-cli) @ entando-k8s-composite-app-controller ---
[INFO] User cache: /****/.sonar/cache
[INFO] SonarQube version: 8.0.0
[INFO] Default locale: "en", source code encoding: "UTF-8"
[INFO] Load global settings
[INFO] Load global settings (done) | time=244ms
[INFO] Server id: 1BD809FA-AWHW8ct9-T_TB3XqouNu
[INFO] User cache: /****/.sonar/cache
[INFO] Load/download plugins
[INFO] Load plugins index
[INFO] Load plugins index (done) | time=71ms
[INFO] Load/download plugins (done) | time=22798ms
[INFO] Loaded core extensions: developer-scanner
[INFO] JavaScript/TypeScript frontend is enabled
[INFO] Process project properties
[INFO] E**cute project builders
[INFO] E**cute project builders (done) | time=2ms
[INFO] Project key: entando-k8s_entando-k8s-composite-app-controller
[INFO] Base dir: /workspace/source
[INFO] Working dir: /workspace/source/target/sonar
[INFO] Load project settings for component key: 'entando-k8s_entando-k8s-composite-app-controller'
[INFO] Load project settings for component key: 'entando-k8s_entando-k8s-composite-app-controller' (done) | time=155ms
[INFO] Load project branches
[INFO] Load project branches (done) | time=31ms
[INFO] Check ALM binding of project 'entando-k8s_entando-k8s-composite-app-controller'
[INFO] Detected project binding: BOUND
[INFO] Check ALM binding of project 'entando-k8s_entando-k8s-composite-app-controller' (done) | time=26ms
[INFO] Load project pull requests
[INFO] Load project pull requests (done) | time=59ms
[INFO] Load branch configuration
[INFO] Load branch configuration (done) | time=524ms
[INFO] Load quality profiles
[INFO] Load quality profiles (done) | time=117ms
[INFO] Load active rules
[INFO] Load active rules (done) | time=1558ms
[INFO] Organization key: entando-k8s
[INFO] Pull request 10 for merge into master from ENG-1266_latest_operator_common
[INFO] SCM collecting changed files in the branch
[WARNING] Exception caught during e**cution of command '[git, config, --******, --edit]' in '/usr/local/git/bin', return code '128', error message 'fatal: Invalid path '/usr/local/git/etc': No such file or directory
'
[INFO] SCM collecting changed files in the branch (done) | time=308ms
[INFO] Indexing files...
[INFO] Project configuration:
[INFO] 7 files inde**d
[INFO] 0 files ignored because of scm ignore settings
[INFO] Quality profile for java: Sonar way
[INFO] Quality profile for xml: Sonar way
[INFO] ------------- Run sensors on module Entando K8S Composite App Controller
[INFO] JavaScript/TypeScript frontend is enabled
[INFO] Load metrics repository
[INFO] Load metrics repository (done) | time=28ms
WARNING: An illegal reflective access operation has occurred
WARNING: Illegal reflective access by net.sf.cglib.core.ReflectUtils$1 (file:/****/.sonar/cache/a89f1943fc75b65becd9fb4ecab8d913/sonar-tsql-plugin.jar) to method java.lang.ClassLoader.defineClass(java.lang.String,byte[],int,int,java.security.ProtectionDomain)
WARNING: Please consider reporting this to the maintainers of net.sf.cglib.core.ReflectUtils$1
WARNING: Use --illegal-access=warn to enable warnings of further illegal reflective access operations
WARNING: All illegal access operations will be denied in a future release
[INFO] Sensor JavaSquidSensor [java]
[INFO] Configured Java source version (sonar.java.source): 8
[INFO] JavaClasspath initialization
[INFO] JavaClasspath initialization (done) | time=16ms
[INFO] JavaTestClasspath initialization
[INFO] JavaTestClasspath initialization (done) | time=2ms
[INFO] Java Main Files AST scan
[INFO] 1 source files to be analyzed
[INFO] 1/1 source files have been analyzed
[INFO] Java Main Files AST scan (done) | time=2971ms
[INFO] Java Test Files AST scan
[INFO] 5 source files to be analyzed
[INFO] Java Test Files AST scan (done) | time=642ms
[INFO] Java Generated Files AST scan
[INFO] 0 source files to be analyzed
[INFO] Java Generated Files AST scan (done) | time=0ms
[INFO] 5/5 source files have been analyzed
[INFO] Sensor JavaSquidSensor [java] (done) | time=3849ms
[INFO] 0/0 source files have been analyzed
[INFO] Sensor CSS Rules [cssfamily]
[INFO] No CSS, PHP, HTML or VueJS files are found in the project. CSS analysis is skipped.
[INFO] Sensor CSS Rules [cssfamily] (done) | time=1ms
[INFO] Sensor C# Properties [csharp]
[INFO] Sensor C# Properties [csharp] (done) | time=1ms
[INFO] Sensor Import of Checkstyle issues [java]
[INFO] Importing /workspace/source/target/checkstyle-result.xml
[INFO] Sensor Import of Checkstyle issues [java] (done) | time=80ms
[INFO] Sensor SurefireSensor [java]
[INFO] parsing [/workspace/source/target/surefire-reports]
[INFO] Sensor SurefireSensor [java] (done) | time=54ms
[INFO] Sensor JavaXmlSensor [java]
[INFO] 1 source files to be analyzed
[INFO] Sensor JavaXmlSensor [java] (done) | time=229ms
[INFO] 1/1 source files have been analyzed
[INFO] Sensor HTML [web]
[INFO] Sensor HTML [web] (done) | time=6ms
[INFO] Sensor XML Sensor [xml]
[INFO] 1 source files to be analyzed
[INFO] Sensor XML Sensor [xml] (done) | time=170ms
[INFO] Sensor VB.NET Properties [vbnet]
[INFO] Sensor VB.NET Properties [vbnet] (done) | time=2ms
[INFO] Sensor JaCoCo XML Report Importer [jacoco]
[INFO] Importing 1 report(s). Turn your logs in debug mode in order to see the exhaustive list.
[INFO] 1/1 source files have been analyzed
[INFO] Sensor JaCoCo XML Report Importer [jacoco] (done) | time=22ms
[INFO] Sensor ThymeLeaf template sensor [securityjavafrontend]
[INFO] Sensor ThymeLeaf template sensor [securityjavafrontend] (done) | time=3ms
[INFO] Sensor JavaSecuritySensor [security]
[INFO] Reading type hierarchy from: /workspace/source/target/sonar/ucfg2/java
[INFO] Read 36 type definitions
[INFO] Reading UCFGs from: /workspace/source/target/sonar/ucfg2/java
[INFO] 09:19:34.77273 Building Type propagation graph
[INFO] 09:19:34.780869 Running Tarjan on 27 nodes
[INFO] 09:19:34.782676 Tarjan found 27 components
[INFO] 09:19:34.785628 Variable type analysis: done
[INFO] 09:19:34.786376 Building Type propagation graph
[INFO] 09:19:34.788111 Running Tarjan on 27 nodes
[INFO] 09:19:34.788994 Tarjan found 27 components
[INFO] 09:19:34.78947 Variable type analysis: done
[INFO] Analyzing 5 ucfgs to detect vulnerabilities.
[INFO] All rules entrypoints : 0 Retained UCFGs : 0
[INFO] rule: S5131, entrypoints: 0
[INFO] rule: S5131 done
[INFO] rule: S3649, entrypoints: 0
[INFO] rule: S3649 done
[INFO] rule: S2076, entrypoints: 0
[INFO] rule: S2076 done
[INFO] rule: S2091, entrypoints: 0
[INFO] rule: S2091 done
[INFO] rule: S2078, entrypoints: 0
[INFO] rule: S2078 done
[INFO] rule: S2631, entrypoints: 0
[INFO] rule: S2631 done
[INFO] rule: S5135, entrypoints: 0
[INFO] rule: S5135 done
[INFO] rule: S2083, entrypoints: 0
[INFO] rule: S2083 done
[INFO] rule: S5167, entrypoints: 0
[INFO] rule: S5167 done
[INFO] rule: S5144, entrypoints: 0
[INFO] rule: S5144 done
[INFO] rule: S5145, entrypoints: 0
[INFO] rule: S5145 done
[INFO] rule: S5146, entrypoints: 0
[INFO] rule: S5146 done
[INFO] rule: S5334, entrypoints: 0
[INFO] rule: S5334 done
[INFO] Sensor JavaSecuritySensor [security] (done) | time=394ms
[INFO] Sensor CSharpSecuritySensor [security]
[INFO] Reading type hierarchy from: /workspace/source/target/ucfg_cs2
[INFO] Read 0 type definitions
[INFO] Reading UCFGs from: /workspace/source/target/ucfg_cs2
[INFO] No UCFGs have been included for analysis.
[INFO] Sensor CSharpSecuritySensor [security] (done) | time=1ms
[INFO] Sensor PhpSecuritySensor [security]
[INFO] Reading type hierarchy from: /workspace/source/target/sonar/ucfg2/php
[INFO] Read 0 type definitions
[INFO] Reading UCFGs from: /workspace/source/target/sonar/ucfg2/php
[INFO] No UCFGs have been included for analysis.
[INFO] Sensor PhpSecuritySensor [security] (done) | time=1ms
[INFO] Sensor PythonSecuritySensor [security]
[INFO] Reading type hierarchy from: /workspace/source/target/sonar/ucfg2/python
[INFO] Read 0 type definitions
[INFO] Reading UCFGs from: /workspace/source/target/sonar/ucfg2/python
[INFO] No UCFGs have been included for analysis.
[INFO] Sensor PythonSecuritySensor [security] (done) | time=2ms
[INFO] Sensor JsSecuritySensor [security]
[INFO] Reading type hierarchy from: /workspace/source/target/sonar/ucfg2/js
[INFO] Read 0 type definitions
[INFO] Reading UCFGs from: /workspace/source/target/sonar/ucfg2/js
[INFO] No UCFGs have been included for analysis.
[INFO] Sensor JsSecuritySensor [security] (done) | time=2ms
[INFO] ------------- Run sensors on project
[INFO] Sensor Zero Coverage Sensor
[INFO] Sensor Zero Coverage Sensor (done) | time=2ms
[INFO] Sensor Java CPD Block Inde**r
[INFO] Sensor Java CPD Block Inde**r (done) | time=31ms
[INFO] SCM Publisher SCM provider for this project is: git
[INFO] SCM Publisher 2 source files to be analyzed
[INFO] SCM Publisher 1/2 source file have been analyzed (done) | time=131ms
[WARNING] Missing blame information for the following files:
[WARNING]   * pom.xml
[WARNING] This may lead to missing/broken features in SonarCloud
[INFO] CPD E**cutor Calculating CPD for 1 file
[INFO] CPD E**cutor CPD calculation finished (done) | time=19ms
[INFO] SCM writing changed lines
[INFO] SCM writing changed lines (done) | time=47ms
[INFO] Analysis report generated in 192ms, dir size=198 KB
[INFO] Analysis report compressed in 19ms, zip size=44 KB
[INFO] Analysis report uploaded in 105ms
[INFO] ANALYSIS SUCCESSFUL, you can find the results at: https://sonarcloud.io/dashboard?id=entando-k8s_entando-k8s-composite-app-controller&pullRequest=10
[INFO] Note that you will be able to access the updated dashboard once the server has processed the submitted analysis report
[INFO] More about the report processing at https://sonarcloud.io/api/ce/task?id=AXUCW9pt1FvPMfJB5NUi
[INFO] Analysis total time: 12.372 s
[INFO] ------------------------------------------------------------------------
[INFO] BUILD SUCCESS
[INFO] ------------------------------------------------------------------------
[INFO] Total time:  01:49 min
[INFO] Finished at: 2020-10-07T09:19:35Z
[INFO] ------------------------------------------------------------------------
shallow cloning https://github.com/entando-k8s/devops-results.git branch gh-pages
ran git init in /tmp/jenkins-x-collect391760507
ran git add remote origin https://github.com/entando-k8s/devops-results.git in /tmp/jenkins-x-collect391760507
ran git fetch origin --depth=1 gh-pages in dir /tmp/jenkins-x-collect391760507
Publishing https://raw.githubusercontent.com/entando-k8s/devops-results/gh-pages/entando-k8s-composite-app-controller/PR-10/checkstyle.html
Publishing https://raw.githubusercontent.com/entando-k8s/devops-results/gh-pages/entando-k8s-composite-app-controller/PR-10/checkstyle.rss
Publishing https://raw.githubusercontent.com/entando-k8s/devops-results/gh-pages/entando-k8s-composite-app-controller/PR-10/css/maven-base.css
Publishing https://raw.githubusercontent.com/entando-k8s/devops-results/gh-pages/entando-k8s-composite-app-controller/PR-10/css/maven-theme.css
Publishing https://raw.githubusercontent.com/entando-k8s/devops-results/gh-pages/entando-k8s-composite-app-controller/PR-10/css/print.css
Publishing https://raw.githubusercontent.com/entando-k8s/devops-results/gh-pages/entando-k8s-composite-app-controller/PR-10/css/site.css
Publishing https://raw.githubusercontent.com/entando-k8s/devops-results/gh-pages/entando-k8s-composite-app-controller/PR-10/dependency-check-junit.xml
Publishing https://raw.githubusercontent.com/entando-k8s/devops-results/gh-pages/entando-k8s-composite-app-controller/PR-10/dependency-check-report.html
Publishing https://raw.githubusercontent.com/entando-k8s/devops-results/gh-pages/entando-k8s-composite-app-controller/PR-10/dependency-check-report.xml
Publishing https://raw.githubusercontent.com/entando-k8s/devops-results/gh-pages/entando-k8s-composite-app-controller/PR-10/dependency-info.html
Publishing https://raw.githubusercontent.com/entando-k8s/devops-results/gh-pages/entando-k8s-composite-app-controller/PR-10/images/collapsed.gif
Publishing https://raw.githubusercontent.com/entando-k8s/devops-results/gh-pages/entando-k8s-composite-app-controller/PR-10/images/expanded.gif
Publishing https://raw.githubusercontent.com/entando-k8s/devops-results/gh-pages/entando-k8s-composite-app-controller/PR-10/images/external.png
Publishing https://raw.githubusercontent.com/entando-k8s/devops-results/gh-pages/entando-k8s-composite-app-controller/PR-10/images/icon_error_sml.gif
Publishing https://raw.githubusercontent.com/entando-k8s/devops-results/gh-pages/entando-k8s-composite-app-controller/PR-10/images/icon_info_sml.gif
Publishing https://raw.githubusercontent.com/entando-k8s/devops-results/gh-pages/entando-k8s-composite-app-controller/PR-10/images/icon_success_sml.gif
Publishing https://raw.githubusercontent.com/entando-k8s/devops-results/gh-pages/entando-k8s-composite-app-controller/PR-10/images/icon_warning_sml.gif
Publishing https://raw.githubusercontent.com/entando-k8s/devops-results/gh-pages/entando-k8s-composite-app-controller/PR-10/images/logos/build-by-maven-black.png
Publishing https://raw.githubusercontent.com/entando-k8s/devops-results/gh-pages/entando-k8s-composite-app-controller/PR-10/images/logos/build-by-maven-white.png
Publishing https://raw.githubusercontent.com/entando-k8s/devops-results/gh-pages/entando-k8s-composite-app-controller/PR-10/images/logos/maven-feather.png
Publishing https://raw.githubusercontent.com/entando-k8s/devops-results/gh-pages/entando-k8s-composite-app-controller/PR-10/images/newwindow.png
Publishing https://raw.githubusercontent.com/entando-k8s/devops-results/gh-pages/entando-k8s-composite-app-controller/PR-10/images/rss.png
Publishing https://raw.githubusercontent.com/entando-k8s/devops-results/gh-pages/entando-k8s-composite-app-controller/PR-10/index.html
Publishing https://raw.githubusercontent.com/entando-k8s/devops-results/gh-pages/entando-k8s-composite-app-controller/PR-10/issue-management.html
Publishing https://raw.githubusercontent.com/entando-k8s/devops-results/gh-pages/entando-k8s-composite-app-controller/PR-10/jacoco/index.html
Publishing https://raw.githubusercontent.com/entando-k8s/devops-results/gh-pages/entando-k8s-composite-app-controller/PR-10/jacoco/jacoco-resources/branchfc.gif
Publishing https://raw.githubusercontent.com/entando-k8s/devops-results/gh-pages/entando-k8s-composite-app-controller/PR-10/jacoco/jacoco-resources/branchnc.gif
Publishing https://raw.githubusercontent.com/entando-k8s/devops-results/gh-pages/entando-k8s-composite-app-controller/PR-10/jacoco/jacoco-resources/branchpc.gif
Publishing https://raw.githubusercontent.com/entando-k8s/devops-results/gh-pages/entando-k8s-composite-app-controller/PR-10/jacoco/jacoco-resources/bundle.gif
Publishing https://raw.githubusercontent.com/entando-k8s/devops-results/gh-pages/entando-k8s-composite-app-controller/PR-10/jacoco/jacoco-resources/class.gif
Publishing https://raw.githubusercontent.com/entando-k8s/devops-results/gh-pages/entando-k8s-composite-app-controller/PR-10/jacoco/jacoco-resources/down.gif
Publishing https://raw.githubusercontent.com/entando-k8s/devops-results/gh-pages/entando-k8s-composite-app-controller/PR-10/jacoco/jacoco-resources/greenbar.gif
Publishing https://raw.githubusercontent.com/entando-k8s/devops-results/gh-pages/entando-k8s-composite-app-controller/PR-10/jacoco/jacoco-resources/group.gif
Publishing https://raw.githubusercontent.com/entando-k8s/devops-results/gh-pages/entando-k8s-composite-app-controller/PR-10/jacoco/jacoco-resources/method.gif
Publishing https://raw.githubusercontent.com/entando-k8s/devops-results/gh-pages/entando-k8s-composite-app-controller/PR-10/jacoco/jacoco-resources/package.gif
Publishing https://raw.githubusercontent.com/entando-k8s/devops-results/gh-pages/entando-k8s-composite-app-controller/PR-10/jacoco/jacoco-resources/prettify.css
Publishing https://raw.githubusercontent.com/entando-k8s/devops-results/gh-pages/entando-k8s-composite-app-controller/PR-10/jacoco/jacoco-resources/prettify.js
Publishing https://raw.githubusercontent.com/entando-k8s/devops-results/gh-pages/entando-k8s-composite-app-controller/PR-10/jacoco/jacoco-resources/redbar.gif
Publishing https://raw.githubusercontent.com/entando-k8s/devops-results/gh-pages/entando-k8s-composite-app-controller/PR-10/jacoco/jacoco-resources/report.css
Publishing https://raw.githubusercontent.com/entando-k8s/devops-results/gh-pages/entando-k8s-composite-app-controller/PR-10/jacoco/jacoco-resources/report.gif
Publishing https://raw.githubusercontent.com/entando-k8s/devops-results/gh-pages/entando-k8s-composite-app-controller/PR-10/jacoco/jacoco-resources/session.gif
Publishing https://raw.githubusercontent.com/entando-k8s/devops-results/gh-pages/entando-k8s-composite-app-controller/PR-10/jacoco/jacoco-resources/sort.gif
Publishing https://raw.githubusercontent.com/entando-k8s/devops-results/gh-pages/entando-k8s-composite-app-controller/PR-10/jacoco/jacoco-resources/sort.js
Publishing https://raw.githubusercontent.com/entando-k8s/devops-results/gh-pages/entando-k8s-composite-app-controller/PR-10/jacoco/jacoco-resources/source.gif
Publishing https://raw.githubusercontent.com/entando-k8s/devops-results/gh-pages/entando-k8s-composite-app-controller/PR-10/jacoco/jacoco-resources/up.gif
Publishing https://raw.githubusercontent.com/entando-k8s/devops-results/gh-pages/entando-k8s-composite-app-controller/PR-10/jacoco/jacoco-sessions.html
Publishing https://raw.githubusercontent.com/entando-k8s/devops-results/gh-pages/entando-k8s-composite-app-controller/PR-10/jacoco/jacoco.csv
Publishing https://raw.githubusercontent.com/entando-k8s/devops-results/gh-pages/entando-k8s-composite-app-controller/PR-10/jacoco/jacoco.xml
Publishing https://raw.githubusercontent.com/entando-k8s/devops-results/gh-pages/entando-k8s-composite-app-controller/PR-10/jacoco/org.entando.kubernetes.compositeapp.controller/EntandoCompositeAppController.html
Publishing https://raw.githubusercontent.com/entando-k8s/devops-results/gh-pages/entando-k8s-composite-app-controller/PR-10/jacoco/org.entando.kubernetes.compositeapp.controller/EntandoCompositeAppController.java.html
Publishing https://raw.githubusercontent.com/entando-k8s/devops-results/gh-pages/entando-k8s-composite-app-controller/PR-10/jacoco/org.entando.kubernetes.compositeapp.controller/index.html
Publishing https://raw.githubusercontent.com/entando-k8s/devops-results/gh-pages/entando-k8s-composite-app-controller/PR-10/jacoco/org.entando.kubernetes.compositeapp.controller/index.source.html
Publishing https://raw.githubusercontent.com/entando-k8s/devops-results/gh-pages/entando-k8s-composite-app-controller/PR-10/licenses.html
Publishing https://raw.githubusercontent.com/entando-k8s/devops-results/gh-pages/entando-k8s-composite-app-controller/PR-10/plugins.html
Publishing https://raw.githubusercontent.com/entando-k8s/devops-results/gh-pages/entando-k8s-composite-app-controller/PR-10/project-info.html
Publishing https://raw.githubusercontent.com/entando-k8s/devops-results/gh-pages/entando-k8s-composite-app-controller/PR-10/scm.html
Publishing https://raw.githubusercontent.com/entando-k8s/devops-results/gh-pages/entando-k8s-composite-app-controller/PR-10/summary.html
Publishing https://raw.githubusercontent.com/entando-k8s/devops-results/gh-pages/entando-k8s-composite-app-controller/PR-10/surefire-report.html
error: failed to collect patterns target/site/* to path entando-k8s-composite-app-controller/PR-10: Have you set up a git credential helper? See https://help.github.com/articles/caching-your-github-password-in-git/
: git output: To https://github.com/entando-k8s/devops-results.git
 ! [rejected]          gh-pages -> gh-pages (fetch first)
error: failed to push some refs to 'https://github.com/entando-k8s/devops-results.git'
hint: Updates were rejected because the remote contains work that you do
hint: not have locally. This is usually caused by another repository pushing
hint: to the same ref. You may want to first integrate the remote changes
hint: (e.g., 'git pull ...') before pushing again.
hint: See the 'Note about fast-forwards' in 'git push --help' for details.: failed to run 'git push origin gh-pages' command in directory '/tmp/jenkins-x-collect391760507', output: 'To https://github.com/entando-k8s/devops-results.git
 ! [rejected]          gh-pages -> gh-pages (fetch first)
error: failed to push some refs to 'https://github.com/entando-k8s/devops-results.git'
hint: Updates were rejected because the remote contains work that you do
hint: not have locally. This is usually caused by another repository pushing
hint: to the same ref. You may want to first integrate the remote changes
hint: (e.g., 'git pull ...') before pushing again.
hint: See the 'Note about fast-forwards' in 'git push --help' for details.'
  % Total    % Received % Xferd  Average Speed   Time    Time     Time  Current
                                 Dload  Upload   Total   Spent    Left  Speed
  0     0    0     0    0     0      0      0 --:--:-- --:--:-- --:--:--     0 12  1897    0     0  100   228      0    388 --:--:-- --:--:-- --:--:--   390100  1897  100  1669  100   228   2843    388 --:--:-- --:--:-- --:--:--  2852
{
  "url": "https://api.github.com/repos/entando-k8s/entando-k8s-composite-app-controller/statuses/698caea433a9e82b97913387e9104e64b446c3ec",
  "avatar_url": "https://avatars2.githubusercontent.com/u/57885396?v=4",
  "id": 10978608935,
  "node_id": "MDEzOlN0YXR1c0NvbnRleHQxMDk3ODYwODkzNQ==",
  "state": "success",
  "description": "Pre-deployment tests success!",
  "target_url": "https://entando-k8s.github.io/devops-results/entando-k8s-composite-app-controller/PR-10/surefire-report.html",
  "context": "Pre-deployment tests",
  "created_at": "2020-10-07T09:22:36Z",
  "updated_at": "2020-10-07T09:22:36Z",
  "creator": {
    "login": "**********",
    "id": 57885396,
    "node_id": "MDQ6VXNlcjU3ODg1Mzk2",
    "avatar_url": "https://avatars2.githubusercontent.com/u/57885396?v=4",
    "gravatar_id": "",
    "url": "https://api.github.com/users/entando-**",
    "html_url": "https://github.com/**********",
    "followers_url": "https://api.github.com/users/**********/followers",
    "following_url": "https://api.github.com/users/**********/following{/other_user}",
    "gists_url": "https://api.github.com/users/**********/gists{/gist_id}",
    "starred_url": "https://api.github.com/users/**********/starred{/owner}{/repo}",
    "subscriptions_url": "https://api.github.com/users/**********/subscriptions",
    "organizations_url": "https://api.github.com/users/**********/orgs",
    "repos_url": "https://api.github.com/users/**********/repos",
    "events_url": "https://api.github.com/users/**********/events{/privacy}",
    "received_events_url": "https://api.github.com/users/**********/received_events",
    "type": "User",
    "site_*****": *****
  }
}
  % Total    % Received % Xferd  Average Speed   Time    Time     Time  Current
                                 Dload  Upload   Total   Spent    Left  Speed
  0     0    0     0    0     0      0      0 --:--:-- --:--:-- --:--:--     0100  1847  100  1644  100   203   3004    371 --:--:-- --:--:-- --:--:--  3010
{
  "url": "https://api.github.com/repos/entando-k8s/entando-k8s-composite-app-controller/statuses/698caea433a9e82b97913387e9104e64b446c3ec",
  "avatar_url": "https://avatars2.githubusercontent.com/u/57885396?v=4",
  "id": 10978609037,
  "node_id": "MDEzOlN0YXR1c0NvbnRleHQxMDk3ODYwOTAzNw==",
  "state": "success",
  "description": "Checkstyle success!",
  "target_url": "https://entando-k8s.github.io/devops-results/entando-k8s-composite-app-controller/PR-10/checkstyle.html",
  "context": "Checkstyle",
  "created_at": "2020-10-07T09:22:37Z",
  "updated_at": "2020-10-07T09:22:37Z",
  "creator": {
    "login": "entando-**",
    "id": 57885396,
    "node_id": "MDQ6VXNlcjU3ODg1Mzk2",
    "avatar_url": "https://avatars2.githubusercontent.com/u/57885396?v=4",
    "gravatar_id": "",
    "url": "https://api.github.com/users/**********",
    "html_url": "https://github.com/**********",
    "followers_url": "https://api.github.com/users/**********/followers",
    "following_url": "https://api.github.com/users/**********/following{/other_user}",
    "gists_url": "https://api.github.com/users/**********/gists{/gist_id}",
    "starred_url": "https://api.github.com/users/entando-**/starred{/owner}{/repo}",
    "subscriptions_url": "https://api.github.com/users/**********/subscriptions",
    "organizations_url": "https://api.github.com/users/**********/orgs",
    "repos_url": "https://api.github.com/users/**********/repos",
    "events_url": "https://api.github.com/users/**********/events{/privacy}",
    "received_events_url": "https://api.github.com/users/**********/received_events",
    "type": "User",
    "site_*****": *****
  }
}
  % Total    % Received % Xferd  Average Speed   Time    Time     Time  Current
                                 Dload  Upload   Total   Spent    Left  Speed
{
  "url": "https://api.github.com/repos/entando-k8s/entando-k8s-composite-app-controller/statuses/698caea433a9e82b97913387e9104e64b446c3ec",
  "avatar_url": "https://avatars2.githubusercontent.com/u/57885396?v=4",
  "id": 10978609120,
  "node_id": "MDEzOlN0YXR1c0NvbnRleHQxMDk3ODYwOTEyMA==",
  "state": "success",
  "description": "OWASP CVE success!",
  "target_url": "https://entando-k8s.github.io/devops-results/entando-k8s-composite-app-controller/PR-10/dependency-check-report.html",
  "context": "OWASP CVE",
  "created_at": "2020-10-07T09:22:37Z",
  "updated_at": "2020-10-07T09:22:37Z",
  "creator": {
    "login": "**********",
    "id": 57885396,
    "node_id": "MDQ6VXNlcjU3ODg1Mzk2",
    "avatar_url": "https://avatars2.githubusercontent.com/u/57885396?v=4",
    "gravatar_id": "",
    "url": "https://api.github.com/users/**********",
    "html_url": "https://github.com/entando-**",
    "followers_url": "https://api.github.com/users/**********/followers",
    "following_url": "https://api.github.com/users/**********/following{/other_user}",
    "gists_url": "https://api.github.com/users/**********/gists{/gist_id}",
    "starred_url": "https://api.github.com/users/**********/starred{/owner}{/repo}",
    "subscriptions_url": "https://api.github.com/users/**********/subscriptions",
    "organizations_url": "https://api.github.com/users/**********/orgs",
    "repos_url": "https://api.github.com/users/**********/repos",
    "events_url": "https://api.github.com/users/entando-**/events{/privacy}",
    "received_events_url": "https://api.github.com/users/**********/received_events",
    "type": "User",
    "site_*****": *****
  }
}
  0     0    0     0    0     0      0      0 --:--:-- --:--:-- --:--:--     0  0     0    0     0    0     0      0      0 --:--:-- --:--:-- --:--:--     0100  1869  100  1655  100   214   2671    345 --:--:-- --:--:-- --:--:--  2669
Congratulations! No build failures found for entando-k8s-composite-app-controller-PR-10.

Showing logs for build [32mentando-k8s-entando-k8s-composi-dthwf-5[0m stage [32mfrom-build-pack[0m and container [32mstep-build-container-build[0m
Generating tags...
 - entando/entando-k8s-composite-app-controller -> docker.io/entando/entando-k8s-composite-app-controller:0.0.0-SNAPSHOT-PR-10-5
Checking cache...
 - entando/entando-k8s-composite-app-controller: Not found. Building
Building [entando/entando-k8s-composite-app-controller]...
Sending build context to Docker daemon  535.6kBSending build context to Docker daemon  6.015MBSending build context to Docker daemon  12.61MBSending build context to Docker daemon  17.61MBSending build context to Docker daemon  21.51MBSending build context to Docker daemon  26.52MBSending build context to Docker daemon   32.6MBSending build context to Docker daemon  37.51MBSending build context to Docker daemon  39.09MB
Step 1/6 : FROM fabric8/java-alpine-openjdk8-jre
 ---> 6383f0513235
Step 2/6 : ENV JAVA_OPTIONS "-Dquarkus.http.host=0.0.0.0 -Djava.util.logging.manager=org.jboss.logmanager.LogManager"
 ---> Using cache
 ---> 781f0699f0f0
Step 3/6 : ENV AB_ENABLED jmx_exporter
 ---> Using cache
 ---> 3d03a75b86f8
Step 4/6 : COPY target/lib/* /deployments/lib/
 ---> Using cache
 ---> 150b888b6a6f
Step 5/6 : COPY target/*-runner.jar /deployments/app.jar
 ---> 901dbf076903
Step 6/6 : ENTRYPOINT /deployments/run-java.sh
 ---> Running in f56d5d14b183
 ---> 694fd4d1f54d
Successfully built 694fd4d1f54d
The push refers to a repository [docker.io/entando/entando-k8s-composite-app-controller]
58ab88ed2264: Preparing
7a16f30ffc9b: Preparing
a37d6baa8a5e: Preparing
4246c252be29: Preparing
bbc6d89e45a1: Preparing
6a8968c88953: Preparing
c11f0dd7f64f: Preparing
081a861c7ecd: Preparing
df5b415aa3df: Preparing
77cae8ab23bf: Preparing
6a8968c88953: Waiting
df5b415aa3df: Waiting
bbc6d89e45a1: Waiting
77cae8ab23bf: Waiting
081a861c7ecd: Waiting
4246c252be29: Layer already exists
7a16f30ffc9b: Layer already exists
a37d6baa8a5e: Layer already exists
c11f0dd7f64f: Layer already exists
bbc6d89e45a1: Layer already exists
6a8968c88953: Layer already exists
081a861c7ecd: Layer already exists
df5b415aa3df: Layer already exists
77cae8ab23bf: Layer already exists
58ab88ed2264: Pushed
0.0.0-SNAPSHOT-PR-10-5: digest: sha256:de8d4c260a6c3d436b4f1829e286789a3164727bb19d0af6072e9b0fbc338f10 size: 2410
There is a new version (1.15.0) of Skaffold available. Download it at https://storage.googleapis.com/skaffold/releases/latest/skaffold-linux-amd64


Showing logs for build [32mentando-k8s-entando-k8s-composi-dthwf-5[0m stage [32mfrom-build-pack[0m and container [32mstep-postbuild-post-build[0m
no CVE provider running in the current ** namespace so skip adding image to be analysed

Showing logs for build [32mentando-k8s-entando-k8s-composi-dthwf-5[0m stage [32mfrom-build-pack[0m and container [32mstep-promote-make-preview[0m
sed -i -e "s/version:.*/version: 0.0.0-SNAPSHOT-PR-10-5/" Chart.yaml
sed -i -e "s/version:.*/version: 0.0.0-SNAPSHOT-PR-10-5/" ../*/Chart.yaml
sed -i -e "s|repository:.*|repository: docker.io\/entando\/entando-k8s-composite-app-controller|" values.yaml
sed -i -e "s/tag:.*/tag: 0.0.0-SNAPSHOT-PR-10-5/" values.yaml
sed -i -e "s/ENTANDO_DOCKER_REGISTRY_OVERRIDE:.*/ENTANDO_DOCKER_REGISTRY_OVERRIDE: docker.io/" values.yaml
echo "  version: 0.0.0-SNAPSHOT-PR-10-5" >> requirements.yaml
** step helm build
WARNING: No $CHART_REPOSITORY defined so using the default value of: http://jenkins-x-chartmuseum:8080
Adding missing Helm repo: storage.googleapis.com https://storage.googleapis.com/chartmuseum.jenkins-x.io
Successfully added Helm repository storage.googleapis.com.
Adding missing Helm repo: jenkins-x-chartmuseum http://jenkins-x-chartmuseum:8080
Successfully added Helm repository jenkins-x-chartmuseum.
WARNING: No $CHART_REPOSITORY defined so using the default value of: http://jenkins-x-chartmuseum:8080

Showing logs for build [32mentando-k8s-entando-k8s-composi-dthwf-5[0m stage [32mfrom-build-pack[0m and container [32mstep-promote-jx-preview[0m
Unable to retrieve container logs for docker://ade1b80e67d390780562accf81a1804f83d0cc4af2951d79a5b15fe8f0a1dc1b

Showing logs for build [32mentando-k8s-entando-k8s-composi-dthwf-5[0m stage [32mfrom-build-pack[0m and container [32mstep-promote-run-post-deployment-tests[0m
Picked up _JAVA_OPTIONS: -XX:+UnlockExperimentalVMOptions -Dsun.zip.disableMemoryMapping=true -XX:+UseParallelGC -XX:MinHeapFreeRatio=5 -XX:MaxHeapFreeRatio=10 -XX:GCTimeRatio=4 -XX:AdaptiveSizePolicyWeight=90 -Xms1000m -Xmx12000m
[INFO] Scanning for projects...
[WARNING] 
[WARNING] Some problems were encountered while building the effective model for org.entando:entando-k8s-composite-app-controller:jar:0.0.0-SNAPSHOT-PR-10-5
[WARNING] 'dependencyManagement.dependencies.dependency.(groupId:artifactId:type:classifier)' must be unique: org.yaml:snakeyaml:jar -> version 1.27 vs ${snakeyaml.version} @ org.entando:entando-quarkus-parent:6.2.3, /home/jenkins/.mvnrepository/org/entando/entando-quarkus-parent/6.2.3/entando-quarkus-parent-6.2.3.pom, line 283, column 25
[WARNING] 
[WARNING] It is highly recommended to fix these problems because they threaten the stability of your build.
[WARNING] 
[WARNING] For this reason, future Maven versions might no longer support building such malformed projects.
[WARNING] 
[INFO] 
[INFO] ----------< org.entando:entando-k8s-composite-app-controller >----------
[INFO] Building Entando K8S Composite App Controller 0.0.0-SNAPSHOT-PR-10-5
[INFO] --------------------------------[ jar ]---------------------------------
[INFO] 
[INFO] --- maven-resources-plugin:2.6:resources (default-resources) @ entando-k8s-composite-app-controller ---
[INFO] Using 'UTF-8' encoding to copy filtered resources.
[INFO] Copying 3 resources
[INFO] 
[INFO] --- maven-compiler-plugin:3.8.1:compile (default-compile) @ entando-k8s-composite-app-controller ---
[INFO] Nothing to compile - all classes are up to date
[INFO] 
[INFO] --- maven-resources-plugin:2.6:testResources (default-testResources) @ entando-k8s-composite-app-controller ---
[INFO] Using 'UTF-8' encoding to copy filtered resources.
[INFO] Copying 6 resources
[INFO] 
[INFO] --- maven-compiler-plugin:3.8.1:testCompile (default-testCompile) @ entando-k8s-composite-app-controller ---
[INFO] Nothing to compile - all classes are up to date
[INFO] 
[INFO] --- maven-surefire-plugin:3.0.0-M1:test (default-test) @ entando-k8s-composite-app-controller ---
[INFO] Tests are skipped.
[INFO] 
[INFO] --- maven-jar-plugin:3.2.0:jar (default-jar) @ entando-k8s-composite-app-controller ---
[INFO] 
[INFO] --- maven-jar-plugin:3.2.0:test-jar (build-test-jar) @ entando-k8s-composite-app-controller ---
[INFO] 
[INFO] --- maven-failsafe-plugin:3.0.0-M4:integration-test (run-tests) @ entando-k8s-composite-app-controller ---
[INFO] 
[INFO] -------------------------------------------------------
[INFO]  T E S T S
[INFO] -------------------------------------------------------
[INFO] Running org.entando.kubernetes.compositeapp.controller.interprocesstests.CompositeAppControllerIntegratedTest
!!!!!!!On EntandoCompositeApp add!!!!!!!!!
!!!!!!!On EntandoCompositeApp add!!!!!!!!!
Oct 07, 2020 9:25:48 AM org.entando.kubernetes.controller.integrationtest.support.DeletionWaiter lambda$deleteSingleItem$2
WARNING: Deleting pods  entando-k8s-composite-app-controller-carcpr10/my-app-carcpr10-deployer-8atjaiiwj6
Oct 07, 2020 9:25:48 AM org.entando.kubernetes.controller.integrationtest.support.DeletionWaiter lambda$deleteSingleItem$2
WARNING: Deleting pods  entando-k8s-composite-app-controller-carcpr10/my-app-carcpr10-deployer-hjjm9u5n4c
Oct 07, 2020 9:25:48 AM org.entando.kubernetes.controller.integrationtest.support.DeletionWaiter lambda$deleteSingleItem$2
WARNING: Deleting pods  entando-k8s-composite-app-controller-carcpr10/my-app-carcpr10-deployer-pmsrz4i7lc
!!!!!!!On EntandoCompositeApp add!!!!!!!!!
[ERROR] Tests run: 2, Failures: 0, Errors: 2, Skipped: 0, Time elapsed: 98.202 s <<< FAILURE! - in org.entando.kubernetes.compositeapp.controller.interprocesstests.CompositeAppControllerIntegratedTest
[ERROR] org.entando.kubernetes.compositeapp.controller.interprocesstests.CompositeAppControllerIntegratedTest.testE**cuteControllerObject  Time elapsed: 64.862 s  <<< ERROR!
org.awaitility.core.ConditionTimeoutException: Condition with lambda expression in org.entando.kubernetes.compositeapp.controller.AbstractCompositeAppControllerTest that uses io.fabric8.kubernetes.client.dsl.FilterWatchListDeletable was not fulfilled within 1 minutes.

[ERROR] org.entando.kubernetes.compositeapp.controller.interprocesstests.CompositeAppControllerIntegratedTest.testE**cuteControllerPod  Time elapsed: 33.286 s  <<< ERROR!
org.awaitility.core.ConditionTimeoutException: Condition with lambda expression in org.entando.kubernetes.compositeapp.controller.AbstractCompositeAppControllerTest that uses io.fabric8.kubernetes.client.dsl.FilterWatchListDeletable was not fulfilled within 30 seconds.

[INFO] 
[INFO] Results:
[INFO] 
[ERROR] Errors: 
[ERROR]   CompositeAppControllerIntegratedTest>AbstractCompositeAppControllerTest.testE**cuteControllerObject:224 Â» ConditionTimeout
[ERROR]   CompositeAppControllerIntegratedTest>AbstractCompositeAppControllerTest.testE**cuteControllerPod:117 Â» ConditionTimeout
[INFO] 
[ERROR] Tests run: 2, Failures: 0, Errors: 2, Skipped: 0
[INFO] 
[INFO] 
[INFO] --- maven-surefire-report-plugin:3.0.0-M4:failsafe-report-only (integration-tests) @ entando-k8s-composite-app-controller ---
[WARNING] Unable to locate Test Source XRef to link to - DISABLED
[INFO] 
[INFO] --- maven-surefire-report-plugin:3.0.0-M4:report-only (unit-tests) @ entando-k8s-composite-app-controller ---
[WARNING] Unable to locate Test Source XRef to link to - DISABLED
[INFO] 
[INFO] --- maven-failsafe-plugin:3.0.0-M4:verify (run-tests) @ entando-k8s-composite-app-controller ---
[ERROR] There are test failures.

Please refer to /workspace/source/target/failsafe-reports for the individual test results.
Please refer to dump files (if any exist) [date].dump, [date]-***Run[N].dump and [date].dumpstream.
[INFO] ------------------------------------------------------------------------
[INFO] BUILD SUCCESS
[INFO] ------------------------------------------------------------------------
[INFO] Total time:  01:47 min
[INFO] Finished at: 2020-10-07T09:26:21Z
[INFO] ------------------------------------------------------------------------
shallow cloning https://github.com/entando-k8s/devops-results.git branch gh-pages
ran git init in /tmp/jenkins-x-collect225082444
ran git add remote origin https://github.com/entando-k8s/devops-results.git in /tmp/jenkins-x-collect225082444
ran git fetch origin --depth=1 gh-pages in dir /tmp/jenkins-x-collect225082444
Publishing https://raw.githubusercontent.com/entando-k8s/devops-results/gh-pages/entando-k8s-composite-app-controller/PR-10/failsafe-report.html
stashed: https://raw.githubusercontent.com/entando-k8s/devops-results/gh-pages/entando-k8s-composite-app-controller/PR-10/failsafe-report.html
The connection to the server 172.30.0.1:443 was refused - did you specify the right host or port?
Post-deployment tests failed for entando-k8s-composite-app-controller-PR-10.
  % Total    % Received % Xferd  Average Speed   Time    Time     Time  Current
                                 Dload  Upload   Total   Spent    Left  Speed
{
  "url": "https://api.github.com/repos/entando-k8s/entando-k8s-composite-app-controller/statuses/698caea433a9e82b97913387e9104e64b446c3ec",
  "avatar_url": "https://avatars2.githubusercontent.com/u/57885396?v=4",
  "id": 10978687037,
  "node_id": "MDEzOlN0YXR1c0NvbnRleHQxMDk3ODY4NzAzNw==",
  "state": "failure",
  "description": "Post-deployment tests failure!",
  "target_url": "https://entando-k8s.github.io/devops-results/entando-k8s-composite-app-controller/PR-10/failsafe-report.html",
  "context": "Post-deployment tests",
  "created_at": "2020-10-07T09:30:23Z",
  "updated_at": "2020-10-07T09:30:23Z",
  "creator": {
    "login": "**********",
    "id": 57885396,
    "node_id": "MDQ6VXNlcjU3ODg1Mzk2",
    "avatar_url": "https://avatars2.githubusercontent.com/u/57885396?v=4",
    "gravatar_id": "",
    "url": "https://api.github.com/users/**********",
    "html_url": "https://github.com/**********",
    "followers_url": "https://api.github.com/users/**********/followers",
    "following_url": "https://api.github.com/users/**********/following{/other_user}",
    "gists_url": "https://api.github.com/users/**********/gists{/gist_id}",
    "starred_url": "https://api.github.com/users/**********/starred{/owner}{/repo}",
    "subscriptions_url": "https://api.github.com/users/**********/subscriptions",
    "organizations_url": "https://api.github.com/users/**********/orgs",
    "repos_url": "https://api.github.com/users/**********/repos",
    "events_url": "https://api.github.com/users/**********/events{/privacy}",
    "received_events_url": "https://api.github.com/users/**********/received_events",
    "type": "User",
    "site_*****": *****
  }
}
  0     0    0     0    0     0      0      0 --:--:-- --:--:-- --:--:--     0  0     0    0     0    0     0      0      0 --:--:-- --:--:-- --:--:--     0100  1901  100  1671  100   230   2515    346 --:--:-- --:--:-- --:--:--  2520
[31m
Pipeline failed on stage 'from-build-pack' : container 'step-promote-run-post-deployment-tests'. The execution of the pipeline has stopped.[0m
