
Showing logs for build [32mentando-k8s-entando-de-app-pr-8-tdwvw-2[0m stage [32mfrom-build-pack[0m and container [32mstep-credential-initializer-zn95h[0m
{"level":"warn","ts":1600256312.0208683,"logger":"fallback-logger","caller":"logging/config.go:69","msg":"Fetch GitHub commit ID from kodata failed: \"ref: refs/heads/0.8.0-**-support-backwards-incompats\" is not a valid GitHub commit ID"}
{"level":"info","ts":1600256312.0274868,"logger":"fallback-logger","caller":"creds-init/main.go:40","msg":"Credentials initialized."}

Showing logs for build [32mentando-k8s-entando-de-app-pr-8-tdwvw-2[0m stage [32mfrom-build-pack[0m and container [32mstep-working-dir-initializer-69x7c[0m
{"level":"warn","ts":1600256317.437526,"logger":"fallback-logger","caller":"logging/config.go:69","msg":"Fetch GitHub commit ID from kodata failed: open /var/run/ko/HEAD: no such file or directory"}
{"level":"info","ts":1600256317.4649124,"logger":"fallback-logger","caller":"bash/main.go:64","msg":"Successfully e**cuted command \"sh -c mkdir -p /workspace/source\"; output "}

Showing logs for build [32mentando-k8s-entando-de-app-pr-8-tdwvw-2[0m stage [32mfrom-build-pack[0m and container [32mstep-place-tools[0m

Showing logs for build [32mentando-k8s-entando-de-app-pr-8-tdwvw-2[0m stage [32mfrom-build-pack[0m and container [32mstep-git-source-entando-k8s-entando-de-app-pr-8-z6mvj[0m
{"level":"warn","ts":1600256448.254191,"logger":"fallback-logger","caller":"logging/config.go:69","msg":"Fetch GitHub commit ID from kodata failed: \"ref: refs/heads/0.8.0-**-support-backwards-incompats\" is not a valid GitHub commit ID"}
{"level":"info","ts":1600256450.8130288,"logger":"fallback-logger","caller":"git/git.go:103","msg":"Successfully cloned https://github.com/entando-k8s/entando-de-app.git @ master in path /workspace/source"}

Showing logs for build [32mentando-k8s-entando-de-app-pr-8-tdwvw-2[0m stage [32mfrom-build-pack[0m and container [32mstep-git-merge[0m
Using SHAs from PULL_REFS=master:a4453e11798a656c67f4a5f6ec8ed90d0dad1456,80:65bba63bf766e6ae9037e414dacf6dfb77a632df
DEBUG: ran git fetch --unshallow origin 65bba63bf766e6ae9037e414dacf6dfb77a632df: a4453e11798a656c67f4a5f6ec8ed90d0dad1456: in 
DEBUG: ran git checkout master in 
DEBUG: ran git reset --hard a4453e11798a656c67f4a5f6ec8ed90d0dad1456 in 
DEBUG: ran clean --force -d . in 
DEBUG: ran git merge 65bba63bf766e6ae9037e414dacf6dfb77a632df in 
Merged SHA 6088dcd00069ca7bf50f8cd69e5d7092161e2c2b with commit message 'Merge commit '65bba63bf766e6ae9037e414dacf6dfb77a632df'' into base branch master
Merged SHA 65bba63bf766e6ae9037e414dacf6dfb77a632df with commit message 'ENG-1163 Apply suggestions from code review' into base branch master
Merged SHA c99dfa88d69ba0b8d132e8ddd861b4bc34f20be1 with commit message 'ENG-1163 add newline' into base branch master
Merged SHA 2f3a62c225502901aeb7d2d08339c03c6a592378 with commit message 'ENG-1163 Implement OOTB page templates with css' into base branch master

Showing logs for build [32mentando-k8s-entando-de-app-pr-8-tdwvw-2[0m stage [32mfrom-build-pack[0m and container [32mstep-build-set-version[0m
Picked up _JAVA_OPTIONS: -XX:+UnlockExperimentalVMOptions -Dsun.zip.disableMemoryMapping=true -XX:+UseParallelGC -XX:MinHeapFreeRatio=5 -XX:MaxHeapFreeRatio=10 -XX:GCTimeRatio=4 -XX:AdaptiveSizePolicyWeight=90 -Xms1000m -Xmx12000m
[INFO] Scanning for projects...
[INFO] 
[INFO] -----------------< org.entando.entando:entando-de-app >-----------------
[INFO] Building entando-de-app 6.1.16
[INFO] --------------------------------[ war ]---------------------------------
[INFO] 
[INFO] --- versions-maven-plugin:2.8.1:set (default-cli) @ entando-de-app ---
[INFO] ------------------------------------------------------------------------
[INFO] BUILD FAILURE
[INFO] ------------------------------------------------------------------------
[INFO] Total time:  03:26 min
[INFO] Finished at: 2020-09-16T11:44:30Z
[INFO] ------------------------------------------------------------------------
[ERROR] Failed to e**cute goal org.codehaus.mojo:versions-maven-plugin:2.8.1:set (default-cli) on project entando-de-app: E**cution default-cli of goal org.codehaus.mojo:versions-maven-plugin:2.8.1:set failed: Plugin org.codehaus.mojo:versions-maven-plugin:2.8.1 or one of its dependencies could not be resolved: Failed to collect dependencies at org.codehaus.mojo:versions-maven-plugin:jar:2.8.1 -> org.apache.maven:maven-core:jar:2.2.1 -> org.apache.maven.reporting:maven-reporting-api:jar:2.2.1 -> org.apache.maven.doxia:doxia-sink-api:jar:1.1: Failed to read artifact descriptor for org.apache.maven.doxia:doxia-sink-api:jar:1.1: Could not transfer artifact org.apache.maven.doxia:doxia-sink-api:pom:1.1 from/to nexus (http://nexus/repository/maven-group/): Transfer failed for http://nexus/repository/maven-group/org/apache/maven/doxia/doxia-sink-api/1.1/doxia-sink-api-1.1.pom: Unknown host nexus: Name or service not known -> [Help 1]
[ERROR] 
[ERROR] To see the full stack trace of the errors, re-run Maven with the -e switch.
[ERROR] Re-run Maven using the -X switch to enable full debug logging.
[ERROR] 
[ERROR] For more information about the errors and possible solutions, please read the following articles:
[ERROR] [Help 1] http://cwiki.apache.org/confluence/display/MAVEN/PluginResolutionException
[31m
Pipeline failed on stage 'from-build-pack' : container 'step-build-set-version'. The execution of the pipeline has stopped.[0m
