<?xml version="1.0" encoding="UTF-8"?><testsuites failures="0" name="dependency-check" tests="3"><testsuite failures="0" id="0" name="/home/jenkins/.mvnrepository/org/entando/entando/plugins/entando-plugin-jacms/6.2.17/entando-plugin-jacms-6.2.17.war" package="entando-plugin-jacms-6.2.17.war" skipped="0" tests="1" timestamp="2020-07-31T12:05:30.292226"><testcase classname="dependency-check" name="entando-plugin-jacms-6.2.17.war"/></testsuite><testsuite failures="0" id="1" name="/home/jenkins/.mvnrepository/org/entando/entando/plugins/entando-plugin-jpseo/6.2.8/entando-plugin-jpseo-6.2.8.war" package="entando-plugin-jpseo-6.2.8.war" skipped="0" tests="1" timestamp="2020-07-31T12:05:30.292226"><testcase classname="dependency-check" name="entando-plugin-jpseo-6.2.8.war"/></testsuite><testsuite failures="0" id="2" name="/home/jenkins/.mvnrepository/org/entando/entando/plugins/entando-plugin-jpversioning/6.2.6/entando-plugin-jpversioning-6.2.6.war" package="entando-plugin-jpversioning-6.2.6.war" skipped="0" tests="1" timestamp="2020-07-31T12:05:30.292226"><testcase classname="dependency-check" name="entando-plugin-jpversioning-6.2.6.war"/></testsuite></testsuites>