
Showing logs for build [32mentando-app-builder-pr-838-pr-b-xwfv4-2[0m stage [32mfrom-build-pack[0m and container [32mstep-credential-initializer-fb6mm[0m
{"level":"warn","ts":1599811872.575375,"logger":"fallback-logger","caller":"logging/config.go:69","msg":"Fetch GitHub commit ID from kodata failed: \"ref: refs/heads/0.8.0-**-support-backwards-incompats\" is not a valid GitHub commit ID"}
{"level":"info","ts":1599811872.5778825,"logger":"fallback-logger","caller":"creds-init/main.go:40","msg":"Credentials initialized."}

Showing logs for build [32mentando-app-builder-pr-838-pr-b-xwfv4-2[0m stage [32mfrom-build-pack[0m and container [32mstep-working-dir-initializer-bm9ld[0m
{"level":"warn","ts":1599811874.9654071,"logger":"fallback-logger","caller":"logging/config.go:69","msg":"Fetch GitHub commit ID from kodata failed: open /var/run/ko/HEAD: no such file or directory"}
{"level":"info","ts":1599811874.9733765,"logger":"fallback-logger","caller":"bash/main.go:64","msg":"Successfully e**cuted command \"sh -c mkdir -p /workspace/source\"; output "}

Showing logs for build [32mentando-app-builder-pr-838-pr-b-xwfv4-2[0m stage [32mfrom-build-pack[0m and container [32mstep-place-tools[0m

Showing logs for build [32mentando-app-builder-pr-838-pr-b-xwfv4-2[0m stage [32mfrom-build-pack[0m and container [32mstep-git-source-entando-app-builder-pr-838-pr-b-rcxjw[0m
{"level":"warn","ts":1599811904.7119763,"logger":"fallback-logger","caller":"logging/config.go:69","msg":"Fetch GitHub commit ID from kodata failed: \"ref: refs/heads/0.8.0-**-support-backwards-incompats\" is not a valid GitHub commit ID"}
{"level":"info","ts":1599811910.4045637,"logger":"fallback-logger","caller":"git/git.go:103","msg":"Successfully cloned https://github.com/entando/app-builder.git @ master in path /workspace/source"}

Showing logs for build [32mentando-app-builder-pr-838-pr-b-xwfv4-2[0m stage [32mfrom-build-pack[0m and container [32mstep-git-merge[0m
Using SHAs from PULL_REFS=master:21ab61d2fd36a8a96e44ee317959aa7903fed004,838:bc2285a8bcedb06ea0e745b887b57d462ec49310
DEBUG: ran git fetch --unshallow origin bc2285a8bcedb06ea0e745b887b57d462ec49310: 21ab61d2fd36a8a96e44ee317959aa7903fed004: in 
DEBUG: ran git checkout master in 
DEBUG: ran git reset --hard 21ab61d2fd36a8a96e44ee317959aa7903fed004 in 
DEBUG: ran clean --force -d . in 
DEBUG: ran git merge bc2285a8bcedb06ea0e745b887b57d462ec49310 in 
Merged SHA e8f0f57732835bef2a5a03da4656093421111160 with commit message 'Merge commit 'bc2285a8bcedb06ea0e745b887b57d462ec49310'' into base branch master
Merged SHA bc2285a8bcedb06ea0e745b887b57d462ec49310 with commit message 'ENG-722 native widget config only implemented to save as functionality. imported config component used as redux form field. Prop inserted page code / frame id to said components' into base branch master
Merged SHA c29447bf36ec5df43d92594597c0f4f292d38c97 with commit message 'ENG-722 widget config import progress' into base branch master

Showing logs for build [32mentando-app-builder-pr-838-pr-b-xwfv4-2[0m stage [32mfrom-build-pack[0m and container [32mstep-build-npm-install[0m

> husky@1.3.1 install /workspace/source/node_modules/husky
> node husky install

husky > setting up git hooks
CI detected, skipping Git hooks installation.

> node-sass@4.13.1 install /workspace/source/node_modules/node-sass
> node scripts/install.js

Downloading binary from https://github.com/sass/node-sass/releases/download/v4.13.1/linux-x64-72_binding.node
Download complete
Binary saved to /workspace/source/node_modules/node-sass/vendor/linux-x64-72/binding.node
Caching binary to /builder/home/.npm/node-sass/4.13.1/linux-x64-72_binding.node

> core-js@2.6.9 postinstall /workspace/source/node_modules/core-js
> node scripts/postinstall || echo "ignore"

[96mThank you for using core-js ([94m https://github.com/zloirock/core-js [96m) for polyfilling JavaScript standard library![0m

[96mThe project needs your help! Please consider supporting of core-js on Open Collective or Patreon: [0m
[96m>[94m https://opencollective.com/core-js [0m
[96m>[94m https://www.patreon.com/zloirock [0m

[96mAlso, the author of core-js ([94m https://github.com/zloirock [96m) is looking for a good job -)[0m


> core-js-pure@3.6.5 postinstall /workspace/source/node_modules/core-js-pure
> node -e "try{require('./postinstall')}catch(e){}"


> ejs@2.7.4 postinstall /workspace/source/node_modules/ejs
> node ./postinstall.js

Thank you for installing [35mEJS[0m: built with the [32mJake[0m JavaScript build tool ([32mhttps://jakejs.com/[0m)


> node-sass@4.13.1 postinstall /workspace/source/node_modules/node-sass
> node scripts/build.js

Binary found at /workspace/source/node_modules/node-sass/vendor/linux-x64-72/binding.node
Testing binary
Binary is fine
npm WARN The package whatwg-fetch is included as both a dev and production dependency.
npm WARN optional SKIPPING OPTIONAL DEPENDENCY: fsevents@1.2.9 (node_modules/fsevents):
npm WARN notsup SKIPPING OPTIONAL DEPENDENCY: Unsupported platform for fsevents@1.2.9: wanted {"os":"darwin","arch":"any"} (current: {"os":"linux","arch":"x64"})

added 2116 packages from 1782 contributors and audited 2121 packages in 68.154s

3 packages are looking for funding
  run `npm fund` for details

found 958 vulnerabilities (885 low, 64 moderate, 9 high)
  run `npm audit fix` to fix them, or `npm audit` for details

Showing logs for build [32mentando-app-builder-pr-838-pr-b-xwfv4-2[0m stage [32mfrom-build-pack[0m and container [32mstep-build-npm-test[0m

> app-builder@6.2.0 precommit /workspace/source
> npm run lint && npm run sass-lint && npm run coverage


> app-builder@6.2.0 lint /workspace/source
> eslint ./src


/workspace/source/src/ui/widgets/common/WidgetForm.js
  151:1  error  Line 151 exceeds the maximum line length of 100  max-len

âœ– 1 problem (1 error, 0 warnings)

npm ERR! code ELIFECYCLE
npm ERR! errno 1
npm ERR! app-builder@6.2.0 lint: `eslint ./src`
npm ERR! Exit status 1
npm ERR! 
npm ERR! Failed at the app-builder@6.2.0 lint script.
npm ERR! This is probably not a problem with npm. There is likely additional logging output above.

npm ERR! A complete log of this run can be found in:
npm ERR!     /builder/home/.npm/_logs/2020-09-11T08_14_05_054Z-debug.log
npm ERR! code ELIFECYCLE
npm ERR! errno 1
npm ERR! app-builder@6.2.0 precommit: `npm run lint && npm run sass-lint && npm run coverage`
npm ERR! Exit status 1
npm ERR! 
npm ERR! Failed at the app-builder@6.2.0 precommit script.
npm ERR! This is probably not a problem with npm. There is likely additional logging output above.

npm ERR! A complete log of this run can be found in:
npm ERR!     /builder/home/.npm/_logs/2020-09-11T08_14_06_170Z-debug.log
[31m
Pipeline failed on stage 'from-build-pack' : container 'step-build-npm-test'. The execution of the pipeline has stopped.[0m
