<?xml version="1.0" encoding="UTF-8"?><testsuites failures="9" name="dependency-check" tests="71"><testsuite failures="3" id="0" name="/home/jenkins/.mvnrepository/io/quarkus/quarkus-resteasy/1.0.1.Final/quarkus-resteasy-1.0.1.Final.jar" package="quarkus-resteasy-1.0.1.Final.jar" skipped="0" tests="3" timestamp="2020-02-13T12:00:33.209"><testcase classname="CVE-2011-5245" name="pkg:maven/io.quarkus/quarkus-resteasy@1.0.1.Final"><failure message="cvssV2: MEDIUM, score: 5.0 (/AV:N/AC:L/Au:N/C:P/I:P/A:N)"/><system-out>The readFrom function in providers.jaxb.JAXBXmlTypeProvider in RESTEasy before 2.3.2 allows remote attackers to read arbitrary files via an external entity reference in a Java Architecture for XML Binding (JAXB) input, aka an XML external entity (XXE) injection attack, a similar vulnerability to CVE-2012-0818.</system-out><system-err>location: /home/jenkins/.mvnrepository/io/quarkus/quarkus-resteasy/1.0.1.Final/quarkus-resteasy-1.0.1.Final.jar</system-err></testcase><testcase classname="CVE-2012-0818" name="pkg:maven/io.quarkus/quarkus-resteasy@1.0.1.Final"><failure message="cvssV2: MEDIUM, score: 5.0 (/AV:N/AC:L/Au:N/C:P/I:P/A:N)"/><system-out>RESTEasy before 2.3.1 allows remote attackers to read arbitrary files via an external entity reference in a DOM document, aka an XML external entity (XXE) injection attack.</system-out><system-err>location: /home/jenkins/.mvnrepository/io/quarkus/quarkus-resteasy/1.0.1.Final/quarkus-resteasy-1.0.1.Final.jar</system-err></testcase><testcase classname="CVE-2016-9606" name="pkg:maven/io.quarkus/quarkus-resteasy@1.0.1.Final"><failure message="cvssV3: HIGH, score: 8.1 (/AV:N/AC:H/PR:N/UI:N/S:U/C:H/I:H/A:H)"/><system-out>JBoss RESTEasy before version 3.1.2 could be forced into parsing a request with YamlProvider, resulting in unmarshalling of potentially untrusted data which could allow an attacker to execute arbitrary code with RESTEasy application permissions.</system-out><system-err>location: /home/jenkins/.mvnrepository/io/quarkus/quarkus-resteasy/1.0.1.Final/quarkus-resteasy-1.0.1.Final.jar</system-err></testcase></testsuite><testsuite failures="0" id="1" name="/home/jenkins/.mvnrepository/io/quarkus/quarkus-vertx-http/1.0.1.Final/quarkus-vertx-http-1.0.1.Final.jar" package="quarkus-vertx-http-1.0.1.Final.jar" skipped="0" tests="1" timestamp="2020-02-13T12:00:33.209"><testcase classname="dependency-check" name="quarkus-vertx-http-1.0.1.Final.jar"/></testsuite><testsuite failures="0" id="2" name="/home/jenkins/.mvnrepository/io/quarkus/quarkus-core/1.0.1.Final/quarkus-core-1.0.1.Final.jar" package="quarkus-core-1.0.1.Final.jar" skipped="0" tests="1" timestamp="2020-02-13T12:00:33.209"><testcase classname="dependency-check" name="quarkus-core-1.0.1.Final.jar"/></testsuite><testsuite failures="0" id="3" name="/home/jenkins/.mvnrepository/jakarta/annotation/jakarta.annotation-api/1.3.5/jakarta.annotation-api-1.3.5.jar" package="jakarta.annotation-api-1.3.5.jar" skipped="0" tests="1" timestamp="2020-02-13T12:00:33.209"><testcase classname="dependency-check" name="jakarta.annotation-api-1.3.5.jar"/></testsuite><testsuite failures="0" id="4" name="/home/jenkins/.mvnrepository/jakarta/inject/jakarta.inject-api/1.0/jakarta.inject-api-1.0.jar" package="jakarta.inject-api-1.0.jar" skipped="0" tests="1" timestamp="2020-02-13T12:00:33.209"><testcase classname="dependency-check" name="jakarta.inject-api-1.0.jar"/></testsuite><testsuite failures="0" id="5" name="/home/jenkins/.mvnrepository/io/smallrye/smallrye-config/1.3.9/smallrye-config-1.3.9.jar" package="smallrye-config-1.3.9.jar" skipped="0" tests="1" timestamp="2020-02-13T12:00:33.209"><testcase classname="dependency-check" name="smallrye-config-1.3.9.jar"/></testsuite><testsuite failures="0" id="6" name="/home/jenkins/.mvnrepository/org/eclipse/microprofile/config/microprofile-config-api/1.3/microprofile-config-api-1.3.jar" package="microprofile-config-api-1.3.jar" skipped="0" tests="1" timestamp="2020-02-13T12:00:33.209"><testcase classname="dependency-check" name="microprofile-config-api-1.3.jar"/></testsuite><testsuite failures="0" id="7" name="/home/jenkins/.mvnrepository/org/jboss/logging/jboss-logging/3.3.2.Final/jboss-logging-3.3.2.Final.jar" package="jboss-logging-3.3.2.Final.jar" skipped="0" tests="1" timestamp="2020-02-13T12:00:33.209"><testcase classname="dependency-check" name="jboss-logging-3.3.2.Final.jar"/></testsuite><testsuite failures="0" id="8" name="/home/jenkins/.mvnrepository/org/jboss/logmanager/jboss-logmanager-embedded/1.0.4/jboss-logmanager-embedded-1.0.4.jar" package="jboss-logmanager-embedded-1.0.4.jar" skipped="0" tests="1" timestamp="2020-02-13T12:00:33.209"><testcase classname="dependency-check" name="jboss-logmanager-embedded-1.0.4.jar"/></testsuite><testsuite failures="0" id="9" name="/home/jenkins/.mvnrepository/org/jboss/logging/jboss-logging-annotations/2.1.0.Final/jboss-logging-annotations-2.1.0.Final.jar" package="jboss-logging-annotations-2.1.0.Final.jar" skipped="0" tests="1" timestamp="2020-02-13T12:00:33.209"><testcase classname="dependency-check" name="jboss-logging-annotations-2.1.0.Final.jar"/></testsuite><testsuite failures="0" id="10" name="/home/jenkins/.mvnrepository/org/jboss/threads/jboss-threads/3.0.0.Final/jboss-threads-3.0.0.Final.jar" package="jboss-threads-3.0.0.Final.jar" skipped="0" tests="1" timestamp="2020-02-13T12:00:33.209"><testcase classname="dependency-check" name="jboss-threads-3.0.0.Final.jar"/></testsuite><testsuite failures="0" id="11" name="/home/jenkins/.mvnrepository/org/slf4j/slf4j-api/1.7.16/slf4j-api-1.7.16.jar" package="slf4j-api-1.7.16.jar" skipped="0" tests="1" timestamp="2020-02-13T12:00:33.209"><testcase classname="dependency-check" name="slf4j-api-1.7.16.jar"/></testsuite><testsuite failures="0" id="12" name="/home/jenkins/.mvnrepository/org/jboss/slf4j/slf4j-jboss-logging/1.2.0.Final/slf4j-jboss-logging-1.2.0.Final.jar" package="slf4j-jboss-logging-1.2.0.Final.jar" skipped="0" tests="1" timestamp="2020-02-13T12:00:33.209"><testcase classname="dependency-check" name="slf4j-jboss-logging-1.2.0.Final.jar"/></testsuite><testsuite failures="0" id="13" name="/home/jenkins/.mvnrepository/org/graalvm/sdk/graal-sdk/19.2.1/graal-sdk-19.2.1.jar" package="graal-sdk-19.2.1.jar" skipped="0" tests="1" timestamp="2020-02-13T12:00:33.209"><testcase classname="dependency-check" name="graal-sdk-19.2.1.jar"/></testsuite><testsuite failures="0" id="14" name="/home/jenkins/.mvnrepository/org/wildfly/common/wildfly-common/1.5.0.Final-format-001/wildfly-common-1.5.0.Final-format-001.jar" package="wildfly-common-1.5.0.Final-format-001.jar" skipped="0" tests="1" timestamp="2020-02-13T12:00:33.209"><testcase classname="dependency-check" name="wildfly-common-1.5.0.Final-format-001.jar"/></testsuite><testsuite failures="0" id="15" name="/home/jenkins/.mvnrepository/io/quarkus/security/quarkus-security/1.0.0.Final/quarkus-security-1.0.0.Final.jar" package="quarkus-security-1.0.0.Final.jar" skipped="0" tests="1" timestamp="2020-02-13T12:00:33.209"><testcase classname="dependency-check" name="quarkus-security-1.0.0.Final.jar"/></testsuite><testsuite failures="0" id="16" name="/home/jenkins/.mvnrepository/jakarta/enterprise/jakarta.enterprise.cdi-api/2.0.2/jakarta.enterprise.cdi-api-2.0.2.jar" package="jakarta.enterprise.cdi-api-2.0.2.jar" skipped="0" tests="1" timestamp="2020-02-13T12:00:33.209"><testcase classname="dependency-check" name="jakarta.enterprise.cdi-api-2.0.2.jar"/></testsuite><testsuite failures="0" id="17" name="/home/jenkins/.mvnrepository/jakarta/el/jakarta.el-api/3.0.3/jakarta.el-api-3.0.3.jar" package="jakarta.el-api-3.0.3.jar" skipped="0" tests="1" timestamp="2020-02-13T12:00:33.209"><testcase classname="dependency-check" name="jakarta.el-api-3.0.3.jar"/></testsuite><testsuite failures="0" id="18" name="/home/jenkins/.mvnrepository/jakarta/interceptor/jakarta.interceptor-api/1.2.5/jakarta.interceptor-api-1.2.5.jar" package="jakarta.interceptor-api-1.2.5.jar" skipped="0" tests="1" timestamp="2020-02-13T12:00:33.209"><testcase classname="dependency-check" name="jakarta.interceptor-api-1.2.5.jar"/></testsuite><testsuite failures="0" id="19" name="/home/jenkins/.mvnrepository/jakarta/ejb/jakarta.ejb-api/3.2.6/jakarta.ejb-api-3.2.6.jar" package="jakarta.ejb-api-3.2.6.jar" skipped="0" tests="1" timestamp="2020-02-13T12:00:33.209"><testcase classname="dependency-check" name="jakarta.ejb-api-3.2.6.jar"/></testsuite><testsuite failures="0" id="20" name="/home/jenkins/.mvnrepository/jakarta/transaction/jakarta.transaction-api/1.3.3/jakarta.transaction-api-1.3.3.jar" package="jakarta.transaction-api-1.3.3.jar" skipped="0" tests="1" timestamp="2020-02-13T12:00:33.209"><testcase classname="dependency-check" name="jakarta.transaction-api-1.3.3.jar"/></testsuite><testsuite failures="0" id="21" name="/home/jenkins/.mvnrepository/io/quarkus/quarkus-vertx-core/1.0.1.Final/quarkus-vertx-core-1.0.1.Final.jar" package="quarkus-vertx-core-1.0.1.Final.jar" skipped="0" tests="1" timestamp="2020-02-13T12:00:33.209"><testcase classname="dependency-check" name="quarkus-vertx-core-1.0.1.Final.jar"/></testsuite><testsuite failures="0" id="22" name="/home/jenkins/.mvnrepository/io/quarkus/quarkus-netty/1.0.1.Final/quarkus-netty-1.0.1.Final.jar" package="quarkus-netty-1.0.1.Final.jar" skipped="0" tests="1" timestamp="2020-02-13T12:00:33.209"><testcase classname="dependency-check" name="quarkus-netty-1.0.1.Final.jar"/></testsuite><testsuite failures="0" id="23" name="/home/jenkins/.mvnrepository/io/netty/netty-codec/4.1.42.Final/netty-codec-4.1.42.Final.jar" package="netty-codec-4.1.42.Final.jar" skipped="0" tests="1" timestamp="2020-02-13T12:00:33.209"><testcase classname="dependency-check" name="netty-codec-4.1.42.Final.jar"/></testsuite><testsuite failures="0" id="24" name="/home/jenkins/.mvnrepository/io/netty/netty-handler/4.1.42.Final/netty-handler-4.1.42.Final.jar" package="netty-handler-4.1.42.Final.jar" skipped="0" tests="1" timestamp="2020-02-13T12:00:33.209"><testcase classname="dependency-check" name="netty-handler-4.1.42.Final.jar"/></testsuite><testsuite failures="0" id="25" name="/home/jenkins/.mvnrepository/io/vertx/vertx-core/3.8.3/vertx-core-3.8.3.jar" package="vertx-core-3.8.3.jar" skipped="0" tests="1" timestamp="2020-02-13T12:00:33.209"><testcase classname="dependency-check" name="vertx-core-3.8.3.jar"/></testsuite><testsuite failures="0" id="26" name="/home/jenkins/.mvnrepository/io/netty/netty-common/4.1.42.Final/netty-common-4.1.42.Final.jar" package="netty-common-4.1.42.Final.jar" skipped="0" tests="1" timestamp="2020-02-13T12:00:33.209"><testcase classname="dependency-check" name="netty-common-4.1.42.Final.jar"/></testsuite><testsuite failures="0" id="27" name="/home/jenkins/.mvnrepository/io/netty/netty-buffer/4.1.42.Final/netty-buffer-4.1.42.Final.jar" package="netty-buffer-4.1.42.Final.jar" skipped="0" tests="1" timestamp="2020-02-13T12:00:33.209"><testcase classname="dependency-check" name="netty-buffer-4.1.42.Final.jar"/></testsuite><testsuite failures="0" id="28" name="/home/jenkins/.mvnrepository/io/netty/netty-transport/4.1.42.Final/netty-transport-4.1.42.Final.jar" package="netty-transport-4.1.42.Final.jar" skipped="0" tests="1" timestamp="2020-02-13T12:00:33.209"><testcase classname="dependency-check" name="netty-transport-4.1.42.Final.jar"/></testsuite><testsuite failures="0" id="29" name="/home/jenkins/.mvnrepository/io/netty/netty-handler-proxy/4.1.42.Final/netty-handler-proxy-4.1.42.Final.jar" package="netty-handler-proxy-4.1.42.Final.jar" skipped="0" tests="1" timestamp="2020-02-13T12:00:33.209"><testcase classname="dependency-check" name="netty-handler-proxy-4.1.42.Final.jar"/></testsuite><testsuite failures="0" id="30" name="/home/jenkins/.mvnrepository/io/netty/netty-codec-socks/4.1.42.Final/netty-codec-socks-4.1.42.Final.jar" package="netty-codec-socks-4.1.42.Final.jar" skipped="0" tests="1" timestamp="2020-02-13T12:00:33.209"><testcase classname="dependency-check" name="netty-codec-socks-4.1.42.Final.jar"/></testsuite><testsuite failures="0" id="31" name="/home/jenkins/.mvnrepository/io/netty/netty-codec-http/4.1.42.Final/netty-codec-http-4.1.42.Final.jar" package="netty-codec-http-4.1.42.Final.jar" skipped="0" tests="1" timestamp="2020-02-13T12:00:33.209"><testcase classname="dependency-check" name="netty-codec-http-4.1.42.Final.jar"/></testsuite><testsuite failures="0" id="32" name="/home/jenkins/.mvnrepository/io/netty/netty-codec-http2/4.1.42.Final/netty-codec-http2-4.1.42.Final.jar" package="netty-codec-http2-4.1.42.Final.jar" skipped="0" tests="1" timestamp="2020-02-13T12:00:33.209"><testcase classname="dependency-check" name="netty-codec-http2-4.1.42.Final.jar"/></testsuite><testsuite failures="0" id="33" name="/home/jenkins/.mvnrepository/io/netty/netty-resolver/4.1.42.Final/netty-resolver-4.1.42.Final.jar" package="netty-resolver-4.1.42.Final.jar" skipped="0" tests="1" timestamp="2020-02-13T12:00:33.209"><testcase classname="dependency-check" name="netty-resolver-4.1.42.Final.jar"/></testsuite><testsuite failures="0" id="34" name="/home/jenkins/.mvnrepository/io/netty/netty-resolver-dns/4.1.42.Final/netty-resolver-dns-4.1.42.Final.jar" package="netty-resolver-dns-4.1.42.Final.jar" skipped="0" tests="1" timestamp="2020-02-13T12:00:33.209"><testcase classname="dependency-check" name="netty-resolver-dns-4.1.42.Final.jar"/></testsuite><testsuite failures="0" id="35" name="/home/jenkins/.mvnrepository/io/netty/netty-codec-dns/4.1.42.Final/netty-codec-dns-4.1.42.Final.jar" package="netty-codec-dns-4.1.42.Final.jar" skipped="0" tests="1" timestamp="2020-02-13T12:00:33.209"><testcase classname="dependency-check" name="netty-codec-dns-4.1.42.Final.jar"/></testsuite><testsuite failures="0" id="36" name="/home/jenkins/.mvnrepository/com/fasterxml/jackson/core/jackson-core/2.10.1/jackson-core-2.10.1.jar" package="jackson-core-2.10.1.jar" skipped="0" tests="1" timestamp="2020-02-13T12:00:33.209"><testcase classname="dependency-check" name="jackson-core-2.10.1.jar"/></testsuite><testsuite failures="0" id="37" name="/home/jenkins/.mvnrepository/io/vertx/vertx-web/3.8.3-01/vertx-web-3.8.3-01.jar" package="vertx-web-3.8.3-01.jar" skipped="0" tests="1" timestamp="2020-02-13T12:00:33.209"><testcase classname="dependency-check" name="vertx-web-3.8.3-01.jar"/></testsuite><testsuite failures="0" id="38" name="/home/jenkins/.mvnrepository/io/vertx/vertx-web-common/3.8.3-01/vertx-web-common-3.8.3-01.jar" package="vertx-web-common-3.8.3-01.jar" skipped="0" tests="1" timestamp="2020-02-13T12:00:33.209"><testcase classname="dependency-check" name="vertx-web-common-3.8.3-01.jar"/></testsuite><testsuite failures="0" id="39" name="/home/jenkins/.mvnrepository/io/vertx/vertx-auth-common/3.8.3/vertx-auth-common-3.8.3.jar" package="vertx-auth-common-3.8.3.jar" skipped="0" tests="1" timestamp="2020-02-13T12:00:33.209"><testcase classname="dependency-check" name="vertx-auth-common-3.8.3.jar"/></testsuite><testsuite failures="0" id="40" name="/home/jenkins/.mvnrepository/io/vertx/vertx-bridge-common/3.8.3/vertx-bridge-common-3.8.3.jar" package="vertx-bridge-common-3.8.3.jar" skipped="0" tests="1" timestamp="2020-02-13T12:00:33.209"><testcase classname="dependency-check" name="vertx-bridge-common-3.8.3.jar"/></testsuite><testsuite failures="3" id="41" name="/home/jenkins/.mvnrepository/io/quarkus/quarkus-resteasy-server-common/1.0.1.Final/quarkus-resteasy-server-common-1.0.1.Final.jar" package="quarkus-resteasy-server-common-1.0.1.Final.jar" skipped="0" tests="3" timestamp="2020-02-13T12:00:33.209"><testcase classname="CVE-2011-5245" name="pkg:maven/io.quarkus/quarkus-resteasy-server-common@1.0.1.Final"><failure message="cvssV2: MEDIUM, score: 5.0 (/AV:N/AC:L/Au:N/C:P/I:P/A:N)"/><system-out>The readFrom function in providers.jaxb.JAXBXmlTypeProvider in RESTEasy before 2.3.2 allows remote attackers to read arbitrary files via an external entity reference in a Java Architecture for XML Binding (JAXB) input, aka an XML external entity (XXE) injection attack, a similar vulnerability to CVE-2012-0818.</system-out><system-err>location: /home/jenkins/.mvnrepository/io/quarkus/quarkus-resteasy-server-common/1.0.1.Final/quarkus-resteasy-server-common-1.0.1.Final.jar</system-err></testcase><testcase classname="CVE-2012-0818" name="pkg:maven/io.quarkus/quarkus-resteasy-server-common@1.0.1.Final"><failure message="cvssV2: MEDIUM, score: 5.0 (/AV:N/AC:L/Au:N/C:P/I:P/A:N)"/><system-out>RESTEasy before 2.3.1 allows remote attackers to read arbitrary files via an external entity reference in a DOM document, aka an XML external entity (XXE) injection attack.</system-out><system-err>location: /home/jenkins/.mvnrepository/io/quarkus/quarkus-resteasy-server-common/1.0.1.Final/quarkus-resteasy-server-common-1.0.1.Final.jar</system-err></testcase><testcase classname="CVE-2016-9606" name="pkg:maven/io.quarkus/quarkus-resteasy-server-common@1.0.1.Final"><failure message="cvssV3: HIGH, score: 8.1 (/AV:N/AC:H/PR:N/UI:N/S:U/C:H/I:H/A:H)"/><system-out>JBoss RESTEasy before version 3.1.2 could be forced into parsing a request with YamlProvider, resulting in unmarshalling of potentially untrusted data which could allow an attacker to execute arbitrary code with RESTEasy application permissions.</system-out><system-err>location: /home/jenkins/.mvnrepository/io/quarkus/quarkus-resteasy-server-common/1.0.1.Final/quarkus-resteasy-server-common-1.0.1.Final.jar</system-err></testcase></testsuite><testsuite failures="0" id="42" name="/home/jenkins/.mvnrepository/io/quarkus/quarkus-arc/1.0.1.Final/quarkus-arc-1.0.1.Final.jar" package="quarkus-arc-1.0.1.Final.jar" skipped="0" tests="1" timestamp="2020-02-13T12:00:33.209"><testcase classname="dependency-check" name="quarkus-arc-1.0.1.Final.jar"/></testsuite><testsuite failures="0" id="43" name="/home/jenkins/.mvnrepository/io/quarkus/arc/arc/1.0.1.Final/arc-1.0.1.Final.jar" package="arc-1.0.1.Final.jar" skipped="0" tests="1" timestamp="2020-02-13T12:00:33.209"><testcase classname="dependency-check" name="arc-1.0.1.Final.jar"/></testsuite><testsuite failures="0" id="44" name="/home/jenkins/.mvnrepository/org/eclipse/microprofile/context-propagation/microprofile-context-propagation-api/1.0.1/microprofile-context-propagation-api-1.0.1.jar" package="microprofile-context-propagation-api-1.0.1.jar" skipped="0" tests="1" timestamp="2020-02-13T12:00:33.209"><testcase classname="dependency-check" name="microprofile-context-propagation-api-1.0.1.jar"/></testsuite><testsuite failures="3" id="45" name="/home/jenkins/.mvnrepository/io/quarkus/quarkus-resteasy-common/1.0.1.Final/quarkus-resteasy-common-1.0.1.Final.jar" package="quarkus-resteasy-common-1.0.1.Final.jar" skipped="0" tests="3" timestamp="2020-02-13T12:00:33.209"><testcase classname="CVE-2011-5245" name="pkg:maven/io.quarkus/quarkus-resteasy-common@1.0.1.Final"><failure message="cvssV2: MEDIUM, score: 5.0 (/AV:N/AC:L/Au:N/C:P/I:P/A:N)"/><system-out>The readFrom function in providers.jaxb.JAXBXmlTypeProvider in RESTEasy before 2.3.2 allows remote attackers to read arbitrary files via an external entity reference in a Java Architecture for XML Binding (JAXB) input, aka an XML external entity (XXE) injection attack, a similar vulnerability to CVE-2012-0818.</system-out><system-err>location: /home/jenkins/.mvnrepository/io/quarkus/quarkus-resteasy-common/1.0.1.Final/quarkus-resteasy-common-1.0.1.Final.jar</system-err></testcase><testcase classname="CVE-2012-0818" name="pkg:maven/io.quarkus/quarkus-resteasy-common@1.0.1.Final"><failure message="cvssV2: MEDIUM, score: 5.0 (/AV:N/AC:L/Au:N/C:P/I:P/A:N)"/><system-out>RESTEasy before 2.3.1 allows remote attackers to read arbitrary files via an external entity reference in a DOM document, aka an XML external entity (XXE) injection attack.</system-out><system-err>location: /home/jenkins/.mvnrepository/io/quarkus/quarkus-resteasy-common/1.0.1.Final/quarkus-resteasy-common-1.0.1.Final.jar</system-err></testcase><testcase classname="CVE-2016-9606" name="pkg:maven/io.quarkus/quarkus-resteasy-common@1.0.1.Final"><failure message="cvssV3: HIGH, score: 8.1 (/AV:N/AC:H/PR:N/UI:N/S:U/C:H/I:H/A:H)"/><system-out>JBoss RESTEasy before version 3.1.2 could be forced into parsing a request with YamlProvider, resulting in unmarshalling of potentially untrusted data which could allow an attacker to execute arbitrary code with RESTEasy application permissions.</system-out><system-err>location: /home/jenkins/.mvnrepository/io/quarkus/quarkus-resteasy-common/1.0.1.Final/quarkus-resteasy-common-1.0.1.Final.jar</system-err></testcase></testsuite><testsuite failures="0" id="46" name="/home/jenkins/.mvnrepository/org/jboss/resteasy/resteasy-core/4.4.1.Final/resteasy-core-4.4.1.Final.jar" package="resteasy-core-4.4.1.Final.jar" skipped="0" tests="1" timestamp="2020-02-13T12:00:33.209"><testcase classname="dependency-check" name="resteasy-core-4.4.1.Final.jar"/></testsuite><testsuite failures="0" id="47" name="/home/jenkins/.mvnrepository/org/jboss/spec/javax/ws/rs/jboss-jaxrs-api_2.1_spec/2.0.1.Final/jboss-jaxrs-api_2.1_spec-2.0.1.Final.jar" package="jboss-jaxrs-api_2.1_spec-2.0.1.Final.jar" skipped="0" tests="1" timestamp="2020-02-13T12:00:33.209"><testcase classname="dependency-check" name="jboss-jaxrs-api_2.1_spec-2.0.1.Final.jar"/></testsuite><testsuite failures="0" id="48" name="/home/jenkins/.mvnrepository/org/jboss/spec/javax/xml/bind/jboss-jaxb-api_2.3_spec/2.0.0.Final/jboss-jaxb-api_2.3_spec-2.0.0.Final.jar" package="jboss-jaxb-api_2.3_spec-2.0.0.Final.jar" skipped="0" tests="1" timestamp="2020-02-13T12:00:33.209"><testcase classname="dependency-check" name="jboss-jaxb-api_2.3_spec-2.0.0.Final.jar"/></testsuite><testsuite failures="0" id="49" name="/home/jenkins/.mvnrepository/org/jboss/resteasy/resteasy-core-spi/4.4.1.Final/resteasy-core-spi-4.4.1.Final.jar" package="resteasy-core-spi-4.4.1.Final.jar" skipped="0" tests="1" timestamp="2020-02-13T12:00:33.209"><testcase classname="dependency-check" name="resteasy-core-spi-4.4.1.Final.jar"/></testsuite><testsuite failures="0" id="50" name="/home/jenkins/.mvnrepository/org/reactivestreams/reactive-streams/1.0.3/reactive-streams-1.0.3.jar" package="reactive-streams-1.0.3.jar" skipped="0" tests="1" timestamp="2020-02-13T12:00:33.209"><testcase classname="dependency-check" name="reactive-streams-1.0.3.jar"/></testsuite><testsuite failures="0" id="51" name="/home/jenkins/.mvnrepository/com/sun/activation/jakarta.activation/1.2.1/jakarta.activation-1.2.1.jar" package="jakarta.activation-1.2.1.jar" skipped="0" tests="1" timestamp="2020-02-13T12:00:33.209"><testcase classname="dependency-check" name="jakarta.activation-1.2.1.jar"/></testsuite><testsuite failures="0" id="52" name="/home/jenkins/.mvnrepository/jakarta/validation/jakarta.validation-api/2.0.2/jakarta.validation-api-2.0.2.jar" package="jakarta.validation-api-2.0.2.jar" skipped="0" tests="1" timestamp="2020-02-13T12:00:33.209"><testcase classname="dependency-check" name="jakarta.validation-api-2.0.2.jar"/></testsuite><testsuite failures="0" id="53" name="/home/jenkins/.mvnrepository/org/postgresql/postgresql/42.2.8/postgresql-42.2.8.jar" package="postgresql-42.2.8.jar" skipped="0" tests="1" timestamp="2020-02-13T12:00:33.209"><testcase classname="dependency-check" name="postgresql-42.2.8.jar"/></testsuite><testsuite failures="0" id="54" name="/home/jenkins/.mvnrepository/mysql/mysql-connector-java/8.0.17/mysql-connector-java-8.0.17.jar" package="mysql-connector-java-8.0.17.jar" skipped="0" tests="1" timestamp="2020-02-13T12:00:33.209"><testcase classname="dependency-check" name="mysql-connector-java-8.0.17.jar"/></testsuite><testsuite failures="0" id="55" name="/home/jenkins/.mvnrepository/com/google/protobuf/protobuf-java/3.6.1/protobuf-java-3.6.1.jar" package="protobuf-java-3.6.1.jar" skipped="0" tests="1" timestamp="2020-02-13T12:00:33.209"><testcase classname="dependency-check" name="protobuf-java-3.6.1.jar"/></testsuite><testsuite failures="0" id="56" name="/home/jenkins/.mvnrepository/com/oracle/ojdbc/ojdbc8/19.3.0.0/ojdbc8-19.3.0.0.jar" package="ojdbc8-19.3.0.0.jar" skipped="0" tests="1" timestamp="2020-02-13T12:00:33.209"><testcase classname="dependency-check" name="ojdbc8-19.3.0.0.jar"/></testsuite><testsuite failures="0" id="57" name="/home/jenkins/.mvnrepository/com/oracle/ojdbc/ucp/19.3.0.0/ucp-19.3.0.0.jar" package="ucp-19.3.0.0.jar" skipped="0" tests="1" timestamp="2020-02-13T12:00:33.209"><testcase classname="dependency-check" name="ucp-19.3.0.0.jar"/></testsuite><testsuite failures="0" id="58" name="/home/jenkins/.mvnrepository/com/oracle/ojdbc/oraclepki/19.3.0.0/oraclepki-19.3.0.0.jar" package="oraclepki-19.3.0.0.jar" skipped="0" tests="1" timestamp="2020-02-13T12:00:33.209"><testcase classname="dependency-check" name="oraclepki-19.3.0.0.jar"/></testsuite><testsuite failures="0" id="59" name="/home/jenkins/.mvnrepository/com/oracle/ojdbc/osdt_cert/19.3.0.0/osdt_cert-19.3.0.0.jar" package="osdt_cert-19.3.0.0.jar" skipped="0" tests="1" timestamp="2020-02-13T12:00:33.209"><testcase classname="dependency-check" name="osdt_cert-19.3.0.0.jar"/></testsuite><testsuite failures="0" id="60" name="/home/jenkins/.mvnrepository/com/oracle/ojdbc/osdt_core/19.3.0.0/osdt_core-19.3.0.0.jar" package="osdt_core-19.3.0.0.jar" skipped="0" tests="1" timestamp="2020-02-13T12:00:33.209"><testcase classname="dependency-check" name="osdt_core-19.3.0.0.jar"/></testsuite><testsuite failures="0" id="61" name="/home/jenkins/.mvnrepository/com/oracle/ojdbc/simplefan/19.3.0.0/simplefan-19.3.0.0.jar" package="simplefan-19.3.0.0.jar" skipped="0" tests="1" timestamp="2020-02-13T12:00:33.209"><testcase classname="dependency-check" name="simplefan-19.3.0.0.jar"/></testsuite><testsuite failures="0" id="62" name="/home/jenkins/.mvnrepository/com/oracle/ojdbc/ons/19.3.0.0/ons-19.3.0.0.jar" package="ons-19.3.0.0.jar" skipped="0" tests="1" timestamp="2020-02-13T12:00:33.209"><testcase classname="dependency-check" name="ons-19.3.0.0.jar"/></testsuite><testsuite failures="0" id="63" name="/home/jenkins/.mvnrepository/org/junit/jupiter/junit-jupiter/5.5.2/junit-jupiter-5.5.2.jar" package="junit-jupiter-5.5.2.jar" skipped="0" tests="1" timestamp="2020-02-13T12:00:33.209"><testcase classname="dependency-check" name="junit-jupiter-5.5.2.jar"/></testsuite><testsuite failures="0" id="64" name="/home/jenkins/.mvnrepository/org/junit/jupiter/junit-jupiter-api/5.5.2/junit-jupiter-api-5.5.2.jar" package="junit-jupiter-api-5.5.2.jar" skipped="0" tests="1" timestamp="2020-02-13T12:00:33.209"><testcase classname="dependency-check" name="junit-jupiter-api-5.5.2.jar"/></testsuite><testsuite failures="0" id="65" name="/home/jenkins/.mvnrepository/org/apiguardian/apiguardian-api/1.1.0/apiguardian-api-1.1.0.jar" package="apiguardian-api-1.1.0.jar" skipped="0" tests="1" timestamp="2020-02-13T12:00:33.209"><testcase classname="dependency-check" name="apiguardian-api-1.1.0.jar"/></testsuite><testsuite failures="0" id="66" name="/home/jenkins/.mvnrepository/org/opentest4j/opentest4j/1.2.0/opentest4j-1.2.0.jar" package="opentest4j-1.2.0.jar" skipped="0" tests="1" timestamp="2020-02-13T12:00:33.209"><testcase classname="dependency-check" name="opentest4j-1.2.0.jar"/></testsuite><testsuite failures="0" id="67" name="/home/jenkins/.mvnrepository/org/junit/platform/junit-platform-commons/1.5.2/junit-platform-commons-1.5.2.jar" package="junit-platform-commons-1.5.2.jar" skipped="0" tests="1" timestamp="2020-02-13T12:00:33.209"><testcase classname="dependency-check" name="junit-platform-commons-1.5.2.jar"/></testsuite><testsuite failures="0" id="68" name="/home/jenkins/.mvnrepository/org/junit/jupiter/junit-jupiter-params/5.5.2/junit-jupiter-params-5.5.2.jar" package="junit-jupiter-params-5.5.2.jar" skipped="0" tests="1" timestamp="2020-02-13T12:00:33.209"><testcase classname="dependency-check" name="junit-jupiter-params-5.5.2.jar"/></testsuite><testsuite failures="0" id="69" name="/home/jenkins/.mvnrepository/io/netty/netty-common/4.1.42.Final/netty-common-4.1.42.Final.jar/META-INF/maven/org.jctools/jctools-core/pom.xml" package="netty-common-4.1.42.Final.jar (shaded: org.jctools:jctools-core:2.1.1)" skipped="0" tests="1" timestamp="2020-02-13T12:00:33.209"><testcase classname="dependency-check" name="netty-common-4.1.42.Final.jar (shaded: org.jctools:jctools-core:2.1.1)"/></testsuite><testsuite failures="0" id="70" name="/home/jenkins/.mvnrepository/org/postgresql/postgresql/42.2.8/postgresql-42.2.8.jar/META-INF/maven/com.ongres.scram/client/pom.xml" package="postgresql-42.2.8.jar (shaded: com.ongres.scram:client:2.1)" skipped="0" tests="1" timestamp="2020-02-13T12:00:33.209"><testcase classname="dependency-check" name="postgresql-42.2.8.jar (shaded: com.ongres.scram:client:2.1)"/></testsuite><testsuite failures="0" id="71" name="/home/jenkins/.mvnrepository/org/postgresql/postgresql/42.2.8/postgresql-42.2.8.jar/META-INF/maven/com.ongres.scram/common/pom.xml" package="postgresql-42.2.8.jar (shaded: com.ongres.scram:common:2.1)" skipped="0" tests="1" timestamp="2020-02-13T12:00:33.209"><testcase classname="dependency-check" name="postgresql-42.2.8.jar (shaded: com.ongres.scram:common:2.1)"/></testsuite><testsuite failures="0" id="72" name="/home/jenkins/.mvnrepository/org/postgresql/postgresql/42.2.8/postgresql-42.2.8.jar/META-INF/maven/com.ongres.stringprep/saslprep/pom.xml" package="postgresql-42.2.8.jar (shaded: com.ongres.stringprep:saslprep:1.1)" skipped="0" tests="1" timestamp="2020-02-13T12:00:33.209"><testcase classname="dependency-check" name="postgresql-42.2.8.jar (shaded: com.ongres.stringprep:saslprep:1.1)"/></testsuite><testsuite failures="0" id="73" name="/home/jenkins/.mvnrepository/org/postgresql/postgresql/42.2.8/postgresql-42.2.8.jar/META-INF/maven/com.ongres.stringprep/stringprep/pom.xml" package="postgresql-42.2.8.jar (shaded: com.ongres.stringprep:stringprep:1.1)" skipped="0" tests="1" timestamp="2020-02-13T12:00:33.209"><testcase classname="dependency-check" name="postgresql-42.2.8.jar (shaded: com.ongres.stringprep:stringprep:1.1)"/></testsuite></testsuites>