<?xml version="1.0" encoding="UTF-8"?><testsuites failures="0" name="dependency-check" tests="20"><testsuite failures="0" id="0" name="/home/jenkins/.mvnrepository/org/postgresql/postgresql/42.2.8/postgresql-42.2.8.jar" package="postgresql-42.2.8.jar" skipped="0" tests="1" timestamp="2020-02-13T11:34:29.362"><testcase classname="dependency-check" name="postgresql-42.2.8.jar"/></testsuite><testsuite failures="0" id="1" name="/home/jenkins/.mvnrepository/mysql/mysql-connector-java/8.0.17/mysql-connector-java-8.0.17.jar" package="mysql-connector-java-8.0.17.jar" skipped="0" tests="1" timestamp="2020-02-13T11:34:29.362"><testcase classname="dependency-check" name="mysql-connector-java-8.0.17.jar"/></testsuite><testsuite failures="0" id="2" name="/home/jenkins/.mvnrepository/com/google/protobuf/protobuf-java/3.6.1/protobuf-java-3.6.1.jar" package="protobuf-java-3.6.1.jar" skipped="0" tests="1" timestamp="2020-02-13T11:34:29.362"><testcase classname="dependency-check" name="protobuf-java-3.6.1.jar"/></testsuite><testsuite failures="0" id="3" name="/home/jenkins/.mvnrepository/com/oracle/ojdbc/ojdbc8/19.3.0.0/ojdbc8-19.3.0.0.jar" package="ojdbc8-19.3.0.0.jar" skipped="0" tests="1" timestamp="2020-02-13T11:34:29.362"><testcase classname="dependency-check" name="ojdbc8-19.3.0.0.jar"/></testsuite><testsuite failures="0" id="4" name="/home/jenkins/.mvnrepository/com/oracle/ojdbc/ucp/19.3.0.0/ucp-19.3.0.0.jar" package="ucp-19.3.0.0.jar" skipped="0" tests="1" timestamp="2020-02-13T11:34:29.362"><testcase classname="dependency-check" name="ucp-19.3.0.0.jar"/></testsuite><testsuite failures="0" id="5" name="/home/jenkins/.mvnrepository/com/oracle/ojdbc/oraclepki/19.3.0.0/oraclepki-19.3.0.0.jar" package="oraclepki-19.3.0.0.jar" skipped="0" tests="1" timestamp="2020-02-13T11:34:29.362"><testcase classname="dependency-check" name="oraclepki-19.3.0.0.jar"/></testsuite><testsuite failures="0" id="6" name="/home/jenkins/.mvnrepository/com/oracle/ojdbc/osdt_cert/19.3.0.0/osdt_cert-19.3.0.0.jar" package="osdt_cert-19.3.0.0.jar" skipped="0" tests="1" timestamp="2020-02-13T11:34:29.362"><testcase classname="dependency-check" name="osdt_cert-19.3.0.0.jar"/></testsuite><testsuite failures="0" id="7" name="/home/jenkins/.mvnrepository/com/oracle/ojdbc/osdt_core/19.3.0.0/osdt_core-19.3.0.0.jar" package="osdt_core-19.3.0.0.jar" skipped="0" tests="1" timestamp="2020-02-13T11:34:29.362"><testcase classname="dependency-check" name="osdt_core-19.3.0.0.jar"/></testsuite><testsuite failures="0" id="8" name="/home/jenkins/.mvnrepository/com/oracle/ojdbc/simplefan/19.3.0.0/simplefan-19.3.0.0.jar" package="simplefan-19.3.0.0.jar" skipped="0" tests="1" timestamp="2020-02-13T11:34:29.362"><testcase classname="dependency-check" name="simplefan-19.3.0.0.jar"/></testsuite><testsuite failures="0" id="9" name="/home/jenkins/.mvnrepository/com/oracle/ojdbc/ons/19.3.0.0/ons-19.3.0.0.jar" package="ons-19.3.0.0.jar" skipped="0" tests="1" timestamp="2020-02-13T11:34:29.362"><testcase classname="dependency-check" name="ons-19.3.0.0.jar"/></testsuite><testsuite failures="0" id="10" name="/home/jenkins/.mvnrepository/org/junit/jupiter/junit-jupiter/5.5.2/junit-jupiter-5.5.2.jar" package="junit-jupiter-5.5.2.jar" skipped="0" tests="1" timestamp="2020-02-13T11:34:29.362"><testcase classname="dependency-check" name="junit-jupiter-5.5.2.jar"/></testsuite><testsuite failures="0" id="11" name="/home/jenkins/.mvnrepository/org/junit/jupiter/junit-jupiter-api/5.5.2/junit-jupiter-api-5.5.2.jar" package="junit-jupiter-api-5.5.2.jar" skipped="0" tests="1" timestamp="2020-02-13T11:34:29.362"><testcase classname="dependency-check" name="junit-jupiter-api-5.5.2.jar"/></testsuite><testsuite failures="0" id="12" name="/home/jenkins/.mvnrepository/org/apiguardian/apiguardian-api/1.1.0/apiguardian-api-1.1.0.jar" package="apiguardian-api-1.1.0.jar" skipped="0" tests="1" timestamp="2020-02-13T11:34:29.362"><testcase classname="dependency-check" name="apiguardian-api-1.1.0.jar"/></testsuite><testsuite failures="0" id="13" name="/home/jenkins/.mvnrepository/org/opentest4j/opentest4j/1.2.0/opentest4j-1.2.0.jar" package="opentest4j-1.2.0.jar" skipped="0" tests="1" timestamp="2020-02-13T11:34:29.362"><testcase classname="dependency-check" name="opentest4j-1.2.0.jar"/></testsuite><testsuite failures="0" id="14" name="/home/jenkins/.mvnrepository/org/junit/platform/junit-platform-commons/1.5.2/junit-platform-commons-1.5.2.jar" package="junit-platform-commons-1.5.2.jar" skipped="0" tests="1" timestamp="2020-02-13T11:34:29.362"><testcase classname="dependency-check" name="junit-platform-commons-1.5.2.jar"/></testsuite><testsuite failures="0" id="15" name="/home/jenkins/.mvnrepository/org/junit/jupiter/junit-jupiter-params/5.5.2/junit-jupiter-params-5.5.2.jar" package="junit-jupiter-params-5.5.2.jar" skipped="0" tests="1" timestamp="2020-02-13T11:34:29.362"><testcase classname="dependency-check" name="junit-jupiter-params-5.5.2.jar"/></testsuite><testsuite failures="0" id="16" name="/home/jenkins/.mvnrepository/org/postgresql/postgresql/42.2.8/postgresql-42.2.8.jar/META-INF/maven/com.ongres.scram/client/pom.xml" package="postgresql-42.2.8.jar (shaded: com.ongres.scram:client:2.1)" skipped="0" tests="1" timestamp="2020-02-13T11:34:29.362"><testcase classname="dependency-check" name="postgresql-42.2.8.jar (shaded: com.ongres.scram:client:2.1)"/></testsuite><testsuite failures="0" id="17" name="/home/jenkins/.mvnrepository/org/postgresql/postgresql/42.2.8/postgresql-42.2.8.jar/META-INF/maven/com.ongres.scram/common/pom.xml" package="postgresql-42.2.8.jar (shaded: com.ongres.scram:common:2.1)" skipped="0" tests="1" timestamp="2020-02-13T11:34:29.362"><testcase classname="dependency-check" name="postgresql-42.2.8.jar (shaded: com.ongres.scram:common:2.1)"/></testsuite><testsuite failures="0" id="18" name="/home/jenkins/.mvnrepository/org/postgresql/postgresql/42.2.8/postgresql-42.2.8.jar/META-INF/maven/com.ongres.stringprep/saslprep/pom.xml" package="postgresql-42.2.8.jar (shaded: com.ongres.stringprep:saslprep:1.1)" skipped="0" tests="1" timestamp="2020-02-13T11:34:29.362"><testcase classname="dependency-check" name="postgresql-42.2.8.jar (shaded: com.ongres.stringprep:saslprep:1.1)"/></testsuite><testsuite failures="0" id="19" name="/home/jenkins/.mvnrepository/org/postgresql/postgresql/42.2.8/postgresql-42.2.8.jar/META-INF/maven/com.ongres.stringprep/stringprep/pom.xml" package="postgresql-42.2.8.jar (shaded: com.ongres.stringprep:stringprep:1.1)" skipped="0" tests="1" timestamp="2020-02-13T11:34:29.362"><testcase classname="dependency-check" name="postgresql-42.2.8.jar (shaded: com.ongres.stringprep:stringprep:1.1)"/></testsuite></testsuites>