
Showing logs for build [32mentando-app-builder-pr-864-pr-b-mskxs-4[0m stage [32mfrom-build-pack[0m and container [32mstep-credential-initializer-ng74v[0m
{"level":"warn","ts":1602598105.6352274,"logger":"fallback-logger","caller":"logging/config.go:69","msg":"Fetch GitHub commit ID from kodata failed: \"ref: refs/heads/0.8.0-**-support-backwards-incompats\" is not a valid GitHub commit ID"}
{"level":"info","ts":1602598105.6401503,"logger":"fallback-logger","caller":"creds-init/main.go:40","msg":"Credentials initialized."}

Showing logs for build [32mentando-app-builder-pr-864-pr-b-mskxs-4[0m stage [32mfrom-build-pack[0m and container [32mstep-working-dir-initializer-vd586[0m
{"level":"warn","ts":1602598108.6280828,"logger":"fallback-logger","caller":"logging/config.go:69","msg":"Fetch GitHub commit ID from kodata failed: open /var/run/ko/HEAD: no such file or directory"}
{"level":"info","ts":1602598108.6410224,"logger":"fallback-logger","caller":"bash/main.go:64","msg":"Successfully e**cuted command \"sh -c mkdir -p /workspace/source\"; output "}

Showing logs for build [32mentando-app-builder-pr-864-pr-b-mskxs-4[0m stage [32mfrom-build-pack[0m and container [32mstep-place-tools[0m

Showing logs for build [32mentando-app-builder-pr-864-pr-b-mskxs-4[0m stage [32mfrom-build-pack[0m and container [32mstep-git-source-entando-app-builder-pr-864-pr-b-zst7c[0m
{"level":"warn","ts":1602598171.7485256,"logger":"fallback-logger","caller":"logging/config.go:69","msg":"Fetch GitHub commit ID from kodata failed: \"ref: refs/heads/0.8.0-**-support-backwards-incompats\" is not a valid GitHub commit ID"}
{"level":"info","ts":1602598175.5715742,"logger":"fallback-logger","caller":"git/git.go:103","msg":"Successfully cloned https://github.com/entando/app-builder.git @ master in path /workspace/source"}

Showing logs for build [32mentando-app-builder-pr-864-pr-b-mskxs-4[0m stage [32mfrom-build-pack[0m and container [32mstep-git-merge[0m
Using SHAs from PULL_REFS=master:981eda0049ff68243680c343fd878ead055ff9f7,864:48bf731dcf51fd26bc6f3ca05fd409522199dbdb
DEBUG: ran git fetch --unshallow origin 48bf731dcf51fd26bc6f3ca05fd409522199dbdb: 981eda0049ff68243680c343fd878ead055ff9f7: in 
DEBUG: ran git checkout master in 
DEBUG: ran git reset --hard 981eda0049ff68243680c343fd878ead055ff9f7 in 
DEBUG: ran clean --force -d . in 
DEBUG: ran git merge 48bf731dcf51fd26bc6f3ca05fd409522199dbdb in 
Merged SHA 6ee3c961065c307733f767e0caec00a0cb6a07da with commit message 'Merge commit '48bf731dcf51fd26bc6f3ca05fd409522199dbdb'' into base branch master
Merged SHA 48bf731dcf51fd26bc6f3ca05fd409522199dbdb with commit message 'adding readonly flag on widget config screen' into base branch master
Merged SHA 8adc7478d06401e9839233375a244f0d0829d136 with commit message 'changing messages and alert style' into base branch master
Merged SHA f8d17e3ebd916d8db25cbc4c00f2571519303d51 with commit message 'adding alert message and Ok/Go to config buttons' into base branch master
Merged SHA d35c1ab87e7eb1d4e62fc8f890325e19926c5b65 with commit message 'adding div to block the UI for custom components' into base branch master
Merged SHA 7013829b651faddeadf100acb6c14f0c7df876b9 with commit message 'disabling elements of readonly widgets' into base branch master

Showing logs for build [32mentando-app-builder-pr-864-pr-b-mskxs-4[0m stage [32mfrom-build-pack[0m and container [32mstep-build-npm-install[0m

> husky@1.3.1 install /workspace/source/node_modules/husky
> node husky install

husky > setting up git hooks
CI detected, skipping Git hooks installation.

> node-sass@4.13.1 install /workspace/source/node_modules/node-sass
> node scripts/install.js

Downloading binary from https://github.com/sass/node-sass/releases/download/v4.13.1/linux-x64-72_binding.node
Download complete
Binary saved to /workspace/source/node_modules/node-sass/vendor/linux-x64-72/binding.node
Caching binary to /builder/home/.npm/node-sass/4.13.1/linux-x64-72_binding.node

> core-js@2.6.9 postinstall /workspace/source/node_modules/core-js
> node scripts/postinstall || echo "ignore"

[96mThank you for using core-js ([94m https://github.com/zloirock/core-js [96m) for polyfilling JavaScript standard library![0m

[96mThe project needs your help! Please consider supporting of core-js on Open Collective or Patreon: [0m
[96m>[94m https://opencollective.com/core-js [0m
[96m>[94m https://www.patreon.com/zloirock [0m

[96mAlso, the author of core-js ([94m https://github.com/zloirock [96m) is looking for a good job -)[0m


> core-js-pure@3.6.5 postinstall /workspace/source/node_modules/core-js-pure
> node -e "try{require('./postinstall')}catch(e){}"


> ejs@2.7.4 postinstall /workspace/source/node_modules/ejs
> node ./postinstall.js

Thank you for installing [35mEJS[0m: built with the [32mJake[0m JavaScript build tool ([32mhttps://jakejs.com/[0m)


> node-sass@4.13.1 postinstall /workspace/source/node_modules/node-sass
> node scripts/build.js

Binary found at /workspace/source/node_modules/node-sass/vendor/linux-x64-72/binding.node
Testing binary
Binary is fine

> styled-components@4.4.1 postinstall /workspace/source/node_modules/styled-components
> node ./scripts/postinstall.js || exit 0

Use styled-components at work? Consider supporting our development efforts at https://opencollective.com/styled-components
npm WARN The package whatwg-fetch is included as both a dev and production dependency.
npm WARN optional SKIPPING OPTIONAL DEPENDENCY: fsevents@1.2.9 (node_modules/fsevents):
npm WARN notsup SKIPPING OPTIONAL DEPENDENCY: Unsupported platform for fsevents@1.2.9: wanted {"os":"darwin","arch":"any"} (current: {"os":"linux","arch":"x64"})

added 2158 packages from 1797 contributors and audited 2163 packages in 69.209s

3 packages are looking for funding
  run `npm fund` for details

found 969 vulnerabilities (895 low, 64 moderate, 10 high)
  run `npm audit fix` to fix them, or `npm audit` for details

Showing logs for build [32mentando-app-builder-pr-864-pr-b-mskxs-4[0m stage [32mfrom-build-pack[0m and container [32mstep-build-npm-test[0m

> app-builder@6.2.0 precommit /workspace/source
> npm run lint && npm run sass-lint && npm run coverage


> app-builder@6.2.0 lint /workspace/source
> eslint ./src


/workspace/source/src/ui/widgets/common/WidgetForm.js
  18:8  error  Parsing error: Identifier 'SwitchRenderer' has already been declared

  16 | import SwitchRenderer from 'ui/common/form/SwitchRenderer';
  17 | import ConfirmCancelModalContainer from 'ui/common/cancel-modal/ConfirmCancelModalContainer';
> 18 | import SwitchRenderer from 'ui/common/form/SwitchRenderer';
     |        ^
  19 | 
  20 | const MODE_NEW = 'new';
  21 | const MODE_EDIT = 'edit';

/workspace/source/src/ui/widgets/common/WidgetFormContainer.js
  14:24  error  Parse errors in imported module 'ui/widgets/common/WidgetForm': Line 18: Identifier 'SwitchRenderer' has already been declared

  16 | import SwitchRenderer from 'ui/common/form/SwitchRenderer';
  17 | import ConfirmCancelModalContainer from 'ui/common/cancel-modal/ConfirmCancelModalContainer';
> 18 | import SwitchRenderer from 'ui/common/form/SwitchRenderer';
     |        ^
  19 | 
  20 | const MODE_NEW = 'new';
  21 | const MODE_EDIT = 'edit'; (18:8)  import/no-named-as-default
  14:24  error  Parse errors in imported module 'ui/widgets/common/WidgetForm': Line 18: Identifier 'SwitchRenderer' has already been declared

  16 | import SwitchRenderer from 'ui/common/form/SwitchRenderer';
  17 | import ConfirmCancelModalContainer from 'ui/common/cancel-modal/ConfirmCancelModalContainer';
> 18 | import SwitchRenderer from 'ui/common/form/SwitchRenderer';
     |        ^
  19 | 
  20 | const MODE_NEW = 'new';
  21 | const MODE_EDIT = 'edit'; (18:8)  import/no-named-as-default-member

/workspace/source/src/ui/widgets/edit/EditWidgetFormContainer.js
  5:24  error  Parse errors in imported module 'ui/widgets/common/WidgetForm': Line 18: Identifier 'SwitchRenderer' has already been declared

  16 | import SwitchRenderer from 'ui/common/form/SwitchRenderer';
  17 | import ConfirmCancelModalContainer from 'ui/common/cancel-modal/ConfirmCancelModalContainer';
> 18 | import SwitchRenderer from 'ui/common/form/SwitchRenderer';
     |        ^
  19 | 
  20 | const MODE_NEW = 'new';
  21 | const MODE_EDIT = 'edit'; (18:8)  import/no-named-as-default
  5:24  error  Parse errors in imported module 'ui/widgets/common/WidgetForm': Line 18: Identifier 'SwitchRenderer' has already been declared

  16 | import SwitchRenderer from 'ui/common/form/SwitchRenderer';
  17 | import ConfirmCancelModalContainer from 'ui/common/cancel-modal/ConfirmCancelModalContainer';
> 18 | import SwitchRenderer from 'ui/common/form/SwitchRenderer';
     |        ^
  19 | 
  20 | const MODE_NEW = 'new';
  21 | const MODE_EDIT = 'edit'; (18:8)  import/no-named-as-default-member

/workspace/source/src/ui/widgets/newUserWidget/NewUserWidgetFormContainer.js
  6:24  error  Parse errors in imported module 'ui/widgets/common/WidgetForm': Line 18: Identifier 'SwitchRenderer' has already been declared

  16 | import SwitchRenderer from 'ui/common/form/SwitchRenderer';
  17 | import ConfirmCancelModalContainer from 'ui/common/cancel-modal/ConfirmCancelModalContainer';
> 18 | import SwitchRenderer from 'ui/common/form/SwitchRenderer';
     |        ^
  19 | 
  20 | const MODE_NEW = 'new';
  21 | const MODE_EDIT = 'edit'; (18:8)  import/no-named-as-default
  6:24  error  Parse errors in imported module 'ui/widgets/common/WidgetForm': Line 18: Identifier 'SwitchRenderer' has already been declared

  16 | import SwitchRenderer from 'ui/common/form/SwitchRenderer';
  17 | import ConfirmCancelModalContainer from 'ui/common/cancel-modal/ConfirmCancelModalContainer';
> 18 | import SwitchRenderer from 'ui/common/form/SwitchRenderer';
     |        ^
  19 | 
  20 | const MODE_NEW = 'new';
  21 | const MODE_EDIT = 'edit'; (18:8)  import/no-named-as-default-member

âœ– 7 problems (7 errors, 0 warnings)

npm ERR! code ELIFECYCLE
npm ERR! errno 1
npm ERR! app-builder@6.2.0 lint: `eslint ./src`
npm ERR! Exit status 1
npm ERR! 
npm ERR! Failed at the app-builder@6.2.0 lint script.
npm ERR! This is probably not a problem with npm. There is likely additional logging output above.

npm ERR! A complete log of this run can be found in:
npm ERR!     /builder/home/.npm/_logs/2020-10-13T14_11_53_765Z-debug.log
npm ERR! code ELIFECYCLE
npm ERR! errno 1
npm ERR! app-builder@6.2.0 precommit: `npm run lint && npm run sass-lint && npm run coverage`
npm ERR! Exit status 1
npm ERR! 
npm ERR! Failed at the app-builder@6.2.0 precommit script.
npm ERR! This is probably not a problem with npm. There is likely additional logging output above.

npm ERR! A complete log of this run can be found in:
npm ERR!     /builder/home/.npm/_logs/2020-10-13T14_11_53_790Z-debug.log
[31m
Pipeline failed on stage 'from-build-pack' : container 'step-build-npm-test'. The execution of the pipeline has stopped.[0m
